--- Computing FULL EQCONST for N2N2 (Avoird potential) --- 
iteration 0 finished.
this iteration: N=300000 E=4.05648e+09 +- 1.05124e+09 (25.9151%)
all iterations: N=300000 E=4.05648e+09 +- 1.05124e+09 (25.9151%) chi^2/dof=inf

iteration 1 finished.
this iteration: N=300000 E=8.31648e+09 +- 1.00263e+09 (12.056%)
all iterations: N=600000 E=6.28725e+09 +- 7.25544e+08 (11.5399%) chi^2/dof=8.5992

iteration 2 finished.
this iteration: N=300000 E=8.77843e+09 +- 3.89871e+08 (4.44124%)
all iterations: N=900000 E=8.22028e+09 +- 3.4343e+08 (4.17783%) chi^2/dof=8.87352

iteration 3 finished.
this iteration: N=300000 E=8.86394e+09 +- 1.78652e+08 (2.01549%)
all iterations: N=1200000 E=8.72686e+09 +- 1.5849e+08 (1.81612%) chi^2/dof=6.8372

iteration 4 finished.
this iteration: N=300000 E=9.19331e+09 +- 1.36353e+08 (1.48317%)
all iterations: N=1500000 E=8.99491e+09 +- 1.03364e+08 (1.14914%) chi^2/dof=6.37231

iteration 5 finished.
this iteration: N=300000 E=9.20713e+09 +- 1.37481e+08 (1.4932%)
all iterations: N=1800000 E=9.07155e+09 +- 8.26182e+07 (0.91074%) chi^2/dof=5.40231

iteration 6 finished.
this iteration: N=300000 E=9.10284e+09 +- 1.07057e+08 (1.17608%)
all iterations: N=2100000 E=9.08323e+09 +- 6.54064e+07 (0.720078%) chi^2/dof=4.51085

iteration 7 finished.
this iteration: N=300000 E=9.08064e+09 +- 8.00206e+07 (0.881222%)
all iterations: N=2400000 E=9.08219e+09 +- 5.06419e+07 (0.557595%) chi^2/dof=3.86653

iteration 8 finished.
this iteration: N=300000 E=8.76874e+09 +- 6.64361e+07 (0.757648%)
all iterations: N=2700000 E=8.96699e+09 +- 4.02752e+07 (0.449149%) chi^2/dof=5.1432

iteration 9 finished.
this iteration: N=300000 E=9.08454e+09 +- 8.6113e+07 (0.947907%)
all iterations: N=3000000 E=8.98809e+09 +- 3.64822e+07 (0.405895%) chi^2/dof=4.74159

iteration 10 finished.
this iteration: N=300000 E=9.30239e+09 +- 1.00825e+08 (1.08386%)
all iterations: N=3300000 E=9.02448e+09 +- 3.43055e+07 (0.380138%) chi^2/dof=5.12666

iteration 11 finished.
this iteration: N=300000 E=9.01156e+09 +- 7.81282e+07 (0.866978%)
all iterations: N=3600000 E=9.02239e+09 +- 3.14108e+07 (0.348143%) chi^2/dof=4.66269

iteration 12 finished.
this iteration: N=300000 E=9.0153e+09 +- 7.4489e+07 (0.82625%)
all iterations: N=3900000 E=9.02132e+09 +- 2.89428e+07 (0.320827%) chi^2/dof=4.27477

iteration 13 finished.
this iteration: N=300000 E=9.12948e+09 +- 7.43124e+07 (0.813984%)
all iterations: N=4200000 E=9.03556e+09 +- 2.69695e+07 (0.298481%) chi^2/dof=4.08742

iteration 14 finished.
this iteration: N=300000 E=9.08063e+09 +- 7.45458e+07 (0.820932%)
all iterations: N=4500000 E=9.04078e+09 +- 2.53608e+07 (0.280516%) chi^2/dof=3.81855

iteration 15 finished.
this iteration: N=300000 E=9.12281e+09 +- 7.0027e+07 (0.767603%)
all iterations: N=4800000 E=9.05029e+09 +- 2.38452e+07 (0.263475%) chi^2/dof=3.64484

iteration 16 finished.
this iteration: N=300000 E=9.31187e+09 +- 1.36381e+08 (1.46459%)
all iterations: N=5100000 E=9.05805e+09 +- 2.34889e+07 (0.259315%) chi^2/dof=3.64014

iteration 17 finished.
this iteration: N=300000 E=9.01955e+09 +- 1.12634e+08 (1.24877%)
all iterations: N=5400000 E=9.05645e+09 +- 2.29942e+07 (0.253899%) chi^2/dof=3.4326

iteration 18 finished.
this iteration: N=300000 E=8.92192e+09 +- 7.58007e+07 (0.849601%)
all iterations: N=5700000 E=9.04511e+09 +- 2.20041e+07 (0.24327%) chi^2/dof=3.40213

iteration 19 finished.
this iteration: N=300000 E=9.28643e+09 +- 1.49953e+08 (1.61476%)
all iterations: N=6000000 E=9.0502e+09 +- 2.17709e+07 (0.240557%) chi^2/dof=3.35651

>> Cumulative result: 
>> N = 5700000; I = 9.05234e+09 +- 2.17756e+07
>> chi^2/dof = 2.28881
Time needed: 188.74s
Temperature: 100; EQCONST: 0.00142455

iteration 0 finished.
this iteration: N=300000 E=3.91777e+09 +- 1.02474e+09 (26.1562%)
all iterations: N=300000 E=3.91777e+09 +- 1.02474e+09 (26.1562%) chi^2/dof=inf

iteration 1 finished.
this iteration: N=300000 E=8.04247e+09 +- 9.87604e+08 (12.2799%)
all iterations: N=600000 E=6.05621e+09 +- 7.11107e+08 (11.7418%) chi^2/dof=8.39968

iteration 2 finished.
this iteration: N=300000 E=8.60737e+09 +- 5.03288e+08 (5.84718%)
all iterations: N=900000 E=7.75594e+09 +- 4.10808e+08 (5.29668%) chi^2/dof=8.48749

iteration 3 finished.
this iteration: N=300000 E=8.67881e+09 +- 2.16963e+08 (2.49991%)
all iterations: N=1200000 E=8.47754e+09 +- 1.9185e+08 (2.26304%) chi^2/dof=6.97366

iteration 4 finished.
this iteration: N=300000 E=8.64737e+09 +- 1.45368e+08 (1.68107%)
all iterations: N=1500000 E=8.58543e+09 +- 1.15864e+08 (1.34954%) chi^2/dof=5.3547

iteration 5 finished.
this iteration: N=300000 E=8.89826e+09 +- 1.45476e+08 (1.63488%)
all iterations: N=1800000 E=8.70685e+09 +- 9.06314e+07 (1.04092%) chi^2/dof=4.84965

iteration 6 finished.
this iteration: N=300000 E=8.92695e+09 +- 1.50373e+08 (1.68448%)
all iterations: N=2100000 E=8.7655e+09 +- 7.76228e+07 (0.885549%) chi^2/dof=4.30331

iteration 7 finished.
this iteration: N=300000 E=8.93071e+09 +- 1.22807e+08 (1.37511%)
all iterations: N=2400000 E=8.81266e+09 +- 6.56146e+07 (0.744549%) chi^2/dof=3.87328

iteration 8 finished.
this iteration: N=300000 E=8.79013e+09 +- 1.06557e+08 (1.21223%)
all iterations: N=2700000 E=8.80646e+09 +- 5.58716e+07 (0.634438%) chi^2/dof=3.39317

iteration 9 finished.
this iteration: N=300000 E=8.95946e+09 +- 9.45517e+07 (1.05533%)
all iterations: N=3000000 E=8.84606e+09 +- 4.81013e+07 (0.543759%) chi^2/dof=3.23178

iteration 10 finished.
this iteration: N=300000 E=8.97135e+09 +- 1.08323e+08 (1.20743%)
all iterations: N=3300000 E=8.8667e+09 +- 4.39619e+07 (0.495809%) chi^2/dof=3.02034

iteration 11 finished.
this iteration: N=300000 E=8.83001e+09 +- 1.01038e+08 (1.14425%)
all iterations: N=3600000 E=8.86086e+09 +- 4.03114e+07 (0.454938%) chi^2/dof=2.75584

iteration 12 finished.
this iteration: N=300000 E=8.77734e+09 +- 8.44992e+07 (0.962696%)
all iterations: N=3900000 E=8.84537e+09 +- 3.63832e+07 (0.411325%) chi^2/dof=2.5925

iteration 13 finished.
this iteration: N=300000 E=8.84511e+09 +- 7.36378e+07 (0.832526%)
all iterations: N=4200000 E=8.84532e+09 +- 3.2619e+07 (0.368771%) chi^2/dof=2.39308

iteration 14 finished.
this iteration: N=300000 E=8.87927e+09 +- 7.51239e+07 (0.84606%)
all iterations: N=4500000 E=8.85071e+09 +- 2.99202e+07 (0.338055%) chi^2/dof=2.23441

iteration 15 finished.
this iteration: N=300000 E=8.78761e+09 +- 6.74247e+07 (0.767269%)
all iterations: N=4800000 E=8.84033e+09 +- 2.73484e+07 (0.30936%) chi^2/dof=2.13422

iteration 16 finished.
this iteration: N=300000 E=8.90083e+09 +- 9.21514e+07 (1.03531%)
all iterations: N=5100000 E=8.84522e+09 +- 2.62182e+07 (0.296411%) chi^2/dof=2.02559

iteration 17 finished.
this iteration: N=300000 E=8.92655e+09 +- 1.14699e+08 (1.28493%)
all iterations: N=5400000 E=8.84926e+09 +- 2.5559e+07 (0.288826%) chi^2/dof=1.93454

iteration 18 finished.
this iteration: N=300000 E=8.7872e+09 +- 9.02289e+07 (1.02682%)
all iterations: N=5700000 E=8.84465e+09 +- 2.45914e+07 (0.278037%) chi^2/dof=1.8514

iteration 19 finished.
this iteration: N=300000 E=8.95802e+09 +- 8.37297e+07 (0.93469%)
all iterations: N=6000000 E=8.85365e+09 +- 2.35948e+07 (0.266498%) chi^2/dof=1.84277

>> Cumulative result: 
>> N = 5700000; I = 8.85627e+09 +- 2.3601e+07
>> chi^2/dof = 0.655528
Time needed: 188.54s
Temperature: 110; EQCONST: 0.000907612

iteration 0 finished.
this iteration: N=300000 E=3.80751e+09 +- 1.00346e+09 (26.3547%)
all iterations: N=300000 E=3.80751e+09 +- 1.00346e+09 (26.3547%) chi^2/dof=inf

iteration 1 finished.
this iteration: N=300000 E=7.7687e+09 +- 9.79276e+08 (12.6054%)
all iterations: N=600000 E=5.83641e+09 +- 7.00845e+08 (12.0082%) chi^2/dof=7.98159

iteration 2 finished.
this iteration: N=300000 E=8.46889e+09 +- 4.67573e+08 (5.52107%)
all iterations: N=900000 E=7.65807e+09 +- 3.88957e+08 (5.07904%) chi^2/dof=8.87239

iteration 3 finished.
this iteration: N=300000 E=8.91291e+09 +- 3.15838e+08 (3.5436%)
all iterations: N=1200000 E=8.41429e+09 +- 2.45185e+08 (2.91391%) chi^2/dof=8.00569

iteration 4 finished.
this iteration: N=300000 E=8.48969e+09 +- 1.70953e+08 (2.01365%)
all iterations: N=1500000 E=8.46503e+09 +- 1.40232e+08 (1.6566%) chi^2/dof=6.02018

iteration 5 finished.
this iteration: N=300000 E=8.57887e+09 +- 1.14431e+08 (1.33386%)
all iterations: N=1800000 E=8.53336e+09 +- 8.86586e+07 (1.03896%) chi^2/dof=4.89527

iteration 6 finished.
this iteration: N=300000 E=8.54808e+09 +- 8.64249e+07 (1.01104%)
all iterations: N=2100000 E=8.54091e+09 +- 6.18862e+07 (0.724586%) chi^2/dof=4.08175

iteration 7 finished.
this iteration: N=300000 E=8.64695e+09 +- 8.89021e+07 (1.02813%)
all iterations: N=2400000 E=8.57552e+09 +- 5.07917e+07 (0.592287%) chi^2/dof=3.63553

iteration 8 finished.
this iteration: N=300000 E=8.402e+09 +- 8.54139e+07 (1.01659%)
all iterations: N=2700000 E=8.53019e+09 +- 4.36561e+07 (0.511784%) chi^2/dof=3.56222

iteration 9 finished.
this iteration: N=300000 E=8.49861e+09 +- 7.7488e+07 (0.911773%)
all iterations: N=3000000 E=8.52258e+09 +- 3.80351e+07 (0.446286%) chi^2/dof=3.18043

iteration 10 finished.
this iteration: N=300000 E=8.58379e+09 +- 6.80867e+07 (0.793201%)
all iterations: N=3300000 E=8.53714e+09 +- 3.32053e+07 (0.388951%) chi^2/dof=2.92398

iteration 11 finished.
this iteration: N=300000 E=8.5726e+09 +- 6.9901e+07 (0.815401%)
all iterations: N=3600000 E=8.54367e+09 +- 2.99932e+07 (0.351058%) chi^2/dof=2.67725

iteration 12 finished.
this iteration: N=300000 E=8.43434e+09 +- 6.61724e+07 (0.78456%)
all iterations: N=3900000 E=8.52503e+09 +- 2.7318e+07 (0.320445%) chi^2/dof=2.64286

iteration 13 finished.
this iteration: N=300000 E=8.67418e+09 +- 1.4434e+08 (1.66402%)
all iterations: N=4200000 E=8.53019e+09 +- 2.68415e+07 (0.314665%) chi^2/dof=2.51885

iteration 14 finished.
this iteration: N=300000 E=8.3679e+09 +- 1.07731e+08 (1.28743%)
all iterations: N=4500000 E=8.52071e+09 +- 2.60453e+07 (0.30567%) chi^2/dof=2.49156

iteration 15 finished.
this iteration: N=300000 E=8.54614e+09 +- 8.33732e+07 (0.975566%)
all iterations: N=4800000 E=8.52297e+09 +- 2.48605e+07 (0.291688%) chi^2/dof=2.33111

iteration 16 finished.
this iteration: N=300000 E=8.70683e+09 +- 8.53692e+07 (0.980486%)
all iterations: N=5100000 E=8.53734e+09 +- 2.3869e+07 (0.279583%) chi^2/dof=2.45266

iteration 17 finished.
this iteration: N=300000 E=8.59302e+09 +- 7.38141e+07 (0.859001%)
all iterations: N=5400000 E=8.54261e+09 +- 2.27111e+07 (0.265856%) chi^2/dof=2.33869

iteration 18 finished.
this iteration: N=300000 E=8.57e+09 +- 7.01149e+07 (0.818144%)
all iterations: N=5700000 E=8.54521e+09 +- 2.16059e+07 (0.252842%) chi^2/dof=2.21643

iteration 19 finished.
this iteration: N=300000 E=8.78911e+09 +- 7.85098e+07 (0.893262%)
all iterations: N=6000000 E=8.56238e+09 +- 2.08315e+07 (0.24329%) chi^2/dof=2.57197

>> Cumulative result: 
>> N = 5700000; I = 8.56443e+09 +- 2.0836e+07
>> chi^2/dof = 1.46691
Time needed: 188.29s
Temperature: 120; EQCONST: 0.000593334

iteration 0 finished.
this iteration: N=300000 E=3.7178e+09 +- 9.85991e+08 (26.5208%)
all iterations: N=300000 E=3.7178e+09 +- 9.85991e+08 (26.5208%) chi^2/dof=inf

iteration 1 finished.
this iteration: N=300000 E=7.63663e+09 +- 9.78172e+08 (12.8089%)
all iterations: N=600000 E=5.69282e+09 +- 6.9442e+08 (12.1982%) chi^2/dof=7.96124

iteration 2 finished.
this iteration: N=300000 E=8.45769e+09 +- 4.92945e+08 (5.82837%)
all iterations: N=900000 E=7.53127e+09 +- 4.01965e+08 (5.33727%) chi^2/dof=9.25116

iteration 3 finished.
this iteration: N=300000 E=8.66805e+09 +- 3.10405e+08 (3.58102%)
all iterations: N=1200000 E=8.2434e+09 +- 2.45679e+08 (2.98031%) chi^2/dof=7.83752

iteration 4 finished.
this iteration: N=300000 E=8.25829e+09 +- 1.72592e+08 (2.08992%)
all iterations: N=1500000 E=8.25337e+09 +- 1.41226e+08 (1.71113%) chi^2/dof=5.87875

iteration 5 finished.
this iteration: N=300000 E=8.57281e+09 +- 1.61138e+08 (1.87964%)
all iterations: N=1800000 E=8.39215e+09 +- 1.06208e+08 (1.26557%) chi^2/dof=5.14754

iteration 6 finished.
this iteration: N=300000 E=8.42876e+09 +- 1.30074e+08 (1.54322%)
all iterations: N=2100000 E=8.40679e+09 +- 8.22676e+07 (0.978585%) chi^2/dof=4.29754

iteration 7 finished.
this iteration: N=300000 E=8.55131e+09 +- 1.11731e+08 (1.30659%)
all iterations: N=2400000 E=8.4576e+09 +- 6.62471e+07 (0.783285%) chi^2/dof=3.83859

iteration 8 finished.
this iteration: N=300000 E=8.31327e+09 +- 8.03969e+07 (0.967091%)
all iterations: N=2700000 E=8.39923e+09 +- 5.11263e+07 (0.608702%) chi^2/dof=3.59869

iteration 9 finished.
this iteration: N=300000 E=8.3878e+09 +- 7.48465e+07 (0.892326%)
all iterations: N=3000000 E=8.39559e+09 +- 4.22171e+07 (0.502848%) chi^2/dof=3.2006

iteration 10 finished.
this iteration: N=300000 E=8.3822e+09 +- 6.75161e+07 (0.80547%)
all iterations: N=3300000 E=8.39183e+09 +- 3.57954e+07 (0.42655%) chi^2/dof=2.88337

iteration 11 finished.
this iteration: N=300000 E=8.39728e+09 +- 6.76644e+07 (0.80579%)
all iterations: N=3600000 E=8.39302e+09 +- 3.16407e+07 (0.376989%) chi^2/dof=2.62171

iteration 12 finished.
this iteration: N=300000 E=8.28036e+09 +- 6.48447e+07 (0.783115%)
all iterations: N=3900000 E=8.37136e+09 +- 2.84361e+07 (0.339683%) chi^2/dof=2.6064

iteration 13 finished.
this iteration: N=300000 E=8.44486e+09 +- 8.27554e+07 (0.979949%)
all iterations: N=4200000 E=8.37912e+09 +- 2.68927e+07 (0.32095%) chi^2/dof=2.46019

iteration 14 finished.
this iteration: N=300000 E=8.40521e+09 +- 8.79875e+07 (1.04682%)
all iterations: N=4500000 E=8.38135e+09 +- 2.57183e+07 (0.306852%) chi^2/dof=2.29021

iteration 15 finished.
this iteration: N=300000 E=8.51761e+09 +- 7.58568e+07 (0.890588%)
all iterations: N=4800000 E=8.3954e+09 +- 2.43565e+07 (0.290118%) chi^2/dof=2.33048

iteration 16 finished.
this iteration: N=300000 E=8.53383e+09 +- 1.10609e+08 (1.29612%)
all iterations: N=5100000 E=8.4018e+09 +- 2.37866e+07 (0.283114%) chi^2/dof=2.2782

iteration 17 finished.
this iteration: N=300000 E=8.55744e+09 +- 1.42904e+08 (1.66994%)
all iterations: N=5400000 E=8.40599e+09 +- 2.34638e+07 (0.279132%) chi^2/dof=2.21208

iteration 18 finished.
this iteration: N=300000 E=8.41009e+09 +- 1.09404e+08 (1.30086%)
all iterations: N=5700000 E=8.40617e+09 +- 2.29421e+07 (0.27292%) chi^2/dof=2.08926

iteration 19 finished.
this iteration: N=300000 E=8.44337e+09 +- 7.73198e+07 (0.915746%)
all iterations: N=6000000 E=8.40918e+09 +- 2.19943e+07 (0.261551%) chi^2/dof=1.9905

>> Cumulative result: 
>> N = 5700000; I = 8.41152e+09 +- 2.19998e+07
>> chi^2/dof = 0.842735
Time needed: 188.76s
Temperature: 130; EQCONST: 0.000406486

iteration 0 finished.
this iteration: N=300000 E=3.64341e+09 +- 9.71401e+08 (26.6619%)
all iterations: N=300000 E=3.64341e+09 +- 9.71401e+08 (26.6619%) chi^2/dof=inf

iteration 1 finished.
this iteration: N=300000 E=7.48727e+09 +- 9.70428e+08 (12.961%)
all iterations: N=600000 E=5.56727e+09 +- 6.8654e+08 (12.3317%) chi^2/dof=7.83688

iteration 2 finished.
this iteration: N=300000 E=8.51065e+09 +- 5.57433e+08 (6.54983%)
all iterations: N=900000 E=7.34118e+09 +- 4.32749e+08 (5.89481%) chi^2/dof=9.45727

iteration 3 finished.
this iteration: N=300000 E=8.63596e+09 +- 4.09966e+08 (4.74719%)
all iterations: N=1200000 E=8.02355e+09 +- 2.97618e+08 (3.70931%) chi^2/dof=7.87745

iteration 4 finished.
this iteration: N=300000 E=8.3977e+09 +- 2.61259e+08 (3.11107%)
all iterations: N=1500000 E=8.23486e+09 +- 1.96341e+08 (2.38427%) chi^2/dof=6.13123

iteration 5 finished.
this iteration: N=300000 E=8.16974e+09 +- 1.31201e+08 (1.60594%)
all iterations: N=1800000 E=8.18985e+09 +- 1.09087e+08 (1.33198%) chi^2/dof=4.9202

iteration 6 finished.
this iteration: N=300000 E=8.28555e+09 +- 9.84814e+07 (1.18859%)
all iterations: N=2100000 E=8.24258e+09 +- 7.30997e+07 (0.886855%) chi^2/dof=4.17084

iteration 7 finished.
this iteration: N=300000 E=8.33972e+09 +- 1.06755e+08 (1.28008%)
all iterations: N=2400000 E=8.27358e+09 +- 6.03147e+07 (0.729003%) chi^2/dof=3.65554

iteration 8 finished.
this iteration: N=300000 E=8.05798e+09 +- 9.39384e+07 (1.16578%)
all iterations: N=2700000 E=8.21065e+09 +- 5.07537e+07 (0.618144%) chi^2/dof=3.66484

iteration 9 finished.
this iteration: N=300000 E=8.38294e+09 +- 9.18382e+07 (1.09554%)
all iterations: N=3000000 E=8.25096e+09 +- 4.44215e+07 (0.53838%) chi^2/dof=3.55722

iteration 10 finished.
this iteration: N=300000 E=8.33856e+09 +- 9.50029e+07 (1.13932%)
all iterations: N=3300000 E=8.26667e+09 +- 4.02399e+07 (0.486773%) chi^2/dof=3.27127

iteration 11 finished.
this iteration: N=300000 E=8.31554e+09 +- 8.90376e+07 (1.07074%)
all iterations: N=3600000 E=8.27496e+09 +- 3.66689e+07 (0.443131%) chi^2/dof=2.99661

iteration 12 finished.
this iteration: N=300000 E=8.22408e+09 +- 7.24056e+07 (0.88041%)
all iterations: N=3900000 E=8.26458e+09 +- 3.2713e+07 (0.395822%) chi^2/dof=2.77964

iteration 13 finished.
this iteration: N=300000 E=8.37315e+09 +- 7.13535e+07 (0.85217%)
all iterations: N=4200000 E=8.28343e+09 +- 2.97368e+07 (0.358991%) chi^2/dof=2.713

iteration 14 finished.
this iteration: N=300000 E=8.35911e+09 +- 8.42502e+07 (1.00789%)
all iterations: N=4500000 E=8.29182e+09 +- 2.80414e+07 (0.338181%) chi^2/dof=2.57046

iteration 15 finished.
this iteration: N=300000 E=8.3208e+09 +- 8.3817e+07 (1.00732%)
all iterations: N=4800000 E=8.29473e+09 +- 2.65926e+07 (0.320596%) chi^2/dof=2.40626

iteration 16 finished.
this iteration: N=300000 E=8.30349e+09 +- 7.70718e+07 (0.928186%)
all iterations: N=5100000 E=8.29567e+09 +- 2.51383e+07 (0.303029%) chi^2/dof=2.25659

iteration 17 finished.
this iteration: N=300000 E=8.31483e+09 +- 7.03107e+07 (0.845606%)
all iterations: N=5400000 E=8.29784e+09 +- 2.36709e+07 (0.285266%) chi^2/dof=2.12773

iteration 18 finished.
this iteration: N=300000 E=8.27948e+09 +- 7.59951e+07 (0.917873%)
all iterations: N=5700000 E=8.29621e+09 +- 2.25999e+07 (0.272413%) chi^2/dof=2.01247

iteration 19 finished.
this iteration: N=300000 E=8.45378e+09 +- 7.73555e+07 (0.91504%)
all iterations: N=6000000 E=8.30861e+09 +- 2.16931e+07 (0.261092%) chi^2/dof=2.10774

>> Cumulative result: 
>> N = 5700000; I = 8.31093e+09 +- 2.16985e+07
>> chi^2/dof = 0.942842
Time needed: 189.37s
Temperature: 140; EQCONST: 0.000287733

iteration 0 finished.
this iteration: N=300000 E=3.58074e+09 +- 9.59031e+08 (26.783%)
all iterations: N=300000 E=3.58074e+09 +- 9.59031e+08 (26.783%) chi^2/dof=inf

iteration 1 finished.
this iteration: N=300000 E=7.36651e+09 +- 9.55357e+08 (12.9689%)
all iterations: N=600000 E=5.48089e+09 +- 6.76834e+08 (12.349%) chi^2/dof=7.82126

iteration 2 finished.
this iteration: N=300000 E=8.58861e+09 +- 6.07373e+08 (7.07185%)
all iterations: N=900000 E=7.20235e+09 +- 4.52047e+08 (6.27638%) chi^2/dof=9.7497

iteration 3 finished.
this iteration: N=300000 E=8.08401e+09 +- 3.17658e+08 (3.92945%)
all iterations: N=1200000 E=7.79257e+09 +- 2.59904e+08 (3.33528%) chi^2/dof=7.34863

iteration 4 finished.
this iteration: N=300000 E=8.0396e+09 +- 2.24966e+08 (2.79822%)
all iterations: N=1500000 E=7.93379e+09 +- 1.70096e+08 (2.14395%) chi^2/dof=5.64059

iteration 5 finished.
this iteration: N=300000 E=8.0969e+09 +- 1.37951e+08 (1.70375%)
all iterations: N=1800000 E=8.03218e+09 +- 1.07143e+08 (1.33393%) chi^2/dof=4.62341

iteration 6 finished.
this iteration: N=300000 E=8.22375e+09 +- 1.26836e+08 (1.54232%)
all iterations: N=2100000 E=8.11195e+09 +- 8.18489e+07 (1.00899%) chi^2/dof=4.07471

iteration 7 finished.
this iteration: N=300000 E=8.13753e+09 +- 9.76994e+07 (1.2006%)
all iterations: N=2400000 E=8.1225e+09 +- 6.27412e+07 (0.772437%) chi^2/dof=3.49836

iteration 8 finished.
this iteration: N=300000 E=7.99426e+09 +- 7.59099e+07 (0.949554%)
all iterations: N=2700000 E=8.07045e+09 +- 4.83607e+07 (0.599232%) chi^2/dof=3.27301

iteration 9 finished.
this iteration: N=300000 E=8.17297e+09 +- 7.35378e+07 (0.899769%)
all iterations: N=3000000 E=8.1014e+09 +- 4.04063e+07 (0.498756%) chi^2/dof=3.06008

iteration 10 finished.
this iteration: N=300000 E=8.24384e+09 +- 8.26255e+07 (1.00227%)
all iterations: N=3300000 E=8.12889e+09 +- 3.62984e+07 (0.446535%) chi^2/dof=2.99391

iteration 11 finished.
this iteration: N=300000 E=8.17263e+09 +- 8.03581e+07 (0.983259%)
all iterations: N=3600000 E=8.13631e+09 +- 3.30801e+07 (0.406574%) chi^2/dof=2.7441

iteration 12 finished.
this iteration: N=300000 E=8.08672e+09 +- 7.25276e+07 (0.896873%)
all iterations: N=3900000 E=8.12777e+09 +- 3.00973e+07 (0.370302%) chi^2/dof=2.54766

iteration 13 finished.
this iteration: N=300000 E=8.15232e+09 +- 6.63895e+07 (0.814364%)
all iterations: N=4200000 E=8.13195e+09 +- 2.7412e+07 (0.33709%) chi^2/dof=2.36041

iteration 14 finished.
this iteration: N=300000 E=8.20171e+09 +- 7.57602e+07 (0.923711%)
all iterations: N=4500000 E=8.14003e+09 +- 2.57765e+07 (0.316664%) chi^2/dof=2.24536

iteration 15 finished.
this iteration: N=300000 E=8.17199e+09 +- 6.99743e+07 (0.85627%)
all iterations: N=4800000 E=8.14385e+09 +- 2.41876e+07 (0.297005%) chi^2/dof=2.10792

iteration 16 finished.
this iteration: N=300000 E=8.2839e+09 +- 1.44419e+08 (1.74337%)
all iterations: N=5100000 E=8.14767e+09 +- 2.38554e+07 (0.292788%) chi^2/dof=2.03335

iteration 17 finished.
this iteration: N=300000 E=8.34701e+09 +- 2.10827e+08 (2.52578%)
all iterations: N=5400000 E=8.15019e+09 +- 2.37041e+07 (0.290841%) chi^2/dof=1.96566

iteration 18 finished.
this iteration: N=300000 E=8.25505e+09 +- 1.44139e+08 (1.74607%)
all iterations: N=5700000 E=8.15295e+09 +- 2.33899e+07 (0.286889%) chi^2/dof=1.88509

iteration 19 finished.
this iteration: N=300000 E=8.30338e+09 +- 1.0096e+08 (1.21589%)
all iterations: N=6000000 E=8.16061e+09 +- 2.27864e+07 (0.279224%) chi^2/dof=1.89677

>> Cumulative result: 
>> N = 5700000; I = 8.1632e+09 +- 2.27929e+07
>> chi^2/dof = 0.734457
Time needed: 187.84s
Temperature: 150; EQCONST: 0.000207189

iteration 0 finished.
this iteration: N=300000 E=3.52723e+09 +- 9.48409e+08 (26.8882%)
all iterations: N=300000 E=3.52723e+09 +- 9.48409e+08 (26.8882%) chi^2/dof=inf

iteration 1 finished.
this iteration: N=300000 E=7.25216e+09 +- 9.41207e+08 (12.9783%)
all iterations: N=600000 E=5.40389e+09 +- 6.68066e+08 (12.3627%) chi^2/dof=7.77162

iteration 2 finished.
this iteration: N=300000 E=8.56649e+09 +- 6.30824e+08 (7.36386%)
all iterations: N=900000 E=7.07579e+09 +- 4.58661e+08 (6.48211%) chi^2/dof=9.80942

iteration 3 finished.
this iteration: N=300000 E=7.91446e+09 +- 2.47193e+08 (3.12331%)
all iterations: N=1200000 E=7.72569e+09 +- 2.17602e+08 (2.81661%) chi^2/dof=7.40324

iteration 4 finished.
this iteration: N=300000 E=7.93032e+09 +- 1.69754e+08 (2.14057%)
all iterations: N=1500000 E=7.8529e+09 +- 1.33844e+08 (1.70439%) chi^2/dof=5.68986

iteration 5 finished.
this iteration: N=300000 E=8.1839e+09 +- 1.29075e+08 (1.57718%)
all iterations: N=1800000 E=8.0244e+09 +- 9.29099e+07 (1.15784%) chi^2/dof=5.18565

iteration 6 finished.
this iteration: N=300000 E=8.26558e+09 +- 1.10291e+08 (1.33434%)
all iterations: N=2100000 E=8.12451e+09 +- 7.10573e+07 (0.874604%) chi^2/dof=4.78755

iteration 7 finished.
this iteration: N=300000 E=8.13082e+09 +- 8.76467e+07 (1.07796%)
all iterations: N=2400000 E=8.12701e+09 +- 5.51965e+07 (0.679173%) chi^2/dof=4.10406

iteration 8 finished.
this iteration: N=300000 E=7.96324e+09 +- 7.48053e+07 (0.939384%)
all iterations: N=2700000 E=8.06928e+09 +- 4.44145e+07 (0.550415%) chi^2/dof=3.97901

iteration 9 finished.
this iteration: N=300000 E=8.07396e+09 +- 7.08412e+07 (0.877403%)
all iterations: N=3000000 E=8.0706e+09 +- 3.76302e+07 (0.466263%) chi^2/dof=3.53725

iteration 10 finished.
this iteration: N=300000 E=8.1351e+09 +- 7.28805e+07 (0.895878%)
all iterations: N=3300000 E=8.08418e+09 +- 3.34363e+07 (0.413602%) chi^2/dof=3.24536

iteration 11 finished.
this iteration: N=300000 E=8.02373e+09 +- 6.79697e+07 (0.847108%)
all iterations: N=3600000 E=8.0724e+09 +- 3.00026e+07 (0.371669%) chi^2/dof=3.00822

iteration 12 finished.
this iteration: N=300000 E=7.91586e+09 +- 6.3162e+07 (0.797917%)
all iterations: N=3900000 E=8.04358e+09 +- 2.71005e+07 (0.336921%) chi^2/dof=3.17513

removed non-finite number: 0
iteration 13 finished.
this iteration: N=300000 E=8.11511e+09 +- 9.04584e+07 (1.11469%)
all iterations: N=4200000 E=8.04947e+09 +- 2.59605e+07 (0.322512%) chi^2/dof=2.97503

iteration 14 finished.
this iteration: N=300000 E=8.15722e+09 +- 1.58084e+08 (1.93796%)
all iterations: N=4500000 E=8.0523e+09 +- 2.56174e+07 (0.318138%) chi^2/dof=2.79484

iteration 15 finished.
this iteration: N=300000 E=8.06353e+09 +- 1.3329e+08 (1.653%)
all iterations: N=4800000 E=8.0527e+09 +- 2.5157e+07 (0.312404%) chi^2/dof=2.60897

iteration 16 finished.
this iteration: N=300000 E=8.13292e+09 +- 9.97999e+07 (1.22711%)
all iterations: N=5100000 E=8.05749e+09 +- 2.43939e+07 (0.302748%) chi^2/dof=2.48388

iteration 17 finished.
this iteration: N=300000 E=8.10586e+09 +- 8.09068e+07 (0.998127%)
all iterations: N=5400000 E=8.06152e+09 +- 2.33554e+07 (0.289715%) chi^2/dof=2.35704

iteration 18 finished.
this iteration: N=300000 E=7.97539e+09 +- 6.91209e+07 (0.866678%)
all iterations: N=5700000 E=8.0527e+09 +- 2.21264e+07 (0.274771%) chi^2/dof=2.30353

iteration 19 finished.
this iteration: N=300000 E=8.24133e+09 +- 9.43034e+07 (1.14427%)
all iterations: N=6000000 E=8.06254e+09 +- 2.15414e+07 (0.267179%) chi^2/dof=2.38189

>> Cumulative result: 
>> N = 5700000; I = 8.06488e+09 +- 2.1547e+07
>> chi^2/dof = 1.24313
Time needed: 186.78s
Temperature: 160; EQCONST: 0.0001531

iteration 0 finished.
this iteration: N=300000 E=3.48102e+09 +- 9.3919e+08 (26.9803%)
all iterations: N=300000 E=3.48102e+09 +- 9.3919e+08 (26.9803%) chi^2/dof=inf

iteration 1 finished.
this iteration: N=300000 E=7.14864e+09 +- 9.27331e+08 (12.9721%)
all iterations: N=600000 E=5.33813e+09 +- 6.59875e+08 (12.3615%) chi^2/dof=7.72173

iteration 2 finished.
this iteration: N=300000 E=8.46732e+09 +- 6.72375e+08 (7.94083%)
all iterations: N=900000 E=6.87337e+09 +- 4.70959e+08 (6.85195%) chi^2/dof=9.37724

iteration 3 finished.
this iteration: N=300000 E=8.10874e+09 +- 3.6052e+08 (4.44607%)
all iterations: N=1200000 E=7.65229e+09 +- 2.86272e+08 (3.741%) chi^2/dof=7.69762

iteration 4 finished.
this iteration: N=300000 E=7.50083e+09 +- 1.56601e+08 (2.08778%)
all iterations: N=1500000 E=7.53572e+09 +- 1.37388e+08 (1.82316%) chi^2/dof=5.82707

iteration 5 finished.
this iteration: N=300000 E=8.05411e+09 +- 1.42596e+08 (1.77047%)
all iterations: N=1800000 E=7.78528e+09 +- 9.89379e+07 (1.27083%) chi^2/dof=6.03244

iteration 6 finished.
this iteration: N=300000 E=7.99529e+09 +- 1.08323e+08 (1.35483%)
all iterations: N=2100000 E=7.88079e+09 +- 7.30526e+07 (0.926971%) chi^2/dof=5.36857

iteration 7 finished.
this iteration: N=300000 E=8.05791e+09 +- 8.4422e+07 (1.04769%)
all iterations: N=2400000 E=7.95663e+09 +- 5.52417e+07 (0.694285%) chi^2/dof=4.96119

iteration 8 finished.
this iteration: N=300000 E=7.81781e+09 +- 6.84366e+07 (0.875393%)
all iterations: N=2700000 E=7.90186e+09 +- 4.29852e+07 (0.543989%) chi^2/dof=4.65244

iteration 9 finished.
this iteration: N=300000 E=8.08669e+09 +- 7.37611e+07 (0.91213%)
all iterations: N=3000000 E=7.94872e+09 +- 3.7139e+07 (0.467232%) chi^2/dof=4.65629

iteration 10 finished.
this iteration: N=300000 E=8.11903e+09 +- 7.76003e+07 (0.955783%)
all iterations: N=3300000 E=7.98046e+09 +- 3.35e+07 (0.419775%) chi^2/dof=4.58255

iteration 11 finished.
this iteration: N=300000 E=8.10622e+09 +- 7.84824e+07 (0.968175%)
all iterations: N=3600000 E=7.99984e+09 +- 3.08105e+07 (0.38514%) chi^2/dof=4.36341

iteration 12 finished.
this iteration: N=300000 E=7.92395e+09 +- 7.90103e+07 (0.997108%)
all iterations: N=3900000 E=7.98982e+09 +- 2.87052e+07 (0.359272%) chi^2/dof=4.06653

iteration 13 finished.
this iteration: N=300000 E=8.04805e+09 +- 7.47577e+07 (0.928892%)
all iterations: N=4200000 E=7.99731e+09 +- 2.67976e+07 (0.335083%) chi^2/dof=3.79439

iteration 14 finished.
this iteration: N=300000 E=8.11052e+09 +- 7.69086e+07 (0.948257%)
all iterations: N=4500000 E=8.00956e+09 +- 2.53055e+07 (0.315941%) chi^2/dof=3.66138

iteration 15 finished.
this iteration: N=300000 E=8.02878e+09 +- 6.82171e+07 (0.849657%)
all iterations: N=4800000 E=8.01189e+09 +- 2.37257e+07 (0.296131%) chi^2/dof=3.42194

iteration 16 finished.
this iteration: N=300000 E=8.08705e+09 +- 1.10496e+08 (1.36633%)
all iterations: N=5100000 E=8.0152e+09 +- 2.31969e+07 (0.289412%) chi^2/dof=3.23571

iteration 17 finished.
this iteration: N=300000 E=7.94e+09 +- 1.01152e+08 (1.27395%)
all iterations: N=5400000 E=8.01144e+09 +- 2.261e+07 (0.282222%) chi^2/dof=3.07627

iteration 18 finished.
this iteration: N=300000 E=7.87053e+09 +- 7.38272e+07 (0.938021%)
all iterations: N=5700000 E=7.99936e+09 +- 2.16189e+07 (0.270258%) chi^2/dof=3.0904

iteration 19 finished.
this iteration: N=300000 E=8.28981e+09 +- 1.5576e+08 (1.87893%)
all iterations: N=6000000 E=8.00485e+09 +- 2.14136e+07 (0.267508%) chi^2/dof=3.1073

>> Cumulative result: 
>> N = 5700000; I = 8.0072e+09 +- 2.14192e+07
>> chi^2/dof = 1.99032
Time needed: 186.1s
Temperature: 170; EQCONST: 0.000115712

iteration 0 finished.
this iteration: N=300000 E=3.44071e+09 +- 9.31114e+08 (27.0617%)
all iterations: N=300000 E=3.44071e+09 +- 9.31114e+08 (27.0617%) chi^2/dof=inf

iteration 1 finished.
this iteration: N=300000 E=7.04705e+09 +- 9.14041e+08 (12.9706%)
all iterations: N=600000 E=5.27724e+09 +- 6.52277e+08 (12.3602%) chi^2/dof=7.63942

iteration 2 finished.
this iteration: N=300000 E=8.39672e+09 +- 7.5878e+08 (9.03663%)
all iterations: N=900000 E=6.60287e+09 +- 4.94635e+08 (7.49122%) chi^2/dof=8.67939

iteration 3 finished.
this iteration: N=300000 E=8.20672e+09 +- 4.44792e+08 (5.41985%)
all iterations: N=1200000 E=7.48965e+09 +- 3.30737e+08 (4.41593%) chi^2/dof=7.724

iteration 4 finished.
this iteration: N=300000 E=7.57826e+09 +- 1.78627e+08 (2.35709%)
all iterations: N=1500000 E=7.55825e+09 +- 1.57169e+08 (2.07943%) chi^2/dof=5.80689

iteration 5 finished.
this iteration: N=300000 E=7.58736e+09 +- 1.04426e+08 (1.37632%)
all iterations: N=1800000 E=7.57845e+09 +- 8.69778e+07 (1.1477%) chi^2/dof=4.65027

iteration 6 finished.
this iteration: N=300000 E=7.8676e+09 +- 9.64891e+07 (1.22641%)
all iterations: N=2100000 E=7.70808e+09 +- 6.46043e+07 (0.838138%) chi^2/dof=4.701

iteration 7 finished.
this iteration: N=300000 E=7.99482e+09 +- 1.04353e+08 (1.30526%)
all iterations: N=2400000 E=7.78753e+09 +- 5.49296e+07 (0.705354%) chi^2/dof=4.80921

iteration 8 finished.
this iteration: N=300000 E=7.77013e+09 +- 8.86477e+07 (1.14088%)
all iterations: N=2700000 E=7.7827e+09 +- 4.66924e+07 (0.599951%) chi^2/dof=4.21154

iteration 9 finished.
this iteration: N=300000 E=7.98974e+09 +- 7.73668e+07 (0.968327%)
all iterations: N=3000000 E=7.83798e+09 +- 3.99762e+07 (0.510032%) chi^2/dof=4.32684

iteration 10 finished.
this iteration: N=300000 E=7.99104e+09 +- 9.22863e+07 (1.15487%)
all iterations: N=3300000 E=7.86216e+09 +- 3.66825e+07 (0.46657%) chi^2/dof=4.12577

iteration 11 finished.
this iteration: N=300000 E=8.01667e+09 +- 8.26525e+07 (1.03101%)
all iterations: N=3600000 E=7.88759e+09 +- 3.35287e+07 (0.425082%) chi^2/dof=4.01612

iteration 12 finished.
this iteration: N=300000 E=7.85001e+09 +- 6.82064e+07 (0.868869%)
all iterations: N=3900000 E=7.88027e+09 +- 3.00897e+07 (0.381835%) chi^2/dof=3.70181

removed non-finite number: 0
iteration 13 finished.
this iteration: N=300000 E=7.89365e+09 +- 6.16504e+07 (0.781013%)
all iterations: N=4200000 E=7.88285e+09 +- 2.70408e+07 (0.343034%) chi^2/dof=3.41998

iteration 14 finished.
this iteration: N=300000 E=7.99684e+09 +- 7.4617e+07 (0.933081%)
all iterations: N=4500000 E=7.89608e+09 +- 2.54229e+07 (0.321969%) chi^2/dof=3.32306

iteration 15 finished.
this iteration: N=300000 E=7.87228e+09 +- 6.79821e+07 (0.863562%)
all iterations: N=4800000 E=7.89316e+09 +- 2.38123e+07 (0.301683%) chi^2/dof=3.10869

iteration 16 finished.
this iteration: N=300000 E=8.00522e+09 +- 1.21626e+08 (1.51934%)
all iterations: N=5100000 E=7.8973e+09 +- 2.33686e+07 (0.295907%) chi^2/dof=2.96549

iteration 17 finished.
this iteration: N=300000 E=7.91839e+09 +- 1.08008e+08 (1.36401%)
all iterations: N=5400000 E=7.89824e+09 +- 2.28402e+07 (0.28918%) chi^2/dof=2.79319

iteration 18 finished.
this iteration: N=300000 E=7.86994e+09 +- 7.66472e+07 (0.973923%)
all iterations: N=5700000 E=7.89593e+09 +- 2.1889e+07 (0.277218%) chi^2/dof=2.64497

iteration 19 finished.
this iteration: N=300000 E=8.08616e+09 +- 1.19316e+08 (1.47556%)
all iterations: N=6000000 E=7.90213e+09 +- 2.15297e+07 (0.272454%) chi^2/dof=2.63518

>> Cumulative result: 
>> N = 5700000; I = 7.90451e+09 +- 2.15354e+07
>> chi^2/dof = 1.50544
Time needed: 187.92s
Temperature: 180; EQCONST: 8.83212e-05

iteration 0 finished.
this iteration: N=300000 E=3.40524e+09 +- 9.23979e+08 (27.134%)
all iterations: N=300000 E=3.40524e+09 +- 9.23979e+08 (27.134%) chi^2/dof=inf

iteration 1 finished.
this iteration: N=300000 E=6.96948e+09 +- 9.04235e+08 (12.9742%)
all iterations: N=600000 E=5.22585e+09 +- 6.46258e+08 (12.3666%) chi^2/dof=7.60079

iteration 2 finished.
this iteration: N=300000 E=8.22172e+09 +- 7.51656e+08 (9.14232%)
all iterations: N=900000 E=6.49918e+09 +- 4.90037e+08 (7.53998%) chi^2/dof=8.36732

iteration 3 finished.
this iteration: N=300000 E=8.68717e+09 +- 6.31015e+08 (7.26375%)
all iterations: N=1200000 E=7.32231e+09 +- 3.87035e+08 (5.2857%) chi^2/dof=8.07817

iteration 4 finished.
this iteration: N=300000 E=7.31984e+09 +- 1.97102e+08 (2.69271%)
all iterations: N=1500000 E=7.32035e+09 +- 1.75638e+08 (2.39931%) chi^2/dof=6.05864

iteration 5 finished.
this iteration: N=300000 E=7.74567e+09 +- 1.24902e+08 (1.61255%)
all iterations: N=1800000 E=7.60282e+09 +- 1.01789e+08 (1.33883%) chi^2/dof=5.62579

iteration 6 finished.
this iteration: N=300000 E=7.93268e+09 +- 9.72276e+07 (1.22566%)
all iterations: N=2100000 E=7.7753e+09 +- 7.03075e+07 (0.904241%) chi^2/dof=5.60338

iteration 7 finished.
this iteration: N=300000 E=7.85807e+09 +- 8.10606e+07 (1.03156%)
all iterations: N=2400000 E=7.81084e+09 +- 5.31128e+07 (0.679988%) chi^2/dof=4.8879

iteration 8 finished.
this iteration: N=300000 E=7.82342e+09 +- 8.60548e+07 (1.09996%)
all iterations: N=2700000 E=7.81431e+09 +- 4.51973e+07 (0.578392%) chi^2/dof=4.27885

iteration 9 finished.
this iteration: N=300000 E=7.92727e+09 +- 8.67277e+07 (1.09404%)
all iterations: N=3000000 E=7.83844e+09 +- 4.00811e+07 (0.511341%) chi^2/dof=3.95167

iteration 10 finished.
this iteration: N=300000 E=7.85888e+09 +- 7.79882e+07 (0.992357%)
all iterations: N=3300000 E=7.84271e+09 +- 3.56487e+07 (0.454545%) chi^2/dof=3.56194

iteration 11 finished.
this iteration: N=300000 E=7.92459e+09 +- 7.27636e+07 (0.9182%)
all iterations: N=3600000 E=7.85856e+09 +- 3.20131e+07 (0.407366%) chi^2/dof=3.33097

iteration 12 finished.
this iteration: N=300000 E=7.8698e+09 +- 7.52039e+07 (0.955602%)
all iterations: N=3900000 E=7.86028e+09 +- 2.94554e+07 (0.374737%) chi^2/dof=3.05497

removed non-finite number: 0
iteration 13 finished.
this iteration: N=300000 E=7.86724e+09 +- 7.42014e+07 (0.94317%)
all iterations: N=4200000 E=7.86123e+09 +- 2.73772e+07 (0.348256%) chi^2/dof=2.82055

iteration 14 finished.
this iteration: N=300000 E=7.83354e+09 +- 6.79348e+07 (0.86723%)
all iterations: N=4500000 E=7.85736e+09 +- 2.53928e+07 (0.323172%) chi^2/dof=2.62929

iteration 15 finished.
this iteration: N=300000 E=7.83773e+09 +- 6.41358e+07 (0.818295%)
all iterations: N=4800000 E=7.8547e+09 +- 2.36097e+07 (0.30058%) chi^2/dof=2.4594

iteration 16 finished.
this iteration: N=300000 E=8.01231e+09 +- 1.41253e+08 (1.76296%)
all iterations: N=5100000 E=7.85898e+09 +- 2.32866e+07 (0.296306%) chi^2/dof=2.38139

iteration 17 finished.
this iteration: N=300000 E=7.91508e+09 +- 1.23995e+08 (1.56657%)
all iterations: N=5400000 E=7.86089e+09 +- 2.28865e+07 (0.291144%) chi^2/dof=2.25293

iteration 18 finished.
this iteration: N=300000 E=7.80627e+09 +- 8.13866e+07 (1.04258%)
all iterations: N=5700000 E=7.85689e+09 +- 2.2032e+07 (0.280416%) chi^2/dof=2.15097

iteration 19 finished.
this iteration: N=300000 E=8.09198e+09 +- 1.0541e+08 (1.30264%)
all iterations: N=6000000 E=7.86673e+09 +- 2.1566e+07 (0.274141%) chi^2/dof=2.28858

>> Cumulative result: 
>> N = 5700000; I = 7.86916e+09 +- 2.15718e+07
>> chi^2/dof = 1.11974
Time needed: 188.76s
Temperature: 190; EQCONST: 6.89372e-05

iteration 0 finished.
this iteration: N=300000 E=3.37379e+09 +- 9.17632e+08 (27.1988%)
all iterations: N=300000 E=3.37379e+09 +- 9.17632e+08 (27.1988%) chi^2/dof=inf

iteration 1 finished.
this iteration: N=300000 E=6.89231e+09 +- 8.94779e+08 (12.9823%)
all iterations: N=600000 E=5.17741e+09 +- 6.40631e+08 (12.3736%) chi^2/dof=7.53645

iteration 2 finished.
this iteration: N=300000 E=7.88399e+09 +- 6.33998e+08 (8.04159%)
all iterations: N=900000 E=6.54478e+09 +- 4.50631e+08 (6.88535%) chi^2/dof=8.27704

iteration 3 finished.
this iteration: N=300000 E=8.1913e+09 +- 3.79527e+08 (4.63329%)
all iterations: N=1200000 E=7.50804e+09 +- 2.90289e+08 (3.86638%) chi^2/dof=8.12145

iteration 4 finished.
this iteration: N=300000 E=7.75334e+09 +- 1.9551e+08 (2.52162%)
all iterations: N=1500000 E=7.67679e+09 +- 1.62161e+08 (2.11235%) chi^2/dof=6.21389

iteration 5 finished.
this iteration: N=300000 E=7.78145e+09 +- 1.14379e+08 (1.4699%)
all iterations: N=1800000 E=7.74668e+09 +- 9.34678e+07 (1.20655%) chi^2/dof=5.02675

iteration 6 finished.
this iteration: N=300000 E=7.6374e+09 +- 8.41218e+07 (1.10145%)
all iterations: N=2100000 E=7.6863e+09 +- 6.2527e+07 (0.813486%) chi^2/dof=4.31485

iteration 7 finished.
this iteration: N=300000 E=7.82847e+09 +- 8.41732e+07 (1.07522%)
all iterations: N=2400000 E=7.73686e+09 +- 5.01937e+07 (0.64876%) chi^2/dof=3.96103

iteration 8 finished.
this iteration: N=300000 E=7.70926e+09 +- 7.7933e+07 (1.0109%)
all iterations: N=2700000 E=7.72876e+09 +- 4.21987e+07 (0.545995%) chi^2/dof=3.47698

iteration 9 finished.
this iteration: N=300000 E=7.97851e+09 +- 7.79057e+07 (0.976444%)
all iterations: N=3000000 E=7.78542e+09 +- 3.7105e+07 (0.476596%) chi^2/dof=3.9735

iteration 10 finished.
this iteration: N=300000 E=7.8662e+09 +- 7.34515e+07 (0.933761%)
all iterations: N=3300000 E=7.80184e+09 +- 3.3119e+07 (0.424503%) chi^2/dof=3.67251

iteration 11 finished.
this iteration: N=300000 E=7.90134e+09 +- 7.21672e+07 (0.913355%)
all iterations: N=3600000 E=7.81915e+09 +- 3.01007e+07 (0.384961%) chi^2/dof=3.48139

iteration 12 finished.
this iteration: N=300000 E=7.73119e+09 +- 7.08399e+07 (0.916286%)
all iterations: N=3900000 E=7.8057e+09 +- 2.77034e+07 (0.354913%) chi^2/dof=3.30009

iteration 13 finished.
this iteration: N=300000 E=7.8223e+09 +- 7.15065e+07 (0.914137%)
all iterations: N=4200000 E=7.80786e+09 +- 2.58325e+07 (0.330852%) chi^2/dof=3.04984

iteration 14 finished.
this iteration: N=300000 E=7.76242e+09 +- 7.61542e+07 (0.981063%)
all iterations: N=4500000 E=7.80317e+09 +- 2.44634e+07 (0.313505%) chi^2/dof=2.85481

iteration 15 finished.
this iteration: N=300000 E=7.79245e+09 +- 7.48481e+07 (0.960521%)
all iterations: N=4800000 E=7.80214e+09 +- 2.32529e+07 (0.298032%) chi^2/dof=2.66572

iteration 16 finished.
this iteration: N=300000 E=8.00393e+09 +- 3.04252e+08 (3.80129%)
all iterations: N=5100000 E=7.80331e+09 +- 2.31853e+07 (0.297121%) chi^2/dof=2.52645

iteration 17 finished.
this iteration: N=300000 E=7.80543e+09 +- 1.68633e+08 (2.16046%)
all iterations: N=5400000 E=7.80335e+09 +- 2.29692e+07 (0.29435%) chi^2/dof=2.37784

iteration 18 finished.
this iteration: N=300000 E=7.81612e+09 +- 9.55854e+07 (1.22293%)
all iterations: N=5700000 E=7.80405e+09 +- 2.23334e+07 (0.286177%) chi^2/dof=2.24668

iteration 19 finished.
this iteration: N=300000 E=7.8945e+09 +- 7.93594e+07 (1.00525%)
all iterations: N=6000000 E=7.81069e+09 +- 2.14983e+07 (0.275243%) chi^2/dof=2.19179

>> Cumulative result: 
>> N = 5700000; I = 7.81312e+09 +- 2.15042e+07
>> chi^2/dof = 1.01402
Time needed: 188.25s
Temperature: 200; EQCONST: 5.43383e-05

iteration 0 finished.
this iteration: N=300000 E=3.34572e+09 +- 9.11947e+08 (27.2571%)
all iterations: N=300000 E=3.34572e+09 +- 9.11947e+08 (27.2571%) chi^2/dof=inf

iteration 1 finished.
this iteration: N=300000 E=6.82267e+09 +- 8.8698e+08 (13.0005%)
all iterations: N=600000 E=5.13244e+09 +- 6.35833e+08 (12.3885%) chi^2/dof=7.46991

iteration 2 finished.
this iteration: N=300000 E=7.70189e+09 +- 5.61983e+08 (7.29669%)
all iterations: N=900000 E=6.57498e+09 +- 4.21083e+08 (6.40432%) chi^2/dof=8.31902

iteration 3 finished.
this iteration: N=300000 E=8.60088e+09 +- 4.88037e+08 (5.67427%)
all iterations: N=1200000 E=7.43953e+09 +- 3.18816e+08 (4.28543%) chi^2/dof=8.83871

iteration 4 finished.
this iteration: N=300000 E=7.88297e+09 +- 2.31145e+08 (2.9322%)
all iterations: N=1500000 E=7.73019e+09 +- 1.87136e+08 (2.42085%) chi^2/dof=6.94604

iteration 5 finished.
this iteration: N=300000 E=7.75343e+09 +- 1.40247e+08 (1.80884%)
all iterations: N=1800000 E=7.74507e+09 +- 1.12228e+08 (1.44902%) chi^2/dof=5.55881

iteration 6 finished.
this iteration: N=300000 E=7.85196e+09 +- 1.07201e+08 (1.36527%)
all iterations: N=2100000 E=7.80097e+09 +- 7.75187e+07 (0.993706%) chi^2/dof=4.7114

iteration 7 finished.
this iteration: N=300000 E=7.86051e+09 +- 9.7671e+07 (1.24255%)
all iterations: N=2400000 E=7.82398e+09 +- 6.07189e+07 (0.776062%) chi^2/dof=4.07092

iteration 8 finished.
this iteration: N=300000 E=7.52016e+09 +- 7.77026e+07 (1.03326%)
all iterations: N=2700000 E=7.70879e+09 +- 4.78439e+07 (0.62064%) chi^2/dof=4.74856

iteration 9 finished.
this iteration: N=300000 E=7.82796e+09 +- 9.67069e+07 (1.2354%)
all iterations: N=3000000 E=7.73223e+09 +- 4.28829e+07 (0.554599%) chi^2/dof=4.35648

iteration 10 finished.
this iteration: N=300000 E=7.79896e+09 +- 1.04653e+08 (1.34189%)
all iterations: N=3300000 E=7.74182e+09 +- 3.96808e+07 (0.512551%) chi^2/dof=3.95565

iteration 11 finished.
this iteration: N=300000 E=7.79831e+09 +- 9.72907e+07 (1.24759%)
all iterations: N=3600000 E=7.74988e+09 +- 3.67423e+07 (0.474101%) chi^2/dof=3.62232

iteration 12 finished.
this iteration: N=300000 E=7.63936e+09 +- 7.85988e+07 (1.02887%)
all iterations: N=3900000 E=7.73006e+09 +- 3.3285e+07 (0.430592%) chi^2/dof=3.45567

iteration 13 finished.
this iteration: N=300000 E=7.89795e+09 +- 7.53782e+07 (0.954402%)
all iterations: N=4200000 E=7.75745e+09 +- 3.04486e+07 (0.392508%) chi^2/dof=3.50921

iteration 14 finished.
this iteration: N=300000 E=7.78885e+09 +- 7.15808e+07 (0.919017%)
all iterations: N=4500000 E=7.76226e+09 +- 2.8019e+07 (0.360965%) chi^2/dof=3.27019

iteration 15 finished.
this iteration: N=300000 E=7.7692e+09 +- 6.78937e+07 (0.873883%)
all iterations: N=4800000 E=7.76327e+09 +- 2.59001e+07 (0.333624%) chi^2/dof=3.05277

iteration 16 finished.
this iteration: N=300000 E=7.83643e+09 +- 8.85276e+07 (1.12969%)
all iterations: N=5100000 E=7.76904e+09 +- 2.48581e+07 (0.319964%) chi^2/dof=2.90128

iteration 17 finished.
this iteration: N=300000 E=7.82179e+09 +- 7.80813e+07 (0.998254%)
all iterations: N=5400000 E=7.7739e+09 +- 2.36867e+07 (0.304695%) chi^2/dof=2.755

iteration 18 finished.
this iteration: N=300000 E=7.64886e+09 +- 6.49222e+07 (0.848782%)
all iterations: N=5700000 E=7.75921e+09 +- 2.22519e+07 (0.286781%) chi^2/dof=2.78379

iteration 19 finished.
this iteration: N=300000 E=7.87923e+09 +- 6.72198e+07 (0.853126%)
all iterations: N=6000000 E=7.77106e+09 +- 2.11246e+07 (0.271836%) chi^2/dof=2.78849

>> Cumulative result: 
>> N = 5700000; I = 7.77344e+09 +- 2.11302e+07
>> chi^2/dof = 1.63449
Time needed: 188.44s
Temperature: 210; EQCONST: 4.34053e-05

iteration 0 finished.
this iteration: N=300000 E=3.32051e+09 +- 9.06828e+08 (27.3099%)
all iterations: N=300000 E=3.32051e+09 +- 9.06828e+08 (27.3099%) chi^2/dof=inf

iteration 1 finished.
this iteration: N=300000 E=6.77764e+09 +- 8.82102e+08 (13.0149%)
all iterations: N=600000 E=5.09684e+09 +- 6.32301e+08 (12.4057%) chi^2/dof=7.46778

iteration 2 finished.
this iteration: N=300000 E=7.49664e+09 +- 5.32614e+08 (7.1047%)
all iterations: N=900000 E=6.50061e+09 +- 4.07355e+08 (6.26641%) chi^2/dof=7.9469

iteration 3 finished.
this iteration: N=300000 E=8.04302e+09 +- 3.13521e+08 (3.89805%)
all iterations: N=1200000 E=7.46924e+09 +- 2.48454e+08 (3.32636%) chi^2/dof=8.2991

iteration 4 finished.
this iteration: N=300000 E=7.74348e+09 +- 2.17377e+08 (2.80723%)
all iterations: N=1500000 E=7.62457e+09 +- 1.636e+08 (2.14569%) chi^2/dof=6.39684

iteration 5 finished.
this iteration: N=300000 E=7.47804e+09 +- 1.24674e+08 (1.66721%)
all iterations: N=1800000 E=7.53187e+09 +- 9.91619e+07 (1.31656%) chi^2/dof=5.21898

iteration 6 finished.
this iteration: N=300000 E=7.69595e+09 +- 1.05711e+08 (1.3736%)
all iterations: N=2100000 E=7.60867e+09 +- 7.23227e+07 (0.95053%) chi^2/dof=4.56272

iteration 7 finished.
this iteration: N=300000 E=7.60284e+09 +- 8.32101e+07 (1.09446%)
all iterations: N=2400000 E=7.60616e+09 +- 5.45861e+07 (0.717657%) chi^2/dof=3.91131

iteration 8 finished.
this iteration: N=300000 E=7.54222e+09 +- 7.69448e+07 (1.02019%)
all iterations: N=2700000 E=7.58475e+09 +- 4.45208e+07 (0.586977%) chi^2/dof=3.47981

iteration 9 finished.
this iteration: N=300000 E=7.98616e+09 +- 2.35411e+08 (2.94773%)
all iterations: N=3000000 E=7.59861e+09 +- 4.37454e+07 (0.575702%) chi^2/dof=3.40506

iteration 10 finished.
this iteration: N=300000 E=7.8624e+09 +- 1.69576e+08 (2.1568%)
all iterations: N=3300000 E=7.61507e+09 +- 4.23586e+07 (0.556247%) chi^2/dof=3.29144

iteration 11 finished.
this iteration: N=300000 E=7.60901e+09 +- 8.97155e+07 (1.17907%)
all iterations: N=3600000 E=7.61397e+09 +- 3.83039e+07 (0.503074%) chi^2/dof=2.99256

iteration 12 finished.
this iteration: N=300000 E=7.81768e+09 +- 1.18389e+08 (1.51437%)
all iterations: N=3900000 E=7.63327e+09 +- 3.64439e+07 (0.477434%) chi^2/dof=2.96653

removed non-finite number: 0
iteration 13 finished.
this iteration: N=300000 E=7.82909e+09 +- 9.93846e+07 (1.26943%)
all iterations: N=4200000 E=7.65648e+09 +- 3.4216e+07 (0.446889%) chi^2/dof=3.00157

iteration 14 finished.
this iteration: N=300000 E=7.5788e+09 +- 6.60123e+07 (0.871012%)
all iterations: N=4500000 E=7.64003e+09 +- 3.03778e+07 (0.397613%) chi^2/dof=2.86513

iteration 15 finished.
this iteration: N=300000 E=7.67945e+09 +- 6.53375e+07 (0.850809%)
all iterations: N=4800000 E=7.64704e+09 +- 2.75461e+07 (0.360219%) chi^2/dof=2.69407

iteration 16 finished.
this iteration: N=300000 E=7.85246e+09 +- 1.23038e+08 (1.56687%)
all iterations: N=5100000 E=7.65684e+09 +- 2.68806e+07 (0.351066%) chi^2/dof=2.6916

iteration 17 finished.
this iteration: N=300000 E=7.66232e+09 +- 1.04595e+08 (1.36506%)
all iterations: N=5400000 E=7.65718e+09 +- 2.60346e+07 (0.340002%) chi^2/dof=2.53342

iteration 18 finished.
this iteration: N=300000 E=7.70951e+09 +- 8.78045e+07 (1.13891%)
all iterations: N=5700000 E=7.66141e+09 +- 2.49605e+07 (0.325795%) chi^2/dof=2.41081

iteration 19 finished.
this iteration: N=300000 E=7.83191e+09 +- 7.92014e+07 (1.01127%)
all iterations: N=6000000 E=7.67681e+09 +- 2.38062e+07 (0.310106%) chi^2/dof=2.50578

>> Cumulative result: 
>> N = 5700000; I = 7.67982e+09 +- 2.38145e+07
>> chi^2/dof = 1.36203
Time needed: 188.46s
Temperature: 220; EQCONST: 3.47829e-05

iteration 0 finished.
this iteration: N=300000 E=3.29774e+09 +- 9.02193e+08 (27.3579%)
all iterations: N=300000 E=3.29774e+09 +- 9.02193e+08 (27.3579%) chi^2/dof=inf

iteration 1 finished.
this iteration: N=300000 E=6.74443e+09 +- 8.78644e+08 (13.0277%)
all iterations: N=600000 E=5.06665e+09 +- 6.29456e+08 (12.4235%) chi^2/dof=7.4905

iteration 2 finished.
this iteration: N=300000 E=7.36965e+09 +- 5.20999e+08 (7.06953%)
all iterations: N=900000 E=6.43335e+09 +- 4.01353e+08 (6.23863%) chi^2/dof=7.71719

iteration 3 finished.
this iteration: N=300000 E=7.79533e+09 +- 2.88115e+08 (3.69599%)
all iterations: N=1200000 E=7.33216e+09 +- 2.34052e+08 (3.19213%) chi^2/dof=7.67797

iteration 4 finished.
this iteration: N=300000 E=7.58152e+09 +- 1.62903e+08 (2.14869%)
all iterations: N=1500000 E=7.50014e+09 +- 1.33705e+08 (1.78271%) chi^2/dof=5.94964

iteration 5 finished.
this iteration: N=300000 E=7.83272e+09 +- 1.36185e+08 (1.73866%)
all iterations: N=1800000 E=7.66337e+09 +- 9.54084e+07 (1.24499%) chi^2/dof=5.36706

iteration 6 finished.
this iteration: N=300000 E=7.60023e+09 +- 1.15685e+08 (1.52213%)
all iterations: N=2100000 E=7.63781e+09 +- 7.36055e+07 (0.963698%) chi^2/dof=4.50211

iteration 7 finished.
this iteration: N=300000 E=7.67717e+09 +- 1.08658e+08 (1.41534%)
all iterations: N=2400000 E=7.65019e+09 +- 6.09397e+07 (0.796578%) chi^2/dof=3.87179

iteration 8 finished.
this iteration: N=300000 E=7.45182e+09 +- 8.65036e+07 (1.16084%)
all iterations: N=2700000 E=7.5844e+09 +- 4.98188e+07 (0.656859%) chi^2/dof=3.82713

iteration 9 finished.
this iteration: N=300000 E=7.70319e+09 +- 8.75742e+07 (1.13686%)
all iterations: N=3000000 E=7.61344e+09 +- 4.33024e+07 (0.568762%) chi^2/dof=3.55635

iteration 10 finished.
this iteration: N=300000 E=7.81773e+09 +- 7.95391e+07 (1.01742%)
all iterations: N=3300000 E=7.66015e+09 +- 3.80315e+07 (0.496486%) chi^2/dof=3.70956

iteration 11 finished.
this iteration: N=300000 E=7.74723e+09 +- 7.47601e+07 (0.964992%)
all iterations: N=3600000 E=7.67805e+09 +- 3.38975e+07 (0.441485%) chi^2/dof=3.47032

iteration 12 finished.
this iteration: N=300000 E=7.61408e+09 +- 7.0733e+07 (0.928976%)
all iterations: N=3900000 E=7.6661e+09 +- 3.05685e+07 (0.398749%) chi^2/dof=3.23655

iteration 13 finished.
this iteration: N=300000 E=7.67655e+09 +- 6.83679e+07 (0.890608%)
all iterations: N=4200000 E=7.66784e+09 +- 2.79061e+07 (0.363937%) chi^2/dof=2.98908

iteration 14 finished.
this iteration: N=300000 E=7.57017e+09 +- 6.43508e+07 (0.850057%)
all iterations: N=4500000 E=7.65238e+09 +- 2.56024e+07 (0.334568%) chi^2/dof=2.91406

iteration 15 finished.
this iteration: N=300000 E=7.6813e+09 +- 6.57386e+07 (0.855827%)
all iterations: N=4800000 E=7.65619e+09 +- 2.3857e+07 (0.311604%) chi^2/dof=2.73099

iteration 16 finished.
this iteration: N=300000 E=7.74745e+09 +- 1.14908e+08 (1.48317%)
all iterations: N=5100000 E=7.65996e+09 +- 2.33588e+07 (0.304947%) chi^2/dof=2.5981

iteration 17 finished.
this iteration: N=300000 E=7.63189e+09 +- 1.05035e+08 (1.37626%)
all iterations: N=5400000 E=7.65864e+09 +- 2.28018e+07 (0.297726%) chi^2/dof=2.44927

iteration 18 finished.
this iteration: N=300000 E=7.61535e+09 +- 7.97504e+07 (1.04723%)
all iterations: N=5700000 E=7.65537e+09 +- 2.19233e+07 (0.286378%) chi^2/dof=2.32833

iteration 19 finished.
this iteration: N=300000 E=7.7446e+09 +- 6.99109e+07 (0.902706%)
all iterations: N=6000000 E=7.66336e+09 +- 2.09188e+07 (0.272972%) chi^2/dof=2.28385

>> Cumulative result: 
>> N = 5700000; I = 7.6657e+09 +- 2.09245e+07
>> chi^2/dof = 1.1092
Time needed: 188.84s
Temperature: 230; EQCONST: 2.84245e-05

iteration 0 finished.
this iteration: N=300000 E=3.27708e+09 +- 8.97976e+08 (27.4017%)
all iterations: N=300000 E=3.27708e+09 +- 8.97976e+08 (27.4017%) chi^2/dof=inf

iteration 1 finished.
this iteration: N=300000 E=6.65868e+09 +- 8.73433e+08 (13.1172%)
all iterations: N=600000 E=5.01473e+09 +- 6.26107e+08 (12.4854%) chi^2/dof=7.28709

iteration 2 finished.
this iteration: N=300000 E=7.52568e+09 +- 5.32825e+08 (7.08009%)
all iterations: N=900000 E=6.47101e+09 +- 4.05777e+08 (6.2707%) chi^2/dof=8.30753

iteration 3 finished.
this iteration: N=300000 E=7.54462e+09 +- 2.85577e+08 (3.78517%)
all iterations: N=1200000 E=7.189e+09 +- 2.33538e+08 (3.24855%) chi^2/dof=7.09886

iteration 4 finished.
this iteration: N=300000 E=7.4645e+09 +- 1.27829e+08 (1.7125%)
all iterations: N=1500000 E=7.40099e+09 +- 1.12131e+08 (1.51508%) chi^2/dof=5.59186

iteration 5 finished.
this iteration: N=300000 E=7.52523e+09 +- 1.02261e+08 (1.35891%)
all iterations: N=1800000 E=7.46882e+09 +- 7.55583e+07 (1.01165%) chi^2/dof=4.60753

iteration 6 finished.
this iteration: N=300000 E=7.6145e+09 +- 7.8965e+07 (1.03703%)
all iterations: N=2100000 E=7.53845e+09 +- 5.45924e+07 (0.724186%) chi^2/dof=4.13576

iteration 7 finished.
this iteration: N=300000 E=7.61399e+09 +- 6.86164e+07 (0.901189%)
all iterations: N=2400000 E=7.56773e+09 +- 4.27207e+07 (0.564511%) chi^2/dof=3.65097

iteration 8 finished.
this iteration: N=300000 E=7.46216e+09 +- 6.1596e+07 (0.825445%)
all iterations: N=2700000 E=7.53344e+09 +- 3.5104e+07 (0.465976%) chi^2/dof=3.44255

iteration 9 finished.
this iteration: N=300000 E=7.60175e+09 +- 6.09569e+07 (0.80188%)
all iterations: N=3000000 E=7.55045e+09 +- 3.04203e+07 (0.402893%) chi^2/dof=3.16484

iteration 10 finished.
this iteration: N=300000 E=7.624e+09 +- 6.12161e+07 (0.802939%)
all iterations: N=3300000 E=7.56502e+09 +- 2.72421e+07 (0.360106%) chi^2/dof=2.96412

iteration 11 finished.
this iteration: N=300000 E=7.55297e+09 +- 5.9647e+07 (0.789716%)
all iterations: N=3600000 E=7.56294e+09 +- 2.47799e+07 (0.327649%) chi^2/dof=2.69772

iteration 12 finished.
this iteration: N=300000 E=7.46736e+09 +- 6.28834e+07 (0.842109%)
all iterations: N=3900000 E=7.55009e+09 +- 2.30545e+07 (0.305354%) chi^2/dof=2.63955

iteration 13 finished.
this iteration: N=300000 E=7.6081e+09 +- 6.61234e+07 (0.869119%)
all iterations: N=4200000 E=7.55638e+09 +- 2.17692e+07 (0.288091%) chi^2/dof=2.48929

iteration 14 finished.
this iteration: N=300000 E=7.57276e+09 +- 6.39461e+07 (0.844422%)
all iterations: N=4500000 E=7.55808e+09 +- 2.06078e+07 (0.272659%) chi^2/dof=2.31569

iteration 15 finished.
this iteration: N=300000 E=7.65044e+09 +- 6.4295e+07 (0.84041%)
all iterations: N=4800000 E=7.56668e+09 +- 1.96244e+07 (0.259353%) chi^2/dof=2.28604

iteration 16 finished.
this iteration: N=300000 E=7.70162e+09 +- 1.37014e+08 (1.77903%)
all iterations: N=5100000 E=7.5694e+09 +- 1.94262e+07 (0.256641%) chi^2/dof=2.20256

iteration 17 finished.
this iteration: N=300000 E=7.76271e+09 +- 2.22403e+08 (2.86502%)
all iterations: N=5400000 E=7.57086e+09 +- 1.93525e+07 (0.255618%) chi^2/dof=2.11711

iteration 18 finished.
this iteration: N=300000 E=7.68549e+09 +- 1.49937e+08 (1.95091%)
all iterations: N=5700000 E=7.57274e+09 +- 1.91933e+07 (0.253452%) chi^2/dof=2.03143

iteration 19 finished.
this iteration: N=300000 E=7.62425e+09 +- 9.28264e+07 (1.21752%)
all iterations: N=6000000 E=7.57485e+09 +- 1.87957e+07 (0.248133%) chi^2/dof=1.94005

>> Cumulative result: 
>> N = 5700000; I = 7.57674e+09 +- 1.87998e+07
>> chi^2/dof = 0.774699
Time needed: 188.7s
Temperature: 240; EQCONST: 2.31979e-05

iteration 0 finished.
this iteration: N=300000 E=3.25825e+09 +- 8.94124e+08 (27.4419%)
all iterations: N=300000 E=3.25825e+09 +- 8.94124e+08 (27.4419%) chi^2/dof=inf

iteration 1 finished.
this iteration: N=300000 E=6.62201e+09 +- 8.69977e+08 (13.1377%)
all iterations: N=600000 E=4.98616e+09 +- 6.23529e+08 (12.5052%) chi^2/dof=7.2703

iteration 2 finished.
this iteration: N=300000 E=7.43316e+09 +- 5.30257e+08 (7.13367%)
all iterations: N=900000 E=6.40619e+09 +- 4.03941e+08 (6.30548%) chi^2/dof=8.10391

iteration 3 finished.
this iteration: N=300000 E=7.43893e+09 +- 2.43845e+08 (3.27795%)
all iterations: N=1200000 E=7.16311e+09 +- 2.08757e+08 (2.91434%) chi^2/dof=6.99952

iteration 4 finished.
this iteration: N=300000 E=7.4097e+09 +- 1.33323e+08 (1.7993%)
all iterations: N=1500000 E=7.33826e+09 +- 1.12363e+08 (1.53119%) chi^2/dof=5.49742

iteration 5 finished.
this iteration: N=300000 E=7.44465e+09 +- 1.07367e+08 (1.4422%)
all iterations: N=1800000 E=7.39387e+09 +- 7.76258e+07 (1.04987%) chi^2/dof=4.49165

iteration 6 finished.
this iteration: N=300000 E=7.65857e+09 +- 8.86579e+07 (1.15763%)
all iterations: N=2100000 E=7.50874e+09 +- 5.8403e+07 (0.777801%) chi^2/dof=4.58402

iteration 7 finished.
this iteration: N=300000 E=7.67652e+09 +- 8.1507e+07 (1.06177%)
all iterations: N=2400000 E=7.56566e+09 +- 4.74738e+07 (0.627491%) chi^2/dof=4.32913

iteration 8 finished.
this iteration: N=300000 E=7.42557e+09 +- 6.84581e+07 (0.921924%)
all iterations: N=2700000 E=7.52016e+09 +- 3.90113e+07 (0.518756%) chi^2/dof=4.14144

iteration 9 finished.
this iteration: N=300000 E=7.64769e+09 +- 7.7972e+07 (1.01955%)
all iterations: N=3000000 E=7.5457e+09 +- 3.48882e+07 (0.46236%) chi^2/dof=3.91901

iteration 10 finished.
this iteration: N=300000 E=7.67742e+09 +- 8.28884e+07 (1.07964%)
all iterations: N=3300000 E=7.56552e+09 +- 3.21559e+07 (0.425032%) chi^2/dof=3.74166

iteration 11 finished.
this iteration: N=300000 E=7.64733e+09 +- 7.22207e+07 (0.944391%)
all iterations: N=3600000 E=7.57906e+09 +- 2.93757e+07 (0.387591%) chi^2/dof=3.49885

iteration 12 finished.
this iteration: N=300000 E=7.5722e+09 +- 6.6298e+07 (0.875544%)
all iterations: N=3900000 E=7.57793e+09 +- 2.68574e+07 (0.354416%) chi^2/dof=3.20802

iteration 13 finished.
this iteration: N=300000 E=7.58343e+09 +- 6.36154e+07 (0.838874%)
all iterations: N=4200000 E=7.57876e+09 +- 2.47427e+07 (0.326474%) chi^2/dof=2.96174

iteration 14 finished.
this iteration: N=300000 E=7.5625e+09 +- 6.27748e+07 (0.83008%)
all iterations: N=4500000 E=7.57658e+09 +- 2.30192e+07 (0.30382%) chi^2/dof=2.75434

iteration 15 finished.
this iteration: N=300000 E=7.50999e+09 +- 6.08397e+07 (0.810117%)
all iterations: N=4800000 E=7.56824e+09 +- 2.15297e+07 (0.284474%) chi^2/dof=2.64056

iteration 16 finished.
this iteration: N=300000 E=7.60151e+09 +- 9.30115e+07 (1.22359%)
all iterations: N=5100000 E=7.56993e+09 +- 2.09751e+07 (0.277084%) chi^2/dof=2.48311

iteration 17 finished.
this iteration: N=300000 E=7.62052e+09 +- 1.17605e+08 (1.54326%)
all iterations: N=5400000 E=7.57149e+09 +- 2.06492e+07 (0.272723%) chi^2/dof=2.3476

iteration 18 finished.
this iteration: N=300000 E=7.55928e+09 +- 1.10913e+08 (1.46724%)
all iterations: N=5700000 E=7.57108e+09 +- 2.03004e+07 (0.268131%) chi^2/dof=2.21783

iteration 19 finished.
this iteration: N=300000 E=7.59751e+09 +- 9.19515e+07 (1.21028%)
all iterations: N=6000000 E=7.57231e+09 +- 1.9823e+07 (0.261783%) chi^2/dof=2.10524

>> Cumulative result: 
>> N = 5700000; I = 7.57443e+09 +- 1.98279e+07
>> chi^2/dof = 0.928251
Time needed: 188.87s
Temperature: 250; EQCONST: 1.92991e-05

iteration 0 finished.
this iteration: N=300000 E=3.24101e+09 +- 8.90592e+08 (27.4788%)
all iterations: N=300000 E=3.24101e+09 +- 8.90592e+08 (27.4788%) chi^2/dof=inf

iteration 1 finished.
this iteration: N=300000 E=6.59142e+09 +- 8.66943e+08 (13.1526%)
all iterations: N=600000 E=4.96129e+09 +- 6.21214e+08 (12.5212%) chi^2/dof=7.26675

iteration 2 finished.
this iteration: N=300000 E=7.45155e+09 +- 5.44538e+08 (7.30771%)
all iterations: N=900000 E=6.36951e+09 +- 4.09487e+08 (6.42887%) chi^2/dof=8.17699

iteration 3 finished.
this iteration: N=300000 E=7.66255e+09 +- 3.65043e+08 (4.76399%)
all iterations: N=1200000 E=7.08998e+09 +- 2.72488e+08 (3.84328%) chi^2/dof=7.30327

iteration 4 finished.
this iteration: N=300000 E=7.58858e+09 +- 2.44602e+08 (3.22329%)
all iterations: N=1500000 E=7.36609e+09 +- 1.82023e+08 (2.47109%) chi^2/dof=5.94098

iteration 5 finished.
this iteration: N=300000 E=7.74568e+09 +- 2.94035e+08 (3.79611%)
all iterations: N=1800000 E=7.47126e+09 +- 1.54767e+08 (2.0715%) chi^2/dof=4.99376

iteration 6 finished.
this iteration: N=300000 E=7.35522e+09 +- 1.39867e+08 (1.9016%)
all iterations: N=2100000 E=7.40739e+09 +- 1.0377e+08 (1.4009%) chi^2/dof=4.21304

iteration 7 finished.
this iteration: N=300000 E=7.55824e+09 +- 8.5234e+07 (1.1277%)
all iterations: N=2400000 E=7.49747e+09 +- 6.58642e+07 (0.878487%) chi^2/dof=3.79145

iteration 8 finished.
this iteration: N=300000 E=7.34179e+09 +- 6.49077e+07 (0.884086%)
all iterations: N=2700000 E=7.41849e+09 +- 4.62312e+07 (0.623188%) chi^2/dof=3.67178

iteration 9 finished.
this iteration: N=300000 E=7.55207e+09 +- 7.43265e+07 (0.984187%)
all iterations: N=3000000 E=7.45575e+09 +- 3.92568e+07 (0.52653%) chi^2/dof=3.52258

iteration 10 finished.
this iteration: N=300000 E=8.19419e+09 +- 6.479e+08 (7.90681%)
all iterations: N=3300000 E=7.45845e+09 +- 3.91849e+07 (0.525376%) chi^2/dof=3.29975

iteration 11 finished.
this iteration: N=300000 E=7.43256e+09 +- 1.98143e+08 (2.66588%)
all iterations: N=3600000 E=7.45748e+09 +- 3.84404e+07 (0.515461%) chi^2/dof=3.00127

iteration 12 finished.
this iteration: N=300000 E=7.66564e+09 +- 1.26997e+08 (1.6567%)
all iterations: N=3900000 E=7.47495e+09 +- 3.67919e+07 (0.492203%) chi^2/dof=2.95626

removed non-finite number: 0
iteration 13 finished.
this iteration: N=300000 E=7.44279e+09 +- 9.07487e+07 (1.21928%)
all iterations: N=4200000 E=7.47041e+09 +- 3.40963e+07 (0.456417%) chi^2/dof=2.73715

iteration 14 finished.
this iteration: N=300000 E=7.45651e+09 +- 7.67519e+07 (1.02933%)
all iterations: N=4500000 E=7.46812e+09 +- 3.11599e+07 (0.417239%) chi^2/dof=2.5436

iteration 15 finished.
this iteration: N=300000 E=7.46271e+09 +- 6.75347e+07 (0.904962%)
all iterations: N=4800000 E=7.46717e+09 +- 2.82935e+07 (0.378906%) chi^2/dof=2.37438

iteration 16 finished.
this iteration: N=300000 E=7.54175e+09 +- 1.24804e+08 (1.65484%)
all iterations: N=5100000 E=7.47082e+09 +- 2.75933e+07 (0.369348%) chi^2/dof=2.24721

iteration 17 finished.
this iteration: N=300000 E=7.55814e+09 +- 1.66778e+08 (2.20661%)
all iterations: N=5400000 E=7.47314e+09 +- 2.72233e+07 (0.364281%) chi^2/dof=2.13072

iteration 18 finished.
this iteration: N=300000 E=7.45735e+09 +- 1.13921e+08 (1.52763%)
all iterations: N=5700000 E=7.47229e+09 +- 2.64777e+07 (0.354346%) chi^2/dof=2.01335

iteration 19 finished.
this iteration: N=300000 E=7.57806e+09 +- 9.06517e+07 (1.19624%)
all iterations: N=6000000 E=7.4806e+09 +- 2.54158e+07 (0.339756%) chi^2/dof=1.97341

>> Cumulative result: 
>> N = 5700000; I = 7.48406e+09 +- 2.54262e+07
>> chi^2/dof = 0.82304
Time needed: 187.79s
Temperature: 260; EQCONST: 1.59836e-05

iteration 0 finished.
this iteration: N=300000 E=3.22517e+09 +- 8.8734e+08 (27.5129%)
all iterations: N=300000 E=3.22517e+09 +- 8.8734e+08 (27.5129%) chi^2/dof=inf

iteration 1 finished.
this iteration: N=300000 E=6.54263e+09 +- 8.64055e+08 (13.2065%)
all iterations: N=600000 E=4.928e+09 +- 6.19048e+08 (12.5618%) chi^2/dof=7.17455

iteration 2 finished.
this iteration: N=300000 E=7.54301e+09 +- 5.89535e+08 (7.81565%)
all iterations: N=900000 E=6.29932e+09 +- 4.26916e+08 (6.77718%) chi^2/dof=8.26608

iteration 3 finished.
this iteration: N=300000 E=7.69552e+09 +- 3.22251e+08 (4.18752%)
all iterations: N=1200000 E=7.18875e+09 +- 2.57203e+08 (3.57785%) chi^2/dof=7.78189

iteration 4 finished.
this iteration: N=300000 E=7.27937e+09 +- 1.5881e+08 (2.18165%)
all iterations: N=1500000 E=7.25435e+09 +- 1.35127e+08 (1.86271%) chi^2/dof=5.85889

iteration 5 finished.
this iteration: N=300000 E=7.39057e+09 +- 1.14701e+08 (1.55199%)
all iterations: N=1800000 E=7.33352e+09 +- 8.74453e+07 (1.1924%) chi^2/dof=4.80523

iteration 6 finished.
this iteration: N=300000 E=7.46129e+09 +- 8.75411e+07 (1.17327%)
all iterations: N=2100000 E=7.39734e+09 +- 6.1867e+07 (0.836342%) chi^2/dof=4.18206

iteration 7 finished.
this iteration: N=300000 E=7.38023e+09 +- 7.57932e+07 (1.02698%)
all iterations: N=2400000 E=7.3905e+09 +- 4.79275e+07 (0.648502%) chi^2/dof=3.58899

iteration 8 finished.
this iteration: N=300000 E=7.4011e+09 +- 7.41998e+07 (1.00255%)
all iterations: N=2700000 E=7.39362e+09 +- 4.02593e+07 (0.544515%) chi^2/dof=3.14216

iteration 9 finished.
this iteration: N=300000 E=7.68939e+09 +- 7.87059e+07 (1.02357%)
all iterations: N=3000000 E=7.45496e+09 +- 3.58424e+07 (0.480786%) chi^2/dof=4.03677

iteration 10 finished.
this iteration: N=300000 E=7.53832e+09 +- 6.87689e+07 (0.912258%)
all iterations: N=3300000 E=7.47276e+09 +- 3.17844e+07 (0.425336%) chi^2/dof=3.74865

iteration 11 finished.
this iteration: N=300000 E=7.45745e+09 +- 6.76987e+07 (0.9078%)
all iterations: N=3600000 E=7.47e+09 +- 2.87712e+07 (0.385156%) chi^2/dof=3.41167

iteration 12 finished.
this iteration: N=300000 E=7.43559e+09 +- 7.14768e+07 (0.961279%)
all iterations: N=3900000 E=7.4652e+09 +- 2.66901e+07 (0.357526%) chi^2/dof=3.14399

iteration 13 finished.
this iteration: N=300000 E=7.55862e+09 +- 7.46681e+07 (0.987854%)
all iterations: N=4200000 E=7.47578e+09 +- 2.51327e+07 (0.336188%) chi^2/dof=3.0089

iteration 14 finished.
this iteration: N=300000 E=7.51361e+09 +- 9.33893e+07 (1.24294%)
all iterations: N=4500000 E=7.47834e+09 +- 2.42692e+07 (0.324527%) chi^2/dof=2.80491

iteration 15 finished.
this iteration: N=300000 E=7.38677e+09 +- 7.49919e+07 (1.01522%)
all iterations: N=4800000 E=7.46966e+09 +- 2.30902e+07 (0.30912%) chi^2/dof=2.70788

iteration 16 finished.
this iteration: N=300000 E=7.6142e+09 +- 7.08287e+07 (0.930219%)
all iterations: N=5100000 E=7.48354e+09 +- 2.19531e+07 (0.293351%) chi^2/dof=2.77393

iteration 17 finished.
this iteration: N=300000 E=7.54083e+09 +- 6.74094e+07 (0.893925%)
all iterations: N=5400000 E=7.48904e+09 +- 2.0874e+07 (0.278728%) chi^2/dof=2.64917

iteration 18 finished.
this iteration: N=300000 E=7.50604e+09 +- 6.51673e+07 (0.868198%)
all iterations: N=5700000 E=7.49062e+09 +- 1.98791e+07 (0.265387%) chi^2/dof=2.50542

iteration 19 finished.
this iteration: N=300000 E=7.59032e+09 +- 6.44218e+07 (0.848736%)
all iterations: N=6000000 E=7.49929e+09 +- 1.89953e+07 (0.253295%) chi^2/dof=2.48866

>> Cumulative result: 
>> N = 5700000; I = 7.50125e+09 +- 1.89997e+07
>> chi^2/dof = 1.33736
Time needed: 189.42s
Temperature: 270; EQCONST: 1.3518e-05

iteration 0 finished.
this iteration: N=300000 E=3.21058e+09 +- 8.84338e+08 (27.5445%)
all iterations: N=300000 E=3.21058e+09 +- 8.84338e+08 (27.5445%) chi^2/dof=inf

iteration 1 finished.
this iteration: N=300000 E=6.51473e+09 +- 8.61589e+08 (13.2252%)
all iterations: N=600000 E=4.9057e+09 +- 6.17121e+08 (12.5797%) chi^2/dof=7.16184

iteration 2 finished.
this iteration: N=300000 E=7.4774e+09 +- 6.03668e+08 (8.07323%)
all iterations: N=900000 E=6.21989e+09 +- 4.31536e+08 (6.938%) chi^2/dof=8.01811

iteration 3 finished.
this iteration: N=300000 E=7.87885e+09 +- 4.15442e+08 (5.27287%)
all iterations: N=1200000 E=7.08088e+09 +- 2.9929e+08 (4.22673%) chi^2/dof=7.90213

iteration 4 finished.
this iteration: N=300000 E=7.37325e+09 +- 2.39458e+08 (3.24765%)
all iterations: N=1500000 E=7.25914e+09 +- 1.86977e+08 (2.57575%) chi^2/dof=6.07206

iteration 5 finished.
this iteration: N=300000 E=7.29814e+09 +- 1.23123e+08 (1.68704%)
all iterations: N=1800000 E=7.28634e+09 +- 1.02831e+08 (1.41128%) chi^2/dof=4.86372

iteration 6 finished.
this iteration: N=300000 E=7.5008e+09 +- 1.15211e+08 (1.53598%)
all iterations: N=2100000 E=7.38143e+09 +- 7.67173e+07 (1.03933%) chi^2/dof=4.37453

iteration 7 finished.
this iteration: N=300000 E=7.60927e+09 +- 1.10801e+08 (1.45613%)
all iterations: N=2400000 E=7.45526e+09 +- 6.3074e+07 (0.846032%) chi^2/dof=4.15789

iteration 8 finished.
this iteration: N=300000 E=7.25068e+09 +- 7.35798e+07 (1.0148%)
all iterations: N=2700000 E=7.36861e+09 +- 4.78875e+07 (0.649886%) chi^2/dof=4.19519

iteration 9 finished.
this iteration: N=300000 E=7.41664e+09 +- 6.66481e+07 (0.89863%)
all iterations: N=3000000 E=7.38496e+09 +- 3.88898e+07 (0.526608%) chi^2/dof=3.76712

iteration 10 finished.
this iteration: N=300000 E=7.533e+09 +- 6.96447e+07 (0.924528%)
all iterations: N=3300000 E=7.42015e+09 +- 3.39547e+07 (0.457601%) chi^2/dof=3.73483

iteration 11 finished.
this iteration: N=300000 E=7.42868e+09 +- 6.56953e+07 (0.884347%)
all iterations: N=3600000 E=7.42195e+09 +- 3.01639e+07 (0.406415%) chi^2/dof=3.39651

iteration 12 finished.
this iteration: N=300000 E=7.38076e+09 +- 6.1197e+07 (0.829141%)
all iterations: N=3900000 E=7.4139e+09 +- 2.70559e+07 (0.364934%) chi^2/dof=3.14384

iteration 13 finished.
this iteration: N=300000 E=7.45433e+09 +- 7.8359e+07 (1.05119%)
all iterations: N=4200000 E=7.41821e+09 +- 2.55743e+07 (0.34475%) chi^2/dof=2.9203

iteration 14 finished.
this iteration: N=300000 E=7.41359e+09 +- 7.94426e+07 (1.07158%)
all iterations: N=4500000 E=7.41777e+09 +- 2.4344e+07 (0.328184%) chi^2/dof=2.71193

iteration 15 finished.
this iteration: N=300000 E=7.54577e+09 +- 7.14256e+07 (0.946566%)
all iterations: N=4800000 E=7.43109e+09 +- 2.30424e+07 (0.31008%) chi^2/dof=2.72294

iteration 16 finished.
this iteration: N=300000 E=7.63943e+09 +- 7.13265e+07 (0.933663%)
all iterations: N=5100000 E=7.45078e+09 +- 2.19266e+07 (0.294286%) chi^2/dof=3.03557

iteration 17 finished.
this iteration: N=300000 E=7.56594e+09 +- 6.92603e+07 (0.915422%)
all iterations: N=5400000 E=7.46127e+09 +- 2.0904e+07 (0.280167%) chi^2/dof=3.00481

iteration 18 finished.
this iteration: N=300000 E=7.45242e+09 +- 6.36056e+07 (0.853489%)
all iterations: N=5700000 E=7.46041e+09 +- 1.9859e+07 (0.266192%) chi^2/dof=2.83885

iteration 19 finished.
this iteration: N=300000 E=7.63791e+09 +- 6.48741e+07 (0.849369%)
all iterations: N=6000000 E=7.47562e+09 +- 1.89892e+07 (0.254016%) chi^2/dof=3.04969

>> Cumulative result: 
>> N = 5700000; I = 7.47758e+09 +- 1.89936e+07
>> chi^2/dof = 1.92629
Time needed: 188.94s
Temperature: 280; EQCONST: 1.14411e-05

iteration 0 finished.
this iteration: N=300000 E=3.19707e+09 +- 8.81557e+08 (27.5738%)
all iterations: N=300000 E=3.19707e+09 +- 8.81557e+08 (27.5738%) chi^2/dof=inf

iteration 1 finished.
this iteration: N=300000 E=6.48519e+09 +- 8.59345e+08 (13.2509%)
all iterations: N=600000 E=4.88308e+09 +- 6.15351e+08 (12.6017%) chi^2/dof=7.13353

iteration 2 finished.
this iteration: N=300000 E=7.47209e+09 +- 6.08588e+08 (8.14481%)
all iterations: N=900000 E=6.19189e+09 +- 4.32708e+08 (6.9883%) chi^2/dof=8.04118

iteration 3 finished.
this iteration: N=300000 E=7.57088e+09 +- 3.467e+08 (4.57938%)
all iterations: N=1200000 E=7.03173e+09 +- 2.70564e+08 (3.84776%) chi^2/dof=7.42258

iteration 4 finished.
this iteration: N=300000 E=7.11665e+09 +- 1.93878e+08 (2.72429%)
all iterations: N=1500000 E=7.08784e+09 +- 1.57595e+08 (2.22345%) chi^2/dof=5.58321

iteration 5 finished.
this iteration: N=300000 E=7.64631e+09 +- 2.06736e+08 (2.70374%)
all iterations: N=1800000 E=7.29309e+09 +- 1.25332e+08 (1.7185%) chi^2/dof=5.38963

iteration 6 finished.
this iteration: N=300000 E=7.34829e+09 +- 1.12353e+08 (1.52897%)
all iterations: N=2100000 E=7.3237e+09 +- 8.36592e+07 (1.14231%) chi^2/dof=4.50929

iteration 7 finished.
this iteration: N=300000 E=7.45857e+09 +- 8.56752e+07 (1.14868%)
all iterations: N=2400000 E=7.38953e+09 +- 5.9856e+07 (0.810012%) chi^2/dof=4.04632

iteration 8 finished.
this iteration: N=300000 E=7.23849e+09 +- 7.32217e+07 (1.01156%)
all iterations: N=2700000 E=7.32902e+09 +- 4.63423e+07 (0.632313%) chi^2/dof=3.85936

iteration 9 finished.
this iteration: N=300000 E=7.60453e+09 +- 1.58705e+08 (2.08698%)
all iterations: N=3000000 E=7.35067e+09 +- 4.44846e+07 (0.605178%) chi^2/dof=3.73908

iteration 10 finished.
this iteration: N=300000 E=7.57828e+09 +- 1.20024e+08 (1.58379%)
all iterations: N=3300000 E=7.37816e+09 +- 4.17119e+07 (0.565342%) chi^2/dof=3.68135

iteration 11 finished.
this iteration: N=300000 E=7.41878e+09 +- 7.91253e+07 (1.06655%)
all iterations: N=3600000 E=7.38699e+09 +- 3.68987e+07 (0.499509%) chi^2/dof=3.36543

iteration 12 finished.
this iteration: N=300000 E=7.3339e+09 +- 6.84128e+07 (0.93283%)
all iterations: N=3900000 E=7.37503e+09 +- 3.24761e+07 (0.440353%) chi^2/dof=3.12386

removed non-finite number: 0
iteration 13 finished.
this iteration: N=300000 E=7.5172e+09 +- 6.83157e+07 (0.908792%)
all iterations: N=4200000 E=7.40123e+09 +- 2.93306e+07 (0.396293%) chi^2/dof=3.15528

iteration 14 finished.
this iteration: N=300000 E=7.40332e+09 +- 6.4825e+07 (0.87562%)
all iterations: N=4500000 E=7.40159e+09 +- 2.67226e+07 (0.361038%) chi^2/dof=2.92997

iteration 15 finished.
this iteration: N=300000 E=7.46564e+09 +- 6.27122e+07 (0.840012%)
all iterations: N=4800000 E=7.41143e+09 +- 2.45837e+07 (0.3317%) chi^2/dof=2.79348

iteration 16 finished.
this iteration: N=300000 E=7.57178e+09 +- 9.23427e+07 (1.21956%)
all iterations: N=5100000 E=7.42204e+09 +- 2.37563e+07 (0.320077%) chi^2/dof=2.79488

iteration 17 finished.
this iteration: N=300000 E=7.50875e+09 +- 8.8716e+07 (1.1815%)
all iterations: N=5400000 E=7.42785e+09 +- 2.29478e+07 (0.308943%) chi^2/dof=2.6829

iteration 18 finished.
this iteration: N=300000 E=7.46261e+09 +- 7.14017e+07 (0.956793%)
all iterations: N=5700000 E=7.4311e+09 +- 2.18472e+07 (0.293997%) chi^2/dof=2.54579

iteration 19 finished.
this iteration: N=300000 E=7.59108e+09 +- 7.98208e+07 (1.05151%)
all iterations: N=6000000 E=7.44225e+09 +- 2.10722e+07 (0.283142%) chi^2/dof=2.60849

>> Cumulative result: 
>> N = 5700000; I = 7.44468e+09 +- 2.10782e+07
>> chi^2/dof = 1.46436
Time needed: 188.62s
Temperature: 290; EQCONST: 9.72683e-06

iteration 0 finished.
this iteration: N=300000 E=3.18455e+09 +- 8.78973e+08 (27.6011%)
all iterations: N=300000 E=3.18455e+09 +- 8.78973e+08 (27.6011%) chi^2/dof=inf

iteration 1 finished.
this iteration: N=300000 E=6.4604e+09 +- 8.57253e+08 (13.2693%)
all iterations: N=600000 E=4.86345e+09 +- 6.13705e+08 (12.6187%) chi^2/dof=7.11865

iteration 2 finished.
this iteration: N=300000 E=7.42325e+09 +- 5.98176e+08 (8.05814%)
all iterations: N=900000 E=6.17615e+09 +- 4.28359e+08 (6.9357%) chi^2/dof=8.02021

iteration 3 finished.
this iteration: N=300000 E=7.83806e+09 +- 4.02849e+08 (5.13965%)
all iterations: N=1200000 E=7.05806e+09 +- 2.93461e+08 (4.15782%) chi^2/dof=8.00936

iteration 4 finished.
this iteration: N=300000 E=7.26988e+09 +- 2.15289e+08 (2.96138%)
all iterations: N=1500000 E=7.19577e+09 +- 1.73586e+08 (2.41234%) chi^2/dof=6.09169

iteration 5 finished.
this iteration: N=300000 E=7.37191e+09 +- 1.43672e+08 (1.94891%)
all iterations: N=1800000 E=7.3003e+09 +- 1.1068e+08 (1.5161%) chi^2/dof=4.99557

iteration 6 finished.
this iteration: N=300000 E=7.41372e+09 +- 1.20662e+08 (1.62755%)
all iterations: N=2100000 E=7.35213e+09 +- 8.15634e+07 (1.10939%) chi^2/dof=4.24294

iteration 7 finished.
this iteration: N=300000 E=7.60611e+09 +- 1.1375e+08 (1.4955%)
all iterations: N=2400000 E=7.43837e+09 +- 6.62843e+07 (0.891113%) chi^2/dof=4.1072

iteration 8 finished.
this iteration: N=300000 E=7.32199e+09 +- 9.87599e+07 (1.34881%)
all iterations: N=2700000 E=7.40223e+09 +- 5.50373e+07 (0.743524%) chi^2/dof=3.71347

iteration 9 finished.
this iteration: N=300000 E=7.39965e+09 +- 8.54625e+07 (1.15495%)
all iterations: N=3000000 E=7.40147e+09 +- 4.62723e+07 (0.625177%) chi^2/dof=3.30094

iteration 10 finished.
this iteration: N=300000 E=7.46489e+09 +- 7.55968e+07 (1.0127%)
all iterations: N=3300000 E=7.41876e+09 +- 3.9466e+07 (0.531976%) chi^2/dof=3.02205

iteration 11 finished.
this iteration: N=300000 E=7.47875e+09 +- 6.88385e+07 (0.920455%)
all iterations: N=3600000 E=7.4336e+09 +- 3.42383e+07 (0.460588%) chi^2/dof=2.79928

iteration 12 finished.
this iteration: N=300000 E=7.39027e+09 +- 6.94387e+07 (0.939597%)
all iterations: N=3900000 E=7.42512e+09 +- 3.07083e+07 (0.413573%) chi^2/dof=2.59211

iteration 13 finished.
this iteration: N=300000 E=7.47095e+09 +- 6.608e+07 (0.884492%)
all iterations: N=4200000 E=7.43326e+09 +- 2.78481e+07 (0.374642%) chi^2/dof=2.42315

iteration 14 finished.
this iteration: N=300000 E=7.53275e+09 +- 6.99427e+07 (0.928515%)
all iterations: N=4500000 E=7.44688e+09 +- 2.58728e+07 (0.347431%) chi^2/dof=2.3748

iteration 15 finished.
this iteration: N=300000 E=7.48374e+09 +- 6.96208e+07 (0.930294%)
all iterations: N=4800000 E=7.45135e+09 +- 2.42522e+07 (0.325474%) chi^2/dof=2.2329

iteration 16 finished.
this iteration: N=300000 E=7.51033e+09 +- 6.83486e+07 (0.910062%)
all iterations: N=5100000 E=7.45794e+09 +- 2.2856e+07 (0.306465%) chi^2/dof=2.13468

iteration 17 finished.
this iteration: N=300000 E=7.40441e+09 +- 6.13881e+07 (0.829075%)
all iterations: N=5400000 E=7.45143e+09 +- 2.14196e+07 (0.287456%) chi^2/dof=2.0484

iteration 18 finished.
this iteration: N=300000 E=7.34584e+09 +- 5.88825e+07 (0.801575%)
all iterations: N=5700000 E=7.43909e+09 +- 2.01291e+07 (0.270586%) chi^2/dof=2.09235

iteration 19 finished.
this iteration: N=300000 E=7.55805e+09 +- 6.40991e+07 (0.84809%)
all iterations: N=6000000 E=7.44977e+09 +- 1.92045e+07 (0.257786%) chi^2/dof=2.14723

>> Cumulative result: 
>> N = 5700000; I = 7.4518e+09 +- 1.9209e+07
>> chi^2/dof = 0.957749
Time needed: 188.38s
Temperature: 300; EQCONST: 8.35857e-06

iteration 0 finished.
this iteration: N=300000 E=3.17291e+09 +- 8.76567e+08 (27.6266%)
all iterations: N=300000 E=3.17291e+09 +- 8.76567e+08 (27.6266%) chi^2/dof=inf

iteration 1 finished.
this iteration: N=300000 E=6.42903e+09 +- 8.55323e+08 (13.3041%)
all iterations: N=600000 E=4.84091e+09 +- 6.12177e+08 (12.6459%) chi^2/dof=7.06849

iteration 2 finished.
this iteration: N=300000 E=7.39889e+09 +- 5.92183e+08 (8.00367%)
all iterations: N=900000 E=6.16235e+09 +- 4.2563e+08 (6.90693%) chi^2/dof=8.04411

iteration 3 finished.
this iteration: N=300000 E=7.69764e+09 +- 3.84475e+08 (4.99471%)
all iterations: N=1200000 E=7.00779e+09 +- 2.85308e+08 (4.0713%) chi^2/dof=7.75103

iteration 4 finished.
this iteration: N=300000 E=7.53644e+09 +- 3.21219e+08 (4.26221%)
all iterations: N=1500000 E=7.24093e+09 +- 2.13315e+08 (2.94596%) chi^2/dof=6.19179

iteration 5 finished.
this iteration: N=300000 E=7.39309e+09 +- 1.47576e+08 (1.99613%)
all iterations: N=1800000 E=7.34384e+09 +- 1.21363e+08 (1.65259%) chi^2/dof=5.02226

iteration 6 finished.
this iteration: N=300000 E=7.45722e+09 +- 1.16758e+08 (1.56571%)
all iterations: N=2100000 E=7.40272e+09 +- 8.41415e+07 (1.13663%) chi^2/dof=4.26077

iteration 7 finished.
this iteration: N=300000 E=7.38031e+09 +- 1.0507e+08 (1.42365%)
all iterations: N=2400000 E=7.39396e+09 +- 6.56773e+07 (0.888256%) chi^2/dof=3.65605

iteration 8 finished.
this iteration: N=300000 E=7.28988e+09 +- 8.84958e+07 (1.21395%)
all iterations: N=2700000 E=7.357e+09 +- 5.27399e+07 (0.716867%) chi^2/dof=3.31054

iteration 9 finished.
this iteration: N=300000 E=7.38182e+09 +- 7.27902e+07 (0.986074%)
all iterations: N=3000000 E=7.36554e+09 +- 4.27079e+07 (0.579834%) chi^2/dof=2.95118

iteration 10 finished.
this iteration: N=300000 E=7.47251e+09 +- 8.3784e+07 (1.12123%)
all iterations: N=3300000 E=7.3876e+09 +- 3.80498e+07 (0.515049%) chi^2/dof=2.78545

iteration 11 finished.
this iteration: N=300000 E=7.32126e+09 +- 7.76307e+07 (1.06035%)
all iterations: N=3600000 E=7.37475e+09 +- 3.41665e+07 (0.46329%) chi^2/dof=2.58576

iteration 12 finished.
this iteration: N=300000 E=7.3309e+09 +- 6.6952e+07 (0.913284%)
all iterations: N=3900000 E=7.36569e+09 +- 3.04328e+07 (0.41317%) chi^2/dof=2.39864

iteration 13 finished.
this iteration: N=300000 E=7.33513e+09 +- 6.45302e+07 (0.879742%)
all iterations: N=4200000 E=7.36013e+09 +- 2.75254e+07 (0.37398%) chi^2/dof=2.22825

iteration 14 finished.
this iteration: N=300000 E=7.38508e+09 +- 7.58046e+07 (1.02646%)
all iterations: N=4500000 E=7.36304e+09 +- 2.58726e+07 (0.351384%) chi^2/dof=2.07592

iteration 15 finished.
this iteration: N=300000 E=7.54842e+09 +- 8.90793e+07 (1.18011%)
all iterations: N=4800000 E=7.37746e+09 +- 2.48458e+07 (0.33678%) chi^2/dof=2.2038

iteration 16 finished.
this iteration: N=300000 E=7.52932e+09 +- 8.24783e+07 (1.09543%)
all iterations: N=5100000 E=7.39009e+09 +- 2.37898e+07 (0.321915%) chi^2/dof=2.26032

iteration 17 finished.
this iteration: N=300000 E=7.45172e+09 +- 6.98072e+07 (0.936792%)
all iterations: N=5400000 E=7.39651e+09 +- 2.25181e+07 (0.304442%) chi^2/dof=2.16844

iteration 18 finished.
this iteration: N=300000 E=7.36371e+09 +- 7.33789e+07 (0.996494%)
all iterations: N=5700000 E=7.39368e+09 +- 2.15273e+07 (0.291158%) chi^2/dof=2.05811

iteration 19 finished.
this iteration: N=300000 E=7.57174e+09 +- 7.64246e+07 (1.00934%)
all iterations: N=6000000 E=7.40677e+09 +- 2.07209e+07 (0.279757%) chi^2/dof=2.21446

>> Cumulative result: 
>> N = 5700000; I = 7.40914e+09 +- 2.07267e+07
>> chi^2/dof = 1.04069
Time needed: 188.87s
Temperature: 310; EQCONST: 7.17062e-06

iteration 0 finished.
this iteration: N=300000 E=3.16205e+09 +- 8.74321e+08 (27.6504%)
all iterations: N=300000 E=3.16205e+09 +- 8.74321e+08 (27.6504%) chi^2/dof=inf

iteration 1 finished.
this iteration: N=300000 E=6.40647e+09 +- 8.53669e+08 (13.3251%)
all iterations: N=600000 E=4.82303e+09 +- 6.10806e+08 (12.6644%) chi^2/dof=7.04952

iteration 2 finished.
this iteration: N=300000 E=7.40618e+09 +- 5.863e+08 (7.91636%)
all iterations: N=900000 E=6.16746e+09 +- 4.22975e+08 (6.85817%) chi^2/dof=8.17904

iteration 3 finished.
this iteration: N=300000 E=7.57293e+09 +- 3.49103e+08 (4.60989%)
all iterations: N=1200000 E=7.00345e+09 +- 2.69242e+08 (3.84443%) chi^2/dof=7.64182

iteration 4 finished.
this iteration: N=300000 E=7.33827e+09 +- 2.06133e+08 (2.80901%)
all iterations: N=1500000 E=7.21454e+09 +- 1.63672e+08 (2.26865%) chi^2/dof=5.97511

iteration 5 finished.
this iteration: N=300000 E=7.18208e+09 +- 1.1122e+08 (1.54857%)
all iterations: N=1800000 E=7.19233e+09 +- 9.19907e+07 (1.27901%) chi^2/dof=4.78548

iteration 6 finished.
this iteration: N=300000 E=7.59008e+09 +- 1.28594e+08 (1.69424%)
all iterations: N=2100000 E=7.32697e+09 +- 7.4818e+07 (1.02113%) chi^2/dof=5.04265

iteration 7 finished.
this iteration: N=300000 E=7.40475e+09 +- 9.78919e+07 (1.32202%)
all iterations: N=2400000 E=7.35565e+09 +- 5.94441e+07 (0.808142%) chi^2/dof=4.3792

iteration 8 finished.
this iteration: N=300000 E=7.33801e+09 +- 9.46556e+07 (1.28994%)
all iterations: N=2700000 E=7.35066e+09 +- 5.03404e+07 (0.684842%) chi^2/dof=3.83491

iteration 9 finished.
this iteration: N=300000 E=7.47225e+09 +- 1.034e+08 (1.38378%)
all iterations: N=3000000 E=7.37396e+09 +- 4.52614e+07 (0.6138%) chi^2/dof=3.53302

iteration 10 finished.
this iteration: N=300000 E=7.47026e+09 +- 1.00349e+08 (1.34331%)
all iterations: N=3300000 E=7.39024e+09 +- 4.12587e+07 (0.558287%) chi^2/dof=3.25624

iteration 11 finished.
this iteration: N=300000 E=7.58902e+09 +- 9.53147e+07 (1.25595%)
all iterations: N=3600000 E=7.42161e+09 +- 3.78636e+07 (0.51018%) chi^2/dof=3.29324

iteration 12 finished.
this iteration: N=300000 E=7.2756e+09 +- 7.57684e+07 (1.0414%)
all iterations: N=3900000 E=7.39243e+09 +- 3.38699e+07 (0.45817%) chi^2/dof=3.26641

iteration 13 finished.
this iteration: N=300000 E=7.48653e+09 +- 7.69001e+07 (1.02718%)
all iterations: N=4200000 E=7.40772e+09 +- 3.09966e+07 (0.418436%) chi^2/dof=3.1116

iteration 14 finished.
this iteration: N=300000 E=7.41468e+09 +- 7.02226e+07 (0.947075%)
all iterations: N=4500000 E=7.40885e+09 +- 2.83569e+07 (0.382744%) chi^2/dof=2.88993

iteration 15 finished.
this iteration: N=300000 E=7.46131e+09 +- 6.27093e+07 (0.840459%)
all iterations: N=4800000 E=7.41776e+09 +- 2.5838e+07 (0.348327%) chi^2/dof=2.736

iteration 16 finished.
this iteration: N=300000 E=7.52289e+09 +- 1.3538e+08 (1.79957%)
all iterations: N=5100000 E=7.42145e+09 +- 2.53799e+07 (0.34198%) chi^2/dof=2.60137

iteration 17 finished.
this iteration: N=300000 E=7.29501e+09 +- 1.01571e+08 (1.39233%)
all iterations: N=5400000 E=7.41402e+09 +- 2.46229e+07 (0.332112%) chi^2/dof=2.53415

iteration 18 finished.
this iteration: N=300000 E=7.27707e+09 +- 6.87879e+07 (0.945269%)
all iterations: N=5700000 E=7.39847e+09 +- 2.31824e+07 (0.313341%) chi^2/dof=2.58858

iteration 19 finished.
this iteration: N=300000 E=7.54088e+09 +- 8.0813e+07 (1.07167%)
all iterations: N=6000000 E=7.4093e+09 +- 2.22837e+07 (0.300753%) chi^2/dof=2.60335

>> Cumulative result: 
>> N = 5700000; I = 7.41206e+09 +- 2.22909e+07
>> chi^2/dof = 1.43613
Time needed: 188.32s
Temperature: 320; EQCONST: 6.21842e-06

iteration 0 finished.
this iteration: N=300000 E=3.1519e+09 +- 8.72219e+08 (27.6728%)
all iterations: N=300000 E=3.1519e+09 +- 8.72219e+08 (27.6728%) chi^2/dof=inf

iteration 1 finished.
this iteration: N=300000 E=6.3923e+09 +- 8.5351e+08 (13.3522%)
all iterations: N=600000 E=4.80723e+09 +- 6.1003e+08 (12.6899%) chi^2/dof=7.05068

iteration 2 finished.
this iteration: N=300000 E=7.34933e+09 +- 5.79523e+08 (7.88538%)
all iterations: N=900000 E=6.14343e+09 +- 4.20156e+08 (6.83911%) chi^2/dof=8.08922

iteration 3 finished.
this iteration: N=300000 E=8.68293e+09 +- 1.21515e+09 (13.9947%)
all iterations: N=1200000 E=6.41461e+09 +- 3.97089e+08 (6.19038%) chi^2/dof=6.6932

iteration 4 finished.
this iteration: N=300000 E=7.56152e+09 +- 3.52275e+08 (4.65879%)
all iterations: N=1500000 E=7.05641e+09 +- 2.63522e+08 (3.7345%) chi^2/dof=6.18695

iteration 5 finished.
this iteration: N=300000 E=7.21224e+09 +- 1.66522e+08 (2.30888%)
all iterations: N=1800000 E=7.16777e+09 +- 1.40771e+08 (1.96395%) chi^2/dof=4.99954

iteration 6 finished.
this iteration: N=300000 E=7.33779e+09 +- 1.43273e+08 (1.95253%)
all iterations: N=2100000 E=7.25129e+09 +- 1.00413e+08 (1.38476%) chi^2/dof=4.2857

iteration 7 finished.
this iteration: N=300000 E=7.32054e+09 +- 1.01079e+08 (1.38076%)
all iterations: N=2400000 E=7.28568e+09 +- 7.12371e+07 (0.977768%) chi^2/dof=3.70721

iteration 8 finished.
this iteration: N=300000 E=7.48893e+09 +- 1.11039e+08 (1.48271%)
all iterations: N=2700000 E=7.34495e+09 +- 5.99587e+07 (0.816326%) chi^2/dof=3.5405

iteration 9 finished.
this iteration: N=300000 E=7.32206e+09 +- 8.88757e+07 (1.21381%)
all iterations: N=3000000 E=7.33779e+09 +- 4.97051e+07 (0.677385%) chi^2/dof=3.15217

iteration 10 finished.
this iteration: N=300000 E=7.38816e+09 +- 7.25066e+07 (0.981389%)
all iterations: N=3300000 E=7.35389e+09 +- 4.09969e+07 (0.557485%) chi^2/dof=2.86979

iteration 11 finished.
this iteration: N=300000 E=7.40821e+09 +- 6.87195e+07 (0.927612%)
all iterations: N=3600000 E=7.36815e+09 +- 3.52075e+07 (0.477833%) chi^2/dof=2.65079

iteration 12 finished.
this iteration: N=300000 E=7.26107e+09 +- 6.5268e+07 (0.898876%)
all iterations: N=3900000 E=7.34402e+09 +- 3.09866e+07 (0.42193%) chi^2/dof=2.60364

iteration 13 finished.
this iteration: N=300000 E=7.41339e+09 +- 6.36544e+07 (0.858642%)
all iterations: N=4200000 E=7.3573e+09 +- 2.78609e+07 (0.378683%) chi^2/dof=2.47722

iteration 14 finished.
this iteration: N=300000 E=7.3503e+09 +- 6.0003e+07 (0.816334%)
all iterations: N=4500000 E=7.35606e+09 +- 2.52697e+07 (0.343522%) chi^2/dof=2.30108

iteration 15 finished.
this iteration: N=300000 E=7.43737e+09 +- 6.29546e+07 (0.846464%)
all iterations: N=4800000 E=7.36734e+09 +- 2.3451e+07 (0.31831%) chi^2/dof=2.24344

iteration 16 finished.
this iteration: N=300000 E=7.53743e+09 +- 9.31648e+07 (1.23603%)
all iterations: N=5100000 E=7.37748e+09 +- 2.27416e+07 (0.308257%) chi^2/dof=2.29913

iteration 17 finished.
this iteration: N=300000 E=7.42515e+09 +- 9.27432e+07 (1.24904%)
all iterations: N=5400000 E=7.38018e+09 +- 2.20873e+07 (0.299278%) chi^2/dof=2.17854

iteration 18 finished.
this iteration: N=300000 E=7.33393e+09 +- 7.64868e+07 (1.04292%)
all iterations: N=5700000 E=7.37662e+09 +- 2.12202e+07 (0.287669%) chi^2/dof=2.07626

iteration 19 finished.
this iteration: N=300000 E=7.57789e+09 +- 7.33907e+07 (0.968485%)
all iterations: N=6000000 E=7.39215e+09 +- 2.03852e+07 (0.275768%) chi^2/dof=2.33227

>> Cumulative result: 
>> N = 5700000; I = 7.39447e+09 +- 2.03908e+07
>> chi^2/dof = 1.14814
Time needed: 187.85s
Temperature: 330; EQCONST: 5.40145e-06

iteration 0 finished.
this iteration: N=300000 E=3.1424e+09 +- 8.70248e+08 (27.6938%)
all iterations: N=300000 E=3.1424e+09 +- 8.70248e+08 (27.6938%) chi^2/dof=inf

iteration 1 finished.
this iteration: N=300000 E=6.37762e+09 +- 8.5429e+08 (13.3951%)
all iterations: N=600000 E=4.78994e+09 +- 6.09638e+08 (12.7275%) chi^2/dof=7.03809

iteration 2 finished.
this iteration: N=300000 E=7.26467e+09 +- 5.63743e+08 (7.76007%)
all iterations: N=900000 E=6.12395e+09 +- 4.13902e+08 (6.75874%) chi^2/dof=7.96038

iteration 3 finished.
this iteration: N=300000 E=8.63992e+09 +- 1.36747e+09 (15.8274%)
all iterations: N=1200000 E=6.3351e+09 +- 3.96153e+08 (6.2533%) chi^2/dof=6.34059

iteration 4 finished.
this iteration: N=300000 E=8.27759e+09 +- 8.99195e+08 (10.863%)
all iterations: N=1500000 E=6.65085e+09 +- 3.62529e+08 (5.45087%) chi^2/dof=5.73248

iteration 5 finished.
this iteration: N=300000 E=7.43023e+09 +- 3.08242e+08 (4.14848%)
all iterations: N=1800000 E=7.1032e+09 +- 2.34832e+08 (3.306%) chi^2/dof=5.12249

iteration 6 finished.
this iteration: N=300000 E=7.42176e+09 +- 1.66278e+08 (2.24041%)
all iterations: N=2100000 E=7.31538e+09 +- 1.35703e+08 (1.85504%) chi^2/dof=4.47301

iteration 7 finished.
this iteration: N=300000 E=7.30234e+09 +- 1.08934e+08 (1.49177%)
all iterations: N=2400000 E=7.30745e+09 +- 8.49497e+07 (1.16251%) chi^2/dof=3.83481

iteration 8 finished.
this iteration: N=300000 E=7.18277e+09 +- 8.82925e+07 (1.22923%)
all iterations: N=2700000 E=7.24751e+09 +- 6.12162e+07 (0.84465%) chi^2/dof=3.48491

iteration 9 finished.
this iteration: N=300000 E=7.43172e+09 +- 9.10117e+07 (1.22464%)
all iterations: N=3000000 E=7.30489e+09 +- 5.07949e+07 (0.695355%) chi^2/dof=3.41108

iteration 10 finished.
this iteration: N=300000 E=7.3493e+09 +- 7.83359e+07 (1.0659%)
all iterations: N=3300000 E=7.31804e+09 +- 4.26193e+07 (0.582388%) chi^2/dof=3.0926

iteration 11 finished.
this iteration: N=300000 E=7.27525e+09 +- 7.12873e+07 (0.979861%)
all iterations: N=3600000 E=7.30677e+09 +- 3.65804e+07 (0.500637%) chi^2/dof=2.83558

iteration 12 finished.
this iteration: N=300000 E=7.29237e+09 +- 7.55801e+07 (1.03643%)
all iterations: N=3900000 E=7.30404e+09 +- 3.29266e+07 (0.4508%) chi^2/dof=2.60173

removed non-finite number: 0
iteration 13 finished.
this iteration: N=300000 E=7.42375e+09 +- 7.97052e+07 (1.07365%)
all iterations: N=4200000 E=7.32149e+09 +- 3.04321e+07 (0.415655%) chi^2/dof=2.54982

iteration 14 finished.
this iteration: N=300000 E=7.26045e+09 +- 6.82717e+07 (0.940324%)
all iterations: N=4500000 E=7.31137e+09 +- 2.77957e+07 (0.380171%) chi^2/dof=2.41533

iteration 15 finished.
this iteration: N=300000 E=7.29873e+09 +- 6.08939e+07 (0.834308%)
all iterations: N=4800000 E=7.30919e+09 +- 2.5286e+07 (0.345948%) chi^2/dof=2.25669

iteration 16 finished.
this iteration: N=300000 E=7.41789e+09 +- 9.35597e+07 (1.26127%)
all iterations: N=5100000 E=7.31659e+09 +- 2.44102e+07 (0.333628%) chi^2/dof=2.19427

iteration 17 finished.
this iteration: N=300000 E=7.36307e+09 +- 9.0541e+07 (1.22966%)
all iterations: N=5400000 E=7.31974e+09 +- 2.35687e+07 (0.321988%) chi^2/dof=2.07964

iteration 18 finished.
this iteration: N=300000 E=7.29162e+09 +- 7.26625e+07 (0.996521%)
all iterations: N=5700000 E=7.31706e+09 +- 2.24188e+07 (0.306391%) chi^2/dof=1.97163

iteration 19 finished.
this iteration: N=300000 E=7.42719e+09 +- 6.84262e+07 (0.921292%)
all iterations: N=6000000 E=7.32774e+09 +- 2.13045e+07 (0.290738%) chi^2/dof=1.99098

>> Cumulative result: 
>> N = 5700000; I = 7.33025e+09 +- 2.13109e+07
>> chi^2/dof = 0.815819
Time needed: 193.02s
Temperature: 340; EQCONST: 4.68145e-06

iteration 0 finished.
this iteration: N=300000 E=3.13347e+09 +- 8.68395e+08 (27.7135%)
all iterations: N=300000 E=3.13347e+09 +- 8.68395e+08 (27.7135%) chi^2/dof=inf

iteration 1 finished.
this iteration: N=300000 E=6.36244e+09 +- 8.55063e+08 (13.4392%)
all iterations: N=600000 E=4.77293e+09 +- 6.0928e+08 (12.7653%) chi^2/dof=7.01988

iteration 2 finished.
this iteration: N=300000 E=7.19052e+09 +- 5.4748e+08 (7.61391%)
all iterations: N=900000 E=6.11052e+09 +- 4.07228e+08 (6.66438%) chi^2/dof=7.86547

iteration 3 finished.
this iteration: N=300000 E=8.32897e+09 +- 1.07186e+09 (12.869%)
all iterations: N=1200000 E=6.39035e+09 +- 3.80679e+08 (5.9571%) chi^2/dof=6.49145

iteration 4 finished.
this iteration: N=300000 E=7.61122e+09 +- 3.82853e+08 (5.03011%)
all iterations: N=1500000 E=6.99731e+09 +- 2.69946e+08 (3.85785%) chi^2/dof=6.14693

iteration 5 finished.
this iteration: N=300000 E=7.59651e+09 +- 1.8205e+08 (2.39649%)
all iterations: N=1800000 E=7.40919e+09 +- 1.50934e+08 (2.03712%) chi^2/dof=5.5949

iteration 6 finished.
this iteration: N=300000 E=7.33209e+09 +- 1.25675e+08 (1.71404%)
all iterations: N=2100000 E=7.36366e+09 +- 9.65788e+07 (1.31156%) chi^2/dof=4.6881

iteration 7 finished.
this iteration: N=300000 E=7.36502e+09 +- 1.02714e+08 (1.39462%)
all iterations: N=2400000 E=7.3643e+09 +- 7.03605e+07 (0.955428%) chi^2/dof=4.01838

iteration 8 finished.
this iteration: N=300000 E=7.23741e+09 +- 8.41376e+07 (1.16254%)
all iterations: N=2700000 E=7.31208e+09 +- 5.39748e+07 (0.738159%) chi^2/dof=3.68337

iteration 9 finished.
this iteration: N=300000 E=7.39585e+09 +- 1.03445e+08 (1.39869%)
all iterations: N=3000000 E=7.33001e+09 +- 4.78526e+07 (0.652832%) chi^2/dof=3.33138

iteration 10 finished.
this iteration: N=300000 E=7.33264e+09 +- 1.00903e+08 (1.37608%)
all iterations: N=3300000 E=7.33049e+09 +- 4.32368e+07 (0.589822%) chi^2/dof=2.9983

iteration 11 finished.
this iteration: N=300000 E=7.27126e+09 +- 1.1841e+08 (1.62846%)
all iterations: N=3600000 E=7.32352e+09 +- 4.0614e+07 (0.554569%) chi^2/dof=2.7458

iteration 12 finished.
this iteration: N=300000 E=7.23784e+09 +- 1.0634e+08 (1.46922%)
all iterations: N=3900000 E=7.31261e+09 +- 3.79409e+07 (0.518842%) chi^2/dof=2.5642

iteration 13 finished.
this iteration: N=300000 E=7.45191e+09 +- 9.64197e+07 (1.29389%)
all iterations: N=4200000 E=7.33129e+09 +- 3.53059e+07 (0.481578%) chi^2/dof=2.50598

iteration 14 finished.
this iteration: N=300000 E=7.4524e+09 +- 9.23097e+07 (1.23866%)
all iterations: N=4500000 E=7.34675e+09 +- 3.29762e+07 (0.448855%) chi^2/dof=2.43424

iteration 15 finished.
this iteration: N=300000 E=7.36936e+09 +- 7.29495e+07 (0.989903%)
all iterations: N=4800000 E=7.35058e+09 +- 3.00487e+07 (0.408794%) chi^2/dof=2.27728

iteration 16 finished.
this iteration: N=300000 E=7.50765e+09 +- 1.57566e+08 (2.09873%)
all iterations: N=5100000 E=7.3561e+09 +- 2.95168e+07 (0.401256%) chi^2/dof=2.19488

iteration 17 finished.
this iteration: N=300000 E=7.39755e+09 +- 1.14965e+08 (1.5541%)
all iterations: N=5400000 E=7.35866e+09 +- 2.85895e+07 (0.388515%) chi^2/dof=2.07294

iteration 18 finished.
this iteration: N=300000 E=7.30458e+09 +- 7.34372e+07 (1.00536%)
all iterations: N=5700000 E=7.35154e+09 +- 2.66418e+07 (0.362398%) chi^2/dof=1.98394

iteration 19 finished.
this iteration: N=300000 E=7.51688e+09 +- 8.40274e+07 (1.11785%)
all iterations: N=6000000 E=7.36664e+09 +- 2.53959e+07 (0.344742%) chi^2/dof=2.0647

>> Cumulative result: 
>> N = 5700000; I = 7.37027e+09 +- 2.54067e+07
>> chi^2/dof = 0.858119
Time needed: 187.76s
Temperature: 350; EQCONST: 4.13136e-06

Total time elapsed: 4901.63s
removed non-finite number: 0
removed non-finite number: 0
removed non-finite number: 0
removed non-finite number: 0
removed non-finite number: 0
