--- Computing FULL EQCONST for N2N2 (Avoird potential) --- 
iteration 0 finished.
this iteration: N=300000 E=3.52631e+10 +- 1.25121e+10 (35.4821%)
all iterations: N=300000 E=3.52631e+10 +- 1.25121e+10 (35.4821%) chi^2/dof=inf

iteration 1 finished.
this iteration: N=300000 E=9.43272e+10 +- 2.98188e+10 (31.612%)
all iterations: N=600000 E=4.41056e+10 +- 1.15376e+10 (26.159%) chi^2/dof=3.33607

iteration 2 finished.
this iteration: N=300000 E=9.69073e+10 +- 1.16365e+10 (12.0078%)
all iterations: N=900000 E=7.0281e+10 +- 8.19303e+09 (11.6575%) chi^2/dof=6.85944

iteration 3 finished.
this iteration: N=300000 E=1.60307e+11 +- 2.19889e+10 (13.7167%)
all iterations: N=1200000 E=8.12558e+10 +- 7.67742e+09 (9.44846%) chi^2/dof=9.47926

iteration 4 finished.
this iteration: N=300000 E=1.29102e+11 +- 6.67186e+09 (5.1679%)
all iterations: N=1500000 E=1.08515e+11 +- 5.03597e+09 (4.64079%) chi^2/dof=12.6414

iteration 5 finished.
this iteration: N=300000 E=1.3922e+11 +- 4.451e+09 (3.19709%)
all iterations: N=1800000 E=1.25754e+11 +- 3.33506e+09 (2.65205%) chi^2/dof=14.2873

iteration 6 finished.
this iteration: N=300000 E=1.42927e+11 +- 3.53315e+09 (2.47199%)
all iterations: N=2100000 E=1.33846e+11 +- 2.42525e+09 (1.81198%) chi^2/dof=13.9882

iteration 7 finished.
this iteration: N=300000 E=1.46439e+11 +- 3.33259e+09 (2.27576%)
all iterations: N=2400000 E=1.38206e+11 +- 1.96095e+09 (1.41887%) chi^2/dof=13.3235

iteration 8 finished.
this iteration: N=300000 E=1.44221e+11 +- 3.2994e+09 (2.28774%)
all iterations: N=2700000 E=1.39776e+11 +- 1.6857e+09 (1.206%) chi^2/dof=11.9651

iteration 9 finished.
this iteration: N=300000 E=1.47574e+11 +- 2.63689e+09 (1.78682%)
all iterations: N=3000000 E=1.42038e+11 +- 1.42028e+09 (0.999931%) chi^2/dof=11.3255

iteration 10 finished.
this iteration: N=300000 E=1.45096e+11 +- 2.14068e+09 (1.47535%)
all iterations: N=3300000 E=1.42973e+11 +- 1.18349e+09 (0.827772%) chi^2/dof=10.3347

iteration 11 finished.
this iteration: N=300000 E=1.44805e+11 +- 2.02587e+09 (1.39904%)
all iterations: N=3600000 E=1.43439e+11 +- 1.02189e+09 (0.712423%) chi^2/dof=9.45056

iteration 12 finished.
this iteration: N=300000 E=1.49149e+11 +- 6.34599e+09 (4.25481%)
all iterations: N=3900000 E=1.43583e+11 +- 1.0089e+09 (0.702656%) chi^2/dof=8.72877

removed non-finite number: 0
iteration 13 finished.
this iteration: N=300000 E=1.48442e+11 +- 4.19882e+09 (2.8286%)
all iterations: N=4200000 E=1.43849e+11 +- 9.80975e+08 (0.68195%) chi^2/dof=8.15469

iteration 14 finished.
this iteration: N=300000 E=1.47899e+11 +- 3.08359e+09 (2.08493%)
all iterations: N=4500000 E=1.44221e+11 +- 9.34812e+08 (0.648181%) chi^2/dof=7.68415

iteration 15 finished.
this iteration: N=300000 E=1.44807e+11 +- 2.51871e+09 (1.73936%)
all iterations: N=4800000 E=1.44292e+11 +- 8.76396e+08 (0.607378%) chi^2/dof=7.17505

iteration 16 finished.
this iteration: N=300000 E=1.43452e+11 +- 2.36083e+09 (1.64572%)
all iterations: N=5100000 E=1.4419e+11 +- 8.21611e+08 (0.569811%) chi^2/dof=6.73356

iteration 17 finished.
this iteration: N=300000 E=1.44241e+11 +- 2.25886e+09 (1.56604%)
all iterations: N=5400000 E=1.44196e+11 +- 7.72122e+08 (0.535467%) chi^2/dof=6.33749

iteration 18 finished.
this iteration: N=300000 E=1.45888e+11 +- 2.40212e+09 (1.64655%)
all iterations: N=5700000 E=1.44354e+11 +- 7.35081e+08 (0.50922%) chi^2/dof=6.01038

iteration 19 finished.
this iteration: N=300000 E=1.45411e+11 +- 2.38964e+09 (1.64337%)
all iterations: N=6000000 E=1.44446e+11 +- 7.02591e+08 (0.486405%) chi^2/dof=5.70344

>> Cumulative result: 
>> N = 5700000; I = 1.44791e+11 +- 7.03701e+08
>> chi^2/dof = 1.77659
Time needed: 125.65s
Temperature: 100; EQCONST: 0.00142409

iteration 0 finished.
this iteration: N=300000 E=3.43992e+10 +- 1.23689e+10 (35.9568%)
all iterations: N=300000 E=3.43992e+10 +- 1.23689e+10 (35.9568%) chi^2/dof=inf

iteration 1 finished.
this iteration: N=300000 E=9.35801e+10 +- 3.00164e+10 (32.0756%)
all iterations: N=600000 E=4.29896e+10 +- 1.1436e+10 (26.6017%) chi^2/dof=3.32303

iteration 2 finished.
this iteration: N=300000 E=9.95641e+10 +- 1.18456e+10 (11.8975%)
all iterations: N=900000 E=7.02817e+10 +- 8.22746e+09 (11.7064%) chi^2/dof=7.56462

iteration 3 finished.
this iteration: N=300000 E=1.39264e+11 +- 1.05053e+10 (7.54344%)
all iterations: N=1200000 E=9.65071e+10 +- 6.47739e+09 (6.71183%) chi^2/dof=13.9516

removed non-finite number: 0
iteration 4 finished.
this iteration: N=300000 E=1.36662e+11 +- 7.65119e+09 (5.59864%)
all iterations: N=1500000 E=1.13271e+11 +- 4.9437e+09 (4.36448%) chi^2/dof=14.4747

iteration 5 finished.
this iteration: N=300000 E=1.40961e+11 +- 6.13228e+09 (4.35033%)
all iterations: N=1800000 E=1.24179e+11 +- 3.84876e+09 (3.09937%) chi^2/dof=14.0514

iteration 6 finished.
this iteration: N=300000 E=1.40144e+11 +- 4.19656e+09 (2.99447%)
all iterations: N=2100000 E=1.31472e+11 +- 2.83649e+09 (2.15748%) chi^2/dof=13.0197

iteration 7 finished.
this iteration: N=300000 E=1.42022e+11 +- 3.54083e+09 (2.49316%)
all iterations: N=2400000 E=1.35596e+11 +- 2.21376e+09 (1.63261%) chi^2/dof=11.9321

iteration 8 finished.
this iteration: N=300000 E=1.40678e+11 +- 2.74077e+09 (1.94825%)
all iterations: N=2700000 E=1.37603e+11 +- 1.72216e+09 (1.25154%) chi^2/dof=10.7007

iteration 9 finished.
this iteration: N=300000 E=1.37615e+11 +- 2.39455e+09 (1.74004%)
all iterations: N=3000000 E=1.37607e+11 +- 1.39812e+09 (1.01603%) chi^2/dof=9.51176

iteration 10 finished.
this iteration: N=300000 E=1.47124e+11 +- 4.8079e+09 (3.26793%)
all iterations: N=3300000 E=1.38349e+11 +- 1.34251e+09 (0.97038%) chi^2/dof=8.92186

iteration 11 finished.
this iteration: N=300000 E=1.47894e+11 +- 5.22979e+09 (3.53618%)
all iterations: N=3600000 E=1.38939e+11 +- 1.30035e+09 (0.935914%) chi^2/dof=8.39489

iteration 12 finished.
this iteration: N=300000 E=1.44749e+11 +- 4.95697e+09 (3.42454%)
all iterations: N=3900000 E=1.39313e+11 +- 1.25779e+09 (0.902852%) chi^2/dof=7.80242

removed non-finite number: 0
iteration 13 finished.
this iteration: N=300000 E=1.42834e+11 +- 3.39274e+09 (2.37531%)
all iterations: N=4200000 E=1.39738e+11 +- 1.17935e+09 (0.843972%) chi^2/dof=7.27506

iteration 14 finished.
this iteration: N=300000 E=1.41943e+11 +- 3.42253e+09 (2.4112%)
all iterations: N=4500000 E=1.39972e+11 +- 1.11501e+09 (0.796594%) chi^2/dof=6.78191

iteration 15 finished.
this iteration: N=300000 E=1.41012e+11 +- 2.80167e+09 (1.98683%)
all iterations: N=4800000 E=1.40114e+11 +- 1.03598e+09 (0.739382%) chi^2/dof=6.3377

iteration 16 finished.
this iteration: N=300000 E=1.41588e+11 +- 2.27226e+09 (1.60484%)
all iterations: N=5100000 E=1.40368e+11 +- 9.42633e+08 (0.671543%) chi^2/dof=5.96337

iteration 17 finished.
this iteration: N=300000 E=1.37405e+11 +- 2.17424e+09 (1.58236%)
all iterations: N=5400000 E=1.39899e+11 +- 8.64851e+08 (0.618195%) chi^2/dof=5.70452

iteration 18 finished.
this iteration: N=300000 E=1.38841e+11 +- 2.44805e+09 (1.76321%)
all iterations: N=5700000 E=1.39782e+11 +- 8.15459e+08 (0.58338%) chi^2/dof=5.39684

iteration 19 finished.
this iteration: N=300000 E=1.59809e+11 +- 1.77099e+10 (11.0819%)
all iterations: N=6000000 E=1.39824e+11 +- 8.14596e+08 (0.582586%) chi^2/dof=5.17995

>> Cumulative result: 
>> N = 5700000; I = 1.40284e+11 +- 8.16368e+08
>> chi^2/dof = 1.4141
Time needed: 127.49s
Temperature: 110; EQCONST: 0.000898537

iteration 0 finished.
this iteration: N=300000 E=3.37091e+10 +- 1.22522e+10 (36.3468%)
all iterations: N=300000 E=3.37091e+10 +- 1.22522e+10 (36.3468%) chi^2/dof=inf

iteration 1 finished.
this iteration: N=300000 E=9.20222e+10 +- 2.92216e+10 (31.7549%)
all iterations: N=600000 E=4.24278e+10 +- 1.12992e+10 (26.6315%) chi^2/dof=3.38681

iteration 2 finished.
this iteration: N=300000 E=1.0044e+11 +- 1.31395e+10 (13.082%)
all iterations: N=900000 E=6.70899e+10 +- 8.56713e+09 (12.7696%) chi^2/dof=7.29645

iteration 3 finished.
this iteration: N=300000 E=1.44238e+11 +- 2.26657e+10 (15.714%)
all iterations: N=1200000 E=7.67341e+10 +- 8.01378e+09 (10.4436%) chi^2/dof=8.24339

iteration 4 finished.
this iteration: N=300000 E=1.36193e+11 +- 1.55315e+10 (11.404%)
all iterations: N=1500000 E=8.92354e+10 +- 7.12167e+09 (7.98077%) chi^2/dof=9.07615

iteration 5 finished.
this iteration: N=300000 E=1.53485e+11 +- 1.30021e+10 (8.47122%)
all iterations: N=1800000 E=1.04063e+11 +- 6.24609e+09 (6.00224%) chi^2/dof=11.0176

iteration 6 finished.
this iteration: N=300000 E=1.51071e+11 +- 1.2388e+10 (8.20013%)
all iterations: N=2100000 E=1.13591e+11 +- 5.57726e+09 (4.90995%) chi^2/dof=11.0948

iteration 7 finished.
this iteration: N=300000 E=1.39364e+11 +- 7.76131e+09 (5.56908%)
all iterations: N=2400000 E=1.22368e+11 +- 4.52915e+09 (3.70126%) chi^2/dof=10.5487

iteration 8 finished.
this iteration: N=300000 E=1.28458e+11 +- 4.45641e+09 (3.46915%)
all iterations: N=2700000 E=1.25462e+11 +- 3.17656e+09 (2.53188%) chi^2/dof=9.34495

iteration 9 finished.
this iteration: N=300000 E=1.46887e+11 +- 5.28222e+09 (3.59612%)
all iterations: N=3000000 E=1.31153e+11 +- 2.72224e+09 (2.07562%) chi^2/dof=9.64899

iteration 10 finished.
this iteration: N=300000 E=1.49334e+11 +- 8.49595e+09 (5.68923%)
all iterations: N=3300000 E=1.32845e+11 +- 2.59241e+09 (1.95145%) chi^2/dof=9.09942

iteration 11 finished.
this iteration: N=300000 E=1.36417e+11 +- 4.1711e+09 (3.05762%)
all iterations: N=3600000 E=1.33841e+11 +- 2.2018e+09 (1.64509%) chi^2/dof=8.32027

iteration 12 finished.
this iteration: N=300000 E=1.37819e+11 +- 2.69571e+09 (1.95598%)
all iterations: N=3900000 E=1.35432e+11 +- 1.70527e+09 (1.25913%) chi^2/dof=7.73578

removed non-finite number: 0
iteration 13 finished.
this iteration: N=300000 E=1.35727e+11 +- 2.18414e+09 (1.60922%)
all iterations: N=4200000 E=1.35544e+11 +- 1.34412e+09 (0.991648%) chi^2/dof=7.14159

iteration 14 finished.
this iteration: N=300000 E=1.36395e+11 +- 2.23234e+09 (1.63667%)
all iterations: N=4500000 E=1.3577e+11 +- 1.1515e+09 (0.848122%) chi^2/dof=6.6391

iteration 15 finished.
this iteration: N=300000 E=1.37529e+11 +- 2.44639e+09 (1.77882%)
all iterations: N=4800000 E=1.36089e+11 +- 1.04186e+09 (0.765568%) chi^2/dof=6.22469

iteration 16 finished.
this iteration: N=300000 E=1.37197e+11 +- 2.20537e+09 (1.60745%)
all iterations: N=5100000 E=1.36291e+11 +- 9.42025e+08 (0.691185%) chi^2/dof=5.84853

iteration 17 finished.
this iteration: N=300000 E=1.37872e+11 +- 2.01745e+09 (1.46328%)
all iterations: N=5400000 E=1.36574e+11 +- 8.53559e+08 (0.624977%) chi^2/dof=5.53414

iteration 18 finished.
this iteration: N=300000 E=1.36341e+11 +- 1.9139e+09 (1.40376%)
all iterations: N=5700000 E=1.36536e+11 +- 7.79547e+08 (0.570948%) chi^2/dof=5.22737

iteration 19 finished.
this iteration: N=300000 E=1.48753e+11 +- 1.07055e+10 (7.19685%)
all iterations: N=6000000 E=1.366e+11 +- 7.77489e+08 (0.569171%) chi^2/dof=5.02043

>> Cumulative result: 
>> N = 5700000; I = 1.37016e+11 +- 7.79059e+08
>> chi^2/dof = 1.3656
Time needed: 154.22s
Temperature: 120; EQCONST: 0.00059327

iteration 0 finished.
this iteration: N=300000 E=3.31452e+10 +- 1.21553e+10 (36.6729%)
all iterations: N=300000 E=3.31452e+10 +- 1.21553e+10 (36.6729%) chi^2/dof=inf

iteration 1 finished.
this iteration: N=300000 E=9.05773e+10 +- 2.83896e+10 (31.3429%)
all iterations: N=600000 E=4.20426e+10 +- 1.11741e+10 (26.5781%) chi^2/dof=3.45851

iteration 2 finished.
this iteration: N=300000 E=8.5099e+10 +- 7.33972e+09 (8.62492%)
all iterations: N=900000 E=7.21215e+10 +- 6.13467e+09 (8.50603%) chi^2/dof=6.91535

iteration 3 finished.
this iteration: N=300000 E=1.16591e+11 +- 6.59879e+09 (5.6598%)
all iterations: N=1200000 E=9.27373e+10 +- 4.49299e+09 (4.84486%) chi^2/dof=12.7302

iteration 4 finished.
this iteration: N=300000 E=1.23688e+11 +- 3.97311e+09 (3.21221%)
all iterations: N=1500000 E=1.10106e+11 +- 2.97633e+09 (2.70315%) chi^2/dof=16.2051

iteration 5 finished.
this iteration: N=300000 E=1.27688e+11 +- 3.39253e+09 (2.6569%)
all iterations: N=1800000 E=1.17753e+11 +- 2.23734e+09 (1.90003%) chi^2/dof=15.9993

iteration 6 finished.
this iteration: N=300000 E=1.36381e+11 +- 3.98426e+09 (2.92141%)
all iterations: N=2100000 E=1.22219e+11 +- 1.95081e+09 (1.59616%) chi^2/dof=16.1028

iteration 7 finished.
this iteration: N=300000 E=1.33153e+11 +- 2.97584e+09 (2.2349%)
all iterations: N=2400000 E=1.25505e+11 +- 1.63149e+09 (1.29994%) chi^2/dof=15.1513

iteration 8 finished.
this iteration: N=300000 E=1.31142e+11 +- 2.37137e+09 (1.80824%)
all iterations: N=2700000 E=1.27316e+11 +- 1.34411e+09 (1.05572%) chi^2/dof=13.7368

iteration 9 finished.
this iteration: N=300000 E=1.38268e+11 +- 4.07126e+09 (2.94448%)
all iterations: N=3000000 E=1.28393e+11 +- 1.27635e+09 (0.994098%) chi^2/dof=12.9355

iteration 10 finished.
this iteration: N=300000 E=1.33085e+11 +- 2.93633e+09 (2.20636%)
all iterations: N=3300000 E=1.29138e+11 +- 1.17055e+09 (0.906429%) chi^2/dof=11.8567

iteration 11 finished.
this iteration: N=300000 E=1.38269e+11 +- 3.10736e+09 (2.24733%)
all iterations: N=3600000 E=1.30273e+11 +- 1.0954e+09 (0.840852%) chi^2/dof=11.4662

iteration 12 finished.
this iteration: N=300000 E=1.39222e+11 +- 4.65945e+09 (3.34679%)
all iterations: N=3900000 E=1.30742e+11 +- 1.06633e+09 (0.815602%) chi^2/dof=10.802

removed non-finite number: 0
iteration 13 finished.
this iteration: N=300000 E=1.43342e+11 +- 3.8569e+09 (2.69069%)
all iterations: N=4200000 E=1.31636e+11 +- 1.02777e+09 (0.780768%) chi^2/dof=10.7338

iteration 14 finished.
this iteration: N=300000 E=1.3488e+11 +- 2.96026e+09 (2.19474%)
all iterations: N=4500000 E=1.31985e+11 +- 9.70921e+08 (0.735628%) chi^2/dof=10.0436

iteration 15 finished.
this iteration: N=300000 E=1.34687e+11 +- 2.51016e+09 (1.8637%)
all iterations: N=4800000 E=1.32337e+11 +- 9.05542e+08 (0.68427%) chi^2/dof=9.44124

iteration 16 finished.
this iteration: N=300000 E=1.36728e+11 +- 2.20075e+09 (1.60958%)
all iterations: N=5100000 E=1.32973e+11 +- 8.37422e+08 (0.62977%) chi^2/dof=9.06396

iteration 17 finished.
this iteration: N=300000 E=1.35455e+11 +- 2.10961e+09 (1.55742%)
all iterations: N=5400000 E=1.33311e+11 +- 7.78341e+08 (0.583855%) chi^2/dof=8.60114

iteration 18 finished.
this iteration: N=300000 E=1.35662e+11 +- 2.69823e+09 (1.98894%)
all iterations: N=5700000 E=1.33491e+11 +- 7.47848e+08 (0.560222%) chi^2/dof=8.16224

iteration 19 finished.
this iteration: N=300000 E=1.32521e+11 +- 2.74007e+09 (2.06765%)
all iterations: N=6000000 E=1.33424e+11 +- 7.21459e+08 (0.540727%) chi^2/dof=7.73879

>> Cumulative result: 
>> N = 5700000; I = 1.33778e+11 +- 7.22734e+08
>> chi^2/dof = 4.37429
Time needed: 129.76s
Temperature: 130; EQCONST: 0.000404052

iteration 0 finished.
this iteration: N=300000 E=3.26757e+10 +- 1.20735e+10 (36.9494%)
all iterations: N=300000 E=3.26757e+10 +- 1.20735e+10 (36.9494%) chi^2/dof=inf

iteration 1 finished.
this iteration: N=300000 E=8.99381e+10 +- 2.8221e+10 (31.3783%)
all iterations: N=600000 E=4.15349e+10 +- 1.11003e+10 (26.7253%) chi^2/dof=3.48015

iteration 2 finished.
this iteration: N=300000 E=9.25916e+10 +- 1.50531e+10 (16.2576%)
all iterations: N=900000 E=5.95189e+10 +- 8.93396e+09 (15.0103%) chi^2/dof=5.46602

iteration 3 finished.
this iteration: N=300000 E=1.16843e+11 +- 1.50658e+10 (12.8941%)
all iterations: N=1200000 E=7.44324e+10 +- 7.68445e+09 (10.3241%) chi^2/dof=7.21432

iteration 4 finished.
this iteration: N=300000 E=1.29579e+11 +- 9.77325e+09 (7.54231%)
all iterations: N=1500000 E=9.55006e+10 +- 6.04078e+09 (6.32539%) chi^2/dof=10.3296

iteration 5 finished.
this iteration: N=300000 E=1.25364e+11 +- 4.84099e+09 (3.86154%)
all iterations: N=1800000 E=1.13685e+11 +- 3.77762e+09 (3.32287%) chi^2/dof=11.2401

iteration 6 finished.
this iteration: N=300000 E=1.33007e+11 +- 4.13874e+09 (3.11166%)
all iterations: N=2100000 E=1.22467e+11 +- 2.79013e+09 (2.27828%) chi^2/dof=11.3483

iteration 7 finished.
this iteration: N=300000 E=1.28838e+11 +- 2.60831e+09 (2.02449%)
all iterations: N=2400000 E=1.25867e+11 +- 1.90539e+09 (1.51382%) chi^2/dof=10.1246

iteration 8 finished.
this iteration: N=300000 E=1.35453e+11 +- 3.73527e+09 (2.75761%)
all iterations: N=2700000 E=1.27846e+11 +- 1.69732e+09 (1.32762%) chi^2/dof=9.51241

iteration 9 finished.
this iteration: N=300000 E=1.3408e+11 +- 2.92968e+09 (2.18502%)
all iterations: N=3000000 E=1.29413e+11 +- 1.46864e+09 (1.13485%) chi^2/dof=8.83213

iteration 10 finished.
this iteration: N=300000 E=1.43031e+11 +- 9.74804e+09 (6.81535%)
all iterations: N=3300000 E=1.29715e+11 +- 1.45225e+09 (1.11957%) chi^2/dof=8.13974

iteration 11 finished.
this iteration: N=300000 E=1.32417e+11 +- 6.58084e+09 (4.96979%)
all iterations: N=3600000 E=1.2984e+11 +- 1.41813e+09 (1.09221%) chi^2/dof=7.41438

iteration 12 finished.
this iteration: N=300000 E=1.30607e+11 +- 4.73083e+09 (3.62219%)
all iterations: N=3900000 E=1.29904e+11 +- 1.35841e+09 (1.04571%) chi^2/dof=6.79852

iteration 13 finished.
this iteration: N=300000 E=1.33607e+11 +- 3.35038e+09 (2.50764%)
all iterations: N=4200000 E=1.30426e+11 +- 1.25888e+09 (0.9652%) chi^2/dof=6.35627

iteration 14 finished.
this iteration: N=300000 E=1.36408e+11 +- 3.06195e+09 (2.2447%)
all iterations: N=4500000 E=1.31291e+11 +- 1.16431e+09 (0.886816%) chi^2/dof=6.13542

iteration 15 finished.
this iteration: N=300000 E=1.26117e+11 +- 1.85438e+09 (1.47037%)
all iterations: N=4800000 E=1.29828e+11 +- 9.8606e+08 (0.759512%) chi^2/dof=6.0987

iteration 16 finished.
this iteration: N=300000 E=1.40102e+11 +- 3.9254e+09 (2.8018%)
all iterations: N=5100000 E=1.30438e+11 +- 9.56349e+08 (0.733182%) chi^2/dof=6.12028

iteration 17 finished.
this iteration: N=300000 E=1.33569e+11 +- 4.47112e+09 (3.34742%)
all iterations: N=5400000 E=1.30575e+11 +- 9.35195e+08 (0.716213%) chi^2/dof=5.78785

iteration 18 finished.
this iteration: N=300000 E=1.31651e+11 +- 3.24207e+09 (2.46262%)
all iterations: N=5700000 E=1.30658e+11 +- 8.98559e+08 (0.68772%) chi^2/dof=5.47195

iteration 19 finished.
this iteration: N=300000 E=1.35442e+11 +- 3.5952e+09 (2.65442%)
all iterations: N=6000000 E=1.30939e+11 +- 8.71744e+08 (0.665763%) chi^2/dof=5.27168

>> Cumulative result: 
>> N = 5700000; I = 1.31454e+11 +- 8.74025e+08
>> chi^2/dof = 1.86531
Time needed: 125.32s
Temperature: 140; EQCONST: 0.000284442

iteration 0 finished.
this iteration: N=300000 E=3.22789e+10 +- 1.20035e+10 (37.1869%)
all iterations: N=300000 E=3.22789e+10 +- 1.20035e+10 (37.1869%) chi^2/dof=inf

iteration 1 finished.
this iteration: N=300000 E=8.9489e+10 +- 2.80316e+10 (31.3241%)
all iterations: N=600000 E=4.11438e+10 +- 1.10344e+10 (26.8191%) chi^2/dof=3.5199

iteration 2 finished.
this iteration: N=300000 E=8.73308e+10 +- 1.19889e+10 (13.7281%)
all iterations: N=900000 E=6.23259e+10 +- 8.11899e+09 (13.0267%) chi^2/dof=5.77749

iteration 3 finished.
this iteration: N=300000 E=1.15949e+11 +- 1.2029e+10 (10.3744%)
all iterations: N=1200000 E=7.91087e+10 +- 6.72957e+09 (8.50674%) chi^2/dof=8.4025

iteration 4 finished.
this iteration: N=300000 E=1.17255e+11 +- 5.15664e+09 (4.39781%)
all iterations: N=1500000 E=1.03143e+11 +- 4.09313e+09 (3.96841%) chi^2/dof=11.3629

iteration 5 finished.
this iteration: N=300000 E=1.25345e+11 +- 4.20533e+09 (3.355%)
all iterations: N=1800000 E=1.13944e+11 +- 2.93315e+09 (2.5742%) chi^2/dof=11.9531

iteration 6 finished.
this iteration: N=300000 E=1.28297e+11 +- 3.2979e+09 (2.57052%)
all iterations: N=2100000 E=1.20283e+11 +- 2.19171e+09 (1.82212%) chi^2/dof=11.7236

iteration 7 finished.
this iteration: N=300000 E=1.45196e+11 +- 1.66283e+10 (11.4523%)
all iterations: N=2400000 E=1.20709e+11 +- 2.17291e+09 (1.80013%) chi^2/dof=10.364

iteration 8 finished.
this iteration: N=300000 E=1.17889e+11 +- 5.22965e+09 (4.43606%)
all iterations: N=2700000 E=1.20293e+11 +- 2.0066e+09 (1.66808%) chi^2/dof=9.09945

iteration 9 finished.
this iteration: N=300000 E=1.2826e+11 +- 3.74393e+09 (2.91902%)
all iterations: N=3000000 E=1.22071e+11 +- 1.76859e+09 (1.44882%) chi^2/dof=8.47921

iteration 10 finished.
this iteration: N=300000 E=1.27868e+11 +- 2.37338e+09 (1.85612%)
all iterations: N=3300000 E=1.24141e+11 +- 1.41815e+09 (1.14237%) chi^2/dof=8.01481

iteration 11 finished.
this iteration: N=300000 E=1.31784e+11 +- 2.45242e+09 (1.86094%)
all iterations: N=3600000 E=1.26056e+11 +- 1.22767e+09 (0.973905%) chi^2/dof=7.94794

iteration 12 finished.
this iteration: N=300000 E=1.2638e+11 +- 2.08733e+09 (1.65163%)
all iterations: N=3900000 E=1.26139e+11 +- 1.05821e+09 (0.838918%) chi^2/dof=7.2871

iteration 13 finished.
this iteration: N=300000 E=1.3368e+11 +- 2.34282e+09 (1.75256%)
all iterations: N=4200000 E=1.27417e+11 +- 9.64394e+08 (0.75688%) chi^2/dof=7.38834

iteration 14 finished.
this iteration: N=300000 E=1.35406e+11 +- 6.05203e+09 (4.46953%)
all iterations: N=4500000 E=1.27615e+11 +- 9.52378e+08 (0.746291%) chi^2/dof=6.982

iteration 15 finished.
this iteration: N=300000 E=1.32463e+11 +- 4.04909e+09 (3.05678%)
all iterations: N=4800000 E=1.27869e+11 +- 9.27079e+08 (0.725022%) chi^2/dof=6.60709

iteration 16 finished.
this iteration: N=300000 E=1.50703e+11 +- 1.82816e+10 (12.1309%)
all iterations: N=5100000 E=1.27928e+11 +- 9.25889e+08 (0.72376%) chi^2/dof=6.2914

iteration 17 finished.
this iteration: N=300000 E=1.24199e+11 +- 5.4008e+09 (4.34849%)
all iterations: N=5400000 E=1.27821e+11 +- 9.12576e+08 (0.713947%) chi^2/dof=5.94855

iteration 18 finished.
this iteration: N=300000 E=1.27691e+11 +- 2.6985e+09 (2.11331%)
all iterations: N=5700000 E=1.27808e+11 +- 8.64481e+08 (0.676391%) chi^2/dof=5.61819

iteration 19 finished.
this iteration: N=300000 E=1.31427e+11 +- 3.67673e+09 (2.79754%)
all iterations: N=6000000 E=1.27997e+11 +- 8.41533e+08 (0.657461%) chi^2/dof=5.37083

>> Cumulative result: 
>> N = 5700000; I = 1.2847e+11 +- 8.43608e+08
>> chi^2/dof = 2.1191
Time needed: 125.69s
Temperature: 150; EQCONST: 0.000203792

iteration 0 finished.
this iteration: N=300000 E=3.19391e+10 +- 1.1943e+10 (37.3929%)
all iterations: N=300000 E=3.19391e+10 +- 1.1943e+10 (37.3929%) chi^2/dof=inf

iteration 1 finished.
this iteration: N=300000 E=1.13113e+11 +- 3.66507e+10 (32.4019%)
all iterations: N=600000 E=3.97311e+10 +- 1.13553e+10 (28.5804%) chi^2/dof=4.43442

iteration 2 finished.
this iteration: N=300000 E=8.35377e+10 +- 1.3155e+10 (15.7474%)
all iterations: N=900000 E=5.84351e+10 +- 8.59582e+09 (14.71%) chi^2/dof=5.39444

iteration 3 finished.
this iteration: N=300000 E=1.32635e+11 +- 2.07898e+10 (15.6745%)
all iterations: N=1200000 E=6.92677e+10 +- 7.94361e+09 (11.468%) chi^2/dof=7.22239

iteration 4 finished.
this iteration: N=300000 E=1.41949e+11 +- 2.63151e+10 (18.5384%)
all iterations: N=1500000 E=7.53376e+10 +- 7.60468e+09 (10.0941%) chi^2/dof=7.16465

iteration 5 finished.
this iteration: N=300000 E=1.37043e+11 +- 1.08623e+10 (7.9262%)
all iterations: N=1800000 E=9.56337e+10 +- 6.22971e+09 (6.51413%) chi^2/dof=10.0629

iteration 6 finished.
this iteration: N=300000 E=1.26901e+11 +- 6.59708e+09 (5.19859%)
all iterations: N=2100000 E=1.10373e+11 +- 4.52938e+09 (4.10371%) chi^2/dof=10.3649

iteration 7 finished.
this iteration: N=300000 E=1.74454e+11 +- 4.84781e+10 (27.7885%)
all iterations: N=2400000 E=1.10927e+11 +- 4.50974e+09 (4.06549%) chi^2/dof=9.13162

iteration 8 finished.
this iteration: N=300000 E=1.15713e+11 +- 6.31946e+09 (5.46135%)
all iterations: N=2700000 E=1.12542e+11 +- 3.67087e+09 (3.26178%) chi^2/dof=8.03765

iteration 9 finished.
this iteration: N=300000 E=1.30164e+11 +- 5.32559e+09 (4.09146%)
all iterations: N=3000000 E=1.18218e+11 +- 3.02242e+09 (2.55666%) chi^2/dof=7.96926

iteration 10 finished.
this iteration: N=300000 E=1.42833e+11 +- 6.95118e+09 (4.86663%)
all iterations: N=3300000 E=1.22132e+11 +- 2.77175e+09 (2.26948%) chi^2/dof=8.22699

iteration 11 finished.
this iteration: N=300000 E=1.28096e+11 +- 3.9459e+09 (3.08043%)
all iterations: N=3600000 E=1.24102e+11 +- 2.2681e+09 (1.82761%) chi^2/dof=7.61814

iteration 12 finished.
this iteration: N=300000 E=1.24002e+11 +- 2.71956e+09 (2.19316%)
all iterations: N=3900000 E=1.24061e+11 +- 1.74184e+09 (1.40402%) chi^2/dof=6.98336

removed non-finite number: 0
iteration 13 finished.
this iteration: N=300000 E=1.25999e+11 +- 2.60489e+09 (2.06739%)
all iterations: N=4200000 E=1.2466e+11 +- 1.44795e+09 (1.16152%) chi^2/dof=6.4756

iteration 14 finished.
this iteration: N=300000 E=1.40581e+11 +- 1.60107e+10 (11.389%)
all iterations: N=4500000 E=1.24789e+11 +- 1.44206e+09 (1.1556%) chi^2/dof=6.08311

iteration 15 finished.
this iteration: N=300000 E=1.48146e+11 +- 2.06865e+10 (13.9636%)
all iterations: N=4800000 E=1.24902e+11 +- 1.43857e+09 (1.15176%) chi^2/dof=5.76216

iteration 16 finished.
this iteration: N=300000 E=1.561e+11 +- 3.65173e+10 (23.3935%)
all iterations: N=5100000 E=1.2495e+11 +- 1.43746e+09 (1.15043%) chi^2/dof=5.44757

iteration 17 finished.
this iteration: N=300000 E=1.22363e+11 +- 7.72214e+09 (6.31086%)
all iterations: N=5400000 E=1.24863e+11 +- 1.41318e+09 (1.13178%) chi^2/dof=5.13351

iteration 18 finished.
this iteration: N=300000 E=1.2867e+11 +- 4.85693e+09 (3.77471%)
all iterations: N=5700000 E=1.2516e+11 +- 1.35691e+09 (1.08414%) chi^2/dof=4.87978

iteration 19 finished.
this iteration: N=300000 E=1.23698e+11 +- 2.96822e+09 (2.39956%)
all iterations: N=6000000 E=1.24908e+11 +- 1.23407e+09 (0.987989%) chi^2/dof=4.63351

>> Cumulative result: 
>> N = 5700000; I = 1.25911e+11 +- 1.24072e+09
>> chi^2/dof = 1.48811
Time needed: 124.63s
Temperature: 160; EQCONST: 0.00014939

iteration 0 finished.
this iteration: N=300000 E=3.16449e+10 +- 1.189e+10 (37.5733%)
all iterations: N=300000 E=3.16449e+10 +- 1.189e+10 (37.5733%) chi^2/dof=inf

iteration 1 finished.
this iteration: N=300000 E=1.1276e+11 +- 3.64604e+10 (32.3346%)
all iterations: N=600000 E=3.94419e+10 +- 1.13041e+10 (28.6601%) chi^2/dof=4.47371

iteration 2 finished.
this iteration: N=300000 E=1.18045e+11 +- 2.41912e+10 (20.4932%)
all iterations: N=900000 E=5.35291e+10 +- 1.02412e+10 (19.132%) chi^2/dof=6.56959

iteration 3 finished.
this iteration: N=300000 E=9.1987e+10 +- 5.36717e+09 (5.8347%)
all iterations: N=1200000 E=8.37003e+10 +- 4.75388e+09 (5.67965%) chi^2/dof=8.06742

iteration 4 finished.
this iteration: N=300000 E=1.18816e+11 +- 8.52113e+09 (7.1717%)
all iterations: N=1500000 E=9.20356e+10 +- 4.15151e+09 (4.51077%) chi^2/dof=9.28849

iteration 5 finished.
this iteration: N=300000 E=1.27735e+11 +- 7.42007e+09 (5.80896%)
all iterations: N=1800000 E=1.00547e+11 +- 3.623e+09 (3.6033%) chi^2/dof=10.9566

iteration 6 finished.
this iteration: N=300000 E=1.26621e+11 +- 4.72848e+09 (3.73435%)
all iterations: N=2100000 E=1.10192e+11 +- 2.87587e+09 (2.60988%) chi^2/dof=12.3238

iteration 7 finished.
this iteration: N=300000 E=1.20081e+11 +- 3.78974e+09 (3.15598%)
all iterations: N=2400000 E=1.13806e+11 +- 2.29092e+09 (2.01301%) chi^2/dof=11.1806

iteration 8 finished.
this iteration: N=300000 E=1.20784e+11 +- 2.55911e+09 (2.11875%)
all iterations: N=2700000 E=1.1691e+11 +- 1.7069e+09 (1.46001%) chi^2/dof=10.299

iteration 9 finished.
this iteration: N=300000 E=1.28969e+11 +- 2.59207e+09 (2.00984%)
all iterations: N=3000000 E=1.20558e+11 +- 1.42557e+09 (1.18248%) chi^2/dof=10.8321

iteration 10 finished.
this iteration: N=300000 E=1.28755e+11 +- 3.08978e+09 (2.39975%)
all iterations: N=3300000 E=1.21996e+11 +- 1.29444e+09 (1.06105%) chi^2/dof=10.3291

iteration 11 finished.
this iteration: N=300000 E=1.3132e+11 +- 2.70547e+09 (2.0602%)
all iterations: N=3600000 E=1.23733e+11 +- 1.16767e+09 (0.943699%) chi^2/dof=10.2688

iteration 12 finished.
this iteration: N=300000 E=1.23213e+11 +- 2.09511e+09 (1.70039%)
all iterations: N=3900000 E=1.2361e+11 +- 1.01996e+09 (0.825141%) chi^2/dof=9.41697

removed non-finite number: 0
iteration 13 finished.
this iteration: N=300000 E=1.26619e+11 +- 2.08233e+09 (1.64456%)
all iterations: N=4200000 E=1.24192e+11 +- 9.15978e+08 (0.737548%) chi^2/dof=8.82217

iteration 14 finished.
this iteration: N=300000 E=1.27325e+11 +- 2.2677e+09 (1.78104%)
all iterations: N=4500000 E=1.24632e+11 +- 8.4931e+08 (0.681456%) chi^2/dof=8.30918

iteration 15 finished.
this iteration: N=300000 E=1.28439e+11 +- 2.4477e+09 (1.90573%)
all iterations: N=4800000 E=1.25041e+11 +- 8.0238e+08 (0.641695%) chi^2/dof=7.8992

iteration 16 finished.
this iteration: N=300000 E=1.31936e+11 +- 2.62084e+09 (1.98646%)
all iterations: N=5100000 E=1.25632e+11 +- 7.67229e+08 (0.610698%) chi^2/dof=7.80099

iteration 17 finished.
this iteration: N=300000 E=1.25936e+11 +- 2.21087e+09 (1.75555%)
all iterations: N=5400000 E=1.25664e+11 +- 7.24825e+08 (0.576795%) chi^2/dof=7.3431

iteration 18 finished.
this iteration: N=300000 E=1.26601e+11 +- 2.20181e+09 (1.73917%)
all iterations: N=5700000 E=1.25756e+11 +- 6.8848e+08 (0.547473%) chi^2/dof=6.94422

iteration 19 finished.
this iteration: N=300000 E=1.27618e+11 +- 2.23899e+09 (1.75445%)
all iterations: N=6000000 E=1.25917e+11 +- 6.58071e+08 (0.522624%) chi^2/dof=6.61199

>> Cumulative result: 
>> N = 5700000; I = 1.26206e+11 +- 6.59081e+08
>> chi^2/dof = 3.47616
Time needed: 124.83s
Temperature: 170; EQCONST: 0.000113988

iteration 0 finished.
this iteration: N=300000 E=3.13876e+10 +- 1.18433e+10 (37.7326%)
all iterations: N=300000 E=3.13876e+10 +- 1.18433e+10 (37.7326%) chi^2/dof=inf

iteration 1 finished.
this iteration: N=300000 E=1.11445e+11 +- 3.58854e+10 (32.2003%)
all iterations: N=600000 E=3.9251e+10 +- 1.12467e+10 (28.6532%) chi^2/dof=4.48809

iteration 2 finished.
this iteration: N=300000 E=1.21638e+11 +- 2.26832e+10 (18.6481%)
all iterations: N=900000 E=5.55078e+10 +- 1.00761e+10 (18.1526%) chi^2/dof=7.53847

iteration 3 finished.
this iteration: N=300000 E=1.08627e+11 +- 7.38811e+09 (6.80135%)
all iterations: N=1200000 E=9.00542e+10 +- 5.95811e+09 (6.61614%) chi^2/dof=11.0505

iteration 4 finished.
this iteration: N=300000 E=1.43272e+11 +- 1.88823e+10 (13.1793%)
all iterations: N=1500000 E=9.4873e+10 +- 5.68196e+09 (5.98901%) chi^2/dof=10.0939

iteration 5 finished.
this iteration: N=300000 E=1.26663e+11 +- 8.01879e+09 (6.33079%)
all iterations: N=1800000 E=1.05499e+11 +- 4.63608e+09 (4.39442%) chi^2/dof=10.1678

iteration 6 finished.
this iteration: N=300000 E=1.21426e+11 +- 4.73651e+09 (3.90073%)
all iterations: N=2100000 E=1.13292e+11 +- 3.31314e+09 (2.92442%) chi^2/dof=9.43564

iteration 7 finished.
this iteration: N=300000 E=1.22445e+11 +- 3.02029e+09 (2.46665%)
all iterations: N=2400000 E=1.18291e+11 +- 2.23203e+09 (1.8869%) chi^2/dof=8.68312

iteration 8 finished.
this iteration: N=300000 E=1.26249e+11 +- 3.68475e+09 (2.91864%)
all iterations: N=2700000 E=1.20427e+11 +- 1.90909e+09 (1.58527%) chi^2/dof=8.02429

iteration 9 finished.
this iteration: N=300000 E=1.31576e+11 +- 4.13509e+09 (3.14275%)
all iterations: N=3000000 E=1.22386e+11 +- 1.73328e+09 (1.41625%) chi^2/dof=7.79845

iteration 10 finished.
this iteration: N=300000 E=1.2699e+11 +- 2.84436e+09 (2.23983%)
all iterations: N=3300000 E=1.23633e+11 +- 1.48012e+09 (1.19719%) chi^2/dof=7.20965

iteration 11 finished.
this iteration: N=300000 E=1.24878e+11 +- 2.34209e+09 (1.8755%)
all iterations: N=3600000 E=1.23988e+11 +- 1.25121e+09 (1.00914%) chi^2/dof=6.5726

iteration 12 finished.
this iteration: N=300000 E=1.2399e+11 +- 1.89607e+09 (1.52921%)
all iterations: N=3900000 E=1.23989e+11 +- 1.04432e+09 (0.842271%) chi^2/dof=6.02488

removed non-finite number: 0
iteration 13 finished.
this iteration: N=300000 E=1.25074e+11 +- 1.69092e+09 (1.35194%)
all iterations: N=4200000 E=1.24288e+11 +- 8.88523e+08 (0.714888%) chi^2/dof=5.58438

iteration 14 finished.
this iteration: N=300000 E=1.27005e+11 +- 1.95636e+09 (1.54038%)
all iterations: N=4500000 E=1.24753e+11 +- 8.08995e+08 (0.648478%) chi^2/dof=5.29967

iteration 15 finished.
this iteration: N=300000 E=1.27249e+11 +- 1.96029e+09 (1.54052%)
all iterations: N=4800000 E=1.25116e+11 +- 7.47816e+08 (0.597698%) chi^2/dof=5.03871

iteration 16 finished.
this iteration: N=300000 E=1.33428e+11 +- 6.81067e+09 (5.10438%)
all iterations: N=5100000 E=1.25215e+11 +- 7.43349e+08 (0.593657%) chi^2/dof=4.81576

iteration 17 finished.
this iteration: N=300000 E=1.25939e+11 +- 3.77159e+09 (2.99479%)
all iterations: N=5400000 E=1.25242e+11 +- 7.29318e+08 (0.582326%) chi^2/dof=4.53457

iteration 18 finished.
this iteration: N=300000 E=1.30832e+11 +- 4.56225e+09 (3.48711%)
all iterations: N=5700000 E=1.25381e+11 +- 7.20174e+08 (0.574387%) chi^2/dof=4.36396

iteration 19 finished.
this iteration: N=300000 E=1.26322e+11 +- 3.42151e+09 (2.70856%)
all iterations: N=6000000 E=1.25421e+11 +- 7.04732e+08 (0.561892%) chi^2/dof=4.13809

>> Cumulative result: 
>> N = 5700000; I = 1.25756e+11 +- 7.05983e+08
>> chi^2/dof = 0.853287
Time needed: 122.17s
Temperature: 180; EQCONST: 8.78207e-05

iteration 0 finished.
this iteration: N=300000 E=3.11607e+10 +- 1.18019e+10 (37.8742%)
all iterations: N=300000 E=3.11607e+10 +- 1.18019e+10 (37.8742%) chi^2/dof=inf

iteration 1 finished.
this iteration: N=300000 E=9.33826e+10 +- 3.2824e+10 (35.15%)
all iterations: N=600000 E=3.82837e+10 +- 1.11058e+10 (29.0093%) chi^2/dof=3.18203

iteration 2 finished.
this iteration: N=300000 E=7.16223e+10 +- 1.1765e+10 (16.4264%)
all iterations: N=900000 E=5.3993e+10 +- 8.07598e+09 (14.9575%) chi^2/dof=3.71412

iteration 3 finished.
this iteration: N=300000 E=1.25698e+11 +- 2.37455e+10 (18.8909%)
all iterations: N=1200000 E=6.14273e+10 +- 7.64587e+09 (12.447%) chi^2/dof=5.20054

iteration 4 finished.
this iteration: N=300000 E=1.1467e+11 +- 7.35059e+09 (6.41021%)
all iterations: N=1500000 E=8.90966e+10 +- 5.29897e+09 (5.94744%) chi^2/dof=10.2005

iteration 5 finished.
this iteration: N=300000 E=1.23634e+11 +- 5.63515e+09 (4.55794%)
all iterations: N=1800000 E=1.05304e+11 +- 3.86032e+09 (3.66587%) chi^2/dof=12.1475

iteration 6 finished.
this iteration: N=300000 E=1.24626e+11 +- 4.20517e+09 (3.37423%)
all iterations: N=2100000 E=1.14141e+11 +- 2.84377e+09 (2.49146%) chi^2/dof=12.0325

removed non-finite number: 0
iteration 7 finished.
this iteration: N=300000 E=1.21269e+11 +- 2.51782e+09 (2.07623%)
all iterations: N=2400000 E=1.18137e+11 +- 1.88512e+09 (1.59571%) chi^2/dof=10.8167

iteration 8 finished.
this iteration: N=300000 E=1.286e+11 +- 4.55546e+09 (3.54235%)
all iterations: N=2700000 E=1.19666e+11 +- 1.74187e+09 (1.4556%) chi^2/dof=10.0277

iteration 9 finished.
this iteration: N=300000 E=1.25617e+11 +- 4.22213e+09 (3.36112%)
all iterations: N=3000000 E=1.20532e+11 +- 1.61022e+09 (1.33593%) chi^2/dof=9.10208

iteration 10 finished.
this iteration: N=300000 E=1.23132e+11 +- 3.04552e+09 (2.47338%)
all iterations: N=3300000 E=1.211e+11 +- 1.4235e+09 (1.17548%) chi^2/dof=8.24884

iteration 11 finished.
this iteration: N=300000 E=1.2297e+11 +- 2.74676e+09 (2.23368%)
all iterations: N=3600000 E=1.21496e+11 +- 1.26386e+09 (1.04025%) chi^2/dof=7.53217

iteration 12 finished.
this iteration: N=300000 E=1.19907e+11 +- 2.07459e+09 (1.73017%)
all iterations: N=3900000 E=1.21066e+11 +- 1.07934e+09 (0.891533%) chi^2/dof=6.94015

removed non-finite number: 0
iteration 13 finished.
this iteration: N=300000 E=1.23177e+11 +- 1.99002e+09 (1.61558%)
all iterations: N=4200000 E=1.21546e+11 +- 9.48774e+08 (0.780591%) chi^2/dof=6.47317

iteration 14 finished.
this iteration: N=300000 E=1.20754e+11 +- 1.63536e+09 (1.35429%)
all iterations: N=4500000 E=1.21346e+11 +- 8.20661e+08 (0.676297%) chi^2/dof=6.02333

iteration 15 finished.
this iteration: N=300000 E=1.2215e+11 +- 1.76149e+09 (1.44207%)
all iterations: N=4800000 E=1.21489e+11 +- 7.4389e+08 (0.612308%) chi^2/dof=5.63318

iteration 16 finished.
this iteration: N=300000 E=1.2267e+11 +- 2.01273e+09 (1.64077%)
all iterations: N=5100000 E=1.21631e+11 +- 6.97758e+08 (0.573667%) chi^2/dof=5.30001

iteration 17 finished.
this iteration: N=300000 E=1.22655e+11 +- 1.94716e+09 (1.5875%)
all iterations: N=5400000 E=1.21748e+11 +- 6.56857e+08 (0.539523%) chi^2/dof=5.00266

iteration 18 finished.
this iteration: N=300000 E=1.29565e+11 +- 4.40702e+09 (3.40139%)
all iterations: N=5700000 E=1.21918e+11 +- 6.4968e+08 (0.532884%) chi^2/dof=4.89574

iteration 19 finished.
this iteration: N=300000 E=1.30818e+11 +- 5.31335e+09 (4.06162%)
all iterations: N=6000000 E=1.22049e+11 +- 6.44878e+08 (0.528377%) chi^2/dof=4.78358

>> Cumulative result: 
>> N = 5700000; I = 1.22321e+11 +- 6.45842e+08
>> chi^2/dof = 1.74459
Time needed: 125.97s
Temperature: 190; EQCONST: 6.6974e-05

iteration 0 finished.
this iteration: N=300000 E=3.09591e+10 +- 1.17648e+10 (38.001%)
all iterations: N=300000 E=3.09591e+10 +- 1.17648e+10 (38.001%) chi^2/dof=inf

iteration 1 finished.
this iteration: N=300000 E=9.25323e+10 +- 3.23594e+10 (34.971%)
all iterations: N=600000 E=3.81477e+10 +- 1.10567e+10 (28.984%) chi^2/dof=3.1979

iteration 2 finished.
this iteration: N=300000 E=1.04091e+11 +- 3.3219e+10 (31.9135%)
all iterations: N=900000 E=4.47246e+10 +- 1.04909e+10 (23.4566%) chi^2/dof=3.37274

iteration 3 finished.
this iteration: N=300000 E=9.48268e+10 +- 1.19788e+10 (12.6323%)
all iterations: N=1200000 E=6.64725e+10 +- 7.8921e+09 (11.8727%) chi^2/dof=5.54862

iteration 4 finished.
this iteration: N=300000 E=1.06185e+11 +- 7.46671e+09 (7.03182%)
all iterations: N=1500000 E=8.74276e+10 +- 5.42391e+09 (6.20389%) chi^2/dof=7.50164

iteration 5 finished.
this iteration: N=300000 E=1.17419e+11 +- 5.1615e+09 (4.39578%)
all iterations: N=1800000 E=1.03166e+11 +- 3.73906e+09 (3.6243%) chi^2/dof=9.21038

iteration 6 finished.
this iteration: N=300000 E=1.20295e+11 +- 3.37221e+09 (2.80327%)
all iterations: N=2100000 E=1.12612e+11 +- 2.50419e+09 (2.22373%) chi^2/dof=9.60413

iteration 7 finished.
this iteration: N=300000 E=1.19596e+11 +- 2.87502e+09 (2.40395%)
all iterations: N=2400000 E=1.15625e+11 +- 1.88832e+09 (1.63314%) chi^2/dof=8.71135

iteration 8 finished.
this iteration: N=300000 E=1.19811e+11 +- 2.79592e+09 (2.33361%)
all iterations: N=2700000 E=1.16936e+11 +- 1.56485e+09 (1.33821%) chi^2/dof=7.81485

iteration 9 finished.
this iteration: N=300000 E=1.23147e+11 +- 4.53468e+09 (3.68232%)
all iterations: N=3000000 E=1.17597e+11 +- 1.47925e+09 (1.2579%) chi^2/dof=7.13282

iteration 10 finished.
this iteration: N=300000 E=1.27223e+11 +- 4.52011e+09 (3.55292%)
all iterations: N=3300000 E=1.18528e+11 +- 1.40588e+09 (1.18612%) chi^2/dof=6.82915

iteration 11 finished.
this iteration: N=300000 E=1.29422e+11 +- 4.99903e+09 (3.86258%)
all iterations: N=3600000 E=1.19327e+11 +- 1.35338e+09 (1.13418%) chi^2/dof=6.6084

iteration 12 finished.
this iteration: N=300000 E=1.23782e+11 +- 3.28043e+09 (2.65017%)
all iterations: N=3900000 E=1.19975e+11 +- 1.25109e+09 (1.04279%) chi^2/dof=6.18904

removed non-finite number: 0
iteration 13 finished.
this iteration: N=300000 E=1.24437e+11 +- 2.35987e+09 (1.89643%)
all iterations: N=4200000 E=1.20954e+11 +- 1.10536e+09 (0.913869%) chi^2/dof=5.9277

iteration 14 finished.
this iteration: N=300000 E=1.26915e+11 +- 3.06713e+09 (2.41669%)
all iterations: N=4500000 E=1.21639e+11 +- 1.03989e+09 (0.854898%) chi^2/dof=5.74309

iteration 15 finished.
this iteration: N=300000 E=1.19876e+11 +- 2.23644e+09 (1.86562%)
all iterations: N=4800000 E=1.21326e+11 +- 9.4294e+08 (0.777198%) chi^2/dof=5.39426

iteration 16 finished.
this iteration: N=300000 E=1.29925e+11 +- 2.90487e+09 (2.2358%)
all iterations: N=5100000 E=1.22145e+11 +- 8.96872e+08 (0.734266%) chi^2/dof=5.55267

iteration 17 finished.
this iteration: N=300000 E=1.22625e+11 +- 2.36686e+09 (1.93016%)
all iterations: N=5400000 E=1.22206e+11 +- 8.38679e+08 (0.686285%) chi^2/dof=5.22815

iteration 18 finished.
this iteration: N=300000 E=1.24149e+11 +- 2.44969e+09 (1.97319%)
all iterations: N=5700000 E=1.22409e+11 +- 7.93466e+08 (0.648206%) chi^2/dof=4.96899

iteration 19 finished.
this iteration: N=300000 E=1.27535e+11 +- 3.68767e+09 (2.89149%)
all iterations: N=6000000 E=1.22636e+11 +- 7.75712e+08 (0.632531%) chi^2/dof=4.80464

>> Cumulative result: 
>> N = 5700000; I = 1.23037e+11 +- 7.77404e+08
>> chi^2/dof = 1.68333
Time needed: 123.7s
Temperature: 200; EQCONST: 5.34805e-05

iteration 0 finished.
this iteration: N=300000 E=3.07789e+10 +- 1.17314e+10 (38.1152%)
all iterations: N=300000 E=3.07789e+10 +- 1.17314e+10 (38.1152%) chi^2/dof=inf

iteration 1 finished.
this iteration: N=300000 E=9.36345e+10 +- 3.20118e+10 (34.188%)
all iterations: N=600000 E=3.8221e+10 +- 1.10151e+10 (28.8194%) chi^2/dof=3.39891

iteration 2 finished.
this iteration: N=300000 E=1.26212e+11 +- 5.02664e+10 (39.8268%)
all iterations: N=900000 E=4.22528e+10 +- 1.07597e+10 (25.4652%) chi^2/dof=3.16138

iteration 3 finished.
this iteration: N=300000 E=6.96789e+10 +- 6.9369e+09 (9.95553%)
all iterations: N=1200000 E=6.16263e+10 +- 5.83026e+09 (9.46067%) chi^2/dof=3.63743

iteration 4 finished.
this iteration: N=300000 E=1.40432e+11 +- 2.70646e+10 (19.2724%)
all iterations: N=1500000 E=6.51211e+10 +- 5.69951e+09 (8.75217%) chi^2/dof=4.75366

iteration 5 finished.
this iteration: N=300000 E=1.10371e+11 +- 6.64673e+09 (6.02215%)
all iterations: N=1800000 E=8.42949e+10 +- 4.32665e+09 (5.13275%) chi^2/dof=9.14465

iteration 6 finished.
this iteration: N=300000 E=1.22124e+11 +- 4.59172e+09 (3.75987%)
all iterations: N=2100000 E=1.02086e+11 +- 3.14894e+09 (3.08459%) chi^2/dof=13.6127

iteration 7 finished.
this iteration: N=300000 E=1.42163e+11 +- 2.03458e+10 (14.3116%)
all iterations: N=2400000 E=1.03024e+11 +- 3.11189e+09 (3.02056%) chi^2/dof=12.2094

iteration 8 finished.
this iteration: N=300000 E=1.31801e+11 +- 8.43377e+09 (6.39888%)
all iterations: N=2700000 E=1.06472e+11 +- 2.91949e+09 (2.74202%) chi^2/dof=11.9641

iteration 9 finished.
this iteration: N=300000 E=1.17773e+11 +- 3.39217e+09 (2.88026%)
all iterations: N=3000000 E=1.11281e+11 +- 2.2128e+09 (1.98848%) chi^2/dof=11.3432

iteration 10 finished.
this iteration: N=300000 E=1.23775e+11 +- 3.22748e+09 (2.60753%)
all iterations: N=3300000 E=1.15276e+11 +- 1.82505e+09 (1.58319%) chi^2/dof=11.2283

iteration 11 finished.
this iteration: N=300000 E=1.30296e+11 +- 4.6893e+09 (3.59897%)
all iterations: N=3600000 E=1.17252e+11 +- 1.70078e+09 (1.45053%) chi^2/dof=11.0175

iteration 12 finished.
this iteration: N=300000 E=1.24348e+11 +- 4.05534e+09 (3.26129%)
all iterations: N=3900000 E=1.18313e+11 +- 1.56843e+09 (1.32565%) chi^2/dof=10.3164

removed non-finite number: 0
iteration 13 finished.
this iteration: N=300000 E=1.24574e+11 +- 3.07578e+09 (2.46904%)
all iterations: N=4200000 E=1.19605e+11 +- 1.39725e+09 (1.16822%) chi^2/dof=9.77577

iteration 14 finished.
this iteration: N=300000 E=1.54134e+11 +- 2.83136e+10 (18.3695%)
all iterations: N=4500000 E=1.19689e+11 +- 1.39555e+09 (1.16598%) chi^2/dof=9.18347

iteration 15 finished.
this iteration: N=300000 E=1.22821e+11 +- 6.14182e+09 (5.00064%)
all iterations: N=4800000 E=1.19843e+11 +- 1.36086e+09 (1.13554%) chi^2/dof=8.58772

iteration 16 finished.
this iteration: N=300000 E=1.31403e+11 +- 5.42378e+09 (4.12759%)
all iterations: N=5100000 E=1.20528e+11 +- 1.31995e+09 (1.09514%) chi^2/dof=8.31809

iteration 17 finished.
this iteration: N=300000 E=1.2214e+11 +- 3.35399e+09 (2.74602%)
all iterations: N=5400000 E=1.20744e+11 +- 1.22826e+09 (1.01724%) chi^2/dof=7.84056

iteration 18 finished.
this iteration: N=300000 E=1.2324e+11 +- 2.72275e+09 (2.2093%)
all iterations: N=5700000 E=1.21166e+11 +- 1.11961e+09 (0.924029%) chi^2/dof=7.44378

iteration 19 finished.
this iteration: N=300000 E=1.24094e+11 +- 3.01577e+09 (2.43023%)
all iterations: N=6000000 E=1.21521e+11 +- 1.04961e+09 (0.86373%) chi^2/dof=7.09561

>> Cumulative result: 
>> N = 5700000; I = 1.22253e+11 +- 1.05384e+09
>> chi^2/dof = 4.13915
Time needed: 116.97s
Temperature: 210; EQCONST: 4.26647e-05

iteration 0 finished.
this iteration: N=300000 E=3.06168e+10 +- 1.17013e+10 (38.2185%)
all iterations: N=300000 E=3.06168e+10 +- 1.17013e+10 (38.2185%) chi^2/dof=inf

iteration 1 finished.
this iteration: N=300000 E=9.29673e+10 +- 3.16602e+10 (34.0552%)
all iterations: N=600000 E=3.81101e+10 +- 1.09756e+10 (28.7998%) chi^2/dof=3.4123

iteration 2 finished.
this iteration: N=300000 E=9.74702e+10 +- 3.11951e+10 (32.0047%)
all iterations: N=900000 E=4.46489e+10 +- 1.03535e+10 (23.1887%) chi^2/dof=3.31718

iteration 3 finished.
this iteration: N=300000 E=9.90902e+10 +- 1.39167e+10 (14.0445%)
all iterations: N=1200000 E=6.40454e+10 +- 8.30682e+09 (12.9702%) chi^2/dof=5.49511

iteration 4 finished.
this iteration: N=300000 E=1.08115e+11 +- 6.04719e+09 (5.59329%)
all iterations: N=1500000 E=9.28499e+10 +- 4.88894e+09 (5.26542%) chi^2/dof=8.72041

iteration 5 finished.
this iteration: N=300000 E=1.17873e+11 +- 5.20942e+09 (4.41953%)
all iterations: N=1800000 E=1.04568e+11 +- 3.56492e+09 (3.40918%) chi^2/dof=9.42989

iteration 6 finished.
this iteration: N=300000 E=1.20686e+11 +- 4.12342e+09 (3.41664%)
all iterations: N=2100000 E=1.11462e+11 +- 2.69679e+09 (2.41946%) chi^2/dof=9.31558

iteration 7 finished.
this iteration: N=300000 E=1.18103e+11 +- 2.63997e+09 (2.23532%)
all iterations: N=2400000 E=1.14853e+11 +- 1.88651e+09 (1.64254%) chi^2/dof=8.42706

iteration 8 finished.
this iteration: N=300000 E=1.20122e+11 +- 2.4848e+09 (2.06856%)
all iterations: N=2700000 E=1.1678e+11 +- 1.50253e+09 (1.28664%) chi^2/dof=7.73022

iteration 9 finished.
this iteration: N=300000 E=1.25542e+11 +- 2.85715e+09 (2.27586%)
all iterations: N=3000000 E=1.18678e+11 +- 1.32985e+09 (1.12056%) chi^2/dof=7.68987

iteration 10 finished.
this iteration: N=300000 E=1.27752e+11 +- 6.73878e+09 (5.2749%)
all iterations: N=3300000 E=1.19018e+11 +- 1.30469e+09 (1.09621%) chi^2/dof=7.09539

iteration 11 finished.
this iteration: N=300000 E=1.25382e+11 +- 6.24268e+09 (4.97892%)
all iterations: N=3600000 E=1.19284e+11 +- 1.2771e+09 (1.07063%) chi^2/dof=6.54088

iteration 12 finished.
this iteration: N=300000 E=1.24183e+11 +- 5.2382e+09 (4.21813%)
all iterations: N=3900000 E=1.19559e+11 +- 1.24076e+09 (1.03777%) chi^2/dof=6.06459

iteration 13 finished.
this iteration: N=300000 E=1.15718e+11 +- 2.40127e+09 (2.07511%)
all iterations: N=4200000 E=1.1875e+11 +- 1.1023e+09 (0.928255%) chi^2/dof=5.75347

iteration 14 finished.
this iteration: N=300000 E=1.27841e+11 +- 4.0941e+09 (3.2025%)
all iterations: N=4500000 E=1.19364e+11 +- 1.0644e+09 (0.891721%) chi^2/dof=5.6709

iteration 15 finished.
this iteration: N=300000 E=1.24052e+11 +- 4.12572e+09 (3.32581%)
all iterations: N=4800000 E=1.19657e+11 +- 1.03065e+09 (0.861338%) chi^2/dof=5.37352

iteration 16 finished.
this iteration: N=300000 E=1.26977e+11 +- 4.11172e+09 (3.23817%)
all iterations: N=5100000 E=1.2009e+11 +- 9.99721e+08 (0.83248%) chi^2/dof=5.22404

iteration 17 finished.
this iteration: N=300000 E=1.18857e+11 +- 2.4443e+09 (2.05651%)
all iterations: N=5400000 E=1.19913e+11 +- 9.25318e+08 (0.771658%) chi^2/dof=4.92956

iteration 18 finished.
this iteration: N=300000 E=1.25676e+11 +- 3.42933e+09 (2.72871%)
all iterations: N=5700000 E=1.20304e+11 +- 8.93368e+08 (0.742592%) chi^2/dof=4.80195

iteration 19 finished.
this iteration: N=300000 E=1.23508e+11 +- 3.14542e+09 (2.54673%)
all iterations: N=6000000 E=1.20543e+11 +- 8.59378e+08 (0.712921%) chi^2/dof=4.59975

>> Cumulative result: 
>> N = 5700000; I = 1.21031e+11 +- 8.61705e+08
>> chi^2/dof = 1.55627
Time needed: 129.62s
Temperature: 220; EQCONST: 3.42602e-05

iteration 0 finished.
this iteration: N=300000 E=3.04701e+10 +- 1.16738e+10 (38.3124%)
all iterations: N=300000 E=3.04701e+10 +- 1.16738e+10 (38.3124%) chi^2/dof=inf

iteration 1 finished.
this iteration: N=300000 E=9.22751e+10 +- 3.13485e+10 (33.9729%)
all iterations: N=600000 E=3.79971e+10 +- 1.09399e+10 (28.7915%) chi^2/dof=3.4136

iteration 2 finished.
this iteration: N=300000 E=8.9063e+10 +- 1.4833e+10 (16.6545%)
all iterations: N=900000 E=5.59884e+10 +- 8.80433e+09 (15.7253%) chi^2/dof=5.54507

iteration 3 finished.
this iteration: N=300000 E=3.4904e+11 +- 2.46471e+11 (70.614%)
all iterations: N=1200000 E=5.63619e+10 +- 8.79872e+09 (15.6111%) chi^2/dof=4.16735

iteration 4 finished.
this iteration: N=300000 E=1.21515e+11 +- 2.01264e+10 (16.5628%)
all iterations: N=1500000 E=6.6816e+10 +- 8.06198e+09 (12.0659%) chi^2/dof=5.32503

iteration 5 finished.
this iteration: N=300000 E=1.13448e+11 +- 7.09881e+09 (6.2573%)
all iterations: N=1800000 E=9.30828e+10 +- 5.32777e+09 (5.72369%) chi^2/dof=8.02916

iteration 6 finished.
this iteration: N=300000 E=1.12316e+11 +- 3.63447e+09 (3.23594%)
all iterations: N=2100000 E=1.06208e+11 +- 3.0024e+09 (2.82691%) chi^2/dof=8.17314

iteration 7 finished.
this iteration: N=300000 E=1.32594e+11 +- 8.54629e+09 (6.44546%)
all iterations: N=2400000 E=1.09107e+11 +- 2.83268e+09 (2.59625%) chi^2/dof=8.2177

iteration 8 finished.
this iteration: N=300000 E=1.17463e+11 +- 4.85734e+09 (4.13521%)
all iterations: N=2700000 E=1.11227e+11 +- 2.44698e+09 (2.19998%) chi^2/dof=7.46655

iteration 9 finished.
this iteration: N=300000 E=1.18993e+11 +- 2.88064e+09 (2.42085%)
all iterations: N=3000000 E=1.14482e+11 +- 1.86495e+09 (1.62903%) chi^2/dof=7.10594

iteration 10 finished.
this iteration: N=300000 E=1.24803e+11 +- 9.46178e+09 (7.58138%)
all iterations: N=3300000 E=1.14868e+11 +- 1.82975e+09 (1.59291%) chi^2/dof=6.50988

iteration 11 finished.
this iteration: N=300000 E=1.11087e+11 +- 3.71429e+09 (3.34359%)
all iterations: N=3600000 E=1.1413e+11 +- 1.64139e+09 (1.43818%) chi^2/dof=5.99388

iteration 12 finished.
this iteration: N=300000 E=1.277e+11 +- 3.87782e+09 (3.03666%)
all iterations: N=3900000 E=1.16192e+11 +- 1.51156e+09 (1.30092%) chi^2/dof=6.35988

iteration 13 finished.
this iteration: N=300000 E=1.18291e+11 +- 2.86212e+09 (2.41956%)
all iterations: N=4200000 E=1.16649e+11 +- 1.33661e+09 (1.14583%) chi^2/dof=5.90302

iteration 14 finished.
this iteration: N=300000 E=1.17919e+11 +- 2.03977e+09 (1.72981%)
all iterations: N=4500000 E=1.17031e+11 +- 1.11797e+09 (0.955277%) chi^2/dof=5.50074

iteration 15 finished.
this iteration: N=300000 E=1.19437e+11 +- 1.87316e+09 (1.56832%)
all iterations: N=4800000 E=1.17663e+11 +- 9.59988e+08 (0.81588%) chi^2/dof=5.21516

iteration 16 finished.
this iteration: N=300000 E=1.23849e+11 +- 2.06647e+09 (1.66855%)
all iterations: N=5100000 E=1.18761e+11 +- 8.70628e+08 (0.733094%) chi^2/dof=5.34984

iteration 17 finished.
this iteration: N=300000 E=1.23641e+11 +- 2.57892e+09 (2.08582%)
all iterations: N=5400000 E=1.1926e+11 +- 8.2489e+08 (0.691673%) chi^2/dof=5.22421

iteration 18 finished.
this iteration: N=300000 E=1.24541e+11 +- 3.8134e+09 (3.06196%)
all iterations: N=5700000 E=1.19496e+11 +- 8.06243e+08 (0.674702%) chi^2/dof=5.03575

iteration 19 finished.
this iteration: N=300000 E=1.20153e+11 +- 2.93113e+09 (2.4395%)
all iterations: N=6000000 E=1.19542e+11 +- 7.77372e+08 (0.65029%) chi^2/dof=4.77317

>> Cumulative result: 
>> N = 5700000; I = 1.19939e+11 +- 7.79101e+08
>> chi^2/dof = 1.78961
Time needed: 118.83s
Temperature: 230; EQCONST: 2.7796e-05

iteration 0 finished.
this iteration: N=300000 E=3.03369e+10 +- 1.16488e+10 (38.3982%)
all iterations: N=300000 E=3.03369e+10 +- 1.16488e+10 (38.3982%) chi^2/dof=inf

iteration 1 finished.
this iteration: N=300000 E=9.16591e+10 +- 3.10624e+10 (33.889%)
all iterations: N=600000 E=3.78977e+10 +- 1.09071e+10 (28.7804%) chi^2/dof=3.41679

iteration 2 finished.
this iteration: N=300000 E=8.20552e+10 +- 1.22418e+10 (14.919%)
all iterations: N=900000 E=5.74388e+10 +- 8.14364e+09 (14.1779%) chi^2/dof=5.33506

iteration 3 finished.
this iteration: N=300000 E=1.22153e+11 +- 1.06698e+10 (8.73479%)
all iterations: N=1200000 E=8.12604e+10 +- 6.47354e+09 (7.96642%) chi^2/dof=11.3051

iteration 4 finished.
this iteration: N=300000 E=1.14243e+11 +- 4.74222e+09 (4.151%)
all iterations: N=1500000 E=1.02724e+11 +- 3.82557e+09 (3.72411%) chi^2/dof=12.7022

iteration 5 finished.
this iteration: N=300000 E=1.2286e+11 +- 4.53702e+09 (3.69285%)
all iterations: N=1800000 E=1.11091e+11 +- 2.92466e+09 (2.63266%) chi^2/dof=12.464

iteration 6 finished.
this iteration: N=300000 E=1.20735e+11 +- 4.40681e+09 (3.64998%)
all iterations: N=2100000 E=1.1404e+11 +- 2.43683e+09 (2.13682%) chi^2/dof=10.9408

iteration 7 finished.
this iteration: N=300000 E=1.18508e+11 +- 2.66228e+09 (2.2465%)
all iterations: N=2400000 E=1.16077e+11 +- 1.79753e+09 (1.54857%) chi^2/dof=9.59672

iteration 8 finished.
this iteration: N=300000 E=1.177e+11 +- 2.1612e+09 (1.8362%)
all iterations: N=2700000 E=1.1674e+11 +- 1.38199e+09 (1.18381%) chi^2/dof=8.43879

iteration 9 finished.
this iteration: N=300000 E=1.18018e+11 +- 1.77595e+09 (1.50482%)
all iterations: N=3000000 E=1.17222e+11 +- 1.09067e+09 (0.93043%) chi^2/dof=7.53693

iteration 10 finished.
this iteration: N=300000 E=1.25389e+11 +- 4.12222e+09 (3.28754%)
all iterations: N=3300000 E=1.17756e+11 +- 1.05439e+09 (0.895397%) chi^2/dof=7.15009

iteration 11 finished.
this iteration: N=300000 E=1.2807e+11 +- 4.53379e+09 (3.54008%)
all iterations: N=3600000 E=1.18286e+11 +- 1.02698e+09 (0.868221%) chi^2/dof=6.94641

iteration 12 finished.
this iteration: N=300000 E=1.17215e+11 +- 2.50327e+09 (2.13563%)
all iterations: N=3900000 E=1.18131e+11 +- 9.50131e+08 (0.8043%) chi^2/dof=6.3806

removed non-finite number: 0
iteration 13 finished.
this iteration: N=300000 E=1.20175e+11 +- 1.95673e+09 (1.62824%)
all iterations: N=4200000 E=1.18521e+11 +- 8.54699e+08 (0.721136%) chi^2/dof=5.95767

iteration 14 finished.
this iteration: N=300000 E=1.21581e+11 +- 2.4251e+09 (1.99464%)
all iterations: N=4500000 E=1.18859e+11 +- 8.061e+08 (0.678197%) chi^2/dof=5.63326

iteration 15 finished.
this iteration: N=300000 E=1.21455e+11 +- 2.51801e+09 (2.0732%)
all iterations: N=4800000 E=1.19101e+11 +- 7.67719e+08 (0.644597%) chi^2/dof=5.32195

iteration 16 finished.
this iteration: N=300000 E=1.30527e+11 +- 8.9911e+09 (6.8883%)
all iterations: N=5100000 E=1.19183e+11 +- 7.64936e+08 (0.641814%) chi^2/dof=5.08955

iteration 17 finished.
this iteration: N=300000 E=1.24826e+11 +- 4.50595e+09 (3.60979%)
all iterations: N=5400000 E=1.19341e+11 +- 7.54146e+08 (0.631923%) chi^2/dof=4.87982

iteration 18 finished.
this iteration: N=300000 E=1.23092e+11 +- 2.61705e+09 (2.12609%)
all iterations: N=5700000 E=1.19629e+11 +- 7.24658e+08 (0.605755%) chi^2/dof=4.71407

iteration 19 finished.
this iteration: N=300000 E=1.20673e+11 +- 1.93487e+09 (1.6034%)
all iterations: N=6000000 E=1.19757e+11 +- 6.78624e+08 (0.566666%) chi^2/dof=4.47941

>> Cumulative result: 
>> N = 5700000; I = 1.20062e+11 +- 6.79779e+08
>> chi^2/dof = 1.44342
Time needed: 118.37s
Temperature: 240; EQCONST: 2.29748e-05

iteration 0 finished.
this iteration: N=300000 E=3.02153e+10 +- 1.16259e+10 (38.4768%)
all iterations: N=300000 E=3.02153e+10 +- 1.16259e+10 (38.4768%) chi^2/dof=inf

iteration 1 finished.
this iteration: N=300000 E=9.09612e+10 +- 3.07297e+10 (33.7833%)
all iterations: N=600000 E=3.78213e+10 +- 1.08737e+10 (28.7503%) chi^2/dof=3.41838

iteration 2 finished.
this iteration: N=300000 E=9.74135e+10 +- 1.70493e+10 (17.502%)
all iterations: N=900000 E=5.50523e+10 +- 9.16784e+09 (16.653%) chi^2/dof=6.05144

iteration 3 finished.
this iteration: N=300000 E=1.20327e+11 +- 1.54757e+10 (12.8613%)
all iterations: N=1200000 E=7.20091e+10 +- 7.88768e+09 (10.9537%) chi^2/dof=8.424

iteration 4 finished.
this iteration: N=300000 E=1.29438e+11 +- 9.42502e+09 (7.28149%)
all iterations: N=1500000 E=9.56639e+10 +- 6.0489e+09 (6.32307%) chi^2/dof=11.7767

iteration 5 finished.
this iteration: N=300000 E=1.18324e+11 +- 4.86446e+09 (4.11115%)
all iterations: N=1800000 E=1.09424e+11 +- 3.79075e+09 (3.46426%) chi^2/dof=11.1258

iteration 6 finished.
this iteration: N=300000 E=1.16207e+11 +- 4.19459e+09 (3.60959%)
all iterations: N=2100000 E=1.12473e+11 +- 2.81243e+09 (2.50053%) chi^2/dof=9.51134

iteration 7 finished.
this iteration: N=300000 E=1.16149e+11 +- 2.80877e+09 (2.41825%)
all iterations: N=2400000 E=1.14314e+11 +- 1.98739e+09 (1.73854%) chi^2/dof=8.27472

iteration 8 finished.
this iteration: N=300000 E=1.1953e+11 +- 2.46884e+09 (2.06546%)
all iterations: N=2700000 E=1.16365e+11 +- 1.54812e+09 (1.3304%) chi^2/dof=7.57901

iteration 9 finished.
this iteration: N=300000 E=1.21902e+11 +- 2.56222e+09 (2.10188%)
all iterations: N=3000000 E=1.17846e+11 +- 1.32503e+09 (1.12438%) chi^2/dof=7.11701

iteration 10 finished.
this iteration: N=300000 E=1.20526e+11 +- 2.29206e+09 (1.90171%)
all iterations: N=3300000 E=1.18517e+11 +- 1.14714e+09 (0.967913%) chi^2/dof=6.50784

iteration 11 finished.
this iteration: N=300000 E=1.17878e+11 +- 1.72423e+09 (1.46272%)
all iterations: N=3600000 E=1.18321e+11 +- 9.55078e+08 (0.807192%) chi^2/dof=5.92487

iteration 12 finished.
this iteration: N=300000 E=1.1647e+11 +- 1.5092e+09 (1.29578%)
all iterations: N=3900000 E=1.17792e+11 +- 8.07049e+08 (0.685149%) chi^2/dof=5.52061

removed non-finite number: 0
iteration 13 finished.
this iteration: N=300000 E=1.2215e+11 +- 2.05421e+09 (1.68171%)
all iterations: N=4200000 E=1.18375e+11 +- 7.51158e+08 (0.63456%) chi^2/dof=5.39596

iteration 14 finished.
this iteration: N=300000 E=1.19357e+11 +- 2.16447e+09 (1.81344%)
all iterations: N=4500000 E=1.1848e+11 +- 7.09639e+08 (0.598952%) chi^2/dof=5.02367

iteration 15 finished.
this iteration: N=300000 E=1.19176e+11 +- 1.94368e+09 (1.63094%)
all iterations: N=4800000 E=1.18562e+11 +- 6.666e+08 (0.562238%) chi^2/dof=4.69628

iteration 16 finished.
this iteration: N=300000 E=1.20396e+11 +- 1.83325e+09 (1.52268%)
all iterations: N=5100000 E=1.18776e+11 +- 6.2647e+08 (0.527438%) chi^2/dof=4.458

iteration 17 finished.
this iteration: N=300000 E=1.24223e+11 +- 2.72945e+09 (2.19721%)
all iterations: N=5400000 E=1.19049e+11 +- 6.10593e+08 (0.512894%) chi^2/dof=4.41833

iteration 18 finished.
this iteration: N=300000 E=1.20083e+11 +- 1.98576e+09 (1.65365%)
all iterations: N=5700000 E=1.19138e+11 +- 5.83626e+08 (0.489874%) chi^2/dof=4.18664

iteration 19 finished.
this iteration: N=300000 E=1.21136e+11 +- 1.70033e+09 (1.40366%)
all iterations: N=6000000 E=1.19349e+11 +- 5.52013e+08 (0.462522%) chi^2/dof=4.03129

>> Cumulative result: 
>> N = 5700000; I = 1.1955e+11 +- 5.52637e+08
>> chi^2/dof = 0.98232
Time needed: 121s
Temperature: 250; EQCONST: 1.90378e-05

iteration 0 finished.
this iteration: N=300000 E=3.01039e+10 +- 1.16048e+10 (38.5492%)
all iterations: N=300000 E=3.01039e+10 +- 1.16048e+10 (38.5492%) chi^2/dof=inf

iteration 1 finished.
this iteration: N=300000 E=9.02479e+10 +- 3.04291e+10 (33.7173%)
all iterations: N=600000 E=3.77407e+10 +- 1.0843e+10 (28.7303%) chi^2/dof=3.41062

iteration 2 finished.
this iteration: N=300000 E=1.06561e+11 +- 1.79581e+10 (16.8524%)
all iterations: N=900000 E=5.61273e+10 +- 9.28223e+09 (16.5378%) chi^2/dof=7.08658

iteration 3 finished.
this iteration: N=300000 E=1.33175e+11 +- 2.35005e+10 (17.6464%)
all iterations: N=1200000 E=6.65251e+10 +- 8.6332e+09 (12.9773%) chi^2/dof=7.82378

iteration 4 finished.
this iteration: N=300000 E=1.02038e+11 +- 5.50071e+09 (5.39085%)
all iterations: N=1500000 E=9.17837e+10 +- 4.63907e+09 (5.05435%) chi^2/dof=8.87661

iteration 5 finished.
this iteration: N=300000 E=1.16409e+11 +- 6.48973e+09 (5.57496%)
all iterations: N=1800000 E=1.00111e+11 +- 3.77399e+09 (3.76979%) chi^2/dof=9.00703

iteration 6 finished.
this iteration: N=300000 E=1.26533e+11 +- 6.92697e+09 (5.47442%)
all iterations: N=2100000 E=1.06159e+11 +- 3.31404e+09 (3.12177%) chi^2/dof=9.37574

iteration 7 finished.
this iteration: N=300000 E=1.1563e+11 +- 4.81664e+09 (4.16556%)
all iterations: N=2400000 E=1.09202e+11 +- 2.73022e+09 (2.50015%) chi^2/dof=8.41122

iteration 8 finished.
this iteration: N=300000 E=1.15684e+11 +- 3.11174e+09 (2.68986%)
all iterations: N=2700000 E=1.12022e+11 +- 2.05227e+09 (1.83203%) chi^2/dof=7.6663

iteration 9 finished.
this iteration: N=300000 E=1.21221e+11 +- 3.32909e+09 (2.74629%)
all iterations: N=3000000 E=1.14555e+11 +- 1.74699e+09 (1.52502%) chi^2/dof=7.42933

iteration 10 finished.
this iteration: N=300000 E=1.28023e+11 +- 4.76441e+09 (3.72153%)
all iterations: N=3300000 E=1.16151e+11 +- 1.6402e+09 (1.41213%) chi^2/dof=7.39073

iteration 11 finished.
this iteration: N=300000 E=1.16274e+11 +- 2.5334e+09 (2.17882%)
all iterations: N=3600000 E=1.16187e+11 +- 1.37683e+09 (1.18501%) chi^2/dof=6.71899

iteration 12 finished.
this iteration: N=300000 E=1.22553e+11 +- 3.15246e+09 (2.57232%)
all iterations: N=3900000 E=1.17207e+11 +- 1.26174e+09 (1.0765%) chi^2/dof=6.44445

removed non-finite number: 0
iteration 13 finished.
this iteration: N=300000 E=1.18628e+11 +- 2.62603e+09 (2.21367%)
all iterations: N=4200000 E=1.17474e+11 +- 1.13728e+09 (0.968113%) chi^2/dof=5.96701

iteration 14 finished.
this iteration: N=300000 E=1.22667e+11 +- 3.47463e+09 (2.83258%)
all iterations: N=4500000 E=1.17976e+11 +- 1.08085e+09 (0.916163%) chi^2/dof=5.6849

iteration 15 finished.
this iteration: N=300000 E=1.18612e+11 +- 2.79719e+09 (2.35827%)
all iterations: N=4800000 E=1.18059e+11 +- 1.0082e+09 (0.853985%) chi^2/dof=5.30891

iteration 16 finished.
this iteration: N=300000 E=1.23277e+11 +- 2.60259e+09 (2.11117%)
all iterations: N=5100000 E=1.1874e+11 +- 9.40128e+08 (0.791755%) chi^2/dof=5.1956

iteration 17 finished.
this iteration: N=300000 E=1.22353e+11 +- 2.42735e+09 (1.9839%)
all iterations: N=5400000 E=1.19211e+11 +- 8.76672e+08 (0.735395%) chi^2/dof=5.00329

iteration 18 finished.
this iteration: N=300000 E=1.21787e+11 +- 2.83576e+09 (2.32845%)
all iterations: N=5700000 E=1.19436e+11 +- 8.37561e+08 (0.701265%) chi^2/dof=4.76719

iteration 19 finished.
this iteration: N=300000 E=1.24678e+11 +- 3.68899e+09 (2.95881%)
all iterations: N=6000000 E=1.19693e+11 +- 8.16773e+08 (0.682392%) chi^2/dof=4.61736

>> Cumulative result: 
>> N = 5700000; I = 1.20139e+11 +- 8.18804e+08
>> chi^2/dof = 1.54638
Time needed: 120.63s
Temperature: 260; EQCONST: 1.60361e-05

iteration 0 finished.
this iteration: N=300000 E=3.00014e+10 +- 1.15853e+10 (38.6159%)
all iterations: N=300000 E=3.00014e+10 +- 1.15853e+10 (38.6159%) chi^2/dof=inf

iteration 1 finished.
this iteration: N=300000 E=8.96163e+10 +- 3.01675e+10 (33.663%)
all iterations: N=600000 E=3.76634e+10 +- 1.08152e+10 (28.7154%) chi^2/dof=3.40318

iteration 2 finished.
this iteration: N=300000 E=1.04838e+11 +- 1.57345e+10 (15.0083%)
all iterations: N=900000 E=5.92175e+10 +- 8.91278e+09 (15.0509%) chi^2/dof=7.89083

iteration 3 finished.
this iteration: N=300000 E=1.11796e+11 +- 1.18794e+10 (10.626%)
all iterations: N=1200000 E=7.81545e+10 +- 7.1293e+09 (9.12205%) chi^2/dof=9.43861

iteration 4 finished.
this iteration: N=300000 E=1.30441e+11 +- 1.03742e+10 (7.95317%)
all iterations: N=1500000 E=9.49267e+10 +- 5.87562e+09 (6.18964%) chi^2/dof=11.3924

iteration 5 finished.
this iteration: N=300000 E=1.24937e+11 +- 1.27079e+10 (10.1714%)
all iterations: N=1800000 E=1.00212e+11 +- 5.33316e+09 (5.32186%) chi^2/dof=10.0329

iteration 6 finished.
this iteration: N=300000 E=1.11401e+11 +- 4.86636e+09 (4.36833%)
all iterations: N=2100000 E=1.06318e+11 +- 3.59476e+09 (3.38115%) chi^2/dof=8.76101

iteration 7 finished.
this iteration: N=300000 E=1.16359e+11 +- 3.50485e+09 (3.01209%)
all iterations: N=2400000 E=1.11466e+11 +- 2.50948e+09 (2.25135%) chi^2/dof=8.08094

iteration 8 finished.
this iteration: N=300000 E=1.16802e+11 +- 2.42883e+09 (2.07945%)
all iterations: N=2700000 E=1.14221e+11 +- 1.74526e+09 (1.52797%) chi^2/dof=7.36265

iteration 9 finished.
this iteration: N=300000 E=1.18439e+11 +- 2.14726e+09 (1.81297%)
all iterations: N=3000000 E=1.15899e+11 +- 1.35433e+09 (1.16855%) chi^2/dof=6.80279

iteration 10 finished.
this iteration: N=300000 E=1.20609e+11 +- 2.50213e+09 (2.07457%)
all iterations: N=3300000 E=1.16966e+11 +- 1.19105e+09 (1.01829%) chi^2/dof=6.3966

iteration 11 finished.
this iteration: N=300000 E=1.19942e+11 +- 2.39621e+09 (1.99781%)
all iterations: N=3600000 E=1.17556e+11 +- 1.06656e+09 (0.907281%) chi^2/dof=5.9275

iteration 12 finished.
this iteration: N=300000 E=1.19237e+11 +- 2.26876e+09 (1.90273%)
all iterations: N=3900000 E=1.1786e+11 +- 9.65223e+08 (0.818956%) chi^2/dof=5.47104

removed non-finite number: 0
iteration 13 finished.
this iteration: N=300000 E=1.21183e+11 +- 2.95195e+09 (2.43595%)
all iterations: N=4200000 E=1.18181e+11 +- 9.17425e+08 (0.776288%) chi^2/dof=5.13822

iteration 14 finished.
this iteration: N=300000 E=1.19936e+11 +- 2.37497e+09 (1.98019%)
all iterations: N=4500000 E=1.18409e+11 +- 8.55794e+08 (0.722744%) chi^2/dof=4.80516

iteration 15 finished.
this iteration: N=300000 E=1.19486e+11 +- 2.03029e+09 (1.69919%)
all iterations: N=4800000 E=1.18571e+11 +- 7.886e+08 (0.665084%) chi^2/dof=4.50074

iteration 16 finished.
this iteration: N=300000 E=1.24305e+11 +- 2.73665e+09 (2.20155%)
all iterations: N=5100000 E=1.19011e+11 +- 7.57766e+08 (0.636719%) chi^2/dof=4.47279

iteration 17 finished.
this iteration: N=300000 E=1.19731e+11 +- 2.45876e+09 (2.05358%)
all iterations: N=5400000 E=1.19073e+11 +- 7.24155e+08 (0.608158%) chi^2/dof=4.21428

iteration 18 finished.
this iteration: N=300000 E=1.20999e+11 +- 4.66291e+09 (3.85369%)
all iterations: N=5700000 E=1.19119e+11 +- 7.15577e+08 (0.600726%) chi^2/dof=3.9894

iteration 19 finished.
this iteration: N=300000 E=1.25513e+11 +- 7.09801e+09 (5.65518%)
all iterations: N=6000000 E=1.19183e+11 +- 7.11968e+08 (0.597373%) chi^2/dof=3.82172

>> Cumulative result: 
>> N = 5700000; I = 1.19521e+11 +- 7.13317e+08
>> chi^2/dof = 0.729524
Time needed: 113.82s
Temperature: 270; EQCONST: 1.34618e-05

iteration 0 finished.
this iteration: N=300000 E=2.99068e+10 +- 1.15673e+10 (38.6778%)
all iterations: N=300000 E=2.99068e+10 +- 1.15673e+10 (38.6778%) chi^2/dof=inf

iteration 1 finished.
this iteration: N=300000 E=8.89589e+10 +- 2.99275e+10 (33.6419%)
all iterations: N=600000 E=3.7582e+10 +- 1.07894e+10 (28.709%) chi^2/dof=3.38737

iteration 2 finished.
this iteration: N=300000 E=1.08394e+11 +- 1.70745e+10 (15.7523%)
all iterations: N=900000 E=5.77886e+10 +- 9.12099e+09 (15.7834%) chi^2/dof=7.83941

iteration 3 finished.
this iteration: N=300000 E=1.03324e+11 +- 1.47475e+10 (14.2731%)
all iterations: N=1200000 E=7.03873e+10 +- 7.75725e+09 (11.0208%) chi^2/dof=7.52492

iteration 4 finished.
this iteration: N=300000 E=1.24617e+11 +- 1.35829e+10 (10.8998%)
all iterations: N=1500000 E=8.37246e+10 +- 6.73612e+09 (8.04557%) chi^2/dof=8.64858

iteration 5 finished.
this iteration: N=300000 E=1.24929e+11 +- 1.17552e+10 (9.40953%)
all iterations: N=1800000 E=9.39101e+10 +- 5.84455e+09 (6.22356%) chi^2/dof=8.76872

iteration 6 finished.
this iteration: N=300000 E=1.15168e+11 +- 5.5621e+09 (4.82957%)
all iterations: N=2100000 E=1.05065e+11 +- 4.02915e+09 (3.83491%) chi^2/dof=8.46423

iteration 7 finished.
this iteration: N=300000 E=1.19642e+11 +- 5.59656e+09 (4.67777%)
all iterations: N=2400000 E=1.10041e+11 +- 3.2699e+09 (2.97153%) chi^2/dof=7.89335

iteration 8 finished.
this iteration: N=300000 E=1.08022e+11 +- 3.23782e+09 (2.99736%)
all iterations: N=2700000 E=1.09022e+11 +- 2.30074e+09 (2.11035%) chi^2/dof=6.93074

iteration 9 finished.
this iteration: N=300000 E=5.72303e+11 +- 4.56426e+11 (79.7525%)
all iterations: N=3000000 E=1.09033e+11 +- 2.30071e+09 (2.1101%) chi^2/dof=6.27513

iteration 10 finished.
this iteration: N=300000 E=1.19523e+11 +- 1.62685e+10 (13.6112%)
all iterations: N=3300000 E=1.09239e+11 +- 2.27804e+09 (2.08537%) chi^2/dof=5.68837

iteration 11 finished.
this iteration: N=300000 E=1.15692e+11 +- 9.06003e+09 (7.83116%)
all iterations: N=3600000 E=1.09623e+11 +- 2.20928e+09 (2.01534%) chi^2/dof=5.21462

iteration 12 finished.
this iteration: N=300000 E=1.24822e+11 +- 8.49211e+09 (6.80339%)
all iterations: N=3900000 E=1.10586e+11 +- 2.13811e+09 (1.93343%) chi^2/dof=5.03009

iteration 13 finished.
this iteration: N=300000 E=1.20816e+11 +- 1.04068e+10 (8.61374%)
all iterations: N=4200000 E=1.11001e+11 +- 2.09436e+09 (1.8868%) chi^2/dof=4.71448

iteration 14 finished.
this iteration: N=300000 E=1.24744e+11 +- 5.47636e+09 (4.3901%)
all iterations: N=4500000 E=1.12754e+11 +- 1.95619e+09 (1.73491%) chi^2/dof=4.77017

iteration 15 finished.
this iteration: N=300000 E=1.18637e+11 +- 3.37036e+09 (2.84089%)
all iterations: N=4800000 E=1.14237e+11 +- 1.69186e+09 (1.48102%) chi^2/dof=4.60411

iteration 16 finished.
this iteration: N=300000 E=1.20595e+11 +- 2.8962e+09 (2.4016%)
all iterations: N=5100000 E=1.15854e+11 +- 1.46087e+09 (1.26095%) chi^2/dof=4.54093

iteration 17 finished.
this iteration: N=300000 E=1.27308e+11 +- 4.99142e+09 (3.92074%)
all iterations: N=5400000 E=1.16758e+11 +- 1.40205e+09 (1.20082%) chi^2/dof=4.55912

iteration 18 finished.
this iteration: N=300000 E=1.28357e+11 +- 4.64636e+09 (3.61988%)
all iterations: N=5700000 E=1.17726e+11 +- 1.34227e+09 (1.14017%) chi^2/dof=4.62314

iteration 19 finished.
this iteration: N=300000 E=1.27113e+11 +- 5.58192e+09 (4.39131%)
all iterations: N=6000000 E=1.18239e+11 +- 1.30507e+09 (1.10375%) chi^2/dof=4.52052

>> Cumulative result: 
>> N = 5700000; I = 1.19378e+11 +- 1.31346e+09
>> chi^2/dof = 1.49019
Time needed: 110.63s
Temperature: 280; EQCONST: 1.14159e-05

iteration 0 finished.
this iteration: N=300000 E=2.98192e+10 +- 1.15505e+10 (38.7352%)
all iterations: N=300000 E=2.98192e+10 +- 1.15505e+10 (38.7352%) chi^2/dof=inf

iteration 1 finished.
this iteration: N=300000 E=8.82896e+10 +- 2.96932e+10 (33.6316%)
all iterations: N=600000 E=3.7504e+10 +- 1.07648e+10 (28.703%) chi^2/dof=3.36792

iteration 2 finished.
this iteration: N=300000 E=1.02626e+11 +- 1.54188e+10 (15.0243%)
all iterations: N=900000 E=5.88442e+10 +- 8.82646e+09 (14.9997%) chi^2/dof=7.68027

iteration 3 finished.
this iteration: N=300000 E=9.08089e+10 +- 5.30306e+09 (5.8398%)
all iterations: N=1200000 E=8.23308e+10 +- 4.54571e+09 (5.52127%) chi^2/dof=8.33233

iteration 4 finished.
this iteration: N=300000 E=1.52513e+11 +- 4.02402e+10 (26.3848%)
all iterations: N=1500000 E=8.32151e+10 +- 4.51698e+09 (5.42807%) chi^2/dof=7.00012

iteration 5 finished.
this iteration: N=300000 E=1.12629e+11 +- 8.04025e+09 (7.13873%)
all iterations: N=1800000 E=9.02714e+10 +- 3.93807e+09 (4.36248%) chi^2/dof=7.63459

iteration 6 finished.
this iteration: N=300000 E=1.22257e+11 +- 6.55593e+09 (5.36244%)
all iterations: N=2100000 E=9.87523e+10 +- 3.37584e+09 (3.41849%) chi^2/dof=9.27741

iteration 7 finished.
this iteration: N=300000 E=1.34581e+11 +- 1.50711e+10 (11.1985%)
all iterations: N=2400000 E=1.00464e+11 +- 3.29421e+09 (3.27899%) chi^2/dof=8.72088

iteration 8 finished.
this iteration: N=300000 E=1.23819e+11 +- 9.71453e+09 (7.84573%)
all iterations: N=2700000 E=1.02873e+11 +- 3.11972e+09 (3.0326%) chi^2/dof=8.27876

iteration 9 finished.
this iteration: N=300000 E=1.18943e+11 +- 4.7117e+09 (3.96129%)
all iterations: N=3000000 E=1.07771e+11 +- 2.60121e+09 (2.41365%) chi^2/dof=8.25754

iteration 10 finished.
this iteration: N=300000 E=1.16478e+11 +- 3.23502e+09 (2.77736%)
all iterations: N=3300000 E=1.1119e+11 +- 2.02716e+09 (1.82315%) chi^2/dof=7.87178

iteration 11 finished.
this iteration: N=300000 E=1.18511e+11 +- 3.22925e+09 (2.72487%)
all iterations: N=3600000 E=1.13259e+11 +- 1.71691e+09 (1.51591%) chi^2/dof=7.49129

iteration 12 finished.
this iteration: N=300000 E=1.19383e+11 +- 4.16655e+09 (3.49009%)
all iterations: N=3900000 E=1.14148e+11 +- 1.58742e+09 (1.39066%) chi^2/dof=7.02087

removed non-finite number: 0
iteration 13 finished.
this iteration: N=300000 E=1.18025e+11 +- 3.48035e+09 (2.94881%)
all iterations: N=4200000 E=1.14816e+11 +- 1.44428e+09 (1.25791%) chi^2/dof=6.55983

iteration 14 finished.
this iteration: N=300000 E=1.16922e+11 +- 2.2991e+09 (1.96636%)
all iterations: N=4500000 E=1.15412e+11 +- 1.22299e+09 (1.05967%) chi^2/dof=6.13424

iteration 15 finished.
this iteration: N=300000 E=1.16252e+11 +- 1.84961e+09 (1.59103%)
all iterations: N=4800000 E=1.15667e+11 +- 1.02015e+09 (0.881967%) chi^2/dof=5.73487

iteration 16 finished.
this iteration: N=300000 E=1.16704e+11 +- 1.7585e+09 (1.5068%)
all iterations: N=5100000 E=1.15928e+11 +- 8.82412e+08 (0.761169%) chi^2/dof=5.39269

iteration 17 finished.
this iteration: N=300000 E=1.19451e+11 +- 1.78232e+09 (1.49209%)
all iterations: N=5400000 E=1.16622e+11 +- 7.908e+08 (0.678088%) chi^2/dof=5.26002

iteration 18 finished.
this iteration: N=300000 E=1.16864e+11 +- 1.49612e+09 (1.28023%)
all iterations: N=5700000 E=1.16675e+11 +- 6.99143e+08 (0.599224%) chi^2/dof=4.96893

iteration 19 finished.
this iteration: N=300000 E=1.21222e+11 +- 1.72591e+09 (1.42376%)
all iterations: N=6000000 E=1.17316e+11 +- 6.47995e+08 (0.552352%) chi^2/dof=5.02128

>> Cumulative result: 
>> N = 5700000; I = 1.17592e+11 +- 6.49017e+08
>> chi^2/dof = 2.10228
Time needed: 114.72s
Temperature: 290; EQCONST: 9.60247e-06

iteration 0 finished.
this iteration: N=300000 E=2.9738e+10 +- 1.1535e+10 (38.7886%)
all iterations: N=300000 E=2.9738e+10 +- 1.1535e+10 (38.7886%) chi^2/dof=inf

iteration 1 finished.
this iteration: N=300000 E=8.74943e+10 +- 2.94789e+10 (33.6924%)
all iterations: N=600000 E=3.74069e+10 +- 1.07419e+10 (28.7163%) chi^2/dof=3.32894

iteration 2 finished.
this iteration: N=300000 E=9.61473e+10 +- 1.31743e+10 (13.7022%)
all iterations: N=900000 E=6.0864e+10 +- 8.32524e+09 (13.6784%) chi^2/dof=7.63509

iteration 3 finished.
this iteration: N=300000 E=8.8014e+10 +- 5.67737e+09 (6.45053%)
all iterations: N=1200000 E=7.93958e+10 +- 4.69052e+09 (5.90777%) chi^2/dof=7.50983

iteration 4 finished.
this iteration: N=300000 E=1.13233e+11 +- 8.20239e+09 (7.24381%)
all iterations: N=1500000 E=8.77342e+10 +- 4.07177e+09 (4.64104%) chi^2/dof=8.83848

iteration 5 finished.
this iteration: N=300000 E=1.22412e+11 +- 9.60772e+09 (7.8487%)
all iterations: N=1800000 E=9.30142e+10 +- 3.74899e+09 (4.03056%) chi^2/dof=9.27953

iteration 6 finished.
this iteration: N=300000 E=1.12871e+11 +- 4.01889e+09 (3.5606%)
all iterations: N=2100000 E=1.02254e+11 +- 2.74139e+09 (2.68098%) chi^2/dof=9.9085

iteration 7 finished.
this iteration: N=300000 E=1.12636e+11 +- 2.4166e+09 (2.14549%)
all iterations: N=2400000 E=1.08096e+11 +- 1.81281e+09 (1.67703%) chi^2/dof=9.64616

iteration 8 finished.
this iteration: N=300000 E=1.1542e+11 +- 2.30446e+09 (1.99659%)
all iterations: N=2700000 E=1.10896e+11 +- 1.42479e+09 (1.2848%) chi^2/dof=9.2203

iteration 9 finished.
this iteration: N=300000 E=1.23025e+11 +- 2.50821e+09 (2.03879%)
all iterations: N=3000000 E=1.13855e+11 +- 1.23887e+09 (1.08811%) chi^2/dof=10.1601

iteration 10 finished.
this iteration: N=300000 E=1.20363e+11 +- 3.57528e+09 (2.97043%)
all iterations: N=3300000 E=1.14552e+11 +- 1.17058e+09 (1.02188%) chi^2/dof=9.43988

iteration 11 finished.
this iteration: N=300000 E=1.2586e+11 +- 3.1419e+09 (2.49634%)
all iterations: N=3600000 E=1.15931e+11 +- 1.09692e+09 (0.946189%) chi^2/dof=9.61573

iteration 12 finished.
this iteration: N=300000 E=1.20696e+11 +- 2.77296e+09 (2.29749%)
all iterations: N=3900000 E=1.16575e+11 +- 1.02002e+09 (0.874984%) chi^2/dof=9.02717

removed non-finite number: 0
iteration 13 finished.
this iteration: N=300000 E=1.20642e+11 +- 2.52822e+09 (2.09563%)
all iterations: N=4200000 E=1.17145e+11 +- 9.45931e+08 (0.807489%) chi^2/dof=8.50394

iteration 14 finished.
this iteration: N=300000 E=1.17708e+11 +- 1.88802e+09 (1.60399%)
all iterations: N=4500000 E=1.17258e+11 +- 8.45722e+08 (0.72125%) chi^2/dof=7.9016

iteration 15 finished.
this iteration: N=300000 E=1.19965e+11 +- 2.00255e+09 (1.66928%)
all iterations: N=4800000 E=1.17668e+11 +- 7.79093e+08 (0.662114%) chi^2/dof=7.47823

iteration 16 finished.
this iteration: N=300000 E=1.22155e+11 +- 3.94329e+09 (3.22811%)
all iterations: N=5100000 E=1.17836e+11 +- 7.64318e+08 (0.648628%) chi^2/dof=7.08873

iteration 17 finished.
this iteration: N=300000 E=1.23872e+11 +- 3.91933e+09 (3.164%)
all iterations: N=5400000 E=1.18057e+11 +- 7.50186e+08 (0.635443%) chi^2/dof=6.80616

removed non-finite number: 0
iteration 18 finished.
this iteration: N=300000 E=1.15117e+11 +- 2.25801e+09 (1.96149%)
all iterations: N=5700000 E=1.17765e+11 +- 7.11924e+08 (0.604529%) chi^2/dof=6.51288

iteration 19 finished.
this iteration: N=300000 E=1.21645e+11 +- 2.78514e+09 (2.28956%)
all iterations: N=6000000 E=1.18003e+11 +- 6.89747e+08 (0.584516%) chi^2/dof=6.26597

>> Cumulative result: 
>> N = 5700000; I = 1.1832e+11 +- 6.90983e+08
>> chi^2/dof = 3.34949
Time needed: 147.93s
Temperature: 300; EQCONST: 8.29483e-06

iteration 0 finished.
this iteration: N=300000 E=2.96623e+10 +- 1.15204e+10 (38.8385%)
all iterations: N=300000 E=2.96623e+10 +- 1.15204e+10 (38.8385%) chi^2/dof=inf

iteration 1 finished.
this iteration: N=300000 E=8.69101e+10 +- 2.92843e+10 (33.695%)
all iterations: N=600000 E=3.73347e+10 +- 1.07207e+10 (28.715%) chi^2/dof=3.30943

iteration 2 finished.
this iteration: N=300000 E=9.81131e+10 +- 1.41707e+10 (14.4432%)
all iterations: N=900000 E=5.94586e+10 +- 8.54963e+09 (14.3791%) chi^2/dof=7.50446

iteration 3 finished.
this iteration: N=300000 E=1.26331e+11 +- 1.47556e+10 (11.6801%)
all iterations: N=1200000 E=7.62664e+10 +- 7.39757e+09 (9.69964%) chi^2/dof=10.1286

iteration 4 finished.
this iteration: N=300000 E=1.43475e+11 +- 2.7242e+10 (18.9873%)
all iterations: N=1500000 E=8.0882e+10 +- 7.13904e+09 (8.82649%) chi^2/dof=9.01357

iteration 5 finished.
this iteration: N=300000 E=1.10737e+11 +- 6.58565e+09 (5.94713%)
all iterations: N=1800000 E=9.70111e+10 +- 4.84059e+09 (4.98973%) chi^2/dof=9.10047

iteration 6 finished.
this iteration: N=300000 E=1.16689e+11 +- 4.34132e+09 (3.72042%)
all iterations: N=2100000 E=1.07917e+11 +- 3.23192e+09 (2.99482%) chi^2/dof=9.11019

iteration 7 finished.
this iteration: N=300000 E=1.18918e+11 +- 4.66661e+09 (3.92424%)
all iterations: N=2400000 E=1.11483e+11 +- 2.65694e+09 (2.38328%) chi^2/dof=8.34524

iteration 8 finished.
this iteration: N=300000 E=1.10408e+11 +- 2.72102e+09 (2.46451%)
all iterations: N=2700000 E=1.10958e+11 +- 1.90099e+09 (1.71325%) chi^2/dof=7.31207

iteration 9 finished.
this iteration: N=300000 E=1.17732e+11 +- 2.62192e+09 (2.22703%)
all iterations: N=3000000 E=1.13292e+11 +- 1.53904e+09 (1.35847%) chi^2/dof=6.98564

iteration 10 finished.
this iteration: N=300000 E=1.21475e+11 +- 3.1616e+09 (2.60267%)
all iterations: N=3300000 E=1.1486e+11 +- 1.38379e+09 (1.20476%) chi^2/dof=6.82868

iteration 11 finished.
this iteration: N=300000 E=1.24472e+11 +- 3.34372e+09 (2.68632%)
all iterations: N=3600000 E=1.16265e+11 +- 1.27862e+09 (1.09974%) chi^2/dof=6.8493

iteration 12 finished.
this iteration: N=300000 E=1.16318e+11 +- 2.21848e+09 (1.90725%)
all iterations: N=3900000 E=1.16279e+11 +- 1.1078e+09 (0.95271%) chi^2/dof=6.27856

removed non-finite number: 0
iteration 13 finished.
this iteration: N=300000 E=1.1784e+11 +- 1.98512e+09 (1.68459%)
all iterations: N=4200000 E=1.16649e+11 +- 9.67363e+08 (0.829291%) chi^2/dof=5.83189

iteration 14 finished.
this iteration: N=300000 E=1.2022e+11 +- 2.09198e+09 (1.74014%)
all iterations: N=4500000 E=1.17278e+11 +- 8.78034e+08 (0.748675%) chi^2/dof=5.58672

iteration 15 finished.
this iteration: N=300000 E=1.16595e+11 +- 1.88094e+09 (1.61322%)
all iterations: N=4800000 E=1.17156e+11 +- 7.95617e+08 (0.679108%) chi^2/dof=5.2215

iteration 16 finished.
this iteration: N=300000 E=1.17013e+11 +- 2.06765e+09 (1.76703%)
all iterations: N=5100000 E=1.17138e+11 +- 7.42541e+08 (0.633905%) chi^2/dof=4.89541

iteration 17 finished.
this iteration: N=300000 E=1.20871e+11 +- 3.24234e+09 (2.68248%)
all iterations: N=5400000 E=1.17324e+11 +- 7.23803e+08 (0.616928%) chi^2/dof=4.68156

iteration 18 finished.
this iteration: N=300000 E=1.17407e+11 +- 2.96614e+09 (2.52637%)
all iterations: N=5700000 E=1.17328e+11 +- 7.0317e+08 (0.599318%) chi^2/dof=4.42151

iteration 19 finished.
this iteration: N=300000 E=1.26794e+11 +- 3.33384e+09 (2.62933%)
all iterations: N=6000000 E=1.17732e+11 +- 6.88032e+08 (0.584408%) chi^2/dof=4.59505

>> Cumulative result: 
>> N = 5700000; I = 1.18047e+11 +- 6.89263e+08
>> chi^2/dof = 1.59202
Time needed: 175.64s
Temperature: 310; EQCONST: 7.14041e-06

iteration 0 finished.
this iteration: N=300000 E=2.95917e+10 +- 1.15068e+10 (38.8852%)
all iterations: N=300000 E=2.95917e+10 +- 1.15068e+10 (38.8852%) chi^2/dof=inf

iteration 1 finished.
this iteration: N=300000 E=8.63236e+10 +- 2.91071e+10 (33.7185%)
all iterations: N=600000 E=3.72596e+10 +- 1.0701e+10 (28.72%) chi^2/dof=3.28544

iteration 2 finished.
this iteration: N=300000 E=1.02263e+11 +- 1.72457e+10 (16.864%)
all iterations: N=900000 E=5.53298e+10 +- 9.09273e+09 (16.4337%) chi^2/dof=6.77163

iteration 3 finished.
this iteration: N=300000 E=1.07175e+11 +- 1.15391e+10 (10.7667%)
all iterations: N=1200000 E=7.51901e+10 +- 7.14187e+09 (9.49843%) chi^2/dof=8.66567

iteration 4 finished.
this iteration: N=300000 E=1.14049e+11 +- 8.73718e+09 (7.66087%)
all iterations: N=1500000 E=9.07547e+10 +- 5.52959e+09 (6.0929%) chi^2/dof=9.46376

iteration 5 finished.
this iteration: N=300000 E=1.1674e+11 +- 5.57039e+09 (4.77161%)
all iterations: N=1800000 E=1.03652e+11 +- 3.92436e+09 (3.78609%) chi^2/dof=9.76316

iteration 6 finished.
this iteration: N=300000 E=1.17248e+11 +- 4.30146e+09 (3.66869%)
all iterations: N=2100000 E=1.09828e+11 +- 2.89911e+09 (2.63968%) chi^2/dof=9.0447

iteration 7 finished.
this iteration: N=300000 E=1.14404e+11 +- 2.7864e+09 (2.43557%)
all iterations: N=2400000 E=1.12207e+11 +- 2.00895e+09 (1.7904%) chi^2/dof=7.93763

iteration 8 finished.
this iteration: N=300000 E=1.13872e+11 +- 3.38647e+09 (2.97392%)
all iterations: N=2700000 E=1.1264e+11 +- 1.7278e+09 (1.53391%) chi^2/dof=6.96779

iteration 9 finished.
this iteration: N=300000 E=1.18078e+11 +- 3.19936e+09 (2.70953%)
all iterations: N=3000000 E=1.13868e+11 +- 1.52027e+09 (1.33511%) chi^2/dof=6.44207

iteration 10 finished.
this iteration: N=300000 E=1.18723e+11 +- 2.88406e+09 (2.42923%)
all iterations: N=3300000 E=1.14924e+11 +- 1.34486e+09 (1.17022%) chi^2/dof=6.01963

iteration 11 finished.
this iteration: N=300000 E=1.1593e+11 +- 2.00541e+09 (1.72985%)
all iterations: N=3600000 E=1.15236e+11 +- 1.11695e+09 (0.969275%) chi^2/dof=5.48817

iteration 12 finished.
this iteration: N=300000 E=1.20252e+11 +- 4.40849e+09 (3.66603%)
all iterations: N=3900000 E=1.15538e+11 +- 1.08274e+09 (0.937126%) chi^2/dof=5.13221

removed non-finite number: 0
iteration 13 finished.
this iteration: N=300000 E=1.15969e+11 +- 2.9994e+09 (2.58637%)
all iterations: N=4200000 E=1.15588e+11 +- 1.01842e+09 (0.881074%) chi^2/dof=4.73883

iteration 14 finished.
this iteration: N=300000 E=1.16696e+11 +- 2.80621e+09 (2.40472%)
all iterations: N=4500000 E=1.15717e+11 +- 9.57323e+08 (0.827296%) chi^2/dof=4.41018

iteration 15 finished.
this iteration: N=300000 E=1.15835e+11 +- 2.32495e+09 (2.00712%)
all iterations: N=4800000 E=1.15734e+11 +- 8.85217e+08 (0.76487%) chi^2/dof=4.11631

iteration 16 finished.
this iteration: N=300000 E=1.18197e+11 +- 2.89243e+09 (2.44713%)
all iterations: N=5100000 E=1.15945e+11 +- 8.46462e+08 (0.730054%) chi^2/dof=3.90047

iteration 17 finished.
this iteration: N=300000 E=1.28938e+11 +- 4.92779e+09 (3.82184%)
all iterations: N=5400000 E=1.16317e+11 +- 8.34244e+08 (0.717213%) chi^2/dof=4.06824

iteration 18 finished.
this iteration: N=300000 E=1.22951e+11 +- 3.86017e+09 (3.1396%)
all iterations: N=5700000 E=1.16613e+11 +- 8.15419e+08 (0.699249%) chi^2/dof=3.99896

iteration 19 finished.
this iteration: N=300000 E=1.1682e+11 +- 3.47117e+09 (2.97139%)
all iterations: N=6000000 E=1.16624e+11 +- 7.9381e+08 (0.680656%) chi^2/dof=3.78866

>> Cumulative result: 
>> N = 5700000; I = 1.1704e+11 +- 7.95706e+08
>> chi^2/dof = 0.805742
Time needed: 151.43s
Temperature: 320; EQCONST: 6.13702e-06

iteration 0 finished.
this iteration: N=300000 E=2.95257e+10 +- 1.1494e+10 (38.929%)
all iterations: N=300000 E=2.95257e+10 +- 1.1494e+10 (38.929%) chi^2/dof=inf

iteration 1 finished.
this iteration: N=300000 E=8.63217e+10 +- 2.89502e+10 (33.5376%)
all iterations: N=600000 E=3.72594e+10 +- 1.06829e+10 (28.6716%) chi^2/dof=3.32477

iteration 2 finished.
this iteration: N=300000 E=9.5335e+10 +- 1.31954e+10 (13.8411%)
all iterations: N=900000 E=6.02533e+10 +- 8.30293e+09 (13.78%) chi^2/dof=7.51297

iteration 3 finished.
this iteration: N=300000 E=9.34805e+10 +- 6.68679e+09 (7.15314%)
all iterations: N=1200000 E=8.04082e+10 +- 5.20788e+09 (6.4768%) chi^2/dof=8.24675

iteration 4 finished.
this iteration: N=300000 E=1.30239e+11 +- 1.22806e+10 (9.42934%)
all iterations: N=1500000 E=8.80036e+10 +- 4.79457e+09 (5.44815%) chi^2/dof=9.67377

iteration 5 finished.
this iteration: N=300000 E=1.05501e+11 +- 4.0284e+09 (3.81834%)
all iterations: N=1800000 E=9.82606e+10 +- 3.08426e+09 (3.13886%) chi^2/dof=9.30049

iteration 6 finished.
this iteration: N=300000 E=1.21986e+11 +- 8.62722e+09 (7.07231%)
all iterations: N=2100000 E=1.00949e+11 +- 2.90425e+09 (2.87694%) chi^2/dof=8.86802

iteration 7 finished.
this iteration: N=300000 E=1.24441e+11 +- 5.65021e+09 (4.54047%)
all iterations: N=2400000 E=1.05859e+11 +- 2.583e+09 (2.44005%) chi^2/dof=9.55455

iteration 8 finished.
this iteration: N=300000 E=1.14312e+11 +- 3.05794e+09 (2.67509%)
all iterations: N=2700000 E=1.09379e+11 +- 1.97326e+09 (1.80406%) chi^2/dof=8.91767

iteration 9 finished.
this iteration: N=300000 E=1.15755e+11 +- 2.32846e+09 (2.01153%)
all iterations: N=3000000 E=1.12044e+11 +- 1.50539e+09 (1.34357%) chi^2/dof=8.41181

iteration 10 finished.
this iteration: N=300000 E=1.24364e+11 +- 3.86456e+09 (3.10745%)
all iterations: N=3300000 E=1.13667e+11 +- 1.40272e+09 (1.23406%) chi^2/dof=8.45307

iteration 11 finished.
this iteration: N=300000 E=1.16394e+11 +- 2.57418e+09 (2.21162%)
all iterations: N=3600000 E=1.14291e+11 +- 1.23172e+09 (1.0777%) chi^2/dof=7.76324

iteration 12 finished.
this iteration: N=300000 E=1.15854e+11 +- 2.48101e+09 (2.14149%)
all iterations: N=3900000 E=1.146e+11 +- 1.10324e+09 (0.962687%) chi^2/dof=7.14282

removed non-finite number: 0
iteration 13 finished.
this iteration: N=300000 E=1.14446e+11 +- 2.23696e+09 (1.9546%)
all iterations: N=4200000 E=1.1457e+11 +- 9.89452e+08 (0.863621%) chi^2/dof=6.59367

iteration 14 finished.
this iteration: N=300000 E=1.18026e+11 +- 2.11442e+09 (1.79149%)
all iterations: N=4500000 E=1.15191e+11 +- 8.96182e+08 (0.777997%) chi^2/dof=6.27922

iteration 15 finished.
this iteration: N=300000 E=1.19838e+11 +- 1.90705e+09 (1.59135%)
all iterations: N=4800000 E=1.16032e+11 +- 8.11087e+08 (0.699023%) chi^2/dof=6.18487

iteration 16 finished.
this iteration: N=300000 E=1.26494e+11 +- 8.61319e+09 (6.80916%)
all iterations: N=5100000 E=1.16124e+11 +- 8.07515e+08 (0.695393%) chi^2/dof=5.88973

iteration 17 finished.
this iteration: N=300000 E=1.16347e+11 +- 4.30347e+09 (3.69881%)
all iterations: N=5400000 E=1.16131e+11 +- 7.93663e+08 (0.683419%) chi^2/dof=5.54343

iteration 18 finished.
this iteration: N=300000 E=1.16302e+11 +- 2.72136e+09 (2.33992%)
all iterations: N=5700000 E=1.16145e+11 +- 7.61922e+08 (0.656012%) chi^2/dof=5.23566

iteration 19 finished.
this iteration: N=300000 E=1.1647e+11 +- 2.09809e+09 (1.8014%)
all iterations: N=6000000 E=1.16182e+11 +- 7.16161e+08 (0.61641%) chi^2/dof=4.96122

>> Cumulative result: 
>> N = 5700000; I = 1.1652e+11 +- 7.17555e+08
>> chi^2/dof = 2.06672
Time needed: 168.78s
Temperature: 330; EQCONST: 5.31967e-06

iteration 0 finished.
this iteration: N=300000 E=2.94638e+10 +- 1.14821e+10 (38.9701%)
all iterations: N=300000 E=2.94638e+10 +- 1.14821e+10 (38.9701%) chi^2/dof=inf

iteration 1 finished.
this iteration: N=300000 E=8.58444e+10 +- 2.88026e+10 (33.5521%)
all iterations: N=600000 E=3.71951e+10 +- 1.06658e+10 (28.6752%) chi^2/dof=3.30631

iteration 2 finished.
this iteration: N=300000 E=9.60608e+10 +- 1.18881e+10 (12.3756%)
all iterations: N=900000 E=6.3447e+10 +- 7.93895e+09 (12.5127%) chi^2/dof=8.44528

iteration 3 finished.
this iteration: N=300000 E=9.41605e+10 +- 6.22872e+09 (6.615%)
all iterations: N=1200000 E=8.2458e+10 +- 4.90046e+09 (5.94298%) chi^2/dof=8.71826

iteration 4 finished.
this iteration: N=300000 E=1.11165e+11 +- 6.45727e+09 (5.80874%)
all iterations: N=1500000 E=9.29491e+10 +- 3.90362e+09 (4.19974%) chi^2/dof=9.67393

iteration 5 finished.
this iteration: N=300000 E=1.1847e+11 +- 5.6636e+09 (4.78064%)
all iterations: N=1800000 E=1.01168e+11 +- 3.21412e+09 (3.17701%) chi^2/dof=10.4922

iteration 6 finished.
this iteration: N=300000 E=1.16772e+11 +- 4.03733e+09 (3.45745%)
all iterations: N=2100000 E=1.07221e+11 +- 2.51458e+09 (2.34523%) chi^2/dof=10.2673

iteration 7 finished.
this iteration: N=300000 E=1.19839e+11 +- 5.17793e+09 (4.32074%)
all iterations: N=2400000 E=1.09629e+11 +- 2.26196e+09 (2.06328%) chi^2/dof=9.48692

iteration 8 finished.
this iteration: N=300000 E=1.16597e+11 +- 3.33446e+09 (2.85982%)
all iterations: N=2700000 E=1.11825e+11 +- 1.8719e+09 (1.67396%) chi^2/dof=8.67483

iteration 9 finished.
this iteration: N=300000 E=1.16842e+11 +- 2.08265e+09 (1.78245%)
all iterations: N=3000000 E=1.14067e+11 +- 1.3922e+09 (1.22051%) chi^2/dof=8.0676

iteration 10 finished.
this iteration: N=300000 E=1.14875e+11 +- 2.02841e+09 (1.76575%)
all iterations: N=3300000 E=1.14326e+11 +- 1.14785e+09 (1.00401%) chi^2/dof=7.27163

iteration 11 finished.
this iteration: N=300000 E=1.18269e+11 +- 1.93658e+09 (1.63744%)
all iterations: N=3600000 E=1.15351e+11 +- 9.87427e+08 (0.856022%) chi^2/dof=6.88945

iteration 12 finished.
this iteration: N=300000 E=1.1972e+11 +- 2.92065e+09 (2.43958%)
all iterations: N=3900000 E=1.15799e+11 +- 9.35414e+08 (0.807792%) chi^2/dof=6.48267

removed non-finite number: 0
iteration 13 finished.
this iteration: N=300000 E=1.18669e+11 +- 2.56161e+09 (2.15862%)
all iterations: N=4200000 E=1.16137e+11 +- 8.78664e+08 (0.756578%) chi^2/dof=6.06921

iteration 14 finished.
this iteration: N=300000 E=1.15168e+11 +- 1.97735e+09 (1.71692%)
all iterations: N=4500000 E=1.15977e+11 +- 8.02957e+08 (0.692342%) chi^2/dof=5.64999

iteration 15 finished.
this iteration: N=300000 E=1.12983e+11 +- 1.74832e+09 (1.54742%)
all iterations: N=4800000 E=1.15455e+11 +- 7.2968e+08 (0.632002%) chi^2/dof=5.43478

iteration 16 finished.
this iteration: N=300000 E=1.18133e+11 +- 4.14944e+09 (3.5125%)
all iterations: N=5100000 E=1.15536e+11 +- 7.18653e+08 (0.622018%) chi^2/dof=5.12035

iteration 17 finished.
this iteration: N=300000 E=1.20586e+11 +- 6.5331e+09 (5.41778%)
all iterations: N=5400000 E=1.15596e+11 +- 7.14344e+08 (0.617965%) chi^2/dof=4.85389

iteration 18 finished.
this iteration: N=300000 E=1.15039e+11 +- 3.17841e+09 (2.7629%)
all iterations: N=5700000 E=1.15569e+11 +- 6.96959e+08 (0.603065%) chi^2/dof=4.58585

iteration 19 finished.
this iteration: N=300000 E=1.16535e+11 +- 2.13114e+09 (1.82875%)
all iterations: N=6000000 E=1.15663e+11 +- 6.62434e+08 (0.572729%) chi^2/dof=4.35427

>> Cumulative result: 
>> N = 5700000; I = 1.15951e+11 +- 6.63539e+08
>> chi^2/dof = 1.45466
Time needed: 206.11s
Temperature: 340; EQCONST: 4.62822e-06

iteration 0 finished.
this iteration: N=300000 E=2.94057e+10 +- 1.14708e+10 (39.0087%)
all iterations: N=300000 E=2.94057e+10 +- 1.14708e+10 (39.0087%) chi^2/dof=inf

iteration 1 finished.
this iteration: N=300000 E=8.53915e+10 +- 2.8667e+10 (33.5712%)
all iterations: N=600000 E=3.71325e+10 +- 1.06498e+10 (28.6807%) chi^2/dof=3.2877

iteration 2 finished.
this iteration: N=300000 E=9.3766e+10 +- 1.1032e+10 (11.7654%)
all iterations: N=900000 E=6.44515e+10 +- 7.66211e+09 (11.8882%) chi^2/dof=8.46441

iteration 3 finished.
this iteration: N=300000 E=1.12009e+11 +- 1.20249e+10 (10.7357%)
all iterations: N=1200000 E=7.81844e+10 +- 6.46181e+09 (8.26483%) chi^2/dof=9.35112

iteration 4 finished.
this iteration: N=300000 E=1.07128e+11 +- 5.08771e+09 (4.74917%)
all iterations: N=1500000 E=9.60519e+10 +- 3.99738e+09 (4.16169%) chi^2/dof=10.1097

iteration 5 finished.
this iteration: N=300000 E=1.10902e+11 +- 3.91357e+09 (3.52885%)
all iterations: N=1800000 E=1.03634e+11 +- 2.79647e+09 (2.6984%) chi^2/dof=9.49715

iteration 6 finished.
this iteration: N=300000 E=1.15764e+11 +- 4.20868e+09 (3.63557%)
all iterations: N=2100000 E=1.07349e+11 +- 2.32918e+09 (2.16972%) chi^2/dof=8.87465

iteration 7 finished.
this iteration: N=300000 E=1.21323e+11 +- 7.04012e+09 (5.80277%)
all iterations: N=2400000 E=1.08728e+11 +- 2.2113e+09 (2.03379%) chi^2/dof=8.11415

iteration 8 finished.
this iteration: N=300000 E=1.13472e+11 +- 3.68881e+09 (3.25084%)
all iterations: N=2700000 E=1.09982e+11 +- 1.89663e+09 (1.72448%) chi^2/dof=7.25199

iteration 9 finished.
this iteration: N=300000 E=1.24424e+11 +- 4.59595e+09 (3.69379%)
all iterations: N=3000000 E=1.12084e+11 +- 1.75321e+09 (1.56419%) chi^2/dof=7.38362

iteration 10 finished.
this iteration: N=300000 E=1.30618e+11 +- 1.16578e+10 (8.92505%)
all iterations: N=3300000 E=1.12494e+11 +- 1.73371e+09 (1.54116%) chi^2/dof=6.89245

iteration 11 finished.
this iteration: N=300000 E=1.15503e+11 +- 3.98985e+09 (3.45431%)
all iterations: N=3600000 E=1.12972e+11 +- 1.59008e+09 (1.4075%) chi^2/dof=6.30938

iteration 12 finished.
this iteration: N=300000 E=1.17161e+11 +- 5.23047e+09 (4.46434%)
all iterations: N=3900000 E=1.13326e+11 +- 1.52133e+09 (1.34244%) chi^2/dof=5.83254

removed non-finite number: 0
iteration 13 finished.
this iteration: N=300000 E=1.18805e+11 +- 3.88057e+09 (3.26632%)
all iterations: N=4200000 E=1.14056e+11 +- 1.41638e+09 (1.24183%) chi^2/dof=5.51681

iteration 14 finished.
this iteration: N=300000 E=1.17042e+11 +- 3.05316e+09 (2.60861%)
all iterations: N=4500000 E=1.14585e+11 +- 1.28485e+09 (1.12131%) chi^2/dof=5.17897

iteration 15 finished.
this iteration: N=300000 E=1.14394e+11 +- 2.23664e+09 (1.9552%)
all iterations: N=4800000 E=1.14538e+11 +- 1.11411e+09 (0.972703%) chi^2/dof=4.83407

iteration 16 finished.
this iteration: N=300000 E=1.17999e+11 +- 2.66509e+09 (2.25857%)
all iterations: N=5100000 E=1.15052e+11 +- 1.02791e+09 (0.893425%) chi^2/dof=4.62169

iteration 17 finished.
this iteration: N=300000 E=1.16764e+11 +- 2.48036e+09 (2.12424%)
all iterations: N=5400000 E=1.15303e+11 +- 9.49593e+08 (0.823561%) chi^2/dof=4.37373

iteration 18 finished.
this iteration: N=300000 E=1.18884e+11 +- 2.51134e+09 (2.11242%)
all iterations: N=5700000 E=1.15751e+11 +- 8.88217e+08 (0.76735%) chi^2/dof=4.22957

iteration 19 finished.
this iteration: N=300000 E=1.16785e+11 +- 2.23144e+09 (1.91073%)
all iterations: N=6000000 E=1.15893e+11 +- 8.25244e+08 (0.712076%) chi^2/dof=4.01671

>> Cumulative result: 
>> N = 5700000; I = 1.16343e+11 +- 8.27387e+08
>> chi^2/dof = 1.06521
Time needed: 132.36s
Temperature: 350; EQCONST: 4.07595e-06

Total time elapsed: 3456.27s
removed non-finite number: 0
removed non-finite number: 0
removed non-finite number: 0
removed non-finite number: 0
removed non-finite number: 0
removed non-finite number: 0
removed non-finite number: 0
removed non-finite number: 0
removed non-finite number: 0
removed non-finite number: 0
removed non-finite number: 0
removed non-finite number: 0
removed non-finite number: 0
removed non-finite number: 0
removed non-finite number: 0
removed non-finite number: 0
removed non-finite number: 0
removed non-finite number: 0
removed non-finite number: 0
removed non-finite number: 0
removed non-finite number: 0
removed non-finite number: 0
removed non-finite number: 0
removed non-finite number: 0
removed non-finite number: 0
removed non-finite number: 0
removed non-finite number: 0
removed non-finite number: 0
removed non-finite number: 0
removed non-finite number: 0
removed non-finite number: 0
removed non-finite number: 0
removed non-finite number: 0
removed non-finite number: 0
removed non-finite number: 0
removed non-finite number: 0
removed non-finite number: 0
removed non-finite number: 0
removed non-finite number: 0
removed non-finite number: 0
removed non-finite number: 0
removed non-finite number: 0
removed non-finite number: 0
removed non-finite number: 0
removed non-finite number: 0
removed non-finite number: 0
removed non-finite number: 0
removed non-finite number: 0
removed non-finite number: 0
removed non-finite number: 0
removed non-finite number: 0
removed non-finite number: 0
removed non-finite number: 0
removed non-finite number: 0
removed non-finite number: 0
removed non-finite number: 0
removed non-finite number: 0
removed non-finite number: 0
removed non-finite number: 0
removed non-finite number: 0
removed non-finite number: 0
removed non-finite number: 0
removed non-finite number: 0
removed non-finite number: 0
removed non-finite number: 0
removed non-finite number: 0
removed non-finite number: 0
removed non-finite number: 0
removed non-finite number: 0
removed non-finite number: 0
removed non-finite number: 0
removed non-finite number: 0
removed non-finite number: 0
removed non-finite number: 0
removed non-finite number: 0
