--- Computing FULL EQCONST for N2N2 (Avoird potential) --- 
iteration 0 finished.
this iteration: N=300000 E=1.53422e+18 +- 1.24756e+18 (81.3156%)
all iterations: N=300000 E=1.53422e+18 +- 1.24756e+18 (81.3156%) chi^2/dof=inf

iteration 1 finished.
this iteration: N=300000 E=5.244e+19 +- 3.01787e+19 (57.549%)
all iterations: N=600000 E=1.62107e+18 +- 1.2465e+18 (76.8936%) chi^2/dof=2.84047

iteration 2 finished.
this iteration: N=300000 E=8.41286e+22 +- 7.1052e+22 (84.4564%)
all iterations: N=900000 E=1.62109e+18 +- 1.2465e+18 (76.8924%) chi^2/dof=2.12119

iteration 3 finished.
this iteration: N=300000 E=7.41445e+21 +- 2.99687e+21 (40.4194%)
all iterations: N=1200000 E=1.62238e+18 +- 1.2465e+18 (76.8316%) chi^2/dof=3.45356

iteration 4 finished.
this iteration: N=300000 E=1.08853e+22 +- 2.09228e+21 (19.2211%)
all iterations: N=1500000 E=1.62624e+18 +- 1.2465e+18 (76.6491%) chi^2/dof=9.35492

iteration 5 finished.
this iteration: N=300000 E=3.49187e+22 +- 5.39381e+21 (15.4468%)
all iterations: N=1800000 E=1.6281e+18 +- 1.2465e+18 (76.5613%) chi^2/dof=15.8653

iteration 6 finished.
this iteration: N=300000 E=6.14853e+22 +- 1.2155e+22 (19.7689%)
all iterations: N=2100000 E=1.62875e+18 +- 1.2465e+18 (76.5309%) chi^2/dof=17.4855

iteration 7 finished.
this iteration: N=300000 E=4.92932e+22 +- 2.09994e+21 (4.26011%)
all iterations: N=2400000 E=1.64612e+18 +- 1.2465e+18 (75.7234%) chi^2/dof=93.698

iteration 8 finished.
this iteration: N=300000 E=6.18242e+22 +- 4.91412e+21 (7.94854%)
all iterations: N=2700000 E=1.65009e+18 +- 1.2465e+18 (75.5409%) chi^2/dof=101.77

iteration 9 finished.
this iteration: N=300000 E=5.48384e+22 +- 1.798e+21 (3.27872%)
all iterations: N=3000000 E=1.67645e+18 +- 1.2465e+18 (74.3533%) chi^2/dof=193.815

iteration 10 finished.
this iteration: N=300000 E=5.70663e+22 +- 9.44857e+20 (1.65572%)
all iterations: N=3300000 E=1.77577e+18 +- 1.24649e+18 (70.1948%) chi^2/dof=539.188

iteration 11 finished.
this iteration: N=300000 E=5.64276e+22 +- 5.94018e+20 (1.05271%)
all iterations: N=3600000 E=2.02423e+18 +- 1.24649e+18 (61.5787%) chi^2/dof=1310.45

iteration 12 finished.
this iteration: N=300000 E=5.62553e+22 +- 5.02815e+20 (0.893809%)
all iterations: N=3900000 E=2.36993e+18 +- 1.24649e+18 (52.5959%) chi^2/dof=2244.27

iteration 13 finished.
this iteration: N=300000 E=5.70379e+22 +- 4.24295e+20 (0.743883%)
all iterations: N=4200000 E=2.86218e+18 +- 1.24648e+18 (43.5502%) chi^2/dof=3461.61

iteration 14 finished.
this iteration: N=300000 E=5.65375e+22 +- 4.05988e+20 (0.718086%)
all iterations: N=4500000 E=3.39509e+18 +- 1.24648e+18 (36.7141%) chi^2/dof=4599.42

iteration 15 finished.
this iteration: N=300000 E=5.64909e+22 +- 3.96253e+20 (0.701445%)
all iterations: N=4800000 E=3.95404e+18 +- 1.24647e+18 (31.524%) chi^2/dof=5647.56

iteration 16 finished.
this iteration: N=300000 E=5.66037e+22 +- 3.8683e+20 (0.683401%)
all iterations: N=5100000 E=4.54171e+18 +- 1.24646e+18 (27.4448%) chi^2/dof=6632.61

iteration 17 finished.
this iteration: N=300000 E=5.64682e+22 +- 3.81363e+20 (0.675359%)
all iterations: N=5400000 E=5.14489e+18 +- 1.24646e+18 (24.2271%) chi^2/dof=7531.92

iteration 18 finished.
this iteration: N=300000 E=5.65023e+22 +- 3.69119e+20 (0.653281%)
all iterations: N=5700000 E=5.78913e+18 +- 1.24645e+18 (21.5309%) chi^2/dof=8414.97

iteration 19 finished.
this iteration: N=300000 E=5.76282e+22 +- 3.9156e+20 (0.679459%)
all iterations: N=6000000 E=6.37303e+18 +- 1.24644e+18 (19.5581%) chi^2/dof=9111.88

>> Cumulative result: 
>> N = 5700000; I = 2.70449e+21 +- 2.94593e+19
>> chi^2/dof = 9151.24
Time needed: 185.32s
Temperature: 100; EQCONST: 6.80959e-05

iteration 0 finished.
this iteration: N=300000 E=1.47136e+18 +- 1.21011e+18 (82.2441%)
all iterations: N=300000 E=1.47136e+18 +- 1.21011e+18 (82.2441%) chi^2/dof=inf

iteration 1 finished.
this iteration: N=300000 E=7.0135e+19 +- 4.36e+19 (62.1658%)
all iterations: N=600000 E=1.52421e+18 +- 1.20964e+18 (79.3617%) chi^2/dof=2.47826

iteration 2 finished.
this iteration: N=300000 E=5.50947e+21 +- 4.31714e+21 (78.3586%)
all iterations: N=900000 E=1.52465e+18 +- 1.20964e+18 (79.3392%) chi^2/dof=2.053

iteration 3 finished.
this iteration: N=300000 E=6.38125e+21 +- 2.34161e+21 (36.6951%)
all iterations: N=1200000 E=1.52635e+18 +- 1.20964e+18 (79.2507%) chi^2/dof=3.84298

iteration 4 finished.
this iteration: N=300000 E=2.11836e+22 +- 3.82951e+21 (18.0777%)
all iterations: N=1500000 E=1.52846e+18 +- 1.20964e+18 (79.1411%) chi^2/dof=10.531

iteration 5 finished.
this iteration: N=300000 E=1.11355e+23 +- 6.95658e+22 (62.4723%)
all iterations: N=1800000 E=1.5285e+18 +- 1.20964e+18 (79.1393%) chi^2/dof=8.93726

iteration 6 finished.
this iteration: N=300000 E=4.91775e+22 +- 6.34911e+21 (12.9106%)
all iterations: N=2100000 E=1.53028e+18 +- 1.20964e+18 (79.047%) chi^2/dof=17.4461

iteration 7 finished.
this iteration: N=300000 E=4.80732e+22 +- 2.31003e+21 (4.80524%)
all iterations: N=2400000 E=1.54346e+18 +- 1.20964e+18 (78.3719%) chi^2/dof=76.8185

iteration 8 finished.
this iteration: N=300000 E=5.5846e+22 +- 3.41477e+21 (6.11462%)
all iterations: N=2700000 E=1.55047e+18 +- 1.20964e+18 (78.0177%) chi^2/dof=100.647

iteration 9 finished.
this iteration: N=300000 E=5.23882e+22 +- 1.82828e+21 (3.48987%)
all iterations: N=3000000 E=1.5734e+18 +- 1.20964e+18 (76.8806%) chi^2/dof=180.689

iteration 10 finished.
this iteration: N=300000 E=5.50974e+22 +- 1.42416e+21 (2.5848%)
all iterations: N=3300000 E=1.61315e+18 +- 1.20964e+18 (74.9862%) chi^2/dof=312.285

iteration 11 finished.
this iteration: N=300000 E=5.34837e+22 +- 1.20452e+21 (2.25212%)
all iterations: N=3600000 E=1.66709e+18 +- 1.20964e+18 (72.56%) chi^2/dof=463.121

iteration 12 finished.
this iteration: N=300000 E=5.46193e+22 +- 8.36876e+20 (1.5322%)
all iterations: N=3900000 E=1.7812e+18 +- 1.20964e+18 (67.9115%) chi^2/dof=779.473

iteration 13 finished.
this iteration: N=300000 E=5.55516e+22 +- 5.91535e+20 (1.06484%)
all iterations: N=4200000 E=2.01349e+18 +- 1.20964e+18 (60.0766%) chi^2/dof=1397.87

iteration 14 finished.
this iteration: N=300000 E=5.48953e+22 +- 4.92755e+20 (0.897628%)
all iterations: N=4500000 E=2.34429e+18 +- 1.20963e+18 (51.5992%) chi^2/dof=2184.45

iteration 15 finished.
this iteration: N=300000 E=5.44754e+22 +- 4.1573e+20 (0.763153%)
all iterations: N=4800000 E=2.80546e+18 +- 1.20963e+18 (43.1169%) chi^2/dof=3183.4

iteration 16 finished.
this iteration: N=300000 E=5.59747e+22 +- 1.17925e+21 (2.10675%)
all iterations: N=5100000 E=2.86435e+18 +- 1.20963e+18 (42.2304%) chi^2/dof=3125.24

iteration 17 finished.
this iteration: N=300000 E=5.53522e+22 +- 7.93848e+20 (1.43418%)
all iterations: N=5400000 E=2.99286e+18 +- 1.20963e+18 (40.417%) chi^2/dof=3227.36

iteration 18 finished.
this iteration: N=300000 E=5.42427e+22 +- 4.48631e+20 (0.827082%)
all iterations: N=5700000 E=3.38717e+18 +- 1.20962e+18 (35.7119%) chi^2/dof=3860.1

iteration 19 finished.
this iteration: N=300000 E=5.57807e+22 +- 4.07692e+20 (0.730883%)
all iterations: N=6000000 E=3.87818e+18 +- 1.20962e+18 (31.1903%) chi^2/dof=4642.07

>> Cumulative result: 
>> N = 5700000; I = 2.96203e+21 +- 4.24241e+19
>> chi^2/dof = 4629.63
Time needed: 187s
Temperature: 110; EQCONST: 4.8569e-05

iteration 0 finished.
this iteration: N=300000 E=1.42211e+18 +- 1.18033e+18 (82.9982%)
all iterations: N=300000 E=1.42211e+18 +- 1.18033e+18 (82.9982%) chi^2/dof=inf

iteration 1 finished.
this iteration: N=300000 E=1.92509e+20 +- 1.08507e+20 (56.365%)
all iterations: N=600000 E=1.44472e+18 +- 1.18026e+18 (81.6945%) chi^2/dof=3.10091

iteration 2 finished.
this iteration: N=300000 E=4.21985e+20 +- 1.01051e+20 (23.9466%)
all iterations: N=900000 E=1.50208e+18 +- 1.18018e+18 (78.5694%) chi^2/dof=10.209

iteration 3 finished.
this iteration: N=300000 E=6.52579e+21 +- 1.1933e+21 (18.286%)
all iterations: N=1200000 E=1.50847e+18 +- 1.18018e+18 (78.237%) chi^2/dof=16.7702

iteration 4 finished.
this iteration: N=300000 E=8.68486e+22 +- 3.29501e+22 (37.9397%)
all iterations: N=1500000 E=1.50858e+18 +- 1.18018e+18 (78.2312%) chi^2/dof=14.3144

iteration 5 finished.
this iteration: N=300000 E=5.26256e+22 +- 7.76544e+21 (14.756%)
all iterations: N=1800000 E=1.50979e+18 +- 1.18018e+18 (78.1682%) chi^2/dof=20.6363

iteration 6 finished.
this iteration: N=300000 E=6.25364e+22 +- 6.5904e+21 (10.5385%)
all iterations: N=2100000 E=1.5118e+18 +- 1.18018e+18 (78.0645%) chi^2/dof=32.2031

iteration 7 finished.
this iteration: N=300000 E=5.79554e+22 +- 3.13799e+21 (5.41448%)
all iterations: N=2400000 E=1.52e+18 +- 1.18018e+18 (77.6435%) chi^2/dof=76.3292

iteration 8 finished.
this iteration: N=300000 E=5.52045e+22 +- 1.6542e+21 (2.99649%)
all iterations: N=2700000 E=1.54809e+18 +- 1.18018e+18 (76.2342%) chi^2/dof=205.995

iteration 9 finished.
this iteration: N=300000 E=5.42237e+22 +- 1.46012e+21 (2.69278%)
all iterations: N=3000000 E=1.58352e+18 +- 1.18018e+18 (74.5288%) chi^2/dof=336.333

iteration 10 finished.
this iteration: N=300000 E=5.57724e+22 +- 1.40718e+21 (2.52308%)
all iterations: N=3300000 E=1.62275e+18 +- 1.18018e+18 (72.7271%) chi^2/dof=459.776

iteration 11 finished.
this iteration: N=300000 E=5.31783e+22 +- 8.41293e+20 (1.58202%)
all iterations: N=3600000 E=1.72739e+18 +- 1.18018e+18 (68.3213%) chi^2/dof=781.185

iteration 12 finished.
this iteration: N=300000 E=5.55045e+22 +- 1.61844e+21 (2.91587%)
all iterations: N=3900000 E=1.75691e+18 +- 1.18018e+18 (67.1736%) chi^2/dof=814.093

iteration 13 finished.
this iteration: N=300000 E=5.27116e+22 +- 9.35089e+20 (1.77397%)
all iterations: N=4200000 E=1.84087e+18 +- 1.18017e+18 (64.1098%) chi^2/dof=995.888

iteration 14 finished.
this iteration: N=300000 E=5.43004e+22 +- 1.23835e+21 (2.28056%)
all iterations: N=4500000 E=1.89018e+18 +- 1.18017e+18 (62.4371%) chi^2/dof=1062.08

iteration 15 finished.
this iteration: N=300000 E=5.3996e+22 +- 8.25568e+20 (1.52894%)
all iterations: N=4800000 E=2.00052e+18 +- 1.18017e+18 (58.9932%) chi^2/dof=1276.44

iteration 16 finished.
this iteration: N=300000 E=5.38159e+22 +- 5.13299e+20 (0.953806%)
all iterations: N=5100000 E=2.285e+18 +- 1.18017e+18 (51.6487%) chi^2/dof=1883.61

iteration 17 finished.
this iteration: N=300000 E=5.33565e+22 +- 4.13665e+20 (0.775285%)
all iterations: N=5400000 E=2.71926e+18 +- 1.18017e+18 (43.4002%) chi^2/dof=2751.37

iteration 18 finished.
this iteration: N=300000 E=5.32159e+22 +- 3.68774e+20 (0.692976%)
all iterations: N=5700000 E=3.26424e+18 +- 1.18016e+18 (36.1541%) chi^2/dof=3755.28

iteration 19 finished.
this iteration: N=300000 E=5.45783e+22 +- 3.9906e+20 (0.731171%)
all iterations: N=6000000 E=3.74155e+18 +- 1.18015e+18 (31.5419%) chi^2/dof=4541.99

>> Cumulative result: 
>> N = 5700000; I = 7.80608e+21 +- 6.84581e+19
>> chi^2/dof = 4072.45
Time needed: 187.06s
Temperature: 120; EQCONST: 8.65274e-05

iteration 0 finished.
this iteration: N=300000 E=1.3825e+18 +- 1.15605e+18 (83.6205%)
all iterations: N=300000 E=1.3825e+18 +- 1.15605e+18 (83.6205%) chi^2/dof=inf

iteration 1 finished.
this iteration: N=300000 E=1.90365e+20 +- 1.00899e+20 (53.0027%)
all iterations: N=600000 E=1.40731e+18 +- 1.15598e+18 (82.1412%) chi^2/dof=3.50765

iteration 2 finished.
this iteration: N=300000 E=5.6654e+20 +- 1.97239e+20 (34.8147%)
all iterations: N=900000 E=1.42672e+18 +- 1.15596e+18 (81.0222%) chi^2/dof=5.85842

iteration 3 finished.
this iteration: N=300000 E=1.60243e+22 +- 4.35346e+21 (27.1679%)
all iterations: N=1200000 E=1.42785e+18 +- 1.15596e+18 (80.9581%) chi^2/dof=8.42094

iteration 4 finished.
this iteration: N=300000 E=4.44395e+22 +- 1.06017e+22 (23.8566%)
all iterations: N=1500000 E=1.42838e+18 +- 1.15596e+18 (80.9282%) chi^2/dof=10.708

iteration 5 finished.
this iteration: N=300000 E=4.8229e+22 +- 6.61043e+21 (13.7063%)
all iterations: N=1800000 E=1.42985e+18 +- 1.15596e+18 (80.8447%) chi^2/dof=19.2118

iteration 6 finished.
this iteration: N=300000 E=4.89059e+22 +- 2.36669e+21 (4.83927%)
all iterations: N=2100000 E=1.44152e+18 +- 1.15596e+18 (80.1904%) chi^2/dof=87.1743

iteration 7 finished.
this iteration: N=300000 E=5.28255e+22 +- 1.88094e+21 (3.56067%)
all iterations: N=2400000 E=1.46147e+18 +- 1.15596e+18 (79.0957%) chi^2/dof=187.392

iteration 8 finished.
this iteration: N=300000 E=5.16867e+22 +- 1.37983e+21 (2.6696%)
all iterations: N=2700000 E=1.49774e+18 +- 1.15596e+18 (77.18%) chi^2/dof=339.354

iteration 9 finished.
this iteration: N=300000 E=5.21235e+22 +- 8.14617e+20 (1.56286%)
all iterations: N=3000000 E=1.6027e+18 +- 1.15596e+18 (72.1257%) chi^2/dof=756.523

iteration 10 finished.
this iteration: N=300000 E=5.27519e+22 +- 6.94668e+20 (1.31686%)
all iterations: N=3300000 E=1.74876e+18 +- 1.15596e+18 (66.1013%) chi^2/dof=1257.5

iteration 11 finished.
this iteration: N=300000 E=5.23965e+22 +- 5.56351e+20 (1.06181%)
all iterations: N=3600000 E=1.97495e+18 +- 1.15595e+18 (58.5307%) chi^2/dof=1949.45

iteration 12 finished.
this iteration: N=300000 E=5.23662e+22 +- 4.82396e+20 (0.921197%)
all iterations: N=3900000 E=2.27563e+18 +- 1.15595e+18 (50.7969%) chi^2/dof=2768.92

iteration 13 finished.
this iteration: N=300000 E=5.31231e+22 +- 4.57294e+20 (0.860819%)
all iterations: N=4200000 E=2.61506e+18 +- 1.15595e+18 (44.2034%) chi^2/dof=3593.92

iteration 14 finished.
this iteration: N=300000 E=5.24717e+22 +- 4.28648e+20 (0.816914%)
all iterations: N=4500000 E=2.99663e+18 +- 1.15594e+18 (38.5747%) chi^2/dof=4407.43

iteration 15 finished.
this iteration: N=300000 E=5.19219e+22 +- 3.86201e+20 (0.743812%)
all iterations: N=4800000 E=3.46175e+18 +- 1.15594e+18 (33.3917%) chi^2/dof=5318.44

iteration 16 finished.
this iteration: N=300000 E=5.3727e+22 +- 1.10475e+21 (2.05623%)
all iterations: N=5100000 E=3.52057e+18 +- 1.15594e+18 (32.8338%) chi^2/dof=5133.84

iteration 17 finished.
this iteration: N=300000 E=5.23404e+22 +- 7.3044e+20 (1.39556%)
all iterations: N=5400000 E=3.65164e+18 +- 1.15593e+18 (31.6552%) chi^2/dof=5133.84

iteration 18 finished.
this iteration: N=300000 E=5.24967e+22 +- 4.5883e+20 (0.874018%)
all iterations: N=5700000 E=3.9848e+18 +- 1.15593e+18 (29.0085%) chi^2/dof=5575.77

iteration 19 finished.
this iteration: N=300000 E=5.33111e+22 +- 3.95379e+20 (0.741644%)
all iterations: N=6000000 E=4.44044e+18 +- 1.15593e+18 (26.0318%) chi^2/dof=6239.04

>> Cumulative result: 
>> N = 5700000; I = 1.37155e+22 +- 7.74104e+19
>> chi^2/dof = 4842.37
Time needed: 188.55s
Temperature: 130; EQCONST: 0.000106048

iteration 0 finished.
this iteration: N=300000 E=1.34995e+18 +- 1.13587e+18 (84.1415%)
all iterations: N=300000 E=1.34995e+18 +- 1.13587e+18 (84.1415%) chi^2/dof=inf

iteration 1 finished.
this iteration: N=300000 E=1.55139e+20 +- 7.40909e+19 (47.7578%)
all iterations: N=600000 E=1.38609e+18 +- 1.13574e+18 (81.9382%) chi^2/dof=4.30743

iteration 2 finished.
this iteration: N=300000 E=5.19446e+21 +- 4.37617e+21 (84.2469%)
all iterations: N=900000 E=1.38644e+18 +- 1.13574e+18 (81.9175%) chi^2/dof=2.85781

iteration 3 finished.
this iteration: N=300000 E=3.38667e+21 +- 9.68108e+20 (28.5858%)
all iterations: N=1200000 E=1.3911e+18 +- 1.13573e+18 (81.6431%) chi^2/dof=5.98109

iteration 4 finished.
this iteration: N=300000 E=3.53234e+22 +- 1.03405e+22 (29.2738%)
all iterations: N=1500000 E=1.39152e+18 +- 1.13573e+18 (81.6181%) chi^2/dof=7.40288

iteration 5 finished.
this iteration: N=300000 E=4.11583e+22 +- 5.33611e+21 (12.9648%)
all iterations: N=1800000 E=1.39339e+18 +- 1.13573e+18 (81.5089%) chi^2/dof=17.8201

iteration 6 finished.
this iteration: N=300000 E=4.64534e+22 +- 2.54908e+21 (5.48739%)
all iterations: N=2100000 E=1.40261e+18 +- 1.13573e+18 (80.973%) chi^2/dof=70.1966

iteration 7 finished.
this iteration: N=300000 E=5.17146e+22 +- 2.18303e+21 (4.22131%)
all iterations: N=2400000 E=1.41661e+18 +- 1.13573e+18 (80.1729%) chi^2/dof=140.334

iteration 8 finished.
this iteration: N=300000 E=5.06091e+22 +- 1.45006e+21 (2.86521%)
all iterations: N=2700000 E=1.44765e+18 +- 1.13573e+18 (78.4535%) chi^2/dof=275.047

iteration 9 finished.
this iteration: N=300000 E=5.1916e+22 +- 1.40136e+21 (2.69929%)
all iterations: N=3000000 E=1.48175e+18 +- 1.13573e+18 (76.6481%) chi^2/dof=396.974

iteration 10 finished.
this iteration: N=300000 E=5.30522e+22 +- 1.15779e+21 (2.18236%)
all iterations: N=3300000 E=1.5328e+18 +- 1.13573e+18 (74.0954%) chi^2/dof=567.23

iteration 11 finished.
this iteration: N=300000 E=5.21759e+22 +- 6.74328e+20 (1.29241%)
all iterations: N=3600000 E=1.6808e+18 +- 1.13573e+18 (67.5708%) chi^2/dof=1059.89

iteration 12 finished.
this iteration: N=300000 E=5.2575e+22 +- 5.64697e+20 (1.07408%)
all iterations: N=3900000 E=1.89346e+18 +- 1.13573e+18 (59.9817%) chi^2/dof=1693.86

iteration 13 finished.
this iteration: N=300000 E=5.2452e+22 +- 4.40043e+20 (0.838944%)
all iterations: N=4200000 E=2.24284e+18 +- 1.13573e+18 (50.6377%) chi^2/dof=2656.41

iteration 14 finished.
this iteration: N=300000 E=5.16379e+22 +- 3.81905e+20 (0.739581%)
all iterations: N=4500000 E=2.69949e+18 +- 1.13572e+18 (42.0716%) chi^2/dof=3772.41

iteration 15 finished.
this iteration: N=300000 E=5.16065e+22 +- 3.60655e+20 (0.698856%)
all iterations: N=4800000 E=3.21122e+18 +- 1.13571e+18 (35.3671%) chi^2/dof=4885.76

iteration 16 finished.
this iteration: N=300000 E=5.2583e+22 +- 7.42042e+20 (1.41118%)
all iterations: N=5100000 E=3.33439e+18 +- 1.13571e+18 (34.0606%) chi^2/dof=4894.2

iteration 17 finished.
this iteration: N=300000 E=5.19628e+22 +- 6.57006e+20 (1.26438%)
all iterations: N=5400000 E=3.48965e+18 +- 1.13571e+18 (32.5452%) chi^2/dof=4974.22

iteration 18 finished.
this iteration: N=300000 E=5.16563e+22 +- 4.4237e+20 (0.856371%)
all iterations: N=5700000 E=3.8301e+18 +- 1.13571e+18 (29.6522%) chi^2/dof=5455.3

iteration 19 finished.
this iteration: N=300000 E=5.25615e+22 +- 3.99968e+20 (0.760951%)
all iterations: N=6000000 E=4.25386e+18 +- 1.1357e+18 (26.6982%) chi^2/dof=6076.98

>> Cumulative result: 
>> N = 5700000; I = 9.96493e+21 +- 6.65245e+19
>> chi^2/dof = 5168.73
Time needed: 188.58s
Temperature: 140; EQCONST: 5.51994e-05

iteration 0 finished.
this iteration: N=300000 E=1.32273e+18 +- 1.11881e+18 (84.5832%)
all iterations: N=300000 E=1.32273e+18 +- 1.11881e+18 (84.5832%) chi^2/dof=inf

iteration 1 finished.
this iteration: N=300000 E=1.34472e+20 +- 5.94282e+19 (44.1937%)
all iterations: N=600000 E=1.36991e+18 +- 1.11861e+18 (81.6559%) chi^2/dof=5.0181

iteration 2 finished.
this iteration: N=300000 E=7.21173e+21 +- 4.67218e+21 (64.7858%)
all iterations: N=900000 E=1.37032e+18 +- 1.11861e+18 (81.6313%) chi^2/dof=3.69987

iteration 3 finished.
this iteration: N=300000 E=3.03023e+22 +- 2.18011e+22 (71.9455%)
all iterations: N=1200000 E=1.3704e+18 +- 1.11861e+18 (81.6266%) chi^2/dof=3.1105

iteration 4 finished.
this iteration: N=300000 E=3.41276e+22 +- 9.0202e+21 (26.4308%)
all iterations: N=1500000 E=1.37093e+18 +- 1.11861e+18 (81.5953%) chi^2/dof=5.91123

iteration 5 finished.
this iteration: N=300000 E=4.25207e+22 +- 3.8518e+21 (9.05867%)
all iterations: N=1800000 E=1.37451e+18 +- 1.11861e+18 (81.3824%) chi^2/dof=29.1

iteration 6 finished.
this iteration: N=300000 E=4.9838e+22 +- 5.04372e+21 (10.1202%)
all iterations: N=2100000 E=1.37696e+18 +- 1.11861e+18 (81.2375%) chi^2/dof=40.5221

iteration 7 finished.
this iteration: N=300000 E=5.36229e+22 +- 3.94762e+21 (7.36182%)
all iterations: N=2400000 E=1.38127e+18 +- 1.11861e+18 (80.9843%) chi^2/dof=61.091

iteration 8 finished.
this iteration: N=300000 E=5.46151e+22 +- 5.04264e+21 (9.23305%)
all iterations: N=2700000 E=1.38396e+18 +- 1.11861e+18 (80.827%) chi^2/dof=68.1168

iteration 9 finished.
this iteration: N=300000 E=5.13761e+22 +- 2.23085e+21 (4.3422%)
all iterations: N=3000000 E=1.39687e+18 +- 1.11861e+18 (80.0796%) chi^2/dof=119.475

iteration 10 finished.
this iteration: N=300000 E=5.10081e+22 +- 1.253e+21 (2.45647%)
all iterations: N=3300000 E=1.43753e+18 +- 1.11861e+18 (77.815%) chi^2/dof=273.24

iteration 11 finished.
this iteration: N=300000 E=4.94583e+22 +- 6.28615e+20 (1.271%)
all iterations: N=3600000 E=1.59413e+18 +- 1.11861e+18 (70.1703%) chi^2/dof=811.116

iteration 12 finished.
this iteration: N=300000 E=5.0942e+22 +- 5.24531e+20 (1.02966%)
all iterations: N=3900000 E=1.82581e+18 +- 1.11861e+18 (61.2664%) chi^2/dof=1529.48

iteration 13 finished.
this iteration: N=300000 E=5.21151e+22 +- 6.65814e+20 (1.27759%)
all iterations: N=4200000 E=1.9729e+18 +- 1.1186e+18 (56.6985%) chi^2/dof=1883.07

iteration 14 finished.
this iteration: N=300000 E=5.17547e+22 +- 5.56936e+20 (1.07611%)
all iterations: N=4500000 E=2.18167e+18 +- 1.1186e+18 (51.2727%) chi^2/dof=2365.34

iteration 15 finished.
this iteration: N=300000 E=5.08049e+22 +- 4.01844e+20 (0.790957%)
all iterations: N=4800000 E=2.57533e+18 +- 1.1186e+18 (43.4351%) chi^2/dof=3273.17

iteration 16 finished.
this iteration: N=300000 E=5.17973e+22 +- 5.01186e+20 (0.967593%)
all iterations: N=5100000 E=2.83334e+18 +- 1.1186e+18 (39.4798%) chi^2/dof=3736.1

iteration 17 finished.
this iteration: N=300000 E=5.31781e+22 +- 2.07856e+21 (3.90867%)
all iterations: N=5400000 E=2.84874e+18 +- 1.1186e+18 (39.2663%) chi^2/dof=3554.83

iteration 18 finished.
this iteration: N=300000 E=5.04984e+22 +- 1.20633e+21 (2.38885%)
all iterations: N=5700000 E=2.89216e+18 +- 1.11859e+18 (38.6768%) chi^2/dof=3454.68

iteration 19 finished.
this iteration: N=300000 E=5.12872e+22 +- 6.27836e+20 (1.22416%)
all iterations: N=6000000 E=3.05495e+18 +- 1.11859e+18 (36.6158%) chi^2/dof=3624.03

>> Cumulative result: 
>> N = 5700000; I = 4.47385e+21 +- 5.68391e+19
>> chi^2/dof = 3481.51
Time needed: 188.17s
Temperature: 150; EQCONST: 1.8168e-05

iteration 0 finished.
this iteration: N=300000 E=1.29964e+18 +- 1.1042e+18 (84.9619%)
all iterations: N=300000 E=1.29964e+18 +- 1.1042e+18 (84.9619%) chi^2/dof=inf

iteration 1 finished.
this iteration: N=300000 E=1.29267e+20 +- 5.75221e+19 (44.4987%)
all iterations: N=600000 E=1.34677e+18 +- 1.10399e+18 (81.9731%) chi^2/dof=4.9473

iteration 2 finished.
this iteration: N=300000 E=1.14702e+21 +- 4.25365e+20 (37.0842%)
all iterations: N=900000 E=1.35449e+18 +- 1.10399e+18 (81.5058%) chi^2/dof=6.10082

iteration 3 finished.
this iteration: N=300000 E=8.89196e+21 +- 1.93168e+21 (21.7238%)
all iterations: N=1200000 E=1.35739e+18 +- 1.10399e+18 (81.3314%) chi^2/dof=11.1283

iteration 4 finished.
this iteration: N=300000 E=4.54801e+22 +- 8.94204e+21 (19.6615%)
all iterations: N=1500000 E=1.35809e+18 +- 1.10399e+18 (81.2899%) chi^2/dof=14.8129

iteration 5 finished.
this iteration: N=300000 E=4.49983e+22 +- 2.56637e+21 (5.70326%)
all iterations: N=1800000 E=1.36641e+18 +- 1.10399e+18 (80.7945%) chi^2/dof=73.3336

iteration 6 finished.
this iteration: N=300000 E=5.11083e+22 +- 1.86807e+21 (3.65513%)
all iterations: N=2100000 E=1.38426e+18 +- 1.10399e+18 (79.7527%) chi^2/dof=185.856

iteration 7 finished.
this iteration: N=300000 E=6.13384e+22 +- 1.26863e+22 (20.6825%)
all iterations: N=2400000 E=1.38473e+18 +- 1.10399e+18 (79.726%) chi^2/dof=162.644

iteration 8 finished.
this iteration: N=300000 E=4.9082e+22 +- 2.50574e+21 (5.10522%)
all iterations: N=2700000 E=1.39426e+18 +- 1.10399e+18 (79.1812%) chi^2/dof=190.271

iteration 9 finished.
this iteration: N=300000 E=4.91827e+22 +- 1.11014e+21 (2.25717%)
all iterations: N=3000000 E=1.44289e+18 +- 1.10399e+18 (76.5121%) chi^2/dof=387.203

iteration 10 finished.
this iteration: N=300000 E=5.02163e+22 +- 7.67556e+20 (1.5285%)
all iterations: N=3300000 E=1.54677e+18 +- 1.10399e+18 (71.3734%) chi^2/dof=776.483

iteration 11 finished.
this iteration: N=300000 E=5.0933e+22 +- 7.05089e+20 (1.38435%)
all iterations: N=3600000 E=1.67163e+18 +- 1.10398e+18 (66.0422%) chi^2/dof=1180.23

iteration 12 finished.
this iteration: N=300000 E=5.0575e+22 +- 6.0296e+20 (1.19221%)
all iterations: N=3900000 E=1.84117e+18 +- 1.10398e+18 (59.9608%) chi^2/dof=1668.13

iteration 13 finished.
this iteration: N=300000 E=5.06783e+22 +- 4.36214e+20 (0.860751%)
all iterations: N=4200000 E=2.16576e+18 +- 1.10398e+18 (50.9742%) chi^2/dof=2577.98

iteration 14 finished.
this iteration: N=300000 E=5.01686e+22 +- 3.69678e+20 (0.736872%)
all iterations: N=4500000 E=2.61315e+18 +- 1.10397e+18 (42.2469%) chi^2/dof=3709.21

iteration 15 finished.
this iteration: N=300000 E=5.05126e+22 +- 3.61713e+20 (0.716085%)
all iterations: N=4800000 E=3.08365e+18 +- 1.10397e+18 (35.8007%) chi^2/dof=4761.89

iteration 16 finished.
this iteration: N=300000 E=5.17912e+22 +- 1.2412e+21 (2.39654%)
all iterations: N=5100000 E=3.12462e+18 +- 1.10397e+18 (35.3313%) chi^2/dof=4573.08

iteration 17 finished.
this iteration: N=300000 E=5.09342e+22 +- 8.44894e+20 (1.6588%)
all iterations: N=5400000 E=3.21158e+18 +- 1.10397e+18 (34.3747%) chi^2/dof=4517.83

iteration 18 finished.
this iteration: N=300000 E=4.96842e+22 +- 4.74204e+20 (0.954436%)
all iterations: N=5700000 E=3.48083e+18 +- 1.10397e+18 (31.7155%) chi^2/dof=4876.62

iteration 19 finished.
this iteration: N=300000 E=5.11974e+22 +- 4.0896e+20 (0.79879%)
all iterations: N=6000000 E=3.85388e+18 +- 1.10396e+18 (28.6454%) chi^2/dof=5444.7

>> Cumulative result: 
>> N = 5700000; I = 6.01343e+21 +- 5.35595e+19
>> chi^2/dof = 5047.46
Time needed: 187.39s
Temperature: 160; EQCONST: 1.8265e-05

iteration 0 finished.
this iteration: N=300000 E=1.27979e+18 +- 1.09153e+18 (85.2899%)
all iterations: N=300000 E=1.27979e+18 +- 1.09153e+18 (85.2899%) chi^2/dof=inf

iteration 1 finished.
this iteration: N=300000 E=1.3241e+20 +- 5.98901e+19 (45.2308%)
all iterations: N=600000 E=1.32333e+18 +- 1.09135e+18 (82.4698%) chi^2/dof=4.79239

iteration 2 finished.
this iteration: N=300000 E=2.1479e+21 +- 7.91992e+20 (36.8729%)
all iterations: N=900000 E=1.32741e+18 +- 1.09135e+18 (82.2165%) chi^2/dof=6.06918

iteration 3 finished.
this iteration: N=300000 E=8.40019e+21 +- 1.80445e+21 (21.481%)
all iterations: N=1200000 E=1.33048e+18 +- 1.09135e+18 (82.0266%) chi^2/dof=11.2677

iteration 4 finished.
this iteration: N=300000 E=3.30168e+22 +- 5.32148e+21 (16.1175%)
all iterations: N=1500000 E=1.33187e+18 +- 1.09135e+18 (81.9411%) chi^2/dof=18.0738

iteration 5 finished.
this iteration: N=300000 E=4.49525e+22 +- 4.19373e+21 (9.32926%)
all iterations: N=1800000 E=1.33492e+18 +- 1.09135e+18 (81.7543%) chi^2/dof=37.4369

iteration 6 finished.
this iteration: N=300000 E=4.78096e+22 +- 1.65296e+21 (3.45739%)
all iterations: N=2100000 E=1.35576e+18 +- 1.09135e+18 (80.4975%) chi^2/dof=170.618

iteration 7 finished.
this iteration: N=300000 E=4.81477e+22 +- 7.23595e+20 (1.50287%)
all iterations: N=2400000 E=1.46528e+18 +- 1.09135e+18 (74.4807%) chi^2/dof=778.708

iteration 8 finished.
this iteration: N=300000 E=4.93846e+22 +- 6.46877e+20 (1.30988%)
all iterations: N=2700000 E=1.60584e+18 +- 1.09135e+18 (67.9613%) chi^2/dof=1409.86

iteration 9 finished.
this iteration: N=300000 E=5.06547e+22 +- 6.03871e+20 (1.19213%)
all iterations: N=3000000 E=1.77128e+18 +- 1.09135e+18 (61.6135%) chi^2/dof=2034.98

iteration 10 finished.
this iteration: N=300000 E=4.98998e+22 +- 4.48189e+20 (0.898179%)
all iterations: N=3300000 E=2.06714e+18 +- 1.09134e+18 (52.7949%) chi^2/dof=3070.96

iteration 11 finished.
this iteration: N=300000 E=5.04042e+22 +- 3.88847e+20 (0.771458%)
all iterations: N=3600000 E=2.46415e+18 +- 1.09134e+18 (44.2886%) chi^2/dof=4319.15

iteration 12 finished.
this iteration: N=300000 E=4.96962e+22 +- 3.76991e+20 (0.758592%)
all iterations: N=3900000 E=2.88059e+18 +- 1.09133e+18 (37.8857%) chi^2/dof=5407.18

iteration 13 finished.
this iteration: N=300000 E=4.99158e+22 +- 3.61859e+20 (0.72494%)
all iterations: N=4200000 E=3.33458e+18 +- 1.09133e+18 (32.7276%) chi^2/dof=6454.76

iteration 14 finished.
this iteration: N=300000 E=5.02736e+22 +- 3.70129e+20 (0.73623%)
all iterations: N=4500000 E=3.77161e+18 +- 1.09132e+18 (28.9352%) chi^2/dof=7311.31

iteration 15 finished.
this iteration: N=300000 E=4.92646e+22 +- 3.50051e+20 (0.710553%)
all iterations: N=4800000 E=4.2504e+18 +- 1.09132e+18 (25.6757%) chi^2/dof=8144.1

iteration 16 finished.
this iteration: N=300000 E=5.10618e+22 +- 1.62315e+21 (3.1788%)
all iterations: N=5100000 E=4.27348e+18 +- 1.09132e+18 (25.537%) chi^2/dof=7696.94

iteration 17 finished.
this iteration: N=300000 E=4.96895e+22 +- 8.70976e+20 (1.75284%)
all iterations: N=5400000 E=4.35148e+18 +- 1.09132e+18 (25.0792%) chi^2/dof=7435.6

iteration 18 finished.
this iteration: N=300000 E=4.9501e+22 +- 4.64608e+20 (0.938584%)
all iterations: N=5700000 E=4.62457e+18 +- 1.09131e+18 (23.5982%) chi^2/dof=7653.03

iteration 19 finished.
this iteration: N=300000 E=5.06238e+22 +- 3.92733e+20 (0.775787%)
all iterations: N=6000000 E=5.01543e+18 +- 1.09131e+18 (21.7591%) chi^2/dof=8124.58

>> Cumulative result: 
>> N = 5700000; I = 9.15303e+21 +- 5.40155e+19
>> chi^2/dof = 6981.82
Time needed: 188.28s
Temperature: 170; EQCONST: 2.11632e-05

iteration 0 finished.
this iteration: N=300000 E=1.26256e+18 +- 1.08045e+18 (85.5765%)
all iterations: N=300000 E=1.26256e+18 +- 1.08045e+18 (85.5765%) chi^2/dof=inf

iteration 1 finished.
this iteration: N=300000 E=1.34004e+20 +- 6.13701e+19 (45.7972%)
all iterations: N=600000 E=1.30369e+18 +- 1.08029e+18 (82.8638%) chi^2/dof=4.67697

iteration 2 finished.
this iteration: N=300000 E=1.68563e+22 +- 1.50309e+22 (89.1708%)
all iterations: N=900000 E=1.30378e+18 +- 1.08029e+18 (82.8582%) chi^2/dof=2.9672

iteration 3 finished.
this iteration: N=300000 E=2.42302e+22 +- 1.26984e+22 (52.4071%)
all iterations: N=1200000 E=1.30395e+18 +- 1.08029e+18 (82.8471%) chi^2/dof=3.19167

iteration 4 finished.
this iteration: N=300000 E=3.06139e+22 +- 1.16797e+22 (38.1517%)
all iterations: N=1500000 E=1.30421e+18 +- 1.08029e+18 (82.8305%) chi^2/dof=4.11117

iteration 5 finished.
this iteration: N=300000 E=4.07357e+22 +- 9.04982e+21 (22.2159%)
all iterations: N=1800000 E=1.30479e+18 +- 1.08029e+18 (82.7936%) chi^2/dof=7.34097

iteration 6 finished.
this iteration: N=300000 E=3.72659e+22 +- 3.7909e+21 (10.1725%)
all iterations: N=2100000 E=1.30782e+18 +- 1.08029e+18 (82.602%) chi^2/dof=22.2224

iteration 7 finished.
this iteration: N=300000 E=4.71563e+22 +- 3.47868e+21 (7.37691%)
all iterations: N=2400000 E=1.31237e+18 +- 1.08029e+18 (82.3158%) chi^2/dof=45.2977

iteration 8 finished.
this iteration: N=300000 E=5.22675e+22 +- 3.6397e+21 (6.96359%)
all iterations: N=2700000 E=1.31697e+18 +- 1.08029e+18 (82.028%) chi^2/dof=65.4119

iteration 9 finished.
this iteration: N=300000 E=4.70027e+22 +- 2.61192e+21 (5.55695%)
all iterations: N=3000000 E=1.32501e+18 +- 1.08029e+18 (81.5303%) chi^2/dof=94.1237

iteration 10 finished.
this iteration: N=300000 E=4.78619e+22 +- 1.23998e+21 (2.59076%)
all iterations: N=3300000 E=1.36134e+18 +- 1.08028e+18 (79.3547%) chi^2/dof=233.689

iteration 11 finished.
this iteration: N=300000 E=4.97345e+22 +- 1.02369e+21 (2.0583%)
all iterations: N=3600000 E=1.41672e+18 +- 1.08028e+18 (76.2524%) chi^2/dof=427.013

iteration 12 finished.
this iteration: N=300000 E=5.00625e+22 +- 8.5686e+20 (1.71158%)
all iterations: N=3900000 E=1.49629e+18 +- 1.08028e+18 (72.1973%) chi^2/dof=675.874

iteration 13 finished.
this iteration: N=300000 E=4.99222e+22 +- 5.5005e+20 (1.10182%)
all iterations: N=4200000 E=1.68885e+18 +- 1.08028e+18 (63.9656%) chi^2/dof=1257.48

iteration 14 finished.
this iteration: N=300000 E=5.15493e+22 +- 2.72332e+21 (5.28294%)
all iterations: N=4500000 E=1.69696e+18 +- 1.08028e+18 (63.6599%) chi^2/dof=1193.25

iteration 15 finished.
this iteration: N=300000 E=4.87909e+22 +- 1.29373e+21 (2.65159%)
all iterations: N=4800000 E=1.73097e+18 +- 1.08028e+18 (62.4088%) chi^2/dof=1208.51

iteration 16 finished.
this iteration: N=300000 E=4.91576e+22 +- 6.40797e+20 (1.30356%)
all iterations: N=5100000 E=1.87068e+18 +- 1.08028e+18 (57.748%) chi^2/dof=1500.76

iteration 17 finished.
this iteration: N=300000 E=4.95327e+22 +- 4.78367e+20 (0.965761%)
all iterations: N=5400000 E=2.12327e+18 +- 1.08028e+18 (50.8779%) chi^2/dof=2043.11

iteration 18 finished.
this iteration: N=300000 E=4.94455e+22 +- 3.97914e+20 (0.804753%)
all iterations: N=5700000 E=2.48769e+18 +- 1.08027e+18 (43.4248%) chi^2/dof=2787.36

iteration 19 finished.
this iteration: N=300000 E=5.04191e+22 +- 3.94874e+20 (0.783182%)
all iterations: N=6000000 E=2.86502e+18 +- 1.08027e+18 (37.7055%) chi^2/dof=3498.63

>> Cumulative result: 
>> N = 5700000; I = 4.69655e+21 +- 5.84749e+19
>> chi^2/dof = 3334.93
Time needed: 178.63s
Temperature: 180; EQCONST: 8.39632e-06

iteration 0 finished.
this iteration: N=300000 E=1.24745e+18 +- 1.07067e+18 (85.829%)
all iterations: N=300000 E=1.24745e+18 +- 1.07067e+18 (85.829%) chi^2/dof=inf

iteration 1 finished.
this iteration: N=300000 E=1.31163e+20 +- 6.07442e+19 (46.312%)
all iterations: N=600000 E=1.2878e+18 +- 1.07051e+18 (83.1269%) chi^2/dof=4.57275

iteration 2 finished.
this iteration: N=300000 E=2.87253e+22 +- 2.66173e+22 (92.6617%)
all iterations: N=900000 E=1.28785e+18 +- 1.07051e+18 (83.1239%) chi^2/dof=2.86865

iteration 3 finished.
this iteration: N=300000 E=1.22327e+22 +- 5.95559e+21 (48.6857%)
all iterations: N=1200000 E=1.28824e+18 +- 1.07051e+18 (83.0984%) chi^2/dof=3.31843

iteration 4 finished.
this iteration: N=300000 E=1.10481e+23 +- 7.70905e+22 (69.7774%)
all iterations: N=1500000 E=1.28826e+18 +- 1.07051e+18 (83.097%) chi^2/dof=3.00228

iteration 5 finished.
this iteration: N=300000 E=9.60443e+22 +- 6.28931e+22 (65.4834%)
all iterations: N=1800000 E=1.28829e+18 +- 1.07051e+18 (83.0952%) chi^2/dof=2.86822

iteration 6 finished.
this iteration: N=300000 E=1.46557e+23 +- 1.08441e+23 (73.9925%)
all iterations: N=2100000 E=1.2883e+18 +- 1.07051e+18 (83.0943%) chi^2/dof=2.6946

iteration 7 finished.
this iteration: N=300000 E=4.69168e+22 +- 1.05376e+22 (22.4603%)
all iterations: N=2400000 E=1.28879e+18 +- 1.07051e+18 (83.0631%) chi^2/dof=5.14136

iteration 8 finished.
this iteration: N=300000 E=6.79357e+22 +- 1.93934e+22 (28.5466%)
all iterations: N=2700000 E=1.289e+18 +- 1.07051e+18 (83.0498%) chi^2/dof=6.03254

iteration 9 finished.
this iteration: N=300000 E=4.60272e+22 +- 4.09147e+21 (8.88925%)
all iterations: N=3000000 E=1.29215e+18 +- 1.07051e+18 (82.8472%) chi^2/dof=19.4228

iteration 10 finished.
this iteration: N=300000 E=4.94754e+22 +- 2.53498e+21 (5.12371%)
all iterations: N=3300000 E=1.30097e+18 +- 1.07051e+18 (82.2854%) chi^2/dof=55.5702

iteration 11 finished.
this iteration: N=300000 E=4.99919e+22 +- 1.8293e+21 (3.65919%)
all iterations: N=3600000 E=1.31809e+18 +- 1.07051e+18 (81.2166%) chi^2/dof=118.41

iteration 12 finished.
this iteration: N=300000 E=5.08722e+22 +- 1.94536e+21 (3.82402%)
all iterations: N=3900000 E=1.33349e+18 +- 1.07051e+18 (80.2784%) chi^2/dof=165.527

iteration 13 finished.
this iteration: N=300000 E=5.10117e+22 +- 1.30132e+21 (2.55102%)
all iterations: N=4200000 E=1.36801e+18 +- 1.07051e+18 (78.2527%) chi^2/dof=270.991

iteration 14 finished.
this iteration: N=300000 E=4.9019e+22 +- 6.89521e+20 (1.40664%)
all iterations: N=4500000 E=1.48616e+18 +- 1.07051e+18 (72.0315%) chi^2/dof=612.612

iteration 15 finished.
this iteration: N=300000 E=4.98832e+22 +- 5.6649e+20 (1.13563%)
all iterations: N=4800000 E=1.66429e+18 +- 1.0705e+18 (64.3219%) chi^2/dof=1088.67

iteration 16 finished.
this iteration: N=300000 E=4.8938e+22 +- 4.88925e+20 (0.999072%)
all iterations: N=5100000 E=1.89889e+18 +- 1.0705e+18 (56.3752%) chi^2/dof=1646.74

iteration 17 finished.
this iteration: N=300000 E=4.84393e+22 +- 3.87233e+20 (0.799419%)
all iterations: N=5400000 E=2.26906e+18 +- 1.0705e+18 (47.1779%) chi^2/dof=2470.25

iteration 18 finished.
this iteration: N=300000 E=4.90309e+22 +- 3.64191e+20 (0.742778%)
all iterations: N=5700000 E=2.69267e+18 +- 1.07049e+18 (39.7559%) chi^2/dof=3339.87

iteration 19 finished.
this iteration: N=300000 E=4.98977e+22 +- 3.68745e+20 (0.739001%)
all iterations: N=6000000 E=3.11317e+18 +- 1.07049e+18 (34.3858%) chi^2/dof=4127.7

>> Cumulative result: 
>> N = 5700000; I = 5.36763e+21 +- 5.74116e+19
>> chi^2/dof = 3871.8
Time needed: 275.72s
Temperature: 190; EQCONST: 7.52363e-06

iteration 0 finished.
this iteration: N=300000 E=1.2341e+18 +- 1.06198e+18 (86.0529%)
all iterations: N=300000 E=1.2341e+18 +- 1.06198e+18 (86.0529%) chi^2/dof=inf

iteration 1 finished.
this iteration: N=300000 E=1.27031e+20 +- 5.91571e+19 (46.5689%)
all iterations: N=600000 E=1.27463e+18 +- 1.06181e+18 (83.3034%) chi^2/dof=4.52052

iteration 2 finished.
this iteration: N=300000 E=2.75569e+22 +- 2.53285e+22 (91.9136%)
all iterations: N=900000 E=1.27468e+18 +- 1.06181e+18 (83.3002%) chi^2/dof=2.85205

iteration 3 finished.
this iteration: N=300000 E=9.84021e+21 +- 4.03945e+21 (41.0504%)
all iterations: N=1200000 E=1.27536e+18 +- 1.06181e+18 (83.2558%) chi^2/dof=3.87893

iteration 4 finished.
this iteration: N=300000 E=4.03682e+22 +- 2.62035e+22 (64.9114%)
all iterations: N=1500000 E=1.27542e+18 +- 1.06181e+18 (83.2515%) chi^2/dof=3.5025

iteration 5 finished.
this iteration: N=300000 E=1.75122e+22 +- 2.25749e+21 (12.891%)
all iterations: N=1800000 E=1.2793e+18 +- 1.06181e+18 (82.9994%) chi^2/dof=14.8356

iteration 6 finished.
this iteration: N=300000 E=4.4539e+22 +- 4.55282e+21 (10.2221%)
all iterations: N=2100000 E=1.28172e+18 +- 1.06181e+18 (82.8425%) chi^2/dof=28.3123

iteration 7 finished.
this iteration: N=300000 E=4.4845e+22 +- 2.40703e+21 (5.36745%)
all iterations: N=2400000 E=1.29044e+18 +- 1.06181e+18 (82.2823%) chi^2/dof=73.8516

iteration 8 finished.
this iteration: N=300000 E=4.32492e+22 +- 1.25103e+21 (2.89261%)
all iterations: N=2700000 E=1.3216e+18 +- 1.06181e+18 (80.3426%) chi^2/dof=214.004

iteration 9 finished.
this iteration: N=300000 E=5.42921e+22 +- 7.43291e+21 (13.6906%)
all iterations: N=3000000 E=1.32271e+18 +- 1.06181e+18 (80.2753%) chi^2/dof=196.154

iteration 10 finished.
this iteration: N=300000 E=4.69703e+22 +- 2.41465e+21 (5.1408%)
all iterations: N=3300000 E=1.33179e+18 +- 1.06181e+18 (79.7278%) chi^2/dof=214.375

iteration 11 finished.
this iteration: N=300000 E=4.9739e+22 +- 1.43853e+21 (2.89215%)
all iterations: N=3600000 E=1.35889e+18 +- 1.06181e+18 (78.1379%) chi^2/dof=303.565

iteration 12 finished.
this iteration: N=300000 E=4.8355e+22 +- 8.01e+20 (1.6565%)
all iterations: N=3900000 E=1.44386e+18 +- 1.06181e+18 (73.5396%) chi^2/dof=581.944

iteration 13 finished.
this iteration: N=300000 E=4.79155e+22 +- 4.62228e+20 (0.964673%)
all iterations: N=4200000 E=1.69669e+18 +- 1.0618e+18 (62.5808%) chi^2/dof=1363.73

iteration 14 finished.
this iteration: N=300000 E=4.85585e+22 +- 4.14652e+20 (0.853923%)
all iterations: N=4500000 E=2.01509e+18 +- 1.0618e+18 (52.6925%) chi^2/dof=2245.81

iteration 15 finished.
this iteration: N=300000 E=4.8698e+22 +- 3.79613e+20 (0.779526%)
all iterations: N=4800000 E=2.39606e+18 +- 1.0618e+18 (44.3143%) chi^2/dof=3193.09

iteration 16 finished.
this iteration: N=300000 E=4.9345e+22 +- 6.52246e+20 (1.32181%)
all iterations: N=5100000 E=2.52682e+18 +- 1.06179e+18 (42.021%) chi^2/dof=3351.21

iteration 17 finished.
this iteration: N=300000 E=4.85195e+22 +- 5.72331e+20 (1.17959%)
all iterations: N=5400000 E=2.6938e+18 +- 1.06179e+18 (39.4161%) chi^2/dof=3576.79

iteration 18 finished.
this iteration: N=300000 E=4.82718e+22 +- 4.01441e+20 (0.831626%)
all iterations: N=5700000 E=3.03148e+18 +- 1.06179e+18 (35.0254%) chi^2/dof=4181.27

iteration 19 finished.
this iteration: N=300000 E=4.93555e+22 +- 3.65918e+20 (0.741393%)
all iterations: N=6000000 E=3.44702e+18 +- 1.06178e+18 (30.8029%) chi^2/dof=4918.6

>> Cumulative result: 
>> N = 5700000; I = 6.02946e+21 +- 5.54176e+19
>> chi^2/dof = 4534.73
Time needed: 188.14s
Temperature: 200; EQCONST: 6.70934e-06

iteration 0 finished.
this iteration: N=300000 E=1.22222e+18 +- 1.0542e+18 (86.2528%)
all iterations: N=300000 E=1.22222e+18 +- 1.0542e+18 (86.2528%) chi^2/dof=inf

iteration 1 finished.
this iteration: N=300000 E=1.18234e+20 +- 5.37908e+19 (45.4951%)
all iterations: N=600000 E=1.26714e+18 +- 1.05399e+18 (83.1788%) chi^2/dof=4.73018

iteration 2 finished.
this iteration: N=300000 E=1.56822e+22 +- 1.40024e+22 (89.2887%)
all iterations: N=900000 E=1.26723e+18 +- 1.05399e+18 (83.173%) chi^2/dof=2.99215

iteration 3 finished.
this iteration: N=300000 E=2.54906e+22 +- 1.72421e+22 (67.6409%)
all iterations: N=1200000 E=1.26733e+18 +- 1.05399e+18 (83.1667%) chi^2/dof=2.72324

iteration 4 finished.
this iteration: N=300000 E=5.54536e+23 +- 5.17891e+23 (93.3917%)
all iterations: N=1500000 E=1.26733e+18 +- 1.05399e+18 (83.1666%) chi^2/dof=2.32906

iteration 5 finished.
this iteration: N=300000 E=1.95613e+22 +- 3.534e+21 (18.0663%)
all iterations: N=1800000 E=1.26907e+18 +- 1.05399e+18 (83.0526%) chi^2/dof=7.99007

iteration 6 finished.
this iteration: N=300000 E=5.38575e+22 +- 8.49743e+21 (15.7776%)
all iterations: N=2100000 E=1.2699e+18 +- 1.05399e+18 (82.9984%) chi^2/dof=13.3533

iteration 7 finished.
this iteration: N=300000 E=4.54985e+22 +- 3.02868e+21 (6.65666%)
all iterations: N=2400000 E=1.27541e+18 +- 1.05399e+18 (82.6398%) chi^2/dof=43.6835

iteration 8 finished.
this iteration: N=300000 E=4.6834e+22 +- 1.73132e+21 (3.69671%)
all iterations: N=2700000 E=1.29276e+18 +- 1.05399e+18 (81.5302%) chi^2/dof=129.688

iteration 9 finished.
this iteration: N=300000 E=4.6889e+22 +- 1.25781e+21 (2.68252%)
all iterations: N=3000000 E=1.32569e+18 +- 1.05399e+18 (79.5054%) chi^2/dof=269.679

iteration 10 finished.
this iteration: N=300000 E=4.83873e+22 +- 1.37085e+21 (2.83309%)
all iterations: N=3300000 E=1.35429e+18 +- 1.05399e+18 (77.8262%) chi^2/dof=367.293

iteration 11 finished.
this iteration: N=300000 E=4.8426e+22 +- 1.15411e+21 (2.38325%)
all iterations: N=3600000 E=1.39468e+18 +- 1.05399e+18 (75.5725%) chi^2/dof=493.948

iteration 12 finished.
this iteration: N=300000 E=4.86924e+22 +- 7.89661e+20 (1.62173%)
all iterations: N=3900000 E=1.48142e+18 +- 1.05399e+18 (71.1473%) chi^2/dof=769.622

iteration 13 finished.
this iteration: N=300000 E=4.85654e+22 +- 5.07756e+20 (1.04551%)
all iterations: N=4200000 E=1.69068e+18 +- 1.05399e+18 (62.3412%) chi^2/dof=1414.09

iteration 14 finished.
this iteration: N=300000 E=4.8244e+22 +- 3.88153e+20 (0.804562%)
all iterations: N=4500000 E=2.04638e+18 +- 1.05399e+18 (51.5048%) chi^2/dof=2416.45

iteration 15 finished.
this iteration: N=300000 E=4.80034e+22 +- 3.56169e+20 (0.741968%)
all iterations: N=4800000 E=2.46673e+18 +- 1.05398e+18 (42.7279%) chi^2/dof=3466.23

iteration 16 finished.
this iteration: N=300000 E=4.7892e+22 +- 3.46228e+20 (0.722935%)
all iterations: N=5100000 E=2.91052e+18 +- 1.05398e+18 (36.2127%) chi^2/dof=4445.32

iteration 17 finished.
this iteration: N=300000 E=4.80457e+22 +- 3.44446e+20 (0.716914%)
all iterations: N=5400000 E=3.36034e+18 +- 1.05397e+18 (31.365%) chi^2/dof=5328.18

iteration 18 finished.
this iteration: N=300000 E=4.79546e+22 +- 3.50569e+20 (0.731043%)
all iterations: N=5700000 E=3.79376e+18 +- 1.05397e+18 (27.7816%) chi^2/dof=6071.56

iteration 19 finished.
this iteration: N=300000 E=4.9259e+22 +- 5.87302e+20 (1.19227%)
all iterations: N=6000000 E=3.95239e+18 +- 1.05396e+18 (26.6665%) chi^2/dof=6122.19

>> Cumulative result: 
>> N = 5700000; I = 6.20959e+21 +- 5.02597e+19
>> chi^2/dof = 5614.99
Time needed: 188.71s
Temperature: 210; EQCONST: 5.54769e-06

iteration 0 finished.
this iteration: N=300000 E=1.21157e+18 +- 1.04719e+18 (86.4323%)
all iterations: N=300000 E=1.21157e+18 +- 1.04719e+18 (86.4323%) chi^2/dof=inf

iteration 1 finished.
this iteration: N=300000 E=1.10211e+20 +- 4.90076e+19 (44.4671%)
all iterations: N=600000 E=1.26132e+18 +- 1.04695e+18 (83.0045%) chi^2/dof=4.94451

iteration 2 finished.
this iteration: N=300000 E=7.31805e+21 +- 5.70805e+21 (77.9995%)
all iterations: N=900000 E=1.26156e+18 +- 1.04695e+18 (82.9883%) chi^2/dof=3.29381

iteration 3 finished.
this iteration: N=300000 E=1.91148e+22 +- 1.08948e+22 (56.9966%)
all iterations: N=1200000 E=1.26174e+18 +- 1.04695e+18 (82.9767%) chi^2/dof=3.22182

iteration 4 finished.
this iteration: N=300000 E=1.62249e+22 +- 2.86352e+21 (17.6489%)
all iterations: N=1500000 E=1.26391e+18 +- 1.04695e+18 (82.8344%) chi^2/dof=10.4412

iteration 5 finished.
this iteration: N=300000 E=4.87877e+22 +- 8.06856e+21 (16.5381%)
all iterations: N=1800000 E=1.26473e+18 +- 1.04695e+18 (82.7806%) chi^2/dof=15.6649

iteration 6 finished.
this iteration: N=300000 E=4.38128e+22 +- 2.21269e+21 (5.05033%)
all iterations: N=2100000 E=1.27454e+18 +- 1.04695e+18 (82.1435%) chi^2/dof=78.3949

iteration 7 finished.
this iteration: N=300000 E=4.97107e+22 +- 2.07862e+21 (4.18143%)
all iterations: N=2400000 E=1.28715e+18 +- 1.04695e+18 (81.3387%) chi^2/dof=148.897

iteration 8 finished.
this iteration: N=300000 E=4.86652e+22 +- 1.55942e+21 (3.20439%)
all iterations: N=2700000 E=1.30908e+18 +- 1.04695e+18 (79.9758%) chi^2/dof=252.015

iteration 9 finished.
this iteration: N=300000 E=4.72569e+22 +- 7.54122e+20 (1.59579%)
all iterations: N=3000000 E=1.40016e+18 +- 1.04695e+18 (74.7733%) chi^2/dof=660.308

iteration 10 finished.
this iteration: N=300000 E=4.805e+22 +- 6.26038e+20 (1.30289%)
all iterations: N=3300000 E=1.53454e+18 +- 1.04695e+18 (68.2254%) chi^2/dof=1183.34

iteration 11 finished.
this iteration: N=300000 E=4.84565e+22 +- 5.71768e+20 (1.17996%)
all iterations: N=3600000 E=1.697e+18 +- 1.04695e+18 (61.6939%) chi^2/dof=1728.65

iteration 12 finished.
this iteration: N=300000 E=4.82611e+22 +- 4.54832e+20 (0.94244%)
all iterations: N=3900000 E=1.9527e+18 +- 1.04694e+18 (53.6152%) chi^2/dof=2522.76

iteration 13 finished.
this iteration: N=300000 E=4.78008e+22 +- 3.66158e+20 (0.766009%)
all iterations: N=4200000 E=2.34347e+18 +- 1.04694e+18 (44.6747%) chi^2/dof=3639.54

iteration 14 finished.
this iteration: N=300000 E=4.99624e+22 +- 1.97107e+21 (3.94511%)
all iterations: N=4500000 E=2.35756e+18 +- 1.04694e+18 (44.4076%) chi^2/dof=3425.47

iteration 15 finished.
this iteration: N=300000 E=4.83851e+22 +- 1.04913e+21 (2.1683%)
all iterations: N=4800000 E=2.40574e+18 +- 1.04694e+18 (43.5182%) chi^2/dof=3338.89

iteration 16 finished.
this iteration: N=300000 E=4.90878e+22 +- 6.54779e+20 (1.33389%)
all iterations: N=5100000 E=2.53123e+18 +- 1.04694e+18 (41.3607%) chi^2/dof=3481.44

iteration 17 finished.
this iteration: N=300000 E=4.79726e+22 +- 6.30797e+20 (1.31491%)
all iterations: N=5400000 E=2.66337e+18 +- 1.04694e+18 (39.3086%) chi^2/dof=3616.83

iteration 18 finished.
this iteration: N=300000 E=4.76596e+22 +- 4.76904e+20 (1.00065%)
all iterations: N=5700000 E=2.89304e+18 +- 1.04693e+18 (36.188%) chi^2/dof=3970.67

iteration 19 finished.
this iteration: N=300000 E=4.87996e+22 +- 4.0558e+20 (0.831113%)
all iterations: N=6000000 E=3.21818e+18 +- 1.04693e+18 (32.5317%) chi^2/dof=4523.54

>> Cumulative result: 
>> N = 5700000; I = 4.03782e+21 +- 4.69563e+19
>> chi^2/dof = 4364.5
Time needed: 187.65s
Temperature: 220; EQCONST: 2.92604e-06

iteration 0 finished.
this iteration: N=300000 E=1.20198e+18 +- 1.04085e+18 (86.5943%)
all iterations: N=300000 E=1.20198e+18 +- 1.04085e+18 (86.5943%) chi^2/dof=inf

iteration 1 finished.
this iteration: N=300000 E=1.04666e+20 +- 4.58066e+19 (43.7644%)
all iterations: N=600000 E=1.25537e+18 +- 1.04058e+18 (82.8899%) chi^2/dof=5.09919

iteration 2 finished.
this iteration: N=300000 E=1.02444e+22 +- 8.33068e+21 (81.3193%)
all iterations: N=900000 E=1.25553e+18 +- 1.04058e+18 (82.8794%) chi^2/dof=3.30552

iteration 3 finished.
this iteration: N=300000 E=1.67412e+22 +- 1.30337e+22 (77.8539%)
all iterations: N=1200000 E=1.25564e+18 +- 1.04058e+18 (82.8723%) chi^2/dof=2.75354

iteration 4 finished.
this iteration: N=300000 E=1.72031e+22 +- 8.65012e+21 (50.2822%)
all iterations: N=1500000 E=1.25589e+18 +- 1.04058e+18 (82.8559%) chi^2/dof=3.05382

iteration 5 finished.
this iteration: N=300000 E=2.00405e+22 +- 4.25897e+21 (21.2518%)
all iterations: N=1800000 E=1.25709e+18 +- 1.04058e+18 (82.777%) chi^2/dof=6.87081

iteration 6 finished.
this iteration: N=300000 E=4.40503e+22 +- 1.05557e+22 (23.9627%)
all iterations: N=2100000 E=1.25751e+18 +- 1.04058e+18 (82.7489%) chi^2/dof=8.62803

iteration 7 finished.
this iteration: N=300000 E=4.92171e+22 +- 6.76945e+21 (13.7542%)
all iterations: N=2400000 E=1.25868e+18 +- 1.04058e+18 (82.6724%) chi^2/dof=14.9465

iteration 8 finished.
this iteration: N=300000 E=5.84503e+22 +- 1.14488e+22 (19.5872%)
all iterations: N=2700000 E=1.25916e+18 +- 1.04058e+18 (82.6407%) chi^2/dof=16.3361

iteration 9 finished.
this iteration: N=300000 E=4.70669e+22 +- 2.85104e+21 (6.05742%)
all iterations: N=3000000 E=1.26543e+18 +- 1.04058e+18 (82.2313%) chi^2/dof=44.8012

iteration 10 finished.
this iteration: N=300000 E=4.84491e+22 +- 1.94898e+21 (4.02274%)
all iterations: N=3300000 E=1.27924e+18 +- 1.04058e+18 (81.3435%) chi^2/dof=102.113

iteration 11 finished.
this iteration: N=300000 E=4.72801e+22 +- 1.43774e+21 (3.04091%)
all iterations: N=3600000 E=1.30401e+18 +- 1.04058e+18 (79.7986%) chi^2/dof=191.136

iteration 12 finished.
this iteration: N=300000 E=4.93132e+22 +- 1.20231e+21 (2.43811%)
all iterations: N=3900000 E=1.34094e+18 +- 1.04058e+18 (77.6004%) chi^2/dof=315.388

iteration 13 finished.
this iteration: N=300000 E=4.71509e+22 +- 6.66422e+20 (1.41338%)
all iterations: N=4200000 E=1.4559e+18 +- 1.04058e+18 (71.4732%) chi^2/dof=676.172

iteration 14 finished.
this iteration: N=300000 E=4.78841e+22 +- 4.52697e+20 (0.9454%)
all iterations: N=4500000 E=1.70889e+18 +- 1.04057e+18 (60.8917%) chi^2/dof=1426.99

iteration 15 finished.
this iteration: N=300000 E=5.07276e+22 +- 2.77965e+21 (5.47955%)
all iterations: N=4800000 E=1.716e+18 +- 1.04057e+18 (60.6395%) chi^2/dof=1354.06

iteration 16 finished.
this iteration: N=300000 E=4.86796e+22 +- 1.16929e+21 (2.40201%)
all iterations: N=5100000 E=1.75455e+18 +- 1.04057e+18 (59.3071%) chi^2/dof=1377.75

iteration 17 finished.
this iteration: N=300000 E=4.81594e+22 +- 5.77214e+20 (1.19855%)
all iterations: N=5400000 E=1.91106e+18 +- 1.04057e+18 (54.45%) chi^2/dof=1706.16

iteration 18 finished.
this iteration: N=300000 E=4.78704e+22 +- 4.31587e+20 (0.901575%)
all iterations: N=5700000 E=2.18932e+18 +- 1.04057e+18 (47.5293%) chi^2/dof=2294.79

iteration 19 finished.
this iteration: N=300000 E=4.86509e+22 +- 4.3767e+20 (0.899614%)
all iterations: N=6000000 E=2.46431e+18 +- 1.04057e+18 (42.2254%) chi^2/dof=2824.28

>> Cumulative result: 
>> N = 5700000; I = 2.3335e+21 +- 4.47276e+19
>> chi^2/dof = 2830.21
Time needed: 188.11s
Temperature: 230; EQCONST: 1.38442e-06

iteration 0 finished.
this iteration: N=300000 E=1.19329e+18 +- 1.03508e+18 (86.7412%)
all iterations: N=300000 E=1.19329e+18 +- 1.03508e+18 (86.7412%) chi^2/dof=inf

iteration 1 finished.
this iteration: N=300000 E=1.00342e+20 +- 4.33635e+19 (43.2159%)
all iterations: N=600000 E=1.24975e+18 +- 1.03478e+18 (82.799%) chi^2/dof=5.22486

iteration 2 finished.
this iteration: N=300000 E=5.63657e+21 +- 4.63037e+21 (82.1486%)
all iterations: N=900000 E=1.25003e+18 +- 1.03478e+18 (82.7804%) chi^2/dof=3.35302

iteration 3 finished.
this iteration: N=300000 E=2.71322e+22 +- 1.50249e+22 (55.3767%)
all iterations: N=1200000 E=1.25016e+18 +- 1.03478e+18 (82.7718%) chi^2/dof=3.32223

iteration 4 finished.
this iteration: N=300000 E=1.64128e+22 +- 4.01173e+21 (24.4428%)
all iterations: N=1500000 E=1.25126e+18 +- 1.03478e+18 (82.6996%) chi^2/dof=6.6755

iteration 5 finished.
this iteration: N=300000 E=2.47274e+22 +- 1.67634e+21 (6.7793%)
all iterations: N=1800000 E=1.26068e+18 +- 1.03478e+18 (82.0815%) chi^2/dof=48.8531

iteration 6 finished.
this iteration: N=300000 E=4.55175e+22 +- 2.75612e+21 (6.05508%)
all iterations: N=2100000 E=1.26709e+18 +- 1.03478e+18 (81.6659%) chi^2/dof=86.1663

iteration 7 finished.
this iteration: N=300000 E=5.05118e+22 +- 1.86217e+21 (3.6866%)
all iterations: N=2400000 E=1.28269e+18 +- 1.03478e+18 (80.6729%) chi^2/dof=178.963

iteration 8 finished.
this iteration: N=300000 E=4.55221e+22 +- 7.33566e+20 (1.61145%)
all iterations: N=2700000 E=1.37327e+18 +- 1.03478e+18 (75.3517%) chi^2/dof=637.932

iteration 9 finished.
this iteration: N=300000 E=4.753e+22 +- 6.04246e+20 (1.27129%)
all iterations: N=3000000 E=1.51266e+18 +- 1.03478e+18 (68.4081%) chi^2/dof=1254.5

iteration 10 finished.
this iteration: N=300000 E=4.74411e+22 +- 4.49952e+20 (0.948443%)
all iterations: N=3300000 E=1.76356e+18 +- 1.03478e+18 (58.6755%) chi^2/dof=2240.65

iteration 11 finished.
this iteration: N=300000 E=4.76671e+22 +- 4.21796e+20 (0.884877%)
all iterations: N=3600000 E=2.05043e+18 +- 1.03477e+18 (50.4662%) chi^2/dof=3197.88

iteration 12 finished.
this iteration: N=300000 E=4.94676e+22 +- 2.39753e+21 (4.84666%)
all iterations: N=3900000 E=2.05965e+18 +- 1.03477e+18 (50.2404%) chi^2/dof=2966.86

iteration 13 finished.
this iteration: N=300000 E=4.85364e+22 +- 1.25891e+21 (2.59375%)
all iterations: N=4200000 E=2.09244e+18 +- 1.03477e+18 (49.4531%) chi^2/dof=2852.98

iteration 14 finished.
this iteration: N=300000 E=4.83404e+22 +- 6.65409e+20 (1.37651%)
all iterations: N=4500000 E=2.20933e+18 +- 1.03477e+18 (46.8364%) chi^2/dof=3026.14

iteration 15 finished.
this iteration: N=300000 E=4.66937e+22 +- 4.42915e+20 (0.948554%)
all iterations: N=4800000 E=2.46418e+18 +- 1.03477e+18 (41.9924%) chi^2/dof=3565.26

iteration 16 finished.
this iteration: N=300000 E=4.78104e+22 +- 3.86729e+20 (0.80888%)
all iterations: N=5100000 E=2.80646e+18 +- 1.03477e+18 (36.8709%) chi^2/dof=4297.57

iteration 17 finished.
this iteration: N=300000 E=4.77946e+22 +- 3.88298e+20 (0.812431%)
all iterations: N=5400000 E=3.14585e+18 +- 1.03476e+18 (32.8929%) chi^2/dof=4935.86

iteration 18 finished.
this iteration: N=300000 E=4.70596e+22 +- 3.61295e+20 (0.76774%)
all iterations: N=5700000 E=3.53184e+18 +- 1.03476e+18 (29.298%) chi^2/dof=5604.05

iteration 19 finished.
this iteration: N=300000 E=4.88124e+22 +- 3.83805e+20 (0.786285%)
all iterations: N=6000000 E=3.88661e+18 +- 1.03475e+18 (26.6236%) chi^2/dof=6160.28

>> Cumulative result: 
>> N = 5700000; I = 4.31007e+21 +- 4.13881e+19
>> chi^2/dof = 5900.74
Time needed: 187.91s
Temperature: 240; EQCONST: 2.1114e-06

iteration 0 finished.
this iteration: N=300000 E=1.18539e+18 +- 1.02981e+18 (86.8751%)
all iterations: N=300000 E=1.18539e+18 +- 1.02981e+18 (86.8751%) chi^2/dof=inf

iteration 1 finished.
this iteration: N=300000 E=9.59071e+19 +- 4.11739e+19 (42.931%)
all iterations: N=600000 E=1.24461e+18 +- 1.02949e+18 (82.7158%) chi^2/dof=5.28912

iteration 2 finished.
this iteration: N=300000 E=3.29656e+21 +- 1.87133e+21 (56.7661%)
all iterations: N=900000 E=1.2456e+18 +- 1.02949e+18 (82.6496%) chi^2/dof=4.19503

iteration 3 finished.
this iteration: N=300000 E=1.61193e+22 +- 6.13778e+21 (38.0774%)
all iterations: N=1200000 E=1.24606e+18 +- 1.02949e+18 (82.6195%) chi^2/dof=5.09536

iteration 4 finished.
this iteration: N=300000 E=2.19036e+22 +- 3.10248e+21 (14.1642%)
all iterations: N=1500000 E=1.24847e+18 +- 1.02949e+18 (82.4599%) chi^2/dof=16.2812

iteration 5 finished.
this iteration: N=300000 E=6.3308e+22 +- 1.81601e+22 (28.6853%)
all iterations: N=1800000 E=1.24867e+18 +- 1.02949e+18 (82.4464%) chi^2/dof=15.4554

iteration 6 finished.
this iteration: N=300000 E=4.20797e+22 +- 4.13267e+21 (9.82105%)
all iterations: N=2100000 E=1.25128e+18 +- 1.02949e+18 (82.2744%) chi^2/dof=30.1581

iteration 7 finished.
this iteration: N=300000 E=4.57217e+22 +- 1.87043e+21 (4.09091%)
all iterations: N=2400000 E=1.26514e+18 +- 1.02949e+18 (81.3737%) chi^2/dof=111.207

iteration 8 finished.
this iteration: N=300000 E=4.63962e+22 +- 1.04117e+21 (2.24408%)
all iterations: N=2700000 E=1.31049e+18 +- 1.02949e+18 (78.5571%) chi^2/dof=345.51

iteration 9 finished.
this iteration: N=300000 E=4.61645e+22 +- 6.92723e+20 (1.50055%)
all iterations: N=3000000 E=1.41245e+18 +- 1.02948e+18 (72.8864%) chi^2/dof=800.553

iteration 10 finished.
this iteration: N=300000 E=5.25429e+22 +- 4.29833e+21 (8.18061%)
all iterations: N=3300000 E=1.41547e+18 +- 1.02948e+18 (72.7312%) chi^2/dof=735.44

iteration 11 finished.
this iteration: N=300000 E=4.58945e+22 +- 1.39722e+21 (3.04441%)
all iterations: N=3600000 E=1.44038e+18 +- 1.02948e+18 (71.4731%) chi^2/dof=766.66

iteration 12 finished.
this iteration: N=300000 E=4.82833e+22 +- 7.86416e+20 (1.62875%)
all iterations: N=3900000 E=1.52312e+18 +- 1.02948e+18 (67.5904%) chi^2/dof=1016.88

iteration 13 finished.
this iteration: N=300000 E=4.77469e+22 +- 5.19195e+20 (1.08739%)
all iterations: N=4200000 E=1.71084e+18 +- 1.02948e+18 (60.1741%) chi^2/dof=1589.18

iteration 14 finished.
this iteration: N=300000 E=4.7752e+22 +- 4.87072e+20 (1.02%)
all iterations: N=4500000 E=1.92416e+18 +- 1.02948e+18 (53.5029%) chi^2/dof=2162.15

iteration 15 finished.
this iteration: N=300000 E=5.51119e+22 +- 8.88447e+21 (16.1208%)
all iterations: N=4800000 E=1.9249e+18 +- 1.02948e+18 (53.4823%) chi^2/dof=2020.57

iteration 16 finished.
this iteration: N=300000 E=5.14135e+22 +- 2.34473e+21 (4.56054%)
all iterations: N=5100000 E=1.93481e+18 +- 1.02948e+18 (53.2084%) chi^2/dof=1924.34

iteration 17 finished.
this iteration: N=300000 E=4.7919e+22 +- 8.1281e+20 (1.69622%)
all iterations: N=5400000 E=2.01168e+18 +- 1.02948e+18 (51.1752%) chi^2/dof=2015.57

iteration 18 finished.
this iteration: N=300000 E=4.61574e+22 +- 4.64396e+20 (1.00611%)
all iterations: N=5700000 E=2.23849e+18 +- 1.02948e+18 (45.9897%) chi^2/dof=2452.37

iteration 19 finished.
this iteration: N=300000 E=4.77406e+22 +- 4.33012e+20 (0.90701%)
all iterations: N=6000000 E=2.50833e+18 +- 1.02947e+18 (41.0422%) chi^2/dof=2963

>> Cumulative result: 
>> N = 5700000; I = 2.02949e+21 +- 4.03099e+19
>> chi^2/dof = 2987.05
Time needed: 187.19s
Temperature: 250; EQCONST: 8.27358e-07

iteration 0 finished.
this iteration: N=300000 E=1.17817e+18 +- 1.02498e+18 (86.9975%)
all iterations: N=300000 E=1.17817e+18 +- 1.02498e+18 (86.9975%) chi^2/dof=inf

iteration 1 finished.
this iteration: N=300000 E=9.46035e+19 +- 4.02586e+19 (42.5551%)
all iterations: N=600000 E=1.23869e+18 +- 1.02464e+18 (82.7202%) chi^2/dof=5.38183

iteration 2 finished.
this iteration: N=300000 E=8.59777e+21 +- 4.8634e+21 (56.5658%)
all iterations: N=900000 E=1.23907e+18 +- 1.02464e+18 (82.6947%) chi^2/dof=4.25312

iteration 3 finished.
this iteration: N=300000 E=3.4728e+21 +- 5.78105e+20 (16.6466%)
all iterations: N=1200000 E=1.24997e+18 +- 1.02464e+18 (81.9731%) chi^2/dof=14.8557

iteration 4 finished.
this iteration: N=300000 E=2.41549e+22 +- 4.28374e+21 (17.7344%)
all iterations: N=1500000 E=1.25136e+18 +- 1.02464e+18 (81.8826%) chi^2/dof=19.0898

iteration 5 finished.
this iteration: N=300000 E=3.74958e+22 +- 3.11225e+21 (8.30027%)
all iterations: N=1800000 E=1.25542e+18 +- 1.02464e+18 (81.6175%) chi^2/dof=44.2998

iteration 6 finished.
this iteration: N=300000 E=4.38264e+22 +- 1.65859e+21 (3.78444%)
all iterations: N=2100000 E=1.27215e+18 +- 1.02464e+18 (80.5444%) chi^2/dof=153.281

iteration 7 finished.
this iteration: N=300000 E=5.54858e+22 +- 9.70627e+21 (17.4932%)
all iterations: N=2400000 E=1.27276e+18 +- 1.02464e+18 (80.5053%) chi^2/dof=136.052

iteration 8 finished.
this iteration: N=300000 E=4.67219e+22 +- 2.27551e+21 (4.87033%)
all iterations: N=2700000 E=1.28224e+18 +- 1.02464e+18 (79.9105%) chi^2/dof=171.74

iteration 9 finished.
this iteration: N=300000 E=4.78829e+22 +- 1.2789e+21 (2.67088%)
all iterations: N=3000000 E=1.31297e+18 +- 1.02464e+18 (78.0398%) chi^2/dof=308.407

iteration 10 finished.
this iteration: N=300000 E=4.88309e+22 +- 1.09145e+21 (2.23517%)
all iterations: N=3300000 E=1.35601e+18 +- 1.02464e+18 (75.5631%) chi^2/dof=477.716

iteration 11 finished.
this iteration: N=300000 E=4.74356e+22 +- 7.02751e+20 (1.48148%)
all iterations: N=3600000 E=1.45685e+18 +- 1.02464e+18 (70.3327%) chi^2/dof=848.465

iteration 12 finished.
this iteration: N=300000 E=4.73268e+22 +- 5.32672e+20 (1.12552%)
all iterations: N=3900000 E=1.63196e+18 +- 1.02464e+18 (62.7858%) chi^2/dof=1435.55

iteration 13 finished.
this iteration: N=300000 E=4.7637e+22 +- 4.62199e+20 (0.970252%)
all iterations: N=4200000 E=1.86607e+18 +- 1.02464e+18 (54.9089%) chi^2/dof=2142.18

iteration 14 finished.
this iteration: N=300000 E=4.69936e+22 +- 4.17906e+20 (0.889283%)
all iterations: N=4500000 E=2.14855e+18 +- 1.02463e+18 (47.6894%) chi^2/dof=2892.31

iteration 15 finished.
this iteration: N=300000 E=4.64763e+22 +- 3.67859e+20 (0.791498%)
all iterations: N=4800000 E=2.50912e+18 +- 1.02463e+18 (40.8362%) chi^2/dof=3763.55

iteration 16 finished.
this iteration: N=300000 E=4.76262e+22 +- 5.62254e+20 (1.18056%)
all iterations: N=5100000 E=2.66728e+18 +- 1.02463e+18 (38.4148%) chi^2/dof=3976.72

iteration 17 finished.
this iteration: N=300000 E=4.68453e+22 +- 6.20612e+20 (1.32481%)
all iterations: N=5400000 E=2.79496e+18 +- 1.02463e+18 (36.6598%) chi^2/dof=4077.91

iteration 18 finished.
this iteration: N=300000 E=4.68409e+22 +- 4.76548e+20 (1.01738%)
all iterations: N=5700000 E=3.01149e+18 +- 1.02462e+18 (34.0239%) chi^2/dof=4388.03

iteration 19 finished.
this iteration: N=300000 E=4.80252e+22 +- 4.04631e+20 (0.842538%)
all iterations: N=6000000 E=3.31942e+18 +- 1.02462e+18 (30.8675%) chi^2/dof=4898.41

>> Cumulative result: 
>> N = 5700000; I = 3.08294e+21 +- 3.88713e+19
>> chi^2/dof = 4821.59
Time needed: 187.52s
Temperature: 260; EQCONST: 1.05347e-06

iteration 0 finished.
this iteration: N=300000 E=1.17154e+18 +- 1.02053e+18 (87.1099%)
all iterations: N=300000 E=1.17154e+18 +- 1.02053e+18 (87.1099%) chi^2/dof=inf

iteration 1 finished.
this iteration: N=300000 E=9.29967e+19 +- 3.96878e+19 (42.6766%)
all iterations: N=600000 E=1.23222e+18 +- 1.02019e+18 (82.7932%) chi^2/dof=5.34961

iteration 2 finished.
this iteration: N=300000 E=2.57609e+21 +- 1.308e+21 (50.7745%)
all iterations: N=900000 E=1.23378e+18 +- 1.02019e+18 (82.688%) chi^2/dof=4.6124

iteration 3 finished.
this iteration: N=300000 E=6.73039e+21 +- 1.7176e+21 (25.5201%)
all iterations: N=1200000 E=1.23616e+18 +- 1.02019e+18 (82.5292%) chi^2/dof=8.19123

iteration 4 finished.
this iteration: N=300000 E=5.84465e+22 +- 2.13418e+22 (36.5151%)
all iterations: N=1500000 E=1.23629e+18 +- 1.02019e+18 (82.5203%) chi^2/dof=8.01832

iteration 5 finished.
this iteration: N=300000 E=1.24789e+23 +- 8.8208e+22 (70.6858%)
all iterations: N=1800000 E=1.23631e+18 +- 1.02019e+18 (82.5192%) chi^2/dof=6.81493

iteration 6 finished.
this iteration: N=300000 E=3.75414e+22 +- 5.40704e+21 (14.4029%)
all iterations: N=2100000 E=1.23764e+18 +- 1.02019e+18 (82.4301%) chi^2/dof=13.7129

iteration 7 finished.
this iteration: N=300000 E=3.94556e+22 +- 1.68724e+21 (4.27631%)
all iterations: N=2400000 E=1.25207e+18 +- 1.02019e+18 (81.4804%) chi^2/dof=89.8694

iteration 8 finished.
this iteration: N=300000 E=4.6206e+22 +- 1.42897e+21 (3.09261%)
all iterations: N=2700000 E=1.27562e+18 +- 1.02019e+18 (79.9761%) chi^2/dof=209.324

iteration 9 finished.
this iteration: N=300000 E=4.66807e+22 +- 1.7851e+21 (3.82406%)
all iterations: N=3000000 E=1.29087e+18 +- 1.02019e+18 (79.0315%) chi^2/dof=262.043

iteration 10 finished.
this iteration: N=300000 E=4.71638e+22 +- 1.6365e+21 (3.46982%)
all iterations: N=3300000 E=1.30919e+18 +- 1.02019e+18 (77.9251%) chi^2/dof=318.893

iteration 11 finished.
this iteration: N=300000 E=4.61076e+22 +- 9.84692e+20 (2.13564%)
all iterations: N=3600000 E=1.35868e+18 +- 1.02019e+18 (75.0866%) chi^2/dof=489.211

iteration 12 finished.
this iteration: N=300000 E=4.59481e+22 +- 8.08431e+20 (1.75944%)
all iterations: N=3900000 E=1.43185e+18 +- 1.02019e+18 (71.2495%) chi^2/dof=717.623

iteration 13 finished.
this iteration: N=300000 E=4.77189e+22 +- 6.48252e+20 (1.35848%)
all iterations: N=4200000 E=1.55004e+18 +- 1.02019e+18 (65.817%) chi^2/dof=1079.22

iteration 14 finished.
this iteration: N=300000 E=4.71732e+22 +- 4.82095e+20 (1.02197%)
all iterations: N=4500000 E=1.76128e+18 +- 1.02019e+18 (57.9231%) chi^2/dof=1685.99

iteration 15 finished.
this iteration: N=300000 E=4.68648e+22 +- 3.99406e+20 (0.852252%)
all iterations: N=4800000 E=2.06702e+18 +- 1.02018e+18 (49.3553%) chi^2/dof=2491.37

iteration 16 finished.
this iteration: N=300000 E=4.72556e+22 +- 3.65625e+20 (0.773718%)
all iterations: N=5100000 E=2.4349e+18 +- 1.02018e+18 (41.8981%) chi^2/dof=3379.59

iteration 17 finished.
this iteration: N=300000 E=4.70603e+22 +- 4.50517e+20 (0.957318%)
all iterations: N=5400000 E=2.67621e+18 +- 1.02018e+18 (38.1202%) chi^2/dof=3822.58

iteration 18 finished.
this iteration: N=300000 E=4.7313e+22 +- 5.88048e+20 (1.24289%)
all iterations: N=5700000 E=2.8186e+18 +- 1.02017e+18 (36.1944%) chi^2/dof=3969.81

iteration 19 finished.
this iteration: N=300000 E=4.7897e+22 +- 4.86816e+20 (1.01638%)
all iterations: N=6000000 E=3.02893e+18 +- 1.02017e+18 (33.681%) chi^2/dof=4270.3

>> Cumulative result: 
>> N = 5700000; I = 2.65537e+21 +- 3.85646e+19
>> chi^2/dof = 4244.56
Time needed: 188.45s
Temperature: 270; EQCONST: 7.65639e-07

iteration 0 finished.
this iteration: N=300000 E=1.16544e+18 +- 1.01642e+18 (87.2134%)
all iterations: N=300000 E=1.16544e+18 +- 1.01642e+18 (87.2134%) chi^2/dof=inf

iteration 1 finished.
this iteration: N=300000 E=9.12463e+19 +- 3.9384e+19 (43.1623%)
all iterations: N=600000 E=1.2254e+18 +- 1.01608e+18 (82.9185%) chi^2/dof=5.22801

iteration 2 finished.
this iteration: N=300000 E=4.70532e+20 +- 1.08664e+20 (23.0939%)
all iterations: N=900000 E=1.26643e+18 +- 1.01604e+18 (80.2285%) chi^2/dof=11.9395

iteration 3 finished.
this iteration: N=300000 E=1.26212e+22 +- 6.07247e+21 (48.1131%)
all iterations: N=1200000 E=1.26678e+18 +- 1.01604e+18 (80.2062%) chi^2/dof=9.39934

iteration 4 finished.
this iteration: N=300000 E=2.02927e+22 +- 3.51544e+21 (17.3237%)
all iterations: N=1500000 E=1.26848e+18 +- 1.01604e+18 (80.099%) chi^2/dof=15.3787

iteration 5 finished.
this iteration: N=300000 E=4.59582e+22 +- 1.04938e+22 (22.8333%)
all iterations: N=1800000 E=1.26891e+18 +- 1.01604e+18 (80.0718%) chi^2/dof=16.1389

iteration 6 finished.
this iteration: N=300000 E=5.30652e+22 +- 1.31476e+22 (24.7764%)
all iterations: N=2100000 E=1.26923e+18 +- 1.01604e+18 (80.0518%) chi^2/dof=16.164

iteration 7 finished.
this iteration: N=300000 E=4.41035e+22 +- 4.85328e+21 (11.0043%)
all iterations: N=2400000 E=1.27116e+18 +- 1.01604e+18 (79.9301%) chi^2/dof=25.6513

iteration 8 finished.
this iteration: N=300000 E=4.18842e+22 +- 1.59406e+21 (3.80587%)
all iterations: N=2700000 E=1.28818e+18 +- 1.01604e+18 (78.8742%) chi^2/dof=108.738

iteration 9 finished.
this iteration: N=300000 E=4.75945e+22 +- 1.30771e+21 (2.74761%)
all iterations: N=3000000 E=1.31691e+18 +- 1.01604e+18 (77.1534%) chi^2/dof=243.827

iteration 10 finished.
this iteration: N=300000 E=4.68913e+22 +- 9.31075e+20 (1.9856%)
all iterations: N=3300000 E=1.37274e+18 +- 1.01604e+18 (74.0151%) chi^2/dof=473.069

iteration 11 finished.
this iteration: N=300000 E=4.8147e+22 +- 9.96779e+20 (2.07028%)
all iterations: N=3600000 E=1.42277e+18 +- 1.01604e+18 (71.4127%) chi^2/dof=642.154

iteration 12 finished.
this iteration: N=300000 E=4.81614e+22 +- 7.14729e+20 (1.48403%)
all iterations: N=3900000 E=1.52009e+18 +- 1.01604e+18 (66.8404%) chi^2/dof=967.003

iteration 13 finished.
this iteration: N=300000 E=4.68006e+22 +- 4.5661e+20 (0.975649%)
all iterations: N=4200000 E=1.75181e+18 +- 1.01603e+18 (57.999%) chi^2/dof=1700.67

iteration 14 finished.
this iteration: N=300000 E=4.69715e+22 +- 4.02815e+20 (0.857573%)
all iterations: N=4500000 E=2.05064e+18 +- 1.01603e+18 (49.547%) chi^2/dof=2550.36

iteration 15 finished.
this iteration: N=300000 E=4.95224e+22 +- 3.11748e+21 (6.29509%)
all iterations: N=4800000 E=2.0559e+18 +- 1.01603e+18 (49.4202%) chi^2/dof=2397.16

iteration 16 finished.
this iteration: N=300000 E=4.76858e+22 +- 1.17224e+21 (2.45826%)
all iterations: N=5100000 E=2.09172e+18 +- 1.01603e+18 (48.5738%) chi^2/dof=2350.75

iteration 17 finished.
this iteration: N=300000 E=4.71514e+22 +- 5.54577e+20 (1.17616%)
all iterations: N=5400000 E=2.24998e+18 +- 1.01603e+18 (45.1572%) chi^2/dof=2637.66

iteration 18 finished.
this iteration: N=300000 E=4.60769e+22 +- 3.7951e+20 (0.823644%)
all iterations: N=5700000 E=2.58022e+18 +- 1.01602e+18 (39.3775%) chi^2/dof=3309.97

iteration 19 finished.
this iteration: N=300000 E=4.74678e+22 +- 5.3039e+20 (1.11737%)
all iterations: N=6000000 E=2.75439e+18 +- 1.01602e+18 (36.8874%) chi^2/dof=3557.27

>> Cumulative result: 
>> N = 5700000; I = 2.02595e+21 +- 3.62692e+19
>> chi^2/dof = 3581.88
Time needed: 188.1s
Temperature: 280; EQCONST: 4.95969e-07

iteration 0 finished.
this iteration: N=300000 E=1.15981e+18 +- 1.01262e+18 (87.309%)
all iterations: N=300000 E=1.15981e+18 +- 1.01262e+18 (87.309%) chi^2/dof=inf

iteration 1 finished.
this iteration: N=300000 E=8.94324e+19 +- 3.92886e+19 (43.931%)
all iterations: N=600000 E=1.21841e+18 +- 1.01228e+18 (83.0823%) chi^2/dof=5.04464

iteration 2 finished.
this iteration: N=300000 E=5.35529e+20 +- 1.61609e+20 (30.1774%)
all iterations: N=900000 E=1.23937e+18 +- 1.01226e+18 (81.6754%) chi^2/dof=7.98758

iteration 3 finished.
this iteration: N=300000 E=3.22956e+22 +- 2.58086e+22 (79.9138%)
all iterations: N=1200000 E=1.23942e+18 +- 1.01226e+18 (81.6722%) chi^2/dof=5.84697

iteration 4 finished.
this iteration: N=300000 E=1.21066e+22 +- 2.28073e+21 (18.8388%)
all iterations: N=1500000 E=1.2418e+18 +- 1.01226e+18 (81.5153%) chi^2/dof=11.428

iteration 5 finished.
this iteration: N=300000 E=5.69289e+22 +- 1.26083e+22 (22.1475%)
all iterations: N=1800000 E=1.24217e+18 +- 1.01226e+18 (81.4912%) chi^2/dof=13.2196

iteration 6 finished.
this iteration: N=300000 E=4.31514e+22 +- 2.71368e+21 (6.28875%)
all iterations: N=2100000 E=1.24818e+18 +- 1.01226e+18 (81.0992%) chi^2/dof=53.1564

iteration 7 finished.
this iteration: N=300000 E=5.19948e+22 +- 4.75082e+21 (9.1371%)
all iterations: N=2400000 E=1.25054e+18 +- 1.01226e+18 (80.9462%) chi^2/dof=62.6732

iteration 8 finished.
this iteration: N=300000 E=4.30484e+22 +- 1.32919e+21 (3.08766%)
all iterations: N=2700000 E=1.2755e+18 +- 1.01226e+18 (79.3617%) chi^2/dof=185.946

iteration 9 finished.
this iteration: N=300000 E=4.68602e+22 +- 1.00592e+21 (2.14664%)
all iterations: N=3000000 E=1.32295e+18 +- 1.01226e+18 (76.5151%) chi^2/dof=406.395

iteration 10 finished.
this iteration: N=300000 E=4.83904e+22 +- 9.05291e+20 (1.87081%)
all iterations: N=3300000 E=1.38345e+18 +- 1.01226e+18 (73.169%) chi^2/dof=651.46

iteration 11 finished.
this iteration: N=300000 E=4.6087e+22 +- 5.54656e+20 (1.2035%)
all iterations: N=3600000 E=1.53695e+18 +- 1.01226e+18 (65.8614%) chi^2/dof=1219.84

iteration 12 finished.
this iteration: N=300000 E=4.66001e+22 +- 4.31813e+20 (0.926635%)
all iterations: N=3900000 E=1.79302e+18 +- 1.01226e+18 (56.4552%) chi^2/dof=2088.63

iteration 13 finished.
this iteration: N=300000 E=4.66609e+22 +- 3.8666e+20 (0.828661%)
all iterations: N=4200000 E=2.11281e+18 +- 1.01225e+18 (47.9103%) chi^2/dof=3048.1

iteration 14 finished.
this iteration: N=300000 E=4.62937e+22 +- 3.56879e+20 (0.7709%)
all iterations: N=4500000 E=2.48523e+18 +- 1.01225e+18 (40.7306%) chi^2/dof=4032.18

iteration 15 finished.
this iteration: N=300000 E=4.63543e+22 +- 3.48981e+20 (0.752857%)
all iterations: N=4800000 E=2.8752e+18 +- 1.01224e+18 (35.206%) chi^2/dof=4939.44

iteration 16 finished.
this iteration: N=300000 E=4.71642e+22 +- 9.29929e+20 (1.97168%)
all iterations: N=5100000 E=2.93108e+18 +- 1.01224e+18 (34.5348%) chi^2/dof=4791.47

iteration 17 finished.
this iteration: N=300000 E=4.78234e+22 +- 9.58857e+20 (2.00499%)
all iterations: N=5400000 E=2.98437e+18 +- 1.01224e+18 (33.9181%) chi^2/dof=4655.93

iteration 18 finished.
this iteration: N=300000 E=4.58593e+22 +- 5.71163e+20 (1.24547%)
all iterations: N=5700000 E=3.1284e+18 +- 1.01224e+18 (32.3565%) chi^2/dof=4755.37

iteration 19 finished.
this iteration: N=300000 E=4.73036e+22 +- 4.20912e+20 (0.889811%)
all iterations: N=6000000 E=3.40196e+18 +- 1.01224e+18 (29.7546%) chi^2/dof=5169.73

>> Cumulative result: 
>> N = 5700000; I = 2.99222e+21 +- 3.69712e+19
>> chi^2/dof = 5093.59
Time needed: 188.07s
Temperature: 290; EQCONST: 6.25517e-07

iteration 0 finished.
this iteration: N=300000 E=1.15459e+18 +- 1.00908e+18 (87.3977%)
all iterations: N=300000 E=1.15459e+18 +- 1.00908e+18 (87.3977%) chi^2/dof=inf

iteration 1 finished.
this iteration: N=300000 E=8.8815e+19 +- 3.93146e+19 (44.2657%)
all iterations: N=600000 E=1.2123e+18 +- 1.00875e+18 (83.2097%) chi^2/dof=4.96836

iteration 2 finished.
this iteration: N=300000 E=4.67686e+20 +- 1.13949e+20 (24.3645%)
all iterations: N=900000 E=1.24885e+18 +- 1.00871e+18 (80.771%) chi^2/dof=10.8627

iteration 3 finished.
this iteration: N=300000 E=1.46785e+22 +- 4.59964e+21 (31.3358%)
all iterations: N=1200000 E=1.24956e+18 +- 1.00871e+18 (80.7253%) chi^2/dof=10.6359

iteration 4 finished.
this iteration: N=300000 E=3.70572e+22 +- 8.6628e+21 (23.3769%)
all iterations: N=1500000 E=1.25006e+18 +- 1.00871e+18 (80.6929%) chi^2/dof=12.5514

iteration 5 finished.
this iteration: N=300000 E=3.57545e+22 +- 2.8118e+21 (7.8642%)
all iterations: N=1800000 E=1.25466e+18 +- 1.00871e+18 (80.3969%) chi^2/dof=42.3774

iteration 6 finished.
this iteration: N=300000 E=5.1914e+22 +- 4.22136e+21 (8.13146%)
all iterations: N=2100000 E=1.25763e+18 +- 1.00871e+18 (80.2075%) chi^2/dof=60.5198

iteration 7 finished.
this iteration: N=300000 E=4.55082e+22 +- 1.60129e+21 (3.51869%)
all iterations: N=2400000 E=1.27569e+18 +- 1.00871e+18 (79.0721%) chi^2/dof=167.25

iteration 8 finished.
this iteration: N=300000 E=4.66532e+22 +- 1.60161e+21 (3.43301%)
all iterations: N=2700000 E=1.29419e+18 +- 1.00871e+18 (77.9414%) chi^2/dof=252.4

iteration 9 finished.
this iteration: N=300000 E=4.64027e+22 +- 7.9458e+20 (1.71236%)
all iterations: N=3000000 E=1.36897e+18 +- 1.00871e+18 (73.6838%) chi^2/dof=603.272

iteration 10 finished.
this iteration: N=300000 E=4.69178e+22 +- 5.25829e+20 (1.12075%)
all iterations: N=3300000 E=1.54162e+18 +- 1.00871e+18 (65.4316%) chi^2/dof=1339.03

iteration 11 finished.
this iteration: N=300000 E=4.64551e+22 +- 4.61407e+20 (0.993232%)
all iterations: N=3600000 E=1.76364e+18 +- 1.00871e+18 (57.1947%) chi^2/dof=2138.75

iteration 12 finished.
this iteration: N=300000 E=4.60639e+22 +- 4.09152e+20 (0.888226%)
all iterations: N=3900000 E=2.0436e+18 +- 1.0087e+18 (49.3591%) chi^2/dof=3016.7

iteration 13 finished.
this iteration: N=300000 E=4.64804e+22 +- 3.48503e+20 (0.749785%)
all iterations: N=4200000 E=2.43297e+18 +- 1.0087e+18 (41.4596%) chi^2/dof=4152.82

iteration 14 finished.
this iteration: N=300000 E=4.59628e+22 +- 3.29634e+20 (0.717176%)
all iterations: N=4500000 E=2.86333e+18 +- 1.00869e+18 (35.228%) chi^2/dof=5244.77

iteration 15 finished.
this iteration: N=300000 E=4.81831e+22 +- 2.38065e+21 (4.94084%)
all iterations: N=4800000 E=2.87198e+18 +- 1.00869e+18 (35.1219%) chi^2/dof=4922.43

iteration 16 finished.
this iteration: N=300000 E=4.56326e+22 +- 1.02978e+21 (2.25669%)
all iterations: N=5100000 E=2.91576e+18 +- 1.00869e+18 (34.5945%) chi^2/dof=4737.48

iteration 17 finished.
this iteration: N=300000 E=4.7581e+22 +- 7.97575e+20 (1.67625%)
all iterations: N=5400000 E=2.99186e+18 +- 1.00869e+18 (33.7145%) chi^2/dof=4668.13

iteration 18 finished.
this iteration: N=300000 E=4.60591e+22 +- 5.64347e+20 (1.22527%)
all iterations: N=5700000 E=3.139e+18 +- 1.00869e+18 (32.1342%) chi^2/dof=4778.8

iteration 19 finished.
this iteration: N=300000 E=4.70114e+22 +- 4.22222e+20 (0.898127%)
all iterations: N=6000000 E=3.40729e+18 +- 1.00869e+18 (29.6038%) chi^2/dof=5179.68

>> Cumulative result: 
>> N = 5700000; I = 2.87742e+21 +- 3.60429e+19
>> chi^2/dof = 5113.92
Time needed: 294.21s
Temperature: 300; EQCONST: 5.1641e-07

iteration 0 finished.
this iteration: N=300000 E=1.14974e+18 +- 1.00579e+18 (87.48%)
all iterations: N=300000 E=1.14974e+18 +- 1.00579e+18 (87.48%) chi^2/dof=inf

iteration 1 finished.
this iteration: N=300000 E=8.88169e+19 +- 3.93965e+19 (44.357%)
all iterations: N=600000 E=1.20684e+18 +- 1.00546e+18 (83.3137%) chi^2/dof=4.94852

iteration 2 finished.
this iteration: N=300000 E=4.02824e+20 +- 8.74454e+19 (21.7081%)
all iterations: N=900000 E=1.25993e+18 +- 1.0054e+18 (79.7978%) chi^2/dof=13.0197

iteration 3 finished.
this iteration: N=300000 E=1.03273e+22 +- 1.65125e+21 (15.9891%)
all iterations: N=1200000 E=1.26376e+18 +- 1.0054e+18 (79.5561%) chi^2/dof=21.7152

iteration 4 finished.
this iteration: N=300000 E=3.66761e+22 +- 5.86237e+21 (15.9842%)
all iterations: N=1500000 E=1.26484e+18 +- 1.0054e+18 (79.4882%) chi^2/dof=26.0707

iteration 5 finished.
this iteration: N=300000 E=4.452e+22 +- 3.65106e+21 (8.20095%)
all iterations: N=1800000 E=1.26821e+18 +- 1.0054e+18 (79.2766%) chi^2/dof=50.5922

iteration 6 finished.
this iteration: N=300000 E=4.61586e+22 +- 1.62755e+21 (3.52598%)
all iterations: N=2100000 E=1.28583e+18 +- 1.0054e+18 (78.1907%) chi^2/dof=176.209

iteration 7 finished.
this iteration: N=300000 E=4.4873e+22 +- 7.65068e+20 (1.70496%)
all iterations: N=2400000 E=1.36332e+18 +- 1.0054e+18 (73.7463%) chi^2/dof=642.45

iteration 8 finished.
this iteration: N=300000 E=4.66067e+22 +- 6.89846e+20 (1.48014%)
all iterations: N=2700000 E=1.46231e+18 +- 1.0054e+18 (68.7539%) chi^2/dof=1132.67

iteration 9 finished.
this iteration: N=300000 E=4.66891e+22 +- 5.76925e+20 (1.23568%)
all iterations: N=3000000 E=1.6041e+18 +- 1.00539e+18 (62.6766%) chi^2/dof=1734.46

iteration 10 finished.
this iteration: N=300000 E=4.68137e+22 +- 5.25215e+20 (1.12193%)
all iterations: N=3300000 E=1.77563e+18 +- 1.00539e+18 (56.6216%) chi^2/dof=2355.42

iteration 11 finished.
this iteration: N=300000 E=4.62459e+22 +- 4.43231e+20 (0.958422%)
all iterations: N=3600000 E=2.01357e+18 +- 1.00539e+18 (49.9306%) chi^2/dof=3130.89

iteration 12 finished.
this iteration: N=300000 E=4.60536e+22 +- 3.56874e+20 (0.774911%)
all iterations: N=3900000 E=2.37906e+18 +- 1.00539e+18 (42.2597%) chi^2/dof=4257.61

iteration 13 finished.
this iteration: N=300000 E=4.69119e+22 +- 3.58729e+20 (0.764687%)
all iterations: N=4200000 E=2.74752e+18 +- 1.00538e+18 (36.5923%) chi^2/dof=5245.45

iteration 14 finished.
this iteration: N=300000 E=4.62154e+22 +- 3.48687e+20 (0.754482%)
all iterations: N=4500000 E=3.13171e+18 +- 1.00538e+18 (32.1031%) chi^2/dof=6125.42

iteration 15 finished.
this iteration: N=300000 E=4.61286e+22 +- 3.41888e+20 (0.741163%)
all iterations: N=4800000 E=3.53058e+18 +- 1.00537e+18 (28.4761%) chi^2/dof=6930.5

iteration 16 finished.
this iteration: N=300000 E=4.70672e+22 +- 9.89108e+20 (2.10148%)
all iterations: N=5100000 E=3.5792e+18 +- 1.00537e+18 (28.0893%) chi^2/dof=6638.84

iteration 17 finished.
this iteration: N=300000 E=4.7298e+22 +- 7.83067e+20 (1.6556%)
all iterations: N=5400000 E=3.65716e+18 +- 1.00537e+18 (27.4905%) chi^2/dof=6462.89

iteration 18 finished.
this iteration: N=300000 E=4.58423e+22 +- 4.19872e+20 (0.915905%)
all iterations: N=5700000 E=3.91998e+18 +- 1.00537e+18 (25.6473%) chi^2/dof=6765.99

iteration 19 finished.
this iteration: N=300000 E=4.6089e+22 +- 3.43245e+20 (0.744744%)
all iterations: N=6000000 E=4.31534e+18 +- 1.00536e+18 (23.2974%) chi^2/dof=7358.64

>> Cumulative result: 
>> N = 5700000; I = 3.72668e+21 +- 3.44897e+19
>> chi^2/dof = 7119.78
Time needed: 188.44s
Temperature: 310; EQCONST: 5.77073e-07

iteration 0 finished.
this iteration: N=300000 E=1.14522e+18 +- 1.00272e+18 (87.5567%)
all iterations: N=300000 E=1.14522e+18 +- 1.00272e+18 (87.5567%) chi^2/dof=inf

iteration 1 finished.
this iteration: N=300000 E=8.88137e+19 +- 3.95368e+19 (44.5165%)
all iterations: N=600000 E=1.20157e+18 +- 1.0024e+18 (83.4235%) chi^2/dof=4.91366

iteration 2 finished.
this iteration: N=300000 E=5.50558e+20 +- 1.85606e+20 (33.7123%)
all iterations: N=900000 E=1.2176e+18 +- 1.00238e+18 (82.3245%) chi^2/dof=6.83693

iteration 3 finished.
this iteration: N=300000 E=1.20008e+22 +- 3.21528e+21 (26.7923%)
all iterations: N=1200000 E=1.21876e+18 +- 1.00238e+18 (82.2458%) chi^2/dof=9.20064

iteration 4 finished.
this iteration: N=300000 E=3.00545e+22 +- 5.09302e+21 (16.946%)
all iterations: N=1500000 E=1.21993e+18 +- 1.00238e+18 (82.1673%) chi^2/dof=15.6056

iteration 5 finished.
this iteration: N=300000 E=4.03632e+22 +- 6.75927e+21 (16.7461%)
all iterations: N=1800000 E=1.22082e+18 +- 1.00238e+18 (82.1075%) chi^2/dof=19.6159

iteration 6 finished.
this iteration: N=300000 E=4.16148e+22 +- 2.19539e+21 (5.27552%)
all iterations: N=2100000 E=1.22949e+18 +- 1.00238e+18 (81.5282%) chi^2/dof=76.2281

iteration 7 finished.
this iteration: N=300000 E=5.01989e+22 +- 6.21888e+21 (12.3885%)
all iterations: N=2400000 E=1.23079e+18 +- 1.00238e+18 (81.4418%) chi^2/dof=74.6461

iteration 8 finished.
this iteration: N=300000 E=4.47502e+22 +- 2.50512e+21 (5.59801%)
all iterations: N=2700000 E=1.23796e+18 +- 1.00238e+18 (80.9705%) chi^2/dof=105.201

iteration 9 finished.
this iteration: N=300000 E=4.6127e+22 +- 1.77702e+21 (3.85245%)
all iterations: N=3000000 E=1.25264e+18 +- 1.00238e+18 (80.0217%) chi^2/dof=168.374

iteration 10 finished.
this iteration: N=300000 E=4.66375e+22 +- 1.1564e+21 (2.47956%)
all iterations: N=3300000 E=1.28768e+18 +- 1.00238e+18 (77.8441%) chi^2/dof=314.177

iteration 11 finished.
this iteration: N=300000 E=4.67578e+22 +- 7.94677e+20 (1.69956%)
all iterations: N=3600000 E=1.36207e+18 +- 1.00238e+18 (73.5925%) chi^2/dof=600.325

iteration 12 finished.
this iteration: N=300000 E=4.66144e+22 +- 5.76544e+20 (1.23684%)
all iterations: N=3900000 E=1.50297e+18 +- 1.00238e+18 (66.6933%) chi^2/dof=1095.01

iteration 13 finished.
this iteration: N=300000 E=4.62648e+22 +- 3.99178e+20 (0.862813%)
all iterations: N=4200000 E=1.79468e+18 +- 1.00237e+18 (55.8525%) chi^2/dof=2044

iteration 14 finished.
this iteration: N=300000 E=4.5678e+22 +- 3.46853e+20 (0.759343%)
all iterations: N=4500000 E=2.17615e+18 +- 1.00237e+18 (46.0617%) chi^2/dof=3136.67

iteration 15 finished.
this iteration: N=300000 E=4.76953e+22 +- 1.98798e+21 (4.1681%)
all iterations: N=4800000 E=2.18828e+18 +- 1.00237e+18 (45.8064%) chi^2/dof=2965.93

iteration 16 finished.
this iteration: N=300000 E=4.82428e+22 +- 1.21374e+21 (2.51591%)
all iterations: N=5100000 E=2.22118e+18 +- 1.00237e+18 (45.1279%) chi^2/dof=2879.29

iteration 17 finished.
this iteration: N=300000 E=4.69983e+22 +- 9.55817e+20 (2.03372%)
all iterations: N=5400000 E=2.27286e+18 +- 1.00237e+18 (44.1017%) chi^2/dof=2852.13

iteration 18 finished.
this iteration: N=300000 E=4.74566e+22 +- 1.66753e+21 (3.5138%)
all iterations: N=5700000 E=2.29001e+18 +- 1.00237e+18 (43.7714%) chi^2/dof=2738.67

iteration 19 finished.
this iteration: N=300000 E=4.73117e+22 +- 8.87424e+20 (1.8757%)
all iterations: N=6000000 E=2.35037e+18 +- 1.00237e+18 (42.6473%) chi^2/dof=2744.11

>> Cumulative result: 
>> N = 5700000; I = 1.73144e+21 +- 3.79811e+19
>> chi^2/dof = 2781.34
Time needed: 187.15s
Temperature: 320; EQCONST: 2.32418e-07

iteration 0 finished.
this iteration: N=300000 E=1.141e+18 +- 9.99842e+17 (87.6284%)
all iterations: N=300000 E=1.141e+18 +- 9.99842e+17 (87.6284%) chi^2/dof=inf

iteration 1 finished.
this iteration: N=300000 E=8.88303e+19 +- 3.97367e+19 (44.7332%)
all iterations: N=600000 E=1.19648e+18 +- 9.99526e+17 (83.5386%) chi^2/dof=4.86671

iteration 2 finished.
this iteration: N=300000 E=8.62625e+20 +- 3.69034e+20 (42.7803%)
all iterations: N=900000 E=1.2028e+18 +- 9.99522e+17 (83.0993%) chi^2/dof=5.15777

iteration 3 finished.
this iteration: N=300000 E=2.3182e+22 +- 1.38808e+22 (59.8775%)
all iterations: N=1200000 E=1.20292e+18 +- 9.99522e+17 (83.091%) chi^2/dof=4.36814

iteration 4 finished.
this iteration: N=300000 E=1.39095e+22 +- 2.14118e+21 (15.3937%)
all iterations: N=1500000 E=1.20595e+18 +- 9.99522e+17 (82.8822%) chi^2/dof=13.8243

iteration 5 finished.
this iteration: N=300000 E=3.3033e+22 +- 3.60916e+21 (10.9259%)
all iterations: N=1800000 E=1.20849e+18 +- 9.99522e+17 (82.7085%) chi^2/dof=27.812

iteration 6 finished.
this iteration: N=300000 E=6.60919e+22 +- 1.36664e+22 (20.6779%)
all iterations: N=2100000 E=1.20884e+18 +- 9.99522e+17 (82.6843%) chi^2/dof=27.0745

iteration 7 finished.
this iteration: N=300000 E=4.36224e+22 +- 2.16182e+21 (4.95576%)
all iterations: N=2400000 E=1.21817e+18 +- 9.99522e+17 (82.0513%) chi^2/dof=81.371

iteration 8 finished.
this iteration: N=300000 E=4.50485e+22 +- 1.22207e+21 (2.71278%)
all iterations: N=2700000 E=1.2483e+18 +- 9.99521e+17 (80.0706%) chi^2/dof=241.046

iteration 9 finished.
this iteration: N=300000 E=4.53103e+22 +- 7.07065e+20 (1.5605%)
all iterations: N=3000000 E=1.33884e+18 +- 9.9952e+17 (74.6556%) chi^2/dof=670.517

iteration 10 finished.
this iteration: N=300000 E=4.66417e+22 +- 5.90269e+20 (1.26554%)
all iterations: N=3300000 E=1.47258e+18 +- 9.99519e+17 (67.8755%) chi^2/dof=1227.81

iteration 11 finished.
this iteration: N=300000 E=4.69102e+22 +- 4.94292e+20 (1.0537%)
all iterations: N=3600000 E=1.66439e+18 +- 9.99517e+17 (60.0532%) chi^2/dof=1934.93

iteration 12 finished.
this iteration: N=300000 E=4.57659e+22 +- 4.92488e+20 (1.0761%)
all iterations: N=3900000 E=1.85289e+18 +- 9.99515e+17 (53.9437%) chi^2/dof=2493.26

iteration 13 finished.
this iteration: N=300000 E=4.60706e+22 +- 4.09477e+20 (0.888804%)
all iterations: N=4200000 E=2.12737e+18 +- 9.99512e+17 (46.9834%) chi^2/dof=3275.13

iteration 14 finished.
this iteration: N=300000 E=4.58787e+22 +- 3.68242e+20 (0.802642%)
all iterations: N=4500000 E=2.46536e+18 +- 9.99508e+17 (40.5421%) chi^2/dof=4149.82

iteration 15 finished.
this iteration: N=300000 E=4.54772e+22 +- 3.48197e+20 (0.765653%)
all iterations: N=4800000 E=2.84006e+18 +- 9.99504e+17 (35.193%) chi^2/dof=5010.25

iteration 16 finished.
this iteration: N=300000 E=4.6635e+22 +- 6.06825e+20 (1.30122%)
all iterations: N=5100000 E=2.96657e+18 +- 9.99503e+17 (33.6922%) chi^2/dof=5066.19

iteration 17 finished.
this iteration: N=300000 E=4.65828e+22 +- 6.23308e+20 (1.33806%)
all iterations: N=5400000 E=3.08635e+18 +- 9.99502e+17 (32.3846%) chi^2/dof=5096.68

iteration 18 finished.
this iteration: N=300000 E=4.57169e+22 +- 3.90656e+20 (0.85451%)
all iterations: N=5700000 E=3.38559e+18 +- 9.99498e+17 (29.5221%) chi^2/dof=5574.27

iteration 19 finished.
this iteration: N=300000 E=4.67925e+22 +- 3.7955e+20 (0.811134%)
all iterations: N=6000000 E=3.71005e+18 +- 9.99495e+17 (26.9402%) chi^2/dof=6080.71

>> Cumulative result: 
>> N = 5700000; I = 3.69976e+21 +- 3.7924e+19
>> chi^2/dof = 5890.48
Time needed: 188.37s
Temperature: 330; EQCONST: 4.32411e-07

iteration 0 finished.
this iteration: N=300000 E=1.13705e+18 +- 9.97145e+17 (87.6954%)
all iterations: N=300000 E=1.13705e+18 +- 9.97145e+17 (87.6954%) chi^2/dof=inf

iteration 1 finished.
this iteration: N=300000 E=8.88138e+19 +- 3.99444e+19 (44.9754%)
all iterations: N=600000 E=1.19166e+18 +- 9.96834e+17 (83.6511%) chi^2/dof=4.81489

iteration 2 finished.
this iteration: N=300000 E=9.94349e+20 +- 5.06793e+20 (50.9673%)
all iterations: N=900000 E=1.1955e+18 +- 9.96832e+17 (83.382%) chi^2/dof=4.32763

iteration 3 finished.
this iteration: N=300000 E=1.88116e+22 +- 1.06125e+22 (56.4146%)
all iterations: N=1200000 E=1.19567e+18 +- 9.96832e+17 (83.3705%) chi^2/dof=3.93231

iteration 4 finished.
this iteration: N=300000 E=3.45823e+22 +- 7.9624e+21 (23.0245%)
all iterations: N=1500000 E=1.19621e+18 +- 9.96832e+17 (83.3327%) chi^2/dof=7.66474

iteration 5 finished.
this iteration: N=300000 E=4.58175e+22 +- 8.49251e+21 (18.5355%)
all iterations: N=1800000 E=1.19684e+18 +- 9.96832e+17 (83.2887%) chi^2/dof=11.9528

iteration 6 finished.
this iteration: N=300000 E=3.86821e+22 +- 2.71908e+21 (7.0293%)
all iterations: N=2100000 E=1.20204e+18 +- 9.96832e+17 (82.9285%) chi^2/dof=43.6892

iteration 7 finished.
this iteration: N=300000 E=4.53114e+22 +- 2.7678e+21 (6.10838%)
all iterations: N=2400000 E=1.20792e+18 +- 9.96832e+17 (82.525%) chi^2/dof=75.7327

iteration 8 finished.
this iteration: N=300000 E=4.28016e+22 +- 1.25718e+21 (2.93723%)
all iterations: N=2700000 E=1.23482e+18 +- 9.96832e+17 (80.7266%) chi^2/dof=211.147

iteration 9 finished.
this iteration: N=300000 E=4.4855e+22 +- 7.00943e+20 (1.56269%)
all iterations: N=3000000 E=1.32554e+18 +- 9.96831e+17 (75.202%) chi^2/dof=642.662

iteration 10 finished.
this iteration: N=300000 E=4.55172e+22 +- 5.23192e+20 (1.14944%)
all iterations: N=3300000 E=1.49077e+18 +- 9.96829e+17 (66.8669%) chi^2/dof=1335.23

iteration 11 finished.
this iteration: N=300000 E=4.62929e+22 +- 5.71912e+20 (1.23542%)
all iterations: N=3600000 E=1.6314e+18 +- 9.96828e+17 (61.1027%) chi^2/dof=1809.44

iteration 12 finished.
this iteration: N=300000 E=4.63961e+22 +- 6.05929e+20 (1.30599%)
all iterations: N=3900000 E=1.75696e+18 +- 9.96826e+17 (56.7358%) chi^2/dof=2147.2

iteration 13 finished.
this iteration: N=300000 E=4.57694e+22 +- 4.45069e+20 (0.972416%)
all iterations: N=4200000 E=1.98654e+18 +- 9.96824e+17 (50.1788%) chi^2/dof=2795.46

iteration 14 finished.
this iteration: N=300000 E=4.61649e+22 +- 4.58994e+20 (0.994249%)
all iterations: N=4500000 E=2.20427e+18 +- 9.96821e+17 (45.2223%) chi^2/dof=3318.29

iteration 15 finished.
this iteration: N=300000 E=4.55846e+22 +- 4.02439e+20 (0.882839%)
all iterations: N=4800000 E=2.48393e+18 +- 9.96818e+17 (40.1307%) chi^2/dof=3952.33

iteration 16 finished.
this iteration: N=300000 E=4.64066e+22 +- 3.88172e+20 (0.836458%)
all iterations: N=5100000 E=2.78994e+18 +- 9.96815e+17 (35.7289%) chi^2/dof=4598.5

iteration 17 finished.
this iteration: N=300000 E=4.54929e+22 +- 3.62596e+20 (0.797037%)
all iterations: N=5400000 E=3.13374e+18 +- 9.96811e+17 (31.809%) chi^2/dof=5253.84

iteration 18 finished.
this iteration: N=300000 E=4.59432e+22 +- 3.54045e+20 (0.770615%)
all iterations: N=5700000 E=3.4979e+18 +- 9.96807e+17 (28.4973%) chi^2/dof=5897.35

iteration 19 finished.
this iteration: N=300000 E=4.6707e+22 +- 3.48551e+20 (0.74625%)
all iterations: N=6000000 E=3.87988e+18 +- 9.96803e+17 (25.6916%) chi^2/dof=6531.91

>> Cumulative result: 
>> N = 5700000; I = 4.0049e+21 +- 3.80842e+19
>> chi^2/dof = 6281.21
Time needed: 188.71s
Temperature: 340; EQCONST: 4.09235e-07

iteration 0 finished.
this iteration: N=300000 E=1.13335e+18 +- 9.9461e+17 (87.7583%)
all iterations: N=300000 E=1.13335e+18 +- 9.9461e+17 (87.7583%) chi^2/dof=inf

iteration 1 finished.
this iteration: N=300000 E=8.874e+19 +- 4.01532e+19 (45.2481%)
all iterations: N=600000 E=1.18707e+18 +- 9.94305e+17 (83.7612%) chi^2/dof=4.75738

iteration 2 finished.
this iteration: N=300000 E=1.6547e+21 +- 1.17639e+21 (71.0943%)
all iterations: N=900000 E=1.18825e+18 +- 9.94305e+17 (83.6779%) chi^2/dof=3.36651

iteration 3 finished.
this iteration: N=300000 E=4.85838e+21 +- 1.21019e+21 (24.9092%)
all iterations: N=1200000 E=1.19153e+18 +- 9.94305e+17 (83.4476%) chi^2/dof=7.61398

iteration 4 finished.
this iteration: N=300000 E=4.47946e+22 +- 1.65257e+22 (36.8922%)
all iterations: N=1500000 E=1.19169e+18 +- 9.94305e+17 (83.4362%) chi^2/dof=7.54722

iteration 5 finished.
this iteration: N=300000 E=4.01042e+22 +- 9.82525e+21 (24.4993%)
all iterations: N=1800000 E=1.1921e+18 +- 9.94305e+17 (83.4075%) chi^2/dof=9.36971

iteration 6 finished.
this iteration: N=300000 E=4.0055e+22 +- 4.08889e+21 (10.2082%)
all iterations: N=2100000 E=1.19447e+18 +- 9.94305e+17 (83.2421%) chi^2/dof=23.801

iteration 7 finished.
this iteration: N=300000 E=4.37766e+22 +- 2.34397e+21 (5.35438%)
all iterations: N=2400000 E=1.20235e+18 +- 9.94304e+17 (82.6968%) chi^2/dof=70.2272

iteration 8 finished.
this iteration: N=300000 E=4.75508e+22 +- 2.53999e+21 (5.34163%)
all iterations: N=2700000 E=1.20964e+18 +- 9.94304e+17 (82.1986%) chi^2/dof=105.256

iteration 9 finished.
this iteration: N=300000 E=4.95028e+22 +- 5.14954e+21 (10.4025%)
all iterations: N=3000000 E=1.21148e+18 +- 9.94304e+17 (82.0734%) chi^2/dof=103.828

iteration 10 finished.
this iteration: N=300000 E=4.10249e+22 +- 1.09598e+21 (2.67151%)
all iterations: N=3300000 E=1.24525e+18 +- 9.94304e+17 (79.8479%) chi^2/dof=233.552

iteration 11 finished.
this iteration: N=300000 E=4.68831e+22 +- 8.69141e+20 (1.85385%)
all iterations: N=3600000 E=1.3066e+18 +- 9.94303e+17 (76.0983%) chi^2/dof=476.826

iteration 12 finished.
this iteration: N=300000 E=4.66684e+22 +- 1.28935e+21 (2.76279%)
all iterations: N=3900000 E=1.33436e+18 +- 9.94303e+17 (74.5155%) chi^2/dof=546.26

iteration 13 finished.
this iteration: N=300000 E=4.68944e+22 +- 8.12262e+20 (1.73211%)
all iterations: N=4200000 E=1.40462e+18 +- 9.94302e+17 (70.7878%) chi^2/dof=760.618

iteration 14 finished.
this iteration: N=300000 E=4.54262e+22 +- 4.49699e+20 (0.989954%)
all iterations: N=4500000 E=1.62669e+18 +- 9.943e+17 (61.1241%) chi^2/dof=1435.1

iteration 15 finished.
this iteration: N=300000 E=4.64607e+22 +- 7.28805e+20 (1.56865%)
all iterations: N=4800000 E=1.71316e+18 +- 9.94299e+17 (58.0387%) chi^2/dof=1610.33

iteration 16 finished.
this iteration: N=300000 E=4.64967e+22 +- 5.97731e+20 (1.28553%)
all iterations: N=5100000 E=1.84182e+18 +- 9.94298e+17 (53.9845%) chi^2/dof=1887.85

iteration 17 finished.
this iteration: N=300000 E=4.59165e+22 +- 4.22616e+20 (0.9204%)
all iterations: N=5400000 E=2.09597e+18 +- 9.94295e+17 (47.4384%) chi^2/dof=2471.12

iteration 18 finished.
this iteration: N=300000 E=4.58241e+22 +- 3.64011e+20 (0.794365%)
all iterations: N=5700000 E=2.43785e+18 +- 9.94291e+17 (40.7856%) chi^2/dof=3214.17

iteration 19 finished.
this iteration: N=300000 E=4.6361e+22 +- 3.44843e+20 (0.743821%)
all iterations: N=6000000 E=2.82325e+18 +- 9.94287e+17 (35.2178%) chi^2/dof=3996.17

>> Cumulative result: 
>> N = 5700000; I = 2.60074e+21 +- 3.89974e+19
>> chi^2/dof = 3971.47
Time needed: 305.77s
Temperature: 350; EQCONST: 2.33253e-07

Total time elapsed: 5187.2s
removed non-finite number: 0
removed non-finite number: 0
removed non-finite number: 0
