--- Computing FULL EQCONST for N2N2 (Avoird potential) --- 
iteration 0 finished.
this iteration: N=300000 E=1.70386e+06 +- 434827 (25.5202%)
all iterations: N=300000 E=1.70386e+06 +- 434827 (25.5202%) chi^2/dof=inf

iteration 1 finished.
this iteration: N=300000 E=1.9219e+06 +- 121123 (6.30224%)
all iterations: N=600000 E=1.9062e+06 +- 116681 (6.12111%) chi^2/dof=0.233348

iteration 2 finished.
this iteration: N=300000 E=2.16365e+06 +- 57146.7 (2.64121%)
all iterations: N=900000 E=2.11385e+06 +- 51321.9 (2.42789%) chi^2/dof=2.07994

iteration 3 finished.
this iteration: N=300000 E=2.22577e+06 +- 32975.3 (1.48153%)
all iterations: N=1200000 E=2.19306e+06 +- 27742.4 (1.26501%) chi^2/dof=2.50872

iteration 4 finished.
this iteration: N=300000 E=2.22448e+06 +- 22768.9 (1.02356%)
all iterations: N=1500000 E=2.21184e+06 +- 17600.2 (0.795728%) chi^2/dof=2.07315

iteration 5 finished.
this iteration: N=300000 E=2.23519e+06 +- 17470.3 (0.7816%)
all iterations: N=1800000 E=2.2236e+06 +- 12399 (0.55761%) chi^2/dof=1.83585

iteration 6 finished.
this iteration: N=300000 E=2.17645e+06 +- 13607.5 (0.625215%)
all iterations: N=2100000 E=2.20221e+06 +- 9164.95 (0.41617%) chi^2/dof=2.6232

iteration 7 finished.
this iteration: N=300000 E=2.21313e+06 +- 13094.3 (0.591663%)
all iterations: N=2400000 E=2.2058e+06 +- 7508.5 (0.340398%) chi^2/dof=2.31507

iteration 8 finished.
this iteration: N=300000 E=2.20295e+06 +- 14680.7 (0.666411%)
all iterations: N=2700000 E=2.20521e+06 +- 6684.9 (0.303141%) chi^2/dof=2.02943

iteration 9 finished.
this iteration: N=300000 E=2.2548e+06 +- 16330.8 (0.724268%)
all iterations: N=3000000 E=2.21233e+06 +- 6186.64 (0.279644%) chi^2/dof=2.68153

iteration 10 finished.
this iteration: N=300000 E=2.22475e+06 +- 13811.1 (0.620794%)
all iterations: N=3300000 E=2.2144e+06 +- 5646.06 (0.25497%) chi^2/dof=2.4808

iteration 11 finished.
this iteration: N=300000 E=2.22168e+06 +- 12572.9 (0.565919%)
all iterations: N=3600000 E=2.21562e+06 +- 5150.56 (0.232466%) chi^2/dof=2.28062

iteration 12 finished.
this iteration: N=300000 E=2.21197e+06 +- 12422.7 (0.561609%)
all iterations: N=3900000 E=2.21509e+06 +- 4757.83 (0.214792%) chi^2/dof=2.0967

iteration 13 finished.
this iteration: N=300000 E=2.22861e+06 +- 12256.1 (0.549946%)
all iterations: N=4200000 E=2.21686e+06 +- 4435.35 (0.200074%) chi^2/dof=2.01676

iteration 14 finished.
this iteration: N=300000 E=2.19279e+06 +- 11889.3 (0.5422%)
all iterations: N=4500000 E=2.21392e+06 +- 4155.6 (0.187704%) chi^2/dof=2.12964

iteration 15 finished.
this iteration: N=300000 E=2.37789e+06 +- 158395 (6.66116%)
all iterations: N=4800000 E=2.21403e+06 +- 4154.17 (0.187629%) chi^2/dof=2.05906

iteration 16 finished.
this iteration: N=300000 E=2.33021e+06 +- 54536 (2.34039%)
all iterations: N=5100000 E=2.2147e+06 +- 4142.17 (0.187031%) chi^2/dof=2.21238

iteration 17 finished.
this iteration: N=300000 E=2.21129e+06 +- 18698.4 (0.84559%)
all iterations: N=5400000 E=2.21454e+06 +- 4044.13 (0.182617%) chi^2/dof=2.08411

iteration 18 finished.
this iteration: N=300000 E=2.20616e+06 +- 14007.2 (0.634914%)
all iterations: N=5700000 E=2.2139e+06 +- 3885.43 (0.175502%) chi^2/dof=1.98667

iteration 19 finished.
this iteration: N=300000 E=2.2406e+06 +- 12864.3 (0.574147%)
all iterations: N=6000000 E=2.21613e+06 +- 3719.48 (0.167837%) chi^2/dof=2.0899

>> Cumulative result: 
>> N = 5700000; I = 2.21617e+06 +- 3719.62
>> chi^2/dof = 2.1289
Time needed: 323.6s
Temperature: 100; EQCONST: 0.0014285

iteration 0 finished.
this iteration: N=300000 E=1.65347e+06 +- 424300 (25.6611%)
all iterations: N=300000 E=1.65347e+06 +- 424300 (25.6611%) chi^2/dof=inf

iteration 1 finished.
this iteration: N=300000 E=1.83137e+06 +- 115260 (6.29368%)
all iterations: N=600000 E=1.81914e+06 +- 111229 (6.1144%) chi^2/dof=0.163699

iteration 2 finished.
this iteration: N=300000 E=2.17872e+06 +- 76110.1 (3.49334%)
all iterations: N=900000 E=2.06405e+06 +- 62812.7 (3.04318%) chi^2/dof=3.6409

iteration 3 finished.
this iteration: N=300000 E=2.1322e+06 +- 39332.9 (1.84471%)
all iterations: N=1200000 E=2.113e+06 +- 33336.3 (1.57768%) chi^2/dof=2.70909

iteration 4 finished.
this iteration: N=300000 E=2.15637e+06 +- 25716 (1.19256%)
all iterations: N=1500000 E=2.14019e+06 +- 20361.7 (0.951396%) chi^2/dof=2.29705

iteration 5 finished.
this iteration: N=300000 E=2.13197e+06 +- 19790.8 (0.928284%)
all iterations: N=1800000 E=2.13596e+06 +- 14191.7 (0.664418%) chi^2/dof=1.85439

iteration 6 finished.
this iteration: N=300000 E=2.12822e+06 +- 16430.6 (0.772035%)
all iterations: N=2100000 E=2.13265e+06 +- 10740.1 (0.503602%) chi^2/dof=1.56652

iteration 7 finished.
this iteration: N=300000 E=2.15015e+06 +- 14172.4 (0.659138%)
all iterations: N=2400000 E=2.13904e+06 +- 8559.85 (0.400173%) chi^2/dof=1.48096

iteration 8 finished.
this iteration: N=300000 E=2.14323e+06 +- 13040.6 (0.608454%)
all iterations: N=2700000 E=2.1403e+06 +- 7155.95 (0.334343%) chi^2/dof=1.30489

iteration 9 finished.
this iteration: N=300000 E=2.15414e+06 +- 12141.2 (0.563619%)
all iterations: N=3000000 E=2.14387e+06 +- 6164.83 (0.287556%) chi^2/dof=1.2671

iteration 10 finished.
this iteration: N=300000 E=2.17205e+06 +- 15797.9 (0.727326%)
all iterations: N=3300000 E=2.14759e+06 +- 5743.04 (0.267418%) chi^2/dof=1.41661

iteration 11 finished.
this iteration: N=300000 E=2.14081e+06 +- 17290.7 (0.807672%)
all iterations: N=3600000 E=2.14692e+06 +- 5450.27 (0.253865%) chi^2/dof=1.30043

iteration 12 finished.
this iteration: N=300000 E=2.13387e+06 +- 14515.1 (0.680224%)
all iterations: N=3900000 E=2.14531e+06 +- 5102.42 (0.237841%) chi^2/dof=1.25112

iteration 13 finished.
this iteration: N=300000 E=2.18381e+06 +- 13985.7 (0.640428%)
all iterations: N=4200000 E=2.14983e+06 +- 4793.38 (0.222966%) chi^2/dof=1.6693

iteration 14 finished.
this iteration: N=300000 E=2.1501e+06 +- 13032.5 (0.606135%)
all iterations: N=4500000 E=2.14986e+06 +- 4498.74 (0.209257%) chi^2/dof=1.55009

iteration 15 finished.
this iteration: N=300000 E=2.15126e+06 +- 12363.3 (0.574699%)
all iterations: N=4800000 E=2.15003e+06 +- 4227.56 (0.196628%) chi^2/dof=1.44751

iteration 16 finished.
this iteration: N=300000 E=2.16792e+06 +- 18088.9 (0.834392%)
all iterations: N=5100000 E=2.15095e+06 +- 4116.63 (0.191386%) chi^2/dof=1.41503

iteration 17 finished.
this iteration: N=300000 E=2.16218e+06 +- 16508.7 (0.763522%)
all iterations: N=5400000 E=2.15161e+06 +- 3994.31 (0.185643%) chi^2/dof=1.35741

iteration 18 finished.
this iteration: N=300000 E=2.14522e+06 +- 12873.5 (0.600104%)
all iterations: N=5700000 E=2.15105e+06 +- 3814.9 (0.177351%) chi^2/dof=1.2945

iteration 19 finished.
this iteration: N=300000 E=2.17058e+06 +- 12367.7 (0.569787%)
all iterations: N=6000000 E=2.15275e+06 +- 3645.42 (0.169338%) chi^2/dof=1.34625

>> Cumulative result: 
>> N = 5700000; I = 2.15278e+06 +- 3645.55
>> chi^2/dof = 1.34411
Time needed: 328.79s
Temperature: 110; EQCONST: 0.000903669

iteration 0 finished.
this iteration: N=300000 E=1.61317e+06 +- 415928 (25.7833%)
all iterations: N=300000 E=1.61317e+06 +- 415928 (25.7833%) chi^2/dof=inf

iteration 1 finished.
this iteration: N=300000 E=1.81663e+06 +- 123358 (6.79048%)
all iterations: N=600000 E=1.80018e+06 +- 118266 (6.56968%) chi^2/dof=0.219935

iteration 2 finished.
this iteration: N=300000 E=2.15435e+06 +- 80338.3 (3.72911%)
all iterations: N=900000 E=2.04252e+06 +- 66455.4 (3.25359%) chi^2/dof=3.17837

iteration 3 finished.
this iteration: N=300000 E=2.15261e+06 +- 48175.2 (2.23799%)
all iterations: N=1200000 E=2.11469e+06 +- 39004.5 (1.84446%) chi^2/dof=2.71856

iteration 4 finished.
this iteration: N=300000 E=2.19772e+06 +- 67416.2 (3.06755%)
all iterations: N=1500000 E=2.13551e+06 +- 33761.2 (1.58094%) chi^2/dof=2.32305

iteration 5 finished.
this iteration: N=300000 E=2.10009e+06 +- 34185.3 (1.6278%)
all iterations: N=1800000 E=2.11802e+06 +- 24021.3 (1.13414%) chi^2/dof=1.96715

iteration 6 finished.
this iteration: N=300000 E=2.05694e+06 +- 16894.1 (0.821322%)
all iterations: N=2100000 E=2.07716e+06 +- 13818.8 (0.665273%) chi^2/dof=2.36031

iteration 7 finished.
this iteration: N=300000 E=2.10588e+06 +- 15279.4 (0.725561%)
all iterations: N=2400000 E=2.09008e+06 +- 10248.9 (0.490361%) chi^2/dof=2.30079

iteration 8 finished.
this iteration: N=300000 E=2.08745e+06 +- 18401.3 (0.881521%)
all iterations: N=2700000 E=2.08946e+06 +- 8953.81 (0.428523%) chi^2/dof=2.01513

iteration 9 finished.
this iteration: N=300000 E=2.13711e+06 +- 19910.3 (0.931646%)
all iterations: N=3000000 E=2.09747e+06 +- 8166.06 (0.389329%) chi^2/dof=2.32062

iteration 10 finished.
this iteration: N=300000 E=2.11571e+06 +- 15204 (0.718625%)
all iterations: N=3300000 E=2.10155e+06 +- 7194.07 (0.342321%) chi^2/dof=2.20019

iteration 11 finished.
this iteration: N=300000 E=2.11156e+06 +- 13088.6 (0.619854%)
all iterations: N=3600000 E=2.10388e+06 +- 6304.5 (0.299661%) chi^2/dof=2.04095

iteration 12 finished.
this iteration: N=300000 E=2.10571e+06 +- 13203.6 (0.627037%)
all iterations: N=3900000 E=2.10422e+06 +- 5689.22 (0.270373%) chi^2/dof=1.87218

iteration 13 finished.
this iteration: N=300000 E=2.11239e+06 +- 12346.1 (0.584462%)
all iterations: N=4200000 E=2.10565e+06 +- 5167.02 (0.245388%) chi^2/dof=1.75601

iteration 14 finished.
this iteration: N=300000 E=2.08698e+06 +- 12030.3 (0.576443%)
all iterations: N=4500000 E=2.10274e+06 +- 4747.64 (0.225783%) chi^2/dof=1.77575

iteration 15 finished.
this iteration: N=300000 E=2.10955e+06 +- 12731.2 (0.603503%)
all iterations: N=4800000 E=2.10357e+06 +- 4448.39 (0.211469%) chi^2/dof=1.67411

iteration 16 finished.
this iteration: N=300000 E=2.11245e+06 +- 13726.7 (0.649799%)
all iterations: N=5100000 E=2.10442e+06 +- 4231.73 (0.201088%) chi^2/dof=1.59314

iteration 17 finished.
this iteration: N=300000 E=2.1178e+06 +- 13727.1 (0.648179%)
all iterations: N=5400000 E=2.10558e+06 +- 4043.94 (0.192058%) chi^2/dof=1.55048

iteration 18 finished.
this iteration: N=300000 E=2.09763e+06 +- 12448.9 (0.593475%)
all iterations: N=5700000 E=2.10482e+06 +- 3846.1 (0.182728%) chi^2/dof=1.48483

iteration 19 finished.
this iteration: N=300000 E=2.13332e+06 +- 12216.4 (0.572644%)
all iterations: N=6000000 E=2.10739e+06 +- 3668.58 (0.174082%) chi^2/dof=1.6674

>> Cumulative result: 
>> N = 5700000; I = 2.10743e+06 +- 3668.72
>> chi^2/dof = 1.68159
Time needed: 313.42s
Temperature: 120; EQCONST: 0.000598017

iteration 0 finished.
this iteration: N=300000 E=1.58021e+06 +- 409116 (25.89%)
all iterations: N=300000 E=1.58021e+06 +- 409116 (25.89%) chi^2/dof=inf

iteration 1 finished.
this iteration: N=300000 E=1.82725e+06 +- 128006 (7.00541%)
all iterations: N=600000 E=1.80522e+06 +- 122166 (6.76737%) chi^2/dof=0.332117

iteration 2 finished.
this iteration: N=300000 E=2.20146e+06 +- 98265.2 (4.46363%)
all iterations: N=900000 E=2.04581e+06 +- 76569.2 (3.74274%) chi^2/dof=3.35984

iteration 3 finished.
this iteration: N=300000 E=2.03601e+06 +- 41804.5 (2.05325%)
all iterations: N=1200000 E=2.03826e+06 +- 36692 (1.80016%) chi^2/dof=2.24409

iteration 4 finished.
this iteration: N=300000 E=2.07253e+06 +- 30841.2 (1.48809%)
all iterations: N=1500000 E=2.05834e+06 +- 23608.9 (1.14699%) chi^2/dof=1.81088

iteration 5 finished.
this iteration: N=300000 E=2.08617e+06 +- 20732 (0.993783%)
all iterations: N=1800000 E=2.07405e+06 +- 15578.1 (0.751096%) chi^2/dof=1.60554

iteration 6 finished.
this iteration: N=300000 E=2.07845e+06 +- 19904.3 (0.957653%)
all iterations: N=2100000 E=2.07572e+06 +- 12267.6 (0.591004%) chi^2/dof=1.34299

iteration 7 finished.
this iteration: N=300000 E=2.07313e+06 +- 16672.2 (0.804202%)
all iterations: N=2400000 E=2.07481e+06 +- 9880.95 (0.476234%) chi^2/dof=1.15338

iteration 8 finished.
this iteration: N=300000 E=2.04729e+06 +- 13529.5 (0.660849%)
all iterations: N=2700000 E=2.06524e+06 +- 7979.47 (0.386371%) chi^2/dof=1.34655

iteration 9 finished.
this iteration: N=300000 E=2.07419e+06 +- 12201 (0.588232%)
all iterations: N=3000000 E=2.06792e+06 +- 6678.11 (0.322938%) chi^2/dof=1.23879

iteration 10 finished.
this iteration: N=300000 E=2.07854e+06 +- 12423.3 (0.597694%)
all iterations: N=3300000 E=2.0703e+06 +- 5882.13 (0.284119%) chi^2/dof=1.17165

iteration 11 finished.
this iteration: N=300000 E=2.0593e+06 +- 11920 (0.578837%)
all iterations: N=3600000 E=2.06815e+06 +- 5274.85 (0.255052%) chi^2/dof=1.12735

iteration 12 finished.
this iteration: N=300000 E=2.07679e+06 +- 12901.1 (0.621204%)
all iterations: N=3900000 E=2.06939e+06 +- 4882.5 (0.23594%) chi^2/dof=1.06547

iteration 13 finished.
this iteration: N=300000 E=2.08192e+06 +- 12694.8 (0.609765%)
all iterations: N=4200000 E=2.071e+06 +- 4557.07 (0.220042%) chi^2/dof=1.04881

iteration 14 finished.
this iteration: N=300000 E=2.05137e+06 +- 11775.5 (0.57403%)
all iterations: N=4500000 E=2.06844e+06 +- 4249.92 (0.205465%) chi^2/dof=1.14663

iteration 15 finished.
this iteration: N=300000 E=2.1723e+06 +- 103783 (4.77756%)
all iterations: N=4800000 E=2.06862e+06 +- 4246.37 (0.205276%) chi^2/dof=1.13684

iteration 16 finished.
this iteration: N=300000 E=2.12347e+06 +- 43588.5 (2.05271%)
all iterations: N=5100000 E=2.06913e+06 +- 4226.36 (0.204257%) chi^2/dof=1.16383

iteration 17 finished.
this iteration: N=300000 E=2.09874e+06 +- 27754.6 (1.32244%)
all iterations: N=5400000 E=2.0698e+06 +- 4178.19 (0.201864%) chi^2/dof=1.16078

iteration 18 finished.
this iteration: N=300000 E=2.03433e+06 +- 18521.9 (0.910467%)
all iterations: N=5700000 E=2.06809e+06 +- 4075.78 (0.19708%) chi^2/dof=1.2902

iteration 19 finished.
this iteration: N=300000 E=2.08894e+06 +- 14822.9 (0.709587%)
all iterations: N=6000000 E=2.06955e+06 +- 3929.92 (0.189892%) chi^2/dof=1.31916

>> Cumulative result: 
>> N = 5700000; I = 2.0696e+06 +- 3930.1
>> chi^2/dof = 1.31296
Time needed: 310.27s
Temperature: 130; EQCONST: 0.000409654

iteration 0 finished.
this iteration: N=300000 E=1.55275e+06 +- 403467 (25.984%)
all iterations: N=300000 E=1.55275e+06 +- 403467 (25.984%) chi^2/dof=inf

iteration 1 finished.
this iteration: N=300000 E=1.77882e+06 +- 126510 (7.11205%)
all iterations: N=600000 E=1.75858e+06 +- 120715 (6.86436%) chi^2/dof=0.285837

iteration 2 finished.
this iteration: N=300000 E=2.14894e+06 +- 92131.1 (4.28729%)
all iterations: N=900000 E=2.00525e+06 +- 73237.9 (3.6523%) chi^2/dof=3.44686

iteration 3 finished.
this iteration: N=300000 E=2.70317e+06 +- 637668 (23.5896%)
all iterations: N=1200000 E=2.01434e+06 +- 72759.6 (3.61208%) chi^2/dof=2.69201

iteration 4 finished.
this iteration: N=300000 E=1.99715e+06 +- 75098.7 (3.76029%)
all iterations: N=1500000 E=2.00602e+06 +- 52256.2 (2.60497%) chi^2/dof=2.02576

iteration 5 finished.
this iteration: N=300000 E=2.01431e+06 +- 33160.6 (1.64625%)
all iterations: N=1800000 E=2.01193e+06 +- 27998.9 (1.39164%) chi^2/dof=1.6242

iteration 6 finished.
this iteration: N=300000 E=2.01666e+06 +- 19499.8 (0.966938%)
all iterations: N=2100000 E=2.01511e+06 +- 16001.5 (0.794076%) chi^2/dof=1.3567

iteration 7 finished.
this iteration: N=300000 E=2.03658e+06 +- 14297.1 (0.702018%)
all iterations: N=2400000 E=2.02705e+06 +- 10661.4 (0.525959%) chi^2/dof=1.3058

iteration 8 finished.
this iteration: N=300000 E=2.02593e+06 +- 13901.4 (0.686175%)
all iterations: N=2700000 E=2.02663e+06 +- 8459.91 (0.417436%) chi^2/dof=1.14308

iteration 9 finished.
this iteration: N=300000 E=2.04027e+06 +- 14149.6 (0.693518%)
all iterations: N=3000000 E=2.03022e+06 +- 7261.06 (0.357648%) chi^2/dof=1.09207

iteration 10 finished.
this iteration: N=300000 E=2.03648e+06 +- 13192 (0.647784%)
all iterations: N=3300000 E=2.03168e+06 +- 6361.14 (0.313098%) chi^2/dof=1.0001

iteration 11 finished.
this iteration: N=300000 E=2.01683e+06 +- 13839.9 (0.686221%)
all iterations: N=3600000 E=2.02909e+06 +- 5779.86 (0.28485%) chi^2/dof=0.995621

iteration 12 finished.
this iteration: N=300000 E=2.03423e+06 +- 28375.4 (1.3949%)
all iterations: N=3900000 E=2.02929e+06 +- 5663.56 (0.279091%) chi^2/dof=0.915278

iteration 13 finished.
this iteration: N=300000 E=2.06813e+06 +- 21628.3 (1.04579%)
all iterations: N=4200000 E=2.03178e+06 +- 5478.84 (0.269656%) chi^2/dof=1.07695

iteration 14 finished.
this iteration: N=300000 E=2.01479e+06 +- 13465.7 (0.668342%)
all iterations: N=4500000 E=2.02937e+06 +- 5074.85 (0.25007%) chi^2/dof=1.09769

iteration 15 finished.
this iteration: N=300000 E=2.11627e+06 +- 97554.2 (4.60971%)
all iterations: N=4800000 E=2.0296e+06 +- 5068 (0.249704%) chi^2/dof=1.07727

iteration 16 finished.
this iteration: N=300000 E=2.0554e+06 +- 41305.7 (2.00962%)
all iterations: N=5100000 E=2.02999e+06 +- 5030.28 (0.247798%) chi^2/dof=1.03395

iteration 17 finished.
this iteration: N=300000 E=2.03452e+06 +- 18465.1 (0.907589%)
all iterations: N=5400000 E=2.0303e+06 +- 4853.41 (0.239049%) chi^2/dof=0.97643

iteration 18 finished.
this iteration: N=300000 E=2.0373e+06 +- 17006.8 (0.834775%)
all iterations: N=5700000 E=2.03083e+06 +- 4667.08 (0.229812%) chi^2/dof=0.930876

iteration 19 finished.
this iteration: N=300000 E=2.04398e+06 +- 14854.4 (0.72674%)
all iterations: N=6000000 E=2.03201e+06 +- 4452.49 (0.219118%) chi^2/dof=0.919414

>> Cumulative result: 
>> N = 5700000; I = 2.03207e+06 +- 4452.76
>> chi^2/dof = 0.892096
Time needed: 319.93s
Temperature: 140; EQCONST: 0.000288163

iteration 0 finished.
this iteration: N=300000 E=1.52954e+06 +- 398708 (26.0672%)
all iterations: N=300000 E=1.52954e+06 +- 398708 (26.0672%) chi^2/dof=inf

iteration 1 finished.
this iteration: N=300000 E=1.7631e+06 +- 127427 (7.22744%)
all iterations: N=600000 E=1.74146e+06 +- 121379 (6.96996%) chi^2/dof=0.311357

iteration 2 finished.
this iteration: N=300000 E=2.08322e+06 +- 89772 (4.30929%)
all iterations: N=900000 E=1.96238e+06 +- 72176.2 (3.678%) chi^2/dof=2.71809

iteration 3 finished.
this iteration: N=300000 E=2.06546e+06 +- 77266.1 (3.74087%)
all iterations: N=1200000 E=2.01041e+06 +- 52744 (2.62354%) chi^2/dof=2.12888

iteration 4 finished.
this iteration: N=300000 E=2.08671e+06 +- 55213.8 (2.64598%)
all iterations: N=1500000 E=2.04681e+06 +- 38138.9 (1.86333%) chi^2/dof=1.84627

iteration 5 finished.
this iteration: N=300000 E=1.96382e+06 +- 26442.4 (1.34648%)
all iterations: N=1800000 E=1.99077e+06 +- 21730.5 (1.09156%) chi^2/dof=2.11657

iteration 6 finished.
this iteration: N=300000 E=2.0132e+06 +- 23388.2 (1.16174%)
all iterations: N=2100000 E=2.00116e+06 +- 15919.6 (0.795518%) chi^2/dof=1.84613

iteration 7 finished.
this iteration: N=300000 E=1.99509e+06 +- 18189.6 (0.911719%)
all iterations: N=2400000 E=1.99853e+06 +- 11979.5 (0.599417%) chi^2/dof=1.59142

iteration 8 finished.
this iteration: N=300000 E=2.00225e+06 +- 14312.9 (0.714842%)
all iterations: N=2700000 E=2.00006e+06 +- 9186.45 (0.459309%) chi^2/dof=1.39746

iteration 9 finished.
this iteration: N=300000 E=2.01638e+06 +- 12734.8 (0.631566%)
all iterations: N=3000000 E=2.00565e+06 +- 7450.29 (0.371466%) chi^2/dof=1.36224

iteration 10 finished.
this iteration: N=300000 E=2.01367e+06 +- 13413.1 (0.666101%)
all iterations: N=3300000 E=2.00754e+06 +- 6513.01 (0.324428%) chi^2/dof=1.25336

iteration 11 finished.
this iteration: N=300000 E=1.99458e+06 +- 12726.1 (0.638035%)
all iterations: N=3600000 E=2.00485e+06 +- 5797.83 (0.289191%) chi^2/dof=1.21414

iteration 12 finished.
this iteration: N=300000 E=2.01064e+06 +- 13486.5 (0.670758%)
all iterations: N=3900000 E=2.00575e+06 +- 5326.49 (0.265561%) chi^2/dof=1.12595

iteration 13 finished.
this iteration: N=300000 E=2.00924e+06 +- 12767.8 (0.635457%)
all iterations: N=4200000 E=2.00627e+06 +- 4915.86 (0.245025%) chi^2/dof=1.04422

iteration 14 finished.
this iteration: N=300000 E=1.99374e+06 +- 12620.7 (0.633017%)
all iterations: N=4500000 E=2.00462e+06 +- 4580.65 (0.228505%) chi^2/dof=1.03071

iteration 15 finished.
this iteration: N=300000 E=2.01252e+06 +- 12429.1 (0.617588%)
all iterations: N=4800000 E=2.00556e+06 +- 4298.05 (0.214306%) chi^2/dof=0.985702

iteration 16 finished.
this iteration: N=300000 E=2.00942e+06 +- 14275.6 (0.710434%)
all iterations: N=5100000 E=2.00588e+06 +- 4115.56 (0.205175%) chi^2/dof=0.928281

iteration 17 finished.
this iteration: N=300000 E=2.01436e+06 +- 13924.5 (0.691262%)
all iterations: N=5400000 E=2.00656e+06 +- 3946.78 (0.196694%) chi^2/dof=0.893712

iteration 18 finished.
this iteration: N=300000 E=1.98615e+06 +- 11907.1 (0.599504%)
all iterations: N=5700000 E=2.00454e+06 +- 3746.34 (0.186892%) chi^2/dof=0.99117

iteration 19 finished.
this iteration: N=300000 E=2.02498e+06 +- 11818.4 (0.583631%)
all iterations: N=6000000 E=2.00641e+06 +- 3571.21 (0.17799%) chi^2/dof=1.08201

>> Cumulative result: 
>> N = 5700000; I = 2.00645e+06 +- 3571.35
>> chi^2/dof = 1.06264
Time needed: 320.1s
Temperature: 150; EQCONST: 0.00020859

iteration 0 finished.
this iteration: N=300000 E=1.50966e+06 +- 394646 (26.1415%)
all iterations: N=300000 E=1.50966e+06 +- 394646 (26.1415%) chi^2/dof=inf

iteration 1 finished.
this iteration: N=300000 E=1.74769e+06 +- 128248 (7.33816%)
all iterations: N=600000 E=1.72495e+06 +- 121969 (7.07089%) chi^2/dof=0.329048

iteration 2 finished.
this iteration: N=300000 E=2.08502e+06 +- 97238.1 (4.66365%)
all iterations: N=900000 E=1.9451e+06 +- 76032.7 (3.90894%) chi^2/dof=2.82875

iteration 3 finished.
this iteration: N=300000 E=1.9946e+06 +- 43207.8 (2.16624%)
all iterations: N=1200000 E=1.98252e+06 +- 37565.7 (1.89485%) chi^2/dof=1.99262

iteration 4 finished.
this iteration: N=300000 E=2.00219e+06 +- 26291.6 (1.31314%)
all iterations: N=1500000 E=1.99572e+06 +- 21540.1 (1.07932%) chi^2/dof=1.54047

iteration 5 finished.
this iteration: N=300000 E=1.95648e+06 +- 17256.3 (0.882008%)
all iterations: N=1800000 E=1.97182e+06 +- 13467.5 (0.683%) chi^2/dof=1.63671

iteration 6 finished.
this iteration: N=300000 E=1.96482e+06 +- 14258.2 (0.725675%)
all iterations: N=2100000 E=1.96852e+06 +- 9790.56 (0.497357%) chi^2/dof=1.38515

iteration 7 finished.
this iteration: N=300000 E=1.97896e+06 +- 13602.9 (0.687375%)
all iterations: N=2400000 E=1.97208e+06 +- 7946.35 (0.402943%) chi^2/dof=1.24273

iteration 8 finished.
this iteration: N=300000 E=1.97591e+06 +- 22730.4 (1.15038%)
all iterations: N=2700000 E=1.9725e+06 +- 7501.18 (0.380289%) chi^2/dof=1.09054

iteration 9 finished.
this iteration: N=300000 E=1.98894e+06 +- 19204.6 (0.965573%)
all iterations: N=3000000 E=1.97467e+06 +- 6987.11 (0.353836%) chi^2/dof=1.04003

iteration 10 finished.
this iteration: N=300000 E=1.98245e+06 +- 14406.4 (0.726699%)
all iterations: N=3300000 E=1.97615e+06 +- 6286.73 (0.318129%) chi^2/dof=0.959631

iteration 11 finished.
this iteration: N=300000 E=1.97245e+06 +- 12453.5 (0.631371%)
all iterations: N=3600000 E=1.9754e+06 +- 5612.17 (0.284102%) chi^2/dof=0.8788

iteration 12 finished.
this iteration: N=300000 E=1.97913e+06 +- 13017.2 (0.657722%)
all iterations: N=3900000 E=1.97599e+06 +- 5153.6 (0.260811%) chi^2/dof=0.811323

iteration 13 finished.
this iteration: N=300000 E=1.99479e+06 +- 12189.7 (0.611078%)
all iterations: N=4200000 E=1.97884e+06 +- 4746.79 (0.239878%) chi^2/dof=0.90416

iteration 14 finished.
this iteration: N=300000 E=1.96452e+06 +- 12535.2 (0.63808%)
all iterations: N=4500000 E=1.97704e+06 +- 4439.17 (0.224536%) chi^2/dof=0.921056

iteration 15 finished.
this iteration: N=300000 E=1.98197e+06 +- 12172.1 (0.61414%)
all iterations: N=4800000 E=1.97762e+06 +- 4170.48 (0.210884%) chi^2/dof=0.869287

iteration 16 finished.
this iteration: N=300000 E=1.98304e+06 +- 12896.5 (0.65034%)
all iterations: N=5100000 E=1.97813e+06 +- 3968.15 (0.200601%) chi^2/dof=0.824958

iteration 17 finished.
this iteration: N=300000 E=1.97887e+06 +- 12690.2 (0.641286%)
all iterations: N=5400000 E=1.9782e+06 +- 3787.31 (0.191452%) chi^2/dof=0.77661

iteration 18 finished.
this iteration: N=300000 E=1.98172e+06 +- 12770.4 (0.644408%)
all iterations: N=5700000 E=1.97848e+06 +- 3631 (0.183524%) chi^2/dof=0.737357

iteration 19 finished.
this iteration: N=300000 E=1.98834e+06 +- 12079.4 (0.607509%)
all iterations: N=6000000 E=1.9793e+06 +- 3477.29 (0.175683%) chi^2/dof=0.730695

>> Cumulative result: 
>> N = 5700000; I = 1.97934e+06 +- 3477.43
>> chi^2/dof = 0.692606
Time needed: 325.24s
Temperature: 160; EQCONST: 0.000153906

iteration 0 finished.
this iteration: N=300000 E=1.49244e+06 +- 391138 (26.208%)
all iterations: N=300000 E=1.49244e+06 +- 391138 (26.208%) chi^2/dof=inf

iteration 1 finished.
this iteration: N=300000 E=1.72246e+06 +- 127560 (7.40569%)
all iterations: N=600000 E=1.70035e+06 +- 121274 (7.1323%) chi^2/dof=0.312606

iteration 2 finished.
this iteration: N=300000 E=2.09025e+06 +- 104611 (5.00471%)
all iterations: N=900000 E=1.92391e+06 +- 79212.6 (4.11728%) chi^2/dof=3.11961

iteration 3 finished.
this iteration: N=300000 E=2.01497e+06 +- 73588.1 (3.65208%)
all iterations: N=1200000 E=1.97278e+06 +- 53913.5 (2.73286%) chi^2/dof=2.31618

iteration 4 finished.
this iteration: N=300000 E=1.97787e+06 +- 43387.9 (2.19367%)
all iterations: N=1500000 E=1.97587e+06 +- 33801.5 (1.71071%) chi^2/dof=1.73849

iteration 5 finished.
this iteration: N=300000 E=1.9303e+06 +- 22060.6 (1.14286%)
all iterations: N=1800000 E=1.94391e+06 +- 18474.1 (0.950357%) chi^2/dof=1.64571

iteration 6 finished.
this iteration: N=300000 E=1.95993e+06 +- 20554.8 (1.04875%)
all iterations: N=2100000 E=1.95107e+06 +- 13740.1 (0.704233%) chi^2/dof=1.4274

iteration 7 finished.
this iteration: N=300000 E=1.96919e+06 +- 21585.3 (1.09616%)
all iterations: N=2400000 E=1.95629e+06 +- 11591 (0.592499%) chi^2/dof=1.29508

iteration 8 finished.
this iteration: N=300000 E=1.95204e+06 +- 15570.7 (0.797661%)
all iterations: N=2700000 E=1.95478e+06 +- 9297.69 (0.475639%) chi^2/dof=1.1392

iteration 9 finished.
this iteration: N=300000 E=1.96684e+06 +- 13516.3 (0.68721%)
all iterations: N=3000000 E=1.95865e+06 +- 7660.31 (0.391101%) chi^2/dof=1.07273

iteration 10 finished.
this iteration: N=300000 E=1.96776e+06 +- 14865.8 (0.755467%)
all iterations: N=3300000 E=1.96056e+06 +- 6809.41 (0.347319%) chi^2/dof=0.995114

iteration 11 finished.
this iteration: N=300000 E=1.95636e+06 +- 13390.5 (0.684459%)
all iterations: N=3600000 E=1.9597e+06 +- 6069.68 (0.309725%) chi^2/dof=0.911772

iteration 12 finished.
this iteration: N=300000 E=1.95074e+06 +- 13367.6 (0.685254%)
all iterations: N=3900000 E=1.95817e+06 +- 5526.64 (0.282235%) chi^2/dof=0.866807

iteration 13 finished.
this iteration: N=300000 E=1.96457e+06 +- 12945.1 (0.658928%)
all iterations: N=4200000 E=1.95916e+06 +- 5082.8 (0.259438%) chi^2/dof=0.816034

iteration 14 finished.
this iteration: N=300000 E=1.94335e+06 +- 11707.9 (0.602461%)
all iterations: N=4500000 E=1.95665e+06 +- 4662.39 (0.238285%) chi^2/dof=0.867339

iteration 15 finished.
this iteration: N=300000 E=1.96136e+06 +- 11740.6 (0.598593%)
all iterations: N=4800000 E=1.95729e+06 +- 4333.21 (0.221388%) chi^2/dof=0.81878

iteration 16 finished.
this iteration: N=300000 E=1.96817e+06 +- 16113.5 (0.818705%)
all iterations: N=5100000 E=1.95802e+06 +- 4184.55 (0.213713%) chi^2/dof=0.794182

iteration 17 finished.
this iteration: N=300000 E=1.9688e+06 +- 15164.1 (0.770218%)
all iterations: N=5400000 E=1.95879e+06 +- 4033.78 (0.205933%) chi^2/dof=0.775077

iteration 18 finished.
this iteration: N=300000 E=1.93789e+06 +- 12106.6 (0.624731%)
all iterations: N=5700000 E=1.9567e+06 +- 3826.95 (0.195582%) chi^2/dof=0.881013

iteration 19 finished.
this iteration: N=300000 E=1.97055e+06 +- 11574.8 (0.587386%)
all iterations: N=6000000 E=1.95806e+06 +- 3633.5 (0.185566%) chi^2/dof=0.902619

>> Cumulative result: 
>> N = 5700000; I = 1.9581e+06 +- 3633.65
>> chi^2/dof = 0.874026
Time needed: 318.41s
Temperature: 170; EQCONST: 0.000115902

iteration 0 finished.
this iteration: N=300000 E=1.47738e+06 +- 388079 (26.2681%)
all iterations: N=300000 E=1.47738e+06 +- 388079 (26.2681%) chi^2/dof=inf

iteration 1 finished.
this iteration: N=300000 E=1.70552e+06 +- 126760 (7.43232%)
all iterations: N=600000 E=1.68353e+06 +- 120495 (7.15729%) chi^2/dof=0.312274

iteration 2 finished.
this iteration: N=300000 E=2.07353e+06 +- 114466 (5.52037%)
all iterations: N=900000 E=1.88853e+06 +- 82989.4 (4.3944%) chi^2/dof=2.90946

iteration 3 finished.
this iteration: N=300000 E=1.95734e+06 +- 47485.9 (2.42605%)
all iterations: N=1200000 E=1.94036e+06 +- 41215.8 (2.12413%) chi^2/dof=2.11227

iteration 4 finished.
this iteration: N=300000 E=1.96851e+06 +- 31616.6 (1.60611%)
all iterations: N=1500000 E=1.95809e+06 +- 25085.9 (1.28114%) chi^2/dof=1.65763

iteration 5 finished.
this iteration: N=300000 E=1.96508e+06 +- 21271.6 (1.08248%)
all iterations: N=1800000 E=1.96215e+06 +- 16224 (0.826848%) chi^2/dof=1.33514

iteration 6 finished.
this iteration: N=300000 E=1.91961e+06 +- 16089.2 (0.83815%)
all iterations: N=2100000 E=1.9407e+06 +- 11424.2 (0.588661%) chi^2/dof=1.69053

iteration 7 finished.
this iteration: N=300000 E=1.92393e+06 +- 14386.8 (0.747784%)
all iterations: N=2400000 E=1.93422e+06 +- 8946.58 (0.462543%) chi^2/dof=1.56814

iteration 8 finished.
this iteration: N=300000 E=1.90922e+06 +- 12453.9 (0.652302%)
all iterations: N=2700000 E=1.92571e+06 +- 7266.05 (0.377318%) chi^2/dof=1.70419

iteration 9 finished.
this iteration: N=300000 E=1.92424e+06 +- 11156 (0.579761%)
all iterations: N=3000000 E=1.92527e+06 +- 6088.51 (0.316242%) chi^2/dof=1.51619

iteration 10 finished.
this iteration: N=300000 E=1.94066e+06 +- 12314.8 (0.634565%)
all iterations: N=3300000 E=1.92829e+06 +- 5457.89 (0.283042%) chi^2/dof=1.49008

iteration 11 finished.
this iteration: N=300000 E=1.91013e+06 +- 11421.8 (0.597957%)
all iterations: N=3600000 E=1.92492e+06 +- 4924.53 (0.255831%) chi^2/dof=1.54168

iteration 12 finished.
this iteration: N=300000 E=1.92299e+06 +- 11492.8 (0.597654%)
all iterations: N=3900000 E=1.92462e+06 +- 4526.5 (0.235189%) chi^2/dof=1.41519

iteration 13 finished.
this iteration: N=300000 E=1.94862e+06 +- 20273.9 (1.04042%)
all iterations: N=4200000 E=1.92576e+06 +- 4417.73 (0.229402%) chi^2/dof=1.40901

iteration 14 finished.
this iteration: N=300000 E=1.92863e+06 +- 18796.6 (0.974612%)
all iterations: N=4500000 E=1.92591e+06 +- 4300.55 (0.2233%) chi^2/dof=1.30994

iteration 15 finished.
this iteration: N=300000 E=1.92128e+06 +- 14368.5 (0.747865%)
all iterations: N=4800000 E=1.92553e+06 +- 4119.97 (0.213966%) chi^2/dof=1.22897

iteration 16 finished.
this iteration: N=300000 E=1.9361e+06 +- 12543.8 (0.647889%)
all iterations: N=5100000 E=1.92656e+06 +- 3914.24 (0.203173%) chi^2/dof=1.19222

iteration 17 finished.
this iteration: N=300000 E=1.93876e+06 +- 11939.4 (0.615827%)
all iterations: N=5400000 E=1.92774e+06 +- 3719.46 (0.192944%) chi^2/dof=1.17755

iteration 18 finished.
this iteration: N=300000 E=1.93676e+06 +- 11668.2 (0.60246%)
all iterations: N=5700000 E=1.92857e+06 +- 3543.77 (0.183751%) chi^2/dof=1.14227

iteration 19 finished.
this iteration: N=300000 E=1.95733e+06 +- 11353.7 (0.580061%)
all iterations: N=6000000 E=1.93112e+06 +- 3382.82 (0.175173%) chi^2/dof=1.38979

>> Cumulative result: 
>> N = 5700000; I = 1.93116e+06 +- 3382.94
>> chi^2/dof = 1.39104
Time needed: 318.69s
Temperature: 180; EQCONST: 8.83829e-05

iteration 0 finished.
this iteration: N=300000 E=1.4641e+06 +- 385388 (26.3225%)
all iterations: N=300000 E=1.4641e+06 +- 385388 (26.3225%) chi^2/dof=inf

iteration 1 finished.
this iteration: N=300000 E=1.6972e+06 +- 128055 (7.54507%)
all iterations: N=600000 E=1.67402e+06 +- 121522 (7.25929%) chi^2/dof=0.329442

iteration 2 finished.
this iteration: N=300000 E=2.05592e+06 +- 115975 (5.64101%)
all iterations: N=900000 E=1.87389e+06 +- 83899.1 (4.47728%) chi^2/dof=2.74911

iteration 3 finished.
this iteration: N=300000 E=1.96359e+06 +- 55264.4 (2.81445%)
all iterations: N=1200000 E=1.93645e+06 +- 46151.7 (2.38332%) chi^2/dof=2.09849

iteration 4 finished.
this iteration: N=300000 E=1.90298e+06 +- 26588.4 (1.3972%)
all iterations: N=1500000 E=1.91132e+06 +- 23038.6 (1.20538%) chi^2/dof=1.67258

iteration 5 finished.
this iteration: N=300000 E=1.9216e+06 +- 17814.2 (0.927047%)
all iterations: N=1800000 E=1.91776e+06 +- 14092.6 (0.734851%) chi^2/dof=1.36301

iteration 6 finished.
this iteration: N=300000 E=1.89356e+06 +- 13924 (0.735332%)
all iterations: N=2100000 E=1.90551e+06 +- 9904.84 (0.519799%) chi^2/dof=1.38433

iteration 7 finished.
this iteration: N=300000 E=1.91632e+06 +- 12565.9 (0.655727%)
all iterations: N=2400000 E=1.90966e+06 +- 7778.82 (0.407341%) chi^2/dof=1.25178

iteration 8 finished.
this iteration: N=300000 E=1.92661e+06 +- 30370 (1.57635%)
all iterations: N=2700000 E=1.9107e+06 +- 7535.56 (0.394387%) chi^2/dof=1.13184

iteration 9 finished.
this iteration: N=300000 E=1.95831e+06 +- 23846.9 (1.21773%)
all iterations: N=3000000 E=1.91502e+06 +- 7185.35 (0.37521%) chi^2/dof=1.4087

iteration 10 finished.
this iteration: N=300000 E=1.92564e+06 +- 15309.1 (0.795017%)
all iterations: N=3300000 E=1.91694e+06 +- 6504.54 (0.339319%) chi^2/dof=1.30722

iteration 11 finished.
this iteration: N=300000 E=1.92022e+06 +- 13181.3 (0.686446%)
all iterations: N=3600000 E=1.91758e+06 +- 5833 (0.304185%) chi^2/dof=1.19292

iteration 12 finished.
this iteration: N=300000 E=1.92133e+06 +- 12709.6 (0.661498%)
all iterations: N=3900000 E=1.91823e+06 +- 5301.35 (0.276366%) chi^2/dof=1.09951

iteration 13 finished.
this iteration: N=300000 E=1.93582e+06 +- 12060.9 (0.623039%)
all iterations: N=4200000 E=1.92108e+06 +- 4853.21 (0.252629%) chi^2/dof=1.15201

iteration 14 finished.
this iteration: N=300000 E=1.90222e+06 +- 11140 (0.585633%)
all iterations: N=4500000 E=1.91807e+06 +- 4449.31 (0.231968%) chi^2/dof=1.24186

iteration 15 finished.
this iteration: N=300000 E=2.0284e+06 +- 104666 (5.16004%)
all iterations: N=4800000 E=1.91827e+06 +- 4445.3 (0.231735%) chi^2/dof=1.23301

iteration 16 finished.
this iteration: N=300000 E=1.98389e+06 +- 40612.4 (2.04711%)
all iterations: N=5100000 E=1.91905e+06 +- 4418.91 (0.230265%) chi^2/dof=1.31718

iteration 17 finished.
this iteration: N=300000 E=1.93397e+06 +- 16840.4 (0.870771%)
all iterations: N=5400000 E=1.92001e+06 +- 4274.21 (0.222614%) chi^2/dof=1.28289

iteration 18 finished.
this iteration: N=300000 E=1.90587e+06 +- 13298 (0.697739%)
all iterations: N=5700000 E=1.91869e+06 +- 4069.18 (0.212082%) chi^2/dof=1.26858

iteration 19 finished.
this iteration: N=300000 E=1.95782e+06 +- 13057 (0.666915%)
all iterations: N=6000000 E=1.92215e+06 +- 3884.89 (0.202112%) chi^2/dof=1.6327

>> Cumulative result: 
>> N = 5700000; I = 1.9222e+06 +- 3885.09
>> chi^2/dof = 1.64492
Time needed: 317.67s
Temperature: 190; EQCONST: 6.89736e-05

iteration 0 finished.
this iteration: N=300000 E=1.45231e+06 +- 383003 (26.372%)
all iterations: N=300000 E=1.45231e+06 +- 383003 (26.372%) chi^2/dof=inf

iteration 1 finished.
this iteration: N=300000 E=1.67829e+06 +- 127474 (7.59545%)
all iterations: N=600000 E=1.65575e+06 +- 120950 (7.30486%) chi^2/dof=0.313405

iteration 2 finished.
this iteration: N=300000 E=1.96126e+06 +- 93944.3 (4.79%)
all iterations: N=900000 E=1.8463e+06 +- 74193.3 (4.01848%) chi^2/dof=2.14641

iteration 3 finished.
this iteration: N=300000 E=1.87031e+06 +- 42957.6 (2.29682%)
all iterations: N=1200000 E=1.86428e+06 +- 37175.9 (1.99411%) chi^2/dof=1.45707

iteration 4 finished.
this iteration: N=300000 E=1.95202e+06 +- 30294 (1.55193%)
all iterations: N=1500000 E=1.91701e+06 +- 23484.2 (1.22504%) chi^2/dof=1.92961

iteration 5 finished.
this iteration: N=300000 E=1.88816e+06 +- 18930.7 (1.0026%)
all iterations: N=1800000 E=1.89952e+06 +- 14738.4 (0.775899%) chi^2/dof=1.72658

iteration 6 finished.
this iteration: N=300000 E=1.90082e+06 +- 15085.7 (0.793642%)
all iterations: N=2100000 E=1.90016e+06 +- 10542.3 (0.55481%) chi^2/dof=1.43945

iteration 7 finished.
this iteration: N=300000 E=1.92618e+06 +- 22874.1 (1.18754%)
all iterations: N=2400000 E=1.90472e+06 +- 9574.33 (0.502665%) chi^2/dof=1.38634

iteration 8 finished.
this iteration: N=300000 E=1.91543e+06 +- 18501.5 (0.965922%)
all iterations: N=2700000 E=1.90698e+06 +- 8503.23 (0.445901%) chi^2/dof=1.2461

iteration 9 finished.
this iteration: N=300000 E=1.93138e+06 +- 14004.3 (0.725096%)
all iterations: N=3000000 E=1.91355e+06 +- 7268.32 (0.379834%) chi^2/dof=1.35405

iteration 10 finished.
this iteration: N=300000 E=1.91701e+06 +- 12765.9 (0.665924%)
all iterations: N=3300000 E=1.9144e+06 +- 6316.3 (0.329937%) chi^2/dof=1.2242

iteration 11 finished.
this iteration: N=300000 E=1.90274e+06 +- 11890.5 (0.624916%)
all iterations: N=3600000 E=1.91183e+06 +- 5578.13 (0.291769%) chi^2/dof=1.18109

iteration 12 finished.
this iteration: N=300000 E=1.91268e+06 +- 11893.5 (0.621827%)
all iterations: N=3900000 E=1.91198e+06 +- 5050.27 (0.264138%) chi^2/dof=1.08301

iteration 13 finished.
this iteration: N=300000 E=1.91073e+06 +- 11440.4 (0.598744%)
all iterations: N=4200000 E=1.91178e+06 +- 4620.13 (0.241666%) chi^2/dof=1.00048

iteration 14 finished.
this iteration: N=300000 E=1.9522e+06 +- 70346.7 (3.60346%)
all iterations: N=4500000 E=1.91195e+06 +- 4610.2 (0.241125%) chi^2/dof=0.952493

iteration 15 finished.
this iteration: N=300000 E=1.84271e+06 +- 31566.7 (1.71306%)
all iterations: N=4800000 E=1.91051e+06 +- 4561.8 (0.238774%) chi^2/dof=1.20305

iteration 16 finished.
this iteration: N=300000 E=1.91859e+06 +- 17267.4 (0.900008%)
all iterations: N=5100000 E=1.91103e+06 +- 4410.48 (0.23079%) chi^2/dof=1.14065

iteration 17 finished.
this iteration: N=300000 E=1.9058e+06 +- 14023.8 (0.735852%)
all iterations: N=5400000 E=1.91056e+06 +- 4207.32 (0.220214%) chi^2/dof=1.08102

iteration 18 finished.
this iteration: N=300000 E=1.89638e+06 +- 13051.6 (0.688237%)
all iterations: N=5700000 E=1.90923e+06 +- 4004.4 (0.209739%) chi^2/dof=1.08036

iteration 19 finished.
this iteration: N=300000 E=1.93771e+06 +- 12175.1 (0.628325%)
all iterations: N=6000000 E=1.91201e+06 +- 3803.93 (0.19895%) chi^2/dof=1.28332

>> Cumulative result: 
>> N = 5700000; I = 1.91205e+06 +- 3804.12
>> chi^2/dof = 1.27458
Time needed: 326.24s
Temperature: 200; EQCONST: 5.4468e-05

iteration 0 finished.
this iteration: N=300000 E=1.44176e+06 +- 380874 (26.4172%)
all iterations: N=300000 E=1.44176e+06 +- 380874 (26.4172%) chi^2/dof=inf

iteration 1 finished.
this iteration: N=300000 E=1.62453e+06 +- 117458 (7.23026%)
all iterations: N=600000 E=1.60866e+06 +- 112242 (6.97735%) chi^2/dof=0.210276

iteration 2 finished.
this iteration: N=300000 E=1.89731e+06 +- 82235.7 (4.33433%)
all iterations: N=900000 E=1.79649e+06 +- 66336.4 (3.69256%) chi^2/dof=2.25686

iteration 3 finished.
this iteration: N=300000 E=1.88482e+06 +- 41537.9 (2.20382%)
all iterations: N=1200000 E=1.85994e+06 +- 35205.5 (1.89283%) chi^2/dof=1.92911

iteration 4 finished.
this iteration: N=300000 E=1.894e+06 +- 24177.1 (1.27651%)
all iterations: N=1500000 E=1.88308e+06 +- 19930 (1.05837%) chi^2/dof=1.60584

iteration 5 finished.
this iteration: N=300000 E=1.8663e+06 +- 15165.9 (0.812618%)
all iterations: N=1800000 E=1.87246e+06 +- 12069 (0.644552%) chi^2/dof=1.37444

iteration 6 finished.
this iteration: N=300000 E=1.87896e+06 +- 15979.4 (0.850435%)
all iterations: N=2100000 E=1.87482e+06 +- 9630.68 (0.513686%) chi^2/dof=1.16296

iteration 7 finished.
this iteration: N=300000 E=1.88559e+06 +- 15020.3 (0.796585%)
all iterations: N=2400000 E=1.87796e+06 +- 8107.32 (0.431709%) chi^2/dof=1.0489

iteration 8 finished.
this iteration: N=300000 E=1.91051e+06 +- 13530.1 (0.708192%)
all iterations: N=2700000 E=1.88656e+06 +- 6954.4 (0.368629%) chi^2/dof=1.45016

iteration 9 finished.
this iteration: N=300000 E=1.91131e+06 +- 12280.1 (0.642494%)
all iterations: N=3000000 E=1.89257e+06 +- 6051.39 (0.319745%) chi^2/dof=1.63083

iteration 10 finished.
this iteration: N=300000 E=1.91028e+06 +- 12872.2 (0.67384%)
all iterations: N=3300000 E=1.89577e+06 +- 5476.41 (0.288875%) chi^2/dof=1.62278

iteration 11 finished.
this iteration: N=300000 E=1.89423e+06 +- 12952.9 (0.683808%)
all iterations: N=3600000 E=1.89554e+06 +- 5044.11 (0.266104%) chi^2/dof=1.47635

iteration 12 finished.
this iteration: N=300000 E=1.89097e+06 +- 14170 (0.749349%)
all iterations: N=3900000 E=1.89503e+06 +- 4752.01 (0.250762%) chi^2/dof=1.36101

iteration 13 finished.
this iteration: N=300000 E=1.91557e+06 +- 14834.8 (0.774431%)
all iterations: N=4200000 E=1.89694e+06 +- 4525.5 (0.238568%) chi^2/dof=1.39016

iteration 14 finished.
this iteration: N=300000 E=1.88595e+06 +- 15690.5 (0.831967%)
all iterations: N=4500000 E=1.89609e+06 +- 4348.25 (0.229327%) chi^2/dof=1.32322

iteration 15 finished.
this iteration: N=300000 E=1.88363e+06 +- 13770.3 (0.731051%)
all iterations: N=4800000 E=1.89496e+06 +- 4146.44 (0.218813%) chi^2/dof=1.28467

iteration 16 finished.
this iteration: N=300000 E=1.90806e+06 +- 13362.4 (0.700317%)
all iterations: N=5100000 E=1.89611e+06 +- 3960.16 (0.208856%) chi^2/dof=1.25912

iteration 17 finished.
this iteration: N=300000 E=1.89351e+06 +- 13151.9 (0.69458%)
all iterations: N=5400000 E=1.8959e+06 +- 3791.98 (0.20001%) chi^2/dof=1.18718

iteration 18 finished.
this iteration: N=300000 E=1.88659e+06 +- 11956.9 (0.633787%)
all iterations: N=5700000 E=1.89505e+06 +- 3614.57 (0.190738%) chi^2/dof=1.15184

iteration 19 finished.
this iteration: N=300000 E=1.9172e+06 +- 11625.7 (0.606391%)
all iterations: N=6000000 E=1.897e+06 +- 3451.59 (0.18195%) chi^2/dof=1.26548

>> Cumulative result: 
>> N = 5700000; I = 1.89704e+06 +- 3451.73
>> chi^2/dof = 1.25641
Time needed: 334.57s
Temperature: 210; EQCONST: 4.33875e-05

iteration 0 finished.
this iteration: N=300000 E=1.43228e+06 +- 378963 (26.4587%)
all iterations: N=300000 E=1.43228e+06 +- 378963 (26.4587%) chi^2/dof=inf

iteration 1 finished.
this iteration: N=300000 E=1.61977e+06 +- 117269 (7.23985%)
all iterations: N=600000 E=1.60339e+06 +- 112028 (6.98695%) chi^2/dof=0.223388

iteration 2 finished.
this iteration: N=300000 E=1.90069e+06 +- 77897 (4.09834%)
all iterations: N=900000 E=1.8038e+06 +- 63955.5 (3.5456%) chi^2/dof=2.48549

iteration 3 finished.
this iteration: N=300000 E=1.89519e+06 +- 43906.7 (2.31674%)
all iterations: N=1200000 E=1.86591e+06 +- 36197.5 (1.93994%) chi^2/dof=2.11963

iteration 4 finished.
this iteration: N=300000 E=1.86579e+06 +- 21791.6 (1.16796%)
all iterations: N=1500000 E=1.86582e+06 +- 18669.5 (1.00061%) chi^2/dof=1.58972

iteration 5 finished.
this iteration: N=300000 E=1.88988e+06 +- 24605.1 (1.30194%)
all iterations: N=1800000 E=1.87461e+06 +- 14872.8 (0.79338%) chi^2/dof=1.39314

iteration 6 finished.
this iteration: N=300000 E=1.96087e+06 +- 70855 (3.61345%)
all iterations: N=2100000 E=1.87825e+06 +- 14555.6 (0.774954%) chi^2/dof=1.39752

iteration 7 finished.
this iteration: N=300000 E=1.89277e+06 +- 41629.6 (2.1994%)
all iterations: N=2400000 E=1.87983e+06 +- 13739.9 (0.730912%) chi^2/dof=1.21336

iteration 8 finished.
this iteration: N=300000 E=1.87093e+06 +- 19380.6 (1.03588%)
all iterations: N=2700000 E=1.87685e+06 +- 11208.8 (0.597215%) chi^2/dof=1.07925

iteration 9 finished.
this iteration: N=300000 E=1.90527e+06 +- 15464.4 (0.811665%)
all iterations: N=3000000 E=1.88664e+06 +- 9075.59 (0.481045%) chi^2/dof=1.2052

iteration 10 finished.
this iteration: N=300000 E=1.88132e+06 +- 12851 (0.683085%)
all iterations: N=3300000 E=1.88487e+06 +- 7413.3 (0.393306%) chi^2/dof=1.09611

iteration 11 finished.
this iteration: N=300000 E=1.86844e+06 +- 12883.5 (0.689531%)
all iterations: N=3600000 E=1.88078e+06 +- 6425.49 (0.341639%) chi^2/dof=1.10754

iteration 12 finished.
this iteration: N=300000 E=1.87132e+06 +- 12640.5 (0.675488%)
all iterations: N=3900000 E=1.87884e+06 +- 5727.94 (0.304866%) chi^2/dof=1.05237

iteration 13 finished.
this iteration: N=300000 E=1.8975e+06 +- 15181 (0.800055%)
all iterations: N=4200000 E=1.88116e+06 +- 5359.16 (0.284885%) chi^2/dof=1.07316

iteration 14 finished.
this iteration: N=300000 E=1.86479e+06 +- 13810.6 (0.740599%)
all iterations: N=4500000 E=1.87902e+06 +- 4996.18 (0.265893%) chi^2/dof=1.08381

iteration 15 finished.
this iteration: N=300000 E=1.87892e+06 +- 12254.7 (0.652221%)
all iterations: N=4800000 E=1.87901e+06 +- 4626.46 (0.246218%) chi^2/dof=1.01156

iteration 16 finished.
this iteration: N=300000 E=1.87868e+06 +- 11872.8 (0.631978%)
all iterations: N=5100000 E=1.87896e+06 +- 4310.74 (0.229421%) chi^2/dof=0.948378

iteration 17 finished.
this iteration: N=300000 E=1.88273e+06 +- 11497.6 (0.610688%)
all iterations: N=5400000 E=1.87943e+06 +- 4036.38 (0.214766%) chi^2/dof=0.898137

iteration 18 finished.
this iteration: N=300000 E=1.86601e+06 +- 11022.2 (0.590682%)
all iterations: N=5700000 E=1.87784e+06 +- 3790.22 (0.201839%) chi^2/dof=0.9208

iteration 19 finished.
this iteration: N=300000 E=1.89493e+06 +- 11058.6 (0.583589%)
all iterations: N=6000000 E=1.87964e+06 +- 3585.48 (0.190754%) chi^2/dof=0.984845

>> Cumulative result: 
>> N = 5700000; I = 1.87968e+06 +- 3585.64
>> chi^2/dof = 0.962133
Time needed: 332.67s
Temperature: 220; EQCONST: 3.48705e-05

iteration 0 finished.
this iteration: N=300000 E=1.4237e+06 +- 377237 (26.4969%)
all iterations: N=300000 E=1.4237e+06 +- 377237 (26.4969%) chi^2/dof=inf

iteration 1 finished.
this iteration: N=300000 E=1.61378e+06 +- 117775 (7.29813%)
all iterations: N=600000 E=1.5969e+06 +- 112424 (7.04014%) chi^2/dof=0.231328

iteration 2 finished.
this iteration: N=300000 E=1.94249e+06 +- 81248.4 (4.18268%)
all iterations: N=900000 E=1.82392e+06 +- 65851.5 (3.61044%) chi^2/dof=3.21951

iteration 3 finished.
this iteration: N=300000 E=1.90362e+06 +- 59796.3 (3.14118%)
all iterations: N=1200000 E=1.8676e+06 +- 44268.7 (2.37034%) chi^2/dof=2.41397

iteration 4 finished.
this iteration: N=300000 E=1.92978e+06 +- 35737.6 (1.8519%)
all iterations: N=1500000 E=1.90525e+06 +- 27807.2 (1.45951%) chi^2/dof=2.10905

iteration 5 finished.
this iteration: N=300000 E=1.90409e+06 +- 19906.7 (1.04547%)
all iterations: N=1800000 E=1.90448e+06 +- 16186.5 (0.849916%) chi^2/dof=1.68747

iteration 6 finished.
this iteration: N=300000 E=1.83423e+06 +- 13242.1 (0.721942%)
all iterations: N=2100000 E=1.8624e+06 +- 10249.2 (0.550326%) chi^2/dof=3.28732

iteration 7 finished.
this iteration: N=300000 E=1.88133e+06 +- 13811.5 (0.734139%)
all iterations: N=2400000 E=1.86912e+06 +- 8230.58 (0.440346%) chi^2/dof=2.9908

iteration 8 finished.
this iteration: N=300000 E=1.86031e+06 +- 12871.2 (0.691884%)
all iterations: N=2700000 E=1.86656e+06 +- 6934.09 (0.37149%) chi^2/dof=2.65851

iteration 9 finished.
this iteration: N=300000 E=1.88448e+06 +- 12301.5 (0.65278%)
all iterations: N=3000000 E=1.87088e+06 +- 6040.54 (0.322871%) chi^2/dof=2.54206

iteration 10 finished.
this iteration: N=300000 E=1.8846e+06 +- 13139.9 (0.697222%)
all iterations: N=3300000 E=1.87328e+06 +- 5488.38 (0.292983%) chi^2/dof=2.37788

iteration 11 finished.
this iteration: N=300000 E=1.87024e+06 +- 11936.3 (0.638221%)
all iterations: N=3600000 E=1.87275e+06 +- 4986.5 (0.266267%) chi^2/dof=2.16656

iteration 12 finished.
this iteration: N=300000 E=1.87485e+06 +- 13024.1 (0.694672%)
all iterations: N=3900000 E=1.87302e+06 +- 4656.85 (0.248629%) chi^2/dof=1.98791

iteration 13 finished.
this iteration: N=300000 E=1.8899e+06 +- 12572.6 (0.665251%)
all iterations: N=4200000 E=1.87505e+06 +- 4366.92 (0.232896%) chi^2/dof=1.95698

iteration 14 finished.
this iteration: N=300000 E=1.84775e+06 +- 10880.9 (0.588872%)
all iterations: N=4500000 E=1.87126e+06 +- 4052.71 (0.216576%) chi^2/dof=2.20463

iteration 15 finished.
this iteration: N=300000 E=1.87321e+06 +- 11203.6 (0.598097%)
all iterations: N=4800000 E=1.87149e+06 +- 3811.03 (0.203636%) chi^2/dof=2.05943

iteration 16 finished.
this iteration: N=300000 E=1.88328e+06 +- 16134.6 (0.856729%)
all iterations: N=5100000 E=1.87211e+06 +- 3708.97 (0.198117%) chi^2/dof=1.96235

iteration 17 finished.
this iteration: N=300000 E=1.8839e+06 +- 14909.5 (0.791416%)
all iterations: N=5400000 E=1.8728e+06 +- 3599.28 (0.192187%) chi^2/dof=1.88156

iteration 18 finished.
this iteration: N=300000 E=1.85504e+06 +- 11816 (0.636964%)
all iterations: N=5700000 E=1.87129e+06 +- 3443.08 (0.183995%) chi^2/dof=1.89183

iteration 19 finished.
this iteration: N=300000 E=1.88483e+06 +- 11272.5 (0.598062%)
all iterations: N=6000000 E=1.87245e+06 +- 3292.9 (0.175861%) chi^2/dof=1.86173

>> Cumulative result: 
>> N = 5700000; I = 1.87248e+06 +- 3293.03
>> chi^2/dof = 1.88654
Time needed: 333.5s
Temperature: 230; EQCONST: 2.84393e-05

iteration 0 finished.
this iteration: N=300000 E=1.41591e+06 +- 375671 (26.5321%)
all iterations: N=300000 E=1.41591e+06 +- 375671 (26.5321%) chi^2/dof=inf

iteration 1 finished.
this iteration: N=300000 E=1.63778e+06 +- 128161 (7.82529%)
all iterations: N=600000 E=1.61465e+06 +- 121297 (7.51227%) chi^2/dof=0.312456

iteration 2 finished.
this iteration: N=300000 E=2.21285e+06 +- 298489 (13.4889%)
all iterations: N=900000 E=1.69944e+06 +- 112373 (6.61236%) chi^2/dof=1.87977

iteration 3 finished.
this iteration: N=300000 E=1.70484e+06 +- 57964.9 (3.40003%)
all iterations: N=1200000 E=1.7037e+06 +- 51515.2 (3.02372%) chi^2/dof=1.25379

iteration 4 finished.
this iteration: N=300000 E=1.8143e+06 +- 28119.8 (1.54989%)
all iterations: N=1500000 E=1.78891e+06 +- 24682.1 (1.37972%) chi^2/dof=1.82813

iteration 5 finished.
this iteration: N=300000 E=1.86201e+06 +- 21028.5 (1.12935%)
all iterations: N=1800000 E=1.83126e+06 +- 16006.8 (0.874086%) chi^2/dof=2.4788

iteration 6 finished.
this iteration: N=300000 E=1.85869e+06 +- 16010.3 (0.861378%)
all iterations: N=2100000 E=1.84497e+06 +- 11319.8 (0.613547%) chi^2/dof=2.31024

iteration 7 finished.
this iteration: N=300000 E=1.88317e+06 +- 13690.3 (0.726981%)
all iterations: N=2400000 E=1.86048e+06 +- 8723.85 (0.468903%) chi^2/dof=2.64057

iteration 8 finished.
this iteration: N=300000 E=1.85465e+06 +- 12068.7 (0.650728%)
all iterations: N=2700000 E=1.85848e+06 +- 7070.15 (0.380426%) chi^2/dof=2.32966

iteration 9 finished.
this iteration: N=300000 E=1.86949e+06 +- 11284.5 (0.603614%)
all iterations: N=3000000 E=1.86159e+06 +- 5991.34 (0.32184%) chi^2/dof=2.14677

iteration 10 finished.
this iteration: N=300000 E=1.89042e+06 +- 15589.5 (0.824655%)
all iterations: N=3300000 E=1.8653e+06 +- 5592.54 (0.29982%) chi^2/dof=2.23022

iteration 11 finished.
this iteration: N=300000 E=1.86621e+06 +- 14690.8 (0.7872%)
all iterations: N=3600000 E=1.86541e+06 +- 5226.63 (0.280186%) chi^2/dof=2.02778

iteration 12 finished.
this iteration: N=300000 E=1.85504e+06 +- 13906.8 (0.749676%)
all iterations: N=3900000 E=1.86413e+06 +- 4892.5 (0.262455%) chi^2/dof=1.89942

iteration 13 finished.
this iteration: N=300000 E=1.87844e+06 +- 13421.1 (0.71448%)
all iterations: N=4200000 E=1.86581e+06 +- 4596.61 (0.24636%) chi^2/dof=1.83048

iteration 14 finished.
this iteration: N=300000 E=1.83871e+06 +- 11429 (0.621576%)
all iterations: N=4500000 E=1.86203e+06 +- 4264.62 (0.22903%) chi^2/dof=2.04538

iteration 15 finished.
this iteration: N=300000 E=1.86849e+06 +- 11762.3 (0.629504%)
all iterations: N=4800000 E=1.86278e+06 +- 4009.23 (0.215228%) chi^2/dof=1.9268

iteration 16 finished.
this iteration: N=300000 E=1.86702e+06 +- 17047.6 (0.913092%)
all iterations: N=5100000 E=1.86301e+06 +- 3902.76 (0.209487%) chi^2/dof=1.81003

iteration 17 finished.
this iteration: N=300000 E=1.8833e+06 +- 15845.3 (0.841359%)
all iterations: N=5400000 E=1.86417e+06 +- 3789.5 (0.203281%) chi^2/dof=1.79454

iteration 18 finished.
this iteration: N=300000 E=1.84877e+06 +- 12021 (0.650217%)
all iterations: N=5700000 E=1.86277e+06 +- 3614.17 (0.194021%) chi^2/dof=1.77777

iteration 19 finished.
this iteration: N=300000 E=1.87352e+06 +- 11062.3 (0.590457%)
all iterations: N=6000000 E=1.86381e+06 +- 3435.47 (0.184325%) chi^2/dof=1.72907

>> Cumulative result: 
>> N = 5700000; I = 1.86385e+06 +- 3435.61
>> chi^2/dof = 1.74615
Time needed: 332.82s
Temperature: 240; EQCONST: 2.33742e-05

iteration 0 finished.
this iteration: N=300000 E=1.4088e+06 +- 374244 (26.5648%)
all iterations: N=300000 E=1.4088e+06 +- 374244 (26.5648%) chi^2/dof=inf

iteration 1 finished.
this iteration: N=300000 E=1.63476e+06 +- 131015 (8.01434%)
all iterations: N=600000 E=1.61009e+06 +- 123657 (7.68011%) chi^2/dof=0.324749

iteration 2 finished.
this iteration: N=300000 E=2.09235e+06 +- 206046 (9.84756%)
all iterations: N=900000 E=1.73779e+06 +- 106028 (6.10131%) chi^2/dof=2.17619

iteration 3 finished.
this iteration: N=300000 E=1.88276e+06 +- 62923.4 (3.34208%)
all iterations: N=1200000 E=1.845e+06 +- 54111.9 (2.93289%) chi^2/dof=1.91163

iteration 4 finished.
this iteration: N=300000 E=1.9096e+06 +- 68076.9 (3.56499%)
all iterations: N=1500000 E=1.87001e+06 +- 42360.2 (2.26524%) chi^2/dof=1.57165

iteration 5 finished.
this iteration: N=300000 E=1.86033e+06 +- 38075.5 (2.04671%)
all iterations: N=1800000 E=1.86465e+06 +- 28317.5 (1.51864%) chi^2/dof=1.2631

iteration 6 finished.
this iteration: N=300000 E=1.82813e+06 +- 18919.7 (1.03492%)
all iterations: N=2100000 E=1.8394e+06 +- 15731.5 (0.855251%) chi^2/dof=1.24425

iteration 7 finished.
this iteration: N=300000 E=1.86006e+06 +- 18714.1 (1.0061%)
all iterations: N=2400000 E=1.84796e+06 +- 12042 (0.651639%) chi^2/dof=1.16843

iteration 8 finished.
this iteration: N=300000 E=1.8323e+06 +- 17030.5 (0.929463%)
all iterations: N=2700000 E=1.84274e+06 +- 9832.36 (0.533574%) chi^2/dof=1.09283

iteration 9 finished.
this iteration: N=300000 E=1.87073e+06 +- 20750.1 (1.1092%)
all iterations: N=3000000 E=1.84787e+06 +- 8885.32 (0.480841%) chi^2/dof=1.13655

iteration 10 finished.
this iteration: N=300000 E=1.88577e+06 +- 20374.2 (1.08041%)
all iterations: N=3300000 E=1.85393e+06 +- 8144.51 (0.439311%) chi^2/dof=1.31372

iteration 11 finished.
this iteration: N=300000 E=1.85167e+06 +- 14380 (0.776599%)
all iterations: N=3600000 E=1.85338e+06 +- 7086.78 (0.382371%) chi^2/dof=1.19599

iteration 12 finished.
this iteration: N=300000 E=1.85298e+06 +- 11934.7 (0.644082%)
all iterations: N=3900000 E=1.85327e+06 +- 6093.48 (0.328796%) chi^2/dof=1.09639

iteration 13 finished.
this iteration: N=300000 E=1.87106e+06 +- 11864 (0.634077%)
all iterations: N=4200000 E=1.85699e+06 +- 5420.34 (0.291889%) chi^2/dof=1.14891

iteration 14 finished.
this iteration: N=300000 E=1.84156e+06 +- 11383.9 (0.618167%)
all iterations: N=4500000 E=1.85414e+06 +- 4893.91 (0.263946%) chi^2/dof=1.1738

iteration 15 finished.
this iteration: N=300000 E=1.8469e+06 +- 11275.6 (0.610512%)
all iterations: N=4800000 E=1.85299e+06 +- 4489.3 (0.242273%) chi^2/dof=1.11862

iteration 16 finished.
this iteration: N=300000 E=1.84991e+06 +- 11646.9 (0.629592%)
all iterations: N=5100000 E=1.85259e+06 +- 4188.89 (0.22611%) chi^2/dof=1.05251

iteration 17 finished.
this iteration: N=300000 E=1.84544e+06 +- 10998.5 (0.595981%)
all iterations: N=5400000 E=1.85168e+06 +- 3914.59 (0.211407%) chi^2/dof=1.01233

iteration 18 finished.
this iteration: N=300000 E=1.84926e+06 +- 11780.2 (0.637022%)
all iterations: N=5700000 E=1.85144e+06 +- 3714.85 (0.200646%) chi^2/dof=0.958204

iteration 19 finished.
this iteration: N=300000 E=1.88177e+06 +- 12693.8 (0.674568%)
all iterations: N=6000000 E=1.85384e+06 +- 3565.31 (0.192321%) chi^2/dof=1.18448

>> Cumulative result: 
>> N = 5700000; I = 1.85388e+06 +- 3565.47
>> chi^2/dof = 1.17171
Time needed: 312.26s
Temperature: 250; EQCONST: 1.93476e-05

iteration 0 finished.
this iteration: N=300000 E=1.40228e+06 +- 372938 (26.5951%)
all iterations: N=300000 E=1.40228e+06 +- 372938 (26.5951%) chi^2/dof=inf

iteration 1 finished.
this iteration: N=300000 E=1.63583e+06 +- 133713 (8.17401%)
all iterations: N=600000 E=1.60923e+06 +- 125867 (7.8216%) chi^2/dof=0.347503

iteration 2 finished.
this iteration: N=300000 E=1.98187e+06 +- 151527 (7.64566%)
all iterations: N=900000 E=1.76137e+06 +- 96821.1 (5.49692%) chi^2/dof=1.96306

iteration 3 finished.
this iteration: N=300000 E=1.85949e+06 +- 56642 (3.04611%)
all iterations: N=1200000 E=1.83447e+06 +- 48890.3 (2.66509%) chi^2/dof=1.56374

iteration 4 finished.
this iteration: N=300000 E=1.89425e+06 +- 32445 (1.71282%)
all iterations: N=1500000 E=1.87597e+06 +- 27033.7 (1.44105%) chi^2/dof=1.4323

iteration 5 finished.
this iteration: N=300000 E=1.84685e+06 +- 21960.6 (1.18908%)
all iterations: N=1800000 E=1.85843e+06 +- 17045.3 (0.917186%) chi^2/dof=1.28562

iteration 6 finished.
this iteration: N=300000 E=1.812e+06 +- 15993.3 (0.882631%)
all iterations: N=2100000 E=1.83374e+06 +- 11663.1 (0.636031%) chi^2/dof=1.72895

iteration 7 finished.
this iteration: N=300000 E=1.82795e+06 +- 12304.3 (0.673121%)
all iterations: N=2400000 E=1.831e+06 +- 8464.69 (0.462298%) chi^2/dof=1.49859

iteration 8 finished.
this iteration: N=300000 E=1.84276e+06 +- 18775.6 (1.01888%)
all iterations: N=2700000 E=1.83299e+06 +- 7716.72 (0.420991%) chi^2/dof=1.352

iteration 9 finished.
this iteration: N=300000 E=1.86538e+06 +- 21611.7 (1.15856%)
all iterations: N=3000000 E=1.83665e+06 +- 7267.34 (0.395685%) chi^2/dof=1.42323

iteration 10 finished.
this iteration: N=300000 E=1.85062e+06 +- 16072.1 (0.868473%)
all iterations: N=3300000 E=1.83902e+06 +- 6621.85 (0.360075%) chi^2/dof=1.3436

iteration 11 finished.
this iteration: N=300000 E=1.84381e+06 +- 12438.3 (0.674596%)
all iterations: N=3600000 E=1.84008e+06 +- 5845.13 (0.317657%) chi^2/dof=1.23197

iteration 12 finished.
this iteration: N=300000 E=1.84693e+06 +- 11695.7 (0.633254%)
all iterations: N=3900000 E=1.84145e+06 +- 5228.53 (0.283936%) chi^2/dof=1.15217

iteration 13 finished.
this iteration: N=300000 E=1.86022e+06 +- 11417.9 (0.613792%)
all iterations: N=4200000 E=1.8447e+06 +- 4753.81 (0.257701%) chi^2/dof=1.23551

iteration 14 finished.
this iteration: N=300000 E=1.83043e+06 +- 11011.1 (0.601555%)
all iterations: N=4500000 E=1.84246e+06 +- 4364.44 (0.236881%) chi^2/dof=1.24835

iteration 15 finished.
this iteration: N=300000 E=1.89435e+06 +- 51727.7 (2.73063%)
all iterations: N=4800000 E=1.84283e+06 +- 4348.98 (0.235995%) chi^2/dof=1.23174

iteration 16 finished.
this iteration: N=300000 E=1.91838e+06 +- 40484.5 (2.11035%)
all iterations: N=5100000 E=1.84369e+06 +- 4324.11 (0.234535%) chi^2/dof=1.36993

iteration 17 finished.
this iteration: N=300000 E=1.84732e+06 +- 20224 (1.09477%)
all iterations: N=5400000 E=1.84385e+06 +- 4228.53 (0.229332%) chi^2/dof=1.29117

iteration 18 finished.
this iteration: N=300000 E=1.84408e+06 +- 14145.3 (0.767067%)
all iterations: N=5700000 E=1.84387e+06 +- 4051.39 (0.219722%) chi^2/dof=1.21945

iteration 19 finished.
this iteration: N=300000 E=1.86606e+06 +- 12414.4 (0.665273%)
all iterations: N=6000000 E=1.846e+06 +- 3851.48 (0.208639%) chi^2/dof=1.30722

>> Cumulative result: 
>> N = 5700000; I = 1.84605e+06 +- 3851.68
>> chi^2/dof = 1.30119
Time needed: 308.09s
Temperature: 260; EQCONST: 1.61488e-05

iteration 0 finished.
this iteration: N=300000 E=1.39629e+06 +- 371739 (26.6234%)
all iterations: N=300000 E=1.39629e+06 +- 371739 (26.6234%) chi^2/dof=inf

iteration 1 finished.
this iteration: N=300000 E=1.63474e+06 +- 136391 (8.34325%)
all iterations: N=600000 E=1.60645e+06 +- 128044 (7.97063%) chi^2/dof=0.36265

iteration 2 finished.
this iteration: N=300000 E=1.85486e+06 +- 131354 (7.08165%)
all iterations: N=900000 E=1.72749e+06 +- 91688.9 (5.30765%) chi^2/dof=1.0982

iteration 3 finished.
this iteration: N=300000 E=1.94867e+06 +- 68490.5 (3.51474%)
all iterations: N=1200000 E=1.86945e+06 +- 54871.7 (2.93518%) chi^2/dof=1.97713

iteration 4 finished.
this iteration: N=300000 E=1.86796e+06 +- 38451.2 (2.05847%)
all iterations: N=1500000 E=1.86845e+06 +- 31489.4 (1.68532%) chi^2/dof=1.48297

iteration 5 finished.
this iteration: N=300000 E=1.80511e+06 +- 22158.1 (1.22752%)
all iterations: N=1800000 E=1.82609e+06 +- 18121.4 (0.992359%) chi^2/dof=1.72748

iteration 6 finished.
this iteration: N=300000 E=1.82232e+06 +- 15642.9 (0.858407%)
all iterations: N=2100000 E=1.82393e+06 +- 11841.3 (0.649219%) chi^2/dof=1.4437

iteration 7 finished.
this iteration: N=300000 E=1.86713e+06 +- 30344.3 (1.62519%)
all iterations: N=2400000 E=1.82964e+06 +- 11031.1 (0.602914%) chi^2/dof=1.48869

iteration 8 finished.
this iteration: N=300000 E=1.83588e+06 +- 23827.4 (1.29788%)
all iterations: N=2700000 E=1.83074e+06 +- 10010.4 (0.546796%) chi^2/dof=1.30966

iteration 9 finished.
this iteration: N=300000 E=1.83624e+06 +- 15827 (0.861921%)
all iterations: N=3000000 E=1.83231e+06 +- 8460.2 (0.461723%) chi^2/dof=1.17374

iteration 10 finished.
this iteration: N=300000 E=1.85717e+06 +- 13851.7 (0.745849%)
all iterations: N=3300000 E=1.83906e+06 +- 7220.03 (0.392592%) chi^2/dof=1.29088

iteration 11 finished.
this iteration: N=300000 E=1.83289e+06 +- 12338.2 (0.673156%)
all iterations: N=3600000 E=1.83749e+06 +- 6231.5 (0.339131%) chi^2/dof=1.1905

iteration 12 finished.
this iteration: N=300000 E=1.84481e+06 +- 12882.1 (0.698291%)
all iterations: N=3900000 E=1.83888e+06 +- 5609.65 (0.305058%) chi^2/dof=1.1131

iteration 13 finished.
this iteration: N=300000 E=1.85457e+06 +- 12449.4 (0.671284%)
all iterations: N=4200000 E=1.84153e+06 +- 5114.42 (0.277727%) chi^2/dof=1.12904

iteration 14 finished.
this iteration: N=300000 E=1.82478e+06 +- 11248.6 (0.616435%)
all iterations: N=4500000 E=1.83866e+06 +- 4655.77 (0.253216%) chi^2/dof=1.17951

iteration 15 finished.
this iteration: N=300000 E=1.91629e+06 +- 83083 (4.33562%)
all iterations: N=4800000 E=1.8389e+06 +- 4648.48 (0.252786%) chi^2/dof=1.1589

iteration 16 finished.
this iteration: N=300000 E=1.8792e+06 +- 38270.7 (2.03654%)
all iterations: N=5100000 E=1.83949e+06 +- 4614.57 (0.250862%) chi^2/dof=1.15478

iteration 17 finished.
this iteration: N=300000 E=1.84182e+06 +- 23158.3 (1.25736%)
all iterations: N=5400000 E=1.83958e+06 +- 4525.59 (0.246013%) chi^2/dof=1.08742

iteration 18 finished.
this iteration: N=300000 E=1.81744e+06 +- 16267.2 (0.895063%)
all iterations: N=5700000 E=1.83798e+06 +- 4360.01 (0.237217%) chi^2/dof=1.12249

iteration 19 finished.
this iteration: N=300000 E=1.85357e+06 +- 15319.7 (0.826497%)
all iterations: N=6000000 E=1.83915e+06 +- 4193.49 (0.228012%) chi^2/dof=1.11382

>> Cumulative result: 
>> N = 5700000; I = 1.83921e+06 +- 4193.75
>> chi^2/dof = 1.09684
Time needed: 307.72s
Temperature: 270; EQCONST: 1.3576e-05

iteration 0 finished.
this iteration: N=300000 E=1.39076e+06 +- 370634 (26.6497%)
all iterations: N=300000 E=1.39076e+06 +- 370634 (26.6497%) chi^2/dof=inf

iteration 1 finished.
this iteration: N=300000 E=1.62689e+06 +- 137524 (8.45318%)
all iterations: N=600000 E=1.59831e+06 +- 128934 (8.06689%) chi^2/dof=0.356766

iteration 2 finished.
this iteration: N=300000 E=1.84055e+06 +- 126881 (6.89362%)
all iterations: N=900000 E=1.72138e+06 +- 90435.4 (5.25367%) chi^2/dof=1.075

iteration 3 finished.
this iteration: N=300000 E=1.82722e+06 +- 63680.7 (3.48511%)
all iterations: N=1200000 E=1.79213e+06 +- 52067.4 (2.90533%) chi^2/dof=1.02191

iteration 4 finished.
this iteration: N=300000 E=1.83707e+06 +- 30121.5 (1.63965%)
all iterations: N=1500000 E=1.8258e+06 +- 26072.9 (1.42802%) chi^2/dof=0.90594

iteration 5 finished.
this iteration: N=300000 E=1.82408e+06 +- 20185.2 (1.1066%)
all iterations: N=1800000 E=1.82472e+06 +- 15961 (0.874707%) chi^2/dof=0.725299

iteration 6 finished.
this iteration: N=300000 E=1.82763e+06 +- 17027.8 (0.931685%)
all iterations: N=2100000 E=1.82608e+06 +- 11645 (0.637704%) chi^2/dof=0.607006

iteration 7 finished.
this iteration: N=300000 E=1.83037e+06 +- 13457.5 (0.735234%)
all iterations: N=2400000 E=1.82792e+06 +- 8805.89 (0.481744%) chi^2/dof=0.528577

iteration 8 finished.
this iteration: N=300000 E=1.8303e+06 +- 12446.8 (0.680043%)
all iterations: N=2700000 E=1.82871e+06 +- 7188.7 (0.393102%) chi^2/dof=0.465539

iteration 9 finished.
this iteration: N=300000 E=1.82887e+06 +- 11403.8 (0.623545%)
all iterations: N=3000000 E=1.82876e+06 +- 6081.27 (0.332536%) chi^2/dof=0.413829

iteration 10 finished.
this iteration: N=300000 E=1.85941e+06 +- 12775.1 (0.687053%)
all iterations: N=3300000 E=1.83442e+06 +- 5490.9 (0.299326%) chi^2/dof=0.841806

iteration 11 finished.
this iteration: N=300000 E=1.83442e+06 +- 12856 (0.70082%)
all iterations: N=3600000 E=1.83442e+06 +- 5049.6 (0.275269%) chi^2/dof=0.765278

iteration 12 finished.
this iteration: N=300000 E=1.86587e+06 +- 29159.5 (1.56278%)
all iterations: N=3900000 E=1.83534e+06 +- 4975.55 (0.271097%) chi^2/dof=0.795608

iteration 13 finished.
this iteration: N=300000 E=1.87237e+06 +- 22830.8 (1.21935%)
all iterations: N=4200000 E=1.83702e+06 +- 4861.44 (0.264638%) chi^2/dof=0.927631

iteration 14 finished.
this iteration: N=300000 E=1.8128e+06 +- 12758 (0.703776%)
all iterations: N=4500000 E=1.83395e+06 +- 4542.81 (0.247707%) chi^2/dof=1.08611

iteration 15 finished.
this iteration: N=300000 E=1.87508e+06 +- 60740.9 (3.23937%)
all iterations: N=4800000 E=1.83417e+06 +- 4530.16 (0.246986%) chi^2/dof=1.04411

iteration 16 finished.
this iteration: N=300000 E=1.86664e+06 +- 32302.6 (1.73052%)
all iterations: N=5100000 E=1.8348e+06 +- 4486.26 (0.244509%) chi^2/dof=1.04076

iteration 17 finished.
this iteration: N=300000 E=1.82377e+06 +- 15200 (0.833443%)
all iterations: N=5400000 E=1.83392e+06 +- 4302.76 (0.234621%) chi^2/dof=1.00806

iteration 18 finished.
this iteration: N=300000 E=1.81238e+06 +- 11913.7 (0.657351%)
all iterations: N=5700000 E=1.83143e+06 +- 4046.91 (0.22097%) chi^2/dof=1.11262

iteration 19 finished.
this iteration: N=300000 E=1.86639e+06 +- 14638.4 (0.784315%)
all iterations: N=6000000 E=1.83391e+06 +- 3900.6 (0.212693%) chi^2/dof=1.33293

>> Cumulative result: 
>> N = 5700000; I = 1.83396e+06 +- 3900.81
>> chi^2/dof = 1.32755
Time needed: 326.18s
Temperature: 280; EQCONST: 1.14936e-05

iteration 0 finished.
this iteration: N=300000 E=1.38564e+06 +- 369611 (26.6744%)
all iterations: N=300000 E=1.38564e+06 +- 369611 (26.6744%) chi^2/dof=inf

iteration 1 finished.
this iteration: N=300000 E=1.62485e+06 +- 138693 (8.53575%)
all iterations: N=600000 E=1.59532e+06 +- 129852 (8.13954%) chi^2/dof=0.367142

iteration 2 finished.
this iteration: N=300000 E=1.81931e+06 +- 110087 (6.05104%)
all iterations: N=900000 E=1.72564e+06 +- 83971.3 (4.86608%) chi^2/dof=1.04917

iteration 3 finished.
this iteration: N=300000 E=1.88085e+06 +- 67785 (3.60396%)
all iterations: N=1200000 E=1.81961e+06 +- 52744.4 (2.89866%) chi^2/dof=1.38888

iteration 4 finished.
this iteration: N=300000 E=1.7902e+06 +- 32213.2 (1.79942%)
all iterations: N=1500000 E=1.79819e+06 +- 27491.5 (1.52884%) chi^2/dof=1.09827

iteration 5 finished.
this iteration: N=300000 E=1.78472e+06 +- 19808.8 (1.10991%)
all iterations: N=1800000 E=1.78933e+06 +- 16071.4 (0.898181%) chi^2/dof=0.910211

iteration 6 finished.
this iteration: N=300000 E=1.82253e+06 +- 16069.8 (0.881729%)
all iterations: N=2100000 E=1.80593e+06 +- 11363.6 (0.629239%) chi^2/dof=1.11426

iteration 7 finished.
this iteration: N=300000 E=1.81776e+06 +- 13447.1 (0.739761%)
all iterations: N=2400000 E=1.81086e+06 +- 8679.5 (0.479303%) chi^2/dof=1.01956

iteration 8 finished.
this iteration: N=300000 E=1.81434e+06 +- 11939.8 (0.658076%)
all iterations: N=2700000 E=1.81206e+06 +- 7020.53 (0.387433%) chi^2/dof=0.899072

iteration 9 finished.
this iteration: N=300000 E=1.83219e+06 +- 12192.5 (0.665462%)
all iterations: N=3000000 E=1.81707e+06 +- 6084.02 (0.334825%) chi^2/dof=1.02662

iteration 10 finished.
this iteration: N=300000 E=1.8356e+06 +- 13157 (0.716771%)
all iterations: N=3300000 E=1.82034e+06 +- 5522.2 (0.303361%) chi^2/dof=1.08724

iteration 11 finished.
this iteration: N=300000 E=1.81587e+06 +- 12086.4 (0.665597%)
all iterations: N=3600000 E=1.81957e+06 +- 5022.77 (0.276042%) chi^2/dof=0.998681

iteration 12 finished.
this iteration: N=300000 E=1.84868e+06 +- 18766.5 (1.01513%)
all iterations: N=3900000 E=1.82151e+06 +- 4851.99 (0.266372%) chi^2/dof=1.10265

iteration 13 finished.
this iteration: N=300000 E=1.82185e+06 +- 16555.2 (0.908704%)
all iterations: N=4200000 E=1.82154e+06 +- 4656.14 (0.255616%) chi^2/dof=1.01786

iteration 14 finished.
this iteration: N=300000 E=1.808e+06 +- 14244.6 (0.787864%)
all iterations: N=4500000 E=1.82023e+06 +- 4425.71 (0.24314%) chi^2/dof=1.00347

iteration 15 finished.
this iteration: N=300000 E=1.80987e+06 +- 12737.7 (0.703793%)
all iterations: N=4800000 E=1.81912e+06 +- 4180.56 (0.229813%) chi^2/dof=0.975964

iteration 16 finished.
this iteration: N=300000 E=1.84012e+06 +- 15037.9 (0.817225%)
all iterations: N=5100000 E=1.82062e+06 +- 4027.81 (0.221233%) chi^2/dof=1.02816

iteration 17 finished.
this iteration: N=300000 E=1.82539e+06 +- 13822.3 (0.757221%)
all iterations: N=5400000 E=1.821e+06 +- 3866.97 (0.212355%) chi^2/dof=0.974134

iteration 18 finished.
this iteration: N=300000 E=1.81307e+06 +- 11769.4 (0.649144%)
all iterations: N=5700000 E=1.82022e+06 +- 3673.76 (0.20183%) chi^2/dof=0.942782

iteration 19 finished.
this iteration: N=300000 E=1.84467e+06 +- 11201.8 (0.607252%)
all iterations: N=6000000 E=1.8226e+06 +- 3490.82 (0.19153%) chi^2/dof=1.11952

>> Cumulative result: 
>> N = 5700000; I = 1.82264e+06 +- 3490.97
>> chi^2/dof = 1.10406
Time needed: 334.02s
Temperature: 290; EQCONST: 9.75406e-06

iteration 0 finished.
this iteration: N=300000 E=1.38089e+06 +- 368664 (26.6975%)
all iterations: N=300000 E=1.38089e+06 +- 368664 (26.6975%) chi^2/dof=inf

iteration 1 finished.
this iteration: N=300000 E=1.62149e+06 +- 139588 (8.60861%)
all iterations: N=600000 E=1.59132e+06 +- 130544 (8.20347%) chi^2/dof=0.372514

iteration 2 finished.
this iteration: N=300000 E=1.7899e+06 +- 90446.8 (5.05319%)
all iterations: N=900000 E=1.72549e+06 +- 74345.9 (4.30868%) chi^2/dof=0.967935

iteration 3 finished.
this iteration: N=300000 E=1.81669e+06 +- 43781.1 (2.40993%)
all iterations: N=1200000 E=1.79321e+06 +- 37725.7 (2.10381%) chi^2/dof=1.01775

iteration 4 finished.
this iteration: N=300000 E=1.78009e+06 +- 22153.5 (1.24451%)
all iterations: N=1500000 E=1.78345e+06 +- 19103.3 (1.07114%) chi^2/dof=0.785805

iteration 5 finished.
this iteration: N=300000 E=1.794e+06 +- 17544.1 (0.977932%)
all iterations: N=1800000 E=1.78917e+06 +- 12921.6 (0.722213%) chi^2/dof=0.661697

iteration 6 finished.
this iteration: N=300000 E=1.79642e+06 +- 13674.9 (0.76123%)
all iterations: N=2100000 E=1.79259e+06 +- 9392 (0.523934%) chi^2/dof=0.576161

iteration 7 finished.
this iteration: N=300000 E=1.82017e+06 +- 12358.4 (0.678968%)
all iterations: N=2400000 E=1.80269e+06 +- 7477.66 (0.414806%) chi^2/dof=0.944666

iteration 8 finished.
this iteration: N=300000 E=1.79124e+06 +- 11170 (0.62359%)
all iterations: N=2700000 E=1.79915e+06 +- 6213.82 (0.345376%) chi^2/dof=0.917249

iteration 9 finished.
this iteration: N=300000 E=1.82332e+06 +- 11153.1 (0.611693%)
all iterations: N=3000000 E=1.80487e+06 +- 5428.2 (0.300753%) chi^2/dof=1.21353

iteration 10 finished.
this iteration: N=300000 E=1.82112e+06 +- 13016.4 (0.714748%)
all iterations: N=3300000 E=1.80728e+06 +- 5010 (0.277213%) chi^2/dof=1.22493

iteration 11 finished.
this iteration: N=300000 E=1.7952e+06 +- 12145.6 (0.676559%)
all iterations: N=3600000 E=1.80552e+06 +- 4631.45 (0.256516%) chi^2/dof=1.19036

iteration 12 finished.
this iteration: N=300000 E=1.80588e+06 +- 11228.1 (0.621752%)
all iterations: N=3900000 E=1.80557e+06 +- 4281.51 (0.237127%) chi^2/dof=1.09124

iteration 13 finished.
this iteration: N=300000 E=1.80929e+06 +- 11020 (0.609079%)
all iterations: N=4200000 E=1.80606e+06 +- 3990.88 (0.220972%) chi^2/dof=1.01488

iteration 14 finished.
this iteration: N=300000 E=1.86373e+06 +- 71715.9 (3.84799%)
all iterations: N=4500000 E=1.80624e+06 +- 3984.72 (0.220608%) chi^2/dof=0.988421

iteration 15 finished.
this iteration: N=300000 E=1.81067e+06 +- 34312.2 (1.895%)
all iterations: N=4800000 E=1.8063e+06 +- 3958.12 (0.219129%) chi^2/dof=0.923625

iteration 16 finished.
this iteration: N=300000 E=1.84705e+06 +- 20346.6 (1.10157%)
all iterations: N=5100000 E=1.80778e+06 +- 3885.28 (0.21492%) chi^2/dof=1.1075

iteration 17 finished.
this iteration: N=300000 E=1.81908e+06 +- 15455 (0.849608%)
all iterations: N=5400000 E=1.80846e+06 +- 3768.04 (0.208357%) chi^2/dof=1.07189

iteration 18 finished.
this iteration: N=300000 E=1.79561e+06 +- 12724.6 (0.708648%)
all iterations: N=5700000 E=1.80742e+06 +- 3612.96 (0.199896%) chi^2/dof=1.06435

iteration 19 finished.
this iteration: N=300000 E=1.82904e+06 +- 11629.3 (0.635816%)
all iterations: N=6000000 E=1.80932e+06 +- 3450.28 (0.190695%) chi^2/dof=1.17421

>> Cumulative result: 
>> N = 5700000; I = 1.80936e+06 +- 3450.44
>> chi^2/dof = 1.16441
Time needed: 333.58s
Temperature: 300; EQCONST: 8.31296e-06

iteration 0 finished.
this iteration: N=300000 E=1.37647e+06 +- 367782 (26.7192%)
all iterations: N=300000 E=1.37647e+06 +- 367782 (26.7192%) chi^2/dof=inf

iteration 1 finished.
this iteration: N=300000 E=1.60098e+06 +- 138913 (8.67674%)
all iterations: N=600000 E=1.57295e+06 +- 129952 (8.26169%) chi^2/dof=0.326116

iteration 2 finished.
this iteration: N=300000 E=1.68645e+06 +- 61813.5 (3.6653%)
all iterations: N=900000 E=1.66551e+06 +- 55820.4 (3.35155%) chi^2/dof=0.474104

iteration 3 finished.
this iteration: N=300000 E=1.83792e+06 +- 62793.4 (3.41655%)
all iterations: N=1200000 E=1.74161e+06 +- 41719.4 (2.39544%) chi^2/dof=1.71967

iteration 4 finished.
this iteration: N=300000 E=1.8053e+06 +- 32087.5 (1.77741%)
all iterations: N=1500000 E=1.78163e+06 +- 25434.6 (1.4276%) chi^2/dof=1.65578

iteration 5 finished.
this iteration: N=300000 E=1.81166e+06 +- 19588.4 (1.08124%)
all iterations: N=1800000 E=1.80048e+06 +- 15519.3 (0.861957%) chi^2/dof=1.49963

iteration 6 finished.
this iteration: N=300000 E=1.81922e+06 +- 21082.8 (1.1589%)
all iterations: N=2100000 E=1.80706e+06 +- 12498.3 (0.691635%) chi^2/dof=1.33507

iteration 7 finished.
this iteration: N=300000 E=1.8575e+06 +- 32312.8 (1.73959%)
all iterations: N=2400000 E=1.81363e+06 +- 11656.7 (0.642729%) chi^2/dof=1.44709

iteration 8 finished.
this iteration: N=300000 E=1.7846e+06 +- 22118.8 (1.23943%)
all iterations: N=2700000 E=1.80732e+06 +- 10312.3 (0.570586%) chi^2/dof=1.43474

iteration 9 finished.
this iteration: N=300000 E=1.82284e+06 +- 16731.6 (0.917885%)
all iterations: N=3000000 E=1.81159e+06 +- 8778.82 (0.484592%) chi^2/dof=1.34464

iteration 10 finished.
this iteration: N=300000 E=1.8085e+06 +- 13868.2 (0.766833%)
all iterations: N=3300000 E=1.81071e+06 +- 7417.57 (0.409651%) chi^2/dof=1.21372

iteration 11 finished.
this iteration: N=300000 E=1.7992e+06 +- 12332.4 (0.685438%)
all iterations: N=3600000 E=1.80765e+06 +- 6356.39 (0.351638%) chi^2/dof=1.16146

iteration 12 finished.
this iteration: N=300000 E=1.79668e+06 +- 11593.3 (0.645264%)
all iterations: N=3900000 E=1.80511e+06 +- 5573.61 (0.308768%) chi^2/dof=1.12207

iteration 13 finished.
this iteration: N=300000 E=1.82057e+06 +- 11221.9 (0.616394%)
all iterations: N=4200000 E=1.80817e+06 +- 4991.82 (0.27607%) chi^2/dof=1.15282

iteration 14 finished.
this iteration: N=300000 E=1.79944e+06 +- 11166.8 (0.62057%)
all iterations: N=4500000 E=1.80672e+06 +- 4557.21 (0.252237%) chi^2/dof=1.10685

iteration 15 finished.
this iteration: N=300000 E=1.81568e+06 +- 11559.6 (0.636656%)
all iterations: N=4800000 E=1.80792e+06 +- 4239.64 (0.234503%) chi^2/dof=1.0677

iteration 16 finished.
this iteration: N=300000 E=1.81875e+06 +- 11193.9 (0.615476%)
all iterations: N=5100000 E=1.80928e+06 +- 3964.79 (0.219136%) chi^2/dof=1.05205

iteration 17 finished.
this iteration: N=300000 E=1.81651e+06 +- 11133.5 (0.612905%)
all iterations: N=5400000 E=1.81009e+06 +- 3735.03 (0.206344%) chi^2/dof=1.01214

iteration 18 finished.
this iteration: N=300000 E=1.80759e+06 +- 11427.7 (0.632203%)
all iterations: N=5700000 E=1.80985e+06 +- 3550.21 (0.19616%) chi^2/dof=0.958318

iteration 19 finished.
this iteration: N=300000 E=1.84591e+06 +- 14715.7 (0.797207%)
all iterations: N=6000000 E=1.81184e+06 +- 3451.2 (0.190481%) chi^2/dof=1.20644

>> Cumulative result: 
>> N = 5700000; I = 1.81187e+06 +- 3451.35
>> chi^2/dof = 1.19561
Time needed: 333.99s
Temperature: 310; EQCONST: 7.18252e-06

iteration 0 finished.
this iteration: N=300000 E=1.37235e+06 +- 366960 (26.7396%)
all iterations: N=300000 E=1.37235e+06 +- 366960 (26.7396%) chi^2/dof=inf

iteration 1 finished.
this iteration: N=300000 E=1.60042e+06 +- 139904 (8.74173%)
all iterations: N=600000 E=1.57147e+06 +- 130726 (8.31867%) chi^2/dof=0.337252

iteration 2 finished.
this iteration: N=300000 E=1.68216e+06 +- 62064.1 (3.68955%)
all iterations: N=900000 E=1.6618e+06 +- 56066.2 (3.37383%) chi^2/dof=0.461149

iteration 3 finished.
this iteration: N=300000 E=1.7689e+06 +- 37382.9 (2.11334%)
all iterations: N=1200000 E=1.73594e+06 +- 31103.1 (1.79171%) chi^2/dof=1.14949

iteration 4 finished.
this iteration: N=300000 E=1.79359e+06 +- 28314.7 (1.57866%)
all iterations: N=1500000 E=1.76746e+06 +- 20938 (1.18464%) chi^2/dof=1.33168

iteration 5 finished.
this iteration: N=300000 E=1.80517e+06 +- 21427 (1.18698%)
all iterations: N=1800000 E=1.78588e+06 +- 14975.3 (0.838539%) chi^2/dof=1.38213

