-----------
Input parameters: 
>> nsteps: 1000000
>> burnin: 2000000
>> alpha: 8
>> show_vecs: 1
-----------
Burn-in cycle is finished.

Block 1 finished. 
Moves attempted: 1000000; moves made: 406161
Vectors wrote: 828
Time for current block: 2.748 s
Total time elapsed: 2.748 s

Block 2 finished. 
Moves attempted: 2000000; moves made: 812191
Vectors wrote: 1608
Time for current block: 2.769 s
Total time elapsed: 5.517 s

Block 3 finished. 
Moves attempted: 3000000; moves made: 1218494
Vectors wrote: 2382
Time for current block: 2.787 s
Total time elapsed: 8.305 s

Block 4 finished. 
Moves attempted: 4000000; moves made: 1622768
Vectors wrote: 3133
Time for current block: 2.783 s
Total time elapsed: 11.089 s

Block 5 finished. 
Moves attempted: 5000000; moves made: 2027944
Vectors wrote: 3902
Time for current block: 2.809 s
Total time elapsed: 13.898 s

Block 6 finished. 
Moves attempted: 6000000; moves made: 2433250
Vectors wrote: 4653
Time for current block: 2.891 s
Total time elapsed: 16.79 s

Block 7 finished. 
Moves attempted: 7000000; moves made: 2838824
Vectors wrote: 5415
Time for current block: 2.774 s
Total time elapsed: 19.565 s

Block 8 finished. 
Moves attempted: 8000000; moves made: 3244605
Vectors wrote: 6194
Time for current block: 2.782 s
Total time elapsed: 22.347 s

Block 9 finished. 
Moves attempted: 9000000; moves made: 3651024
Vectors wrote: 6999
Time for current block: 2.826 s
Total time elapsed: 25.173 s

Block 10 finished. 
Moves attempted: 10000000; moves made: 4057222
Vectors wrote: 7815
Time for current block: 2.796 s
Total time elapsed: 27.97 s

Block 11 finished. 
Moves attempted: 11000000; moves made: 4462541
Vectors wrote: 8568
Time for current block: 2.77 s
Total time elapsed: 30.74 s

Block 12 finished. 
Moves attempted: 12000000; moves made: 4869380
Vectors wrote: 9386
Time for current block: 3.264 s
Total time elapsed: 34.005 s

Block 13 finished. 
Moves attempted: 13000000; moves made: 5274725
Vectors wrote: 10141
Time for current block: 2.818 s
Total time elapsed: 36.823 s

Block 14 finished. 
Moves attempted: 14000000; moves made: 5680403
Vectors wrote: 10957
Time for current block: 2.846 s
Total time elapsed: 39.67 s

Block 15 finished. 
Moves attempted: 15000000; moves made: 6086771
Vectors wrote: 11731
Time for current block: 2.768 s
Total time elapsed: 42.439 s

Block 16 finished. 
Moves attempted: 16000000; moves made: 6493173
Vectors wrote: 12471
Time for current block: 2.794 s
Total time elapsed: 45.234 s

Block 17 finished. 
Moves attempted: 17000000; moves made: 6899444
Vectors wrote: 13267
Time for current block: 2.794 s
Total time elapsed: 48.028 s

Block 18 finished. 
Moves attempted: 18000000; moves made: 7304502
Vectors wrote: 14022
Time for current block: 2.767 s
Total time elapsed: 50.795 s

Block 19 finished. 
Moves attempted: 19000000; moves made: 7710022
Vectors wrote: 14838
Time for current block: 2.766 s
Total time elapsed: 53.562 s

Block 20 finished. 
Moves attempted: 20000000; moves made: 8115674
Vectors wrote: 15628
Time for current block: 2.803 s
Total time elapsed: 56.366 s
srun: Job step aborted: Waiting up to 32 seconds for job step to finish.
slurmstepd: error: *** JOB 29896366 ON holy2a02105 CANCELLED AT 2017-10-11T17:23:32 DUE TO TIME LIMIT ***
slurmstepd: error: *** STEP 29896366.0 ON holy2a02105 CANCELLED AT 2017-10-11T17:23:32 DUE TO TIME LIMIT ***
srun: error: holy2a02105: task 0: Terminated
